#
# A fatal error has been detected by the Java Runtime Environment:
#
#  SIGSEGV (0xb) at pc=0x00007f7bd615c178, pid=14259, tid=14260
#
# JRE version: OpenJDK Runtime Environment (11.0.19+7) (build 11.0.19+7-post-Ubuntu-0ubuntu118.04.1)
# Java VM: OpenJDK 64-Bit Server VM (11.0.19+7-post-Ubuntu-0ubuntu118.04.1, mixed mode, sharing, tiered, compressed oops, g1 gc, linux-amd64)
# Problematic frame:
# C  [libLLVM-13.so+0xc30178]  LLVMBuildCall2+0x138
#
# Core dump will be written. Default location: Core dumps may be processed with "/usr/share/apport/apport -p%p -s%s -c%c -d%d -P%P -u%u -g%g -- %E" (or dumping to /mnt/hgfs/CompilationPrincipleLAB/Lab/core.14259)
#
# If you would like to submit a bug report, please visit:
#   https://bugs.launchpad.net/ubuntu/+source/openjdk-lts
# The crash happened outside the Java Virtual Machine in native code.
# See problematic frame for where to report the bug.
#

---------------  S U M M A R Y ------------

Command Line: Main /mnt/hgfs/CompilationPrincipleLAB/Lab/src/code.txt /mnt/hgfs/CompilationPrincipleLAB/Lab/src/IRtarget.txt

Host: 12th Gen Intel(R) Core(TM) i5-12500H, 2 cores, 3G, Ubuntu 18.04.6 LTS
Time: Mon May 27 01:48:53 2024 PDT elapsed time: 0.562272 seconds (0d 0h 0m 0s)

---------------  T H R E A D  ---------------

Current thread (0x00007f7c38017000):  JavaThread "main" [_thread_in_native, id=14260, stack(0x00007f7c416f1000,0x00007f7c417f2000)]

Stack: [0x00007f7c416f1000,0x00007f7c417f2000],  sp=0x00007f7c417efc90,  free space=1019k
Native frames: (J=compiled Java code, A=aot compiled Java code, j=interpreted, Vv=VM code, C=native code)
C  [libLLVM-13.so+0xc30178]  LLVMBuildCall2+0x138
C  0x0000000000000005

Java frames: (J=compiled Java code, j=interpreted, Vv=VM code)
j  org.bytedeco.llvm.global.LLVM.LLVMBuildCall2(Lorg/bytedeco/llvm/LLVM/LLVMBuilderRef;Lorg/bytedeco/llvm/LLVM/LLVMTypeRef;Lorg/bytedeco/llvm/LLVM/LLVMValueRef;Lorg/bytedeco/javacpp/PointerPointer;ILjava/lang/String;)Lorg/bytedeco/llvm/LLVM/LLVMValueRef;+0
j  MyLLVMIRVisitor.visitExp(LSysYParser$ExpContext;)Lorg/bytedeco/llvm/LLVM/LLVMValueRef;+414
j  MyLLVMIRVisitor.visitStmt(LSysYParser$StmtContext;)Lorg/bytedeco/llvm/LLVM/LLVMValueRef;+19
j  MyLLVMIRVisitor.visitStmt(LSysYParser$StmtContext;)Ljava/lang/Object;+2
j  SysYParser$StmtContext.accept(Lorg/antlr/v4/runtime/tree/ParseTreeVisitor;)Ljava/lang/Object;+12
j  org.antlr.v4.runtime.tree.AbstractParseTreeVisitor.visitChildren(Lorg/antlr/v4/runtime/tree/RuleNode;)Ljava/lang/Object;+46
j  SysYParserBaseVisitor.visitBlockItem(LSysYParser$BlockItemContext;)Ljava/lang/Object;+2
j  SysYParser$BlockItemContext.accept(Lorg/antlr/v4/runtime/tree/ParseTreeVisitor;)Ljava/lang/Object;+12
j  org.antlr.v4.runtime.tree.AbstractParseTreeVisitor.visitChildren(Lorg/antlr/v4/runtime/tree/RuleNode;)Ljava/lang/Object;+46
j  SysYParserBaseVisitor.visitBlock(LSysYParser$BlockContext;)Ljava/lang/Object;+2
j  SysYParser$BlockContext.accept(Lorg/antlr/v4/runtime/tree/ParseTreeVisitor;)Ljava/lang/Object;+12
j  org.antlr.v4.runtime.tree.AbstractParseTreeVisitor.visitChildren(Lorg/antlr/v4/runtime/tree/RuleNode;)Ljava/lang/Object;+46
j  SysYParserBaseVisitor.visitFuncDef(LSysYParser$FuncDefContext;)Ljava/lang/Object;+2
j  MyLLVMIRVisitor.visitFuncDef(LSysYParser$FuncDefContext;)Lorg/bytedeco/llvm/LLVM/LLVMValueRef;+252
j  MyLLVMIRVisitor.visitFuncDef(LSysYParser$FuncDefContext;)Ljava/lang/Object;+2
j  SysYParser$FuncDefContext.accept(Lorg/antlr/v4/runtime/tree/ParseTreeVisitor;)Ljava/lang/Object;+12
j  org.antlr.v4.runtime.tree.AbstractParseTreeVisitor.visitChildren(Lorg/antlr/v4/runtime/tree/RuleNode;)Ljava/lang/Object;+46
j  SysYParserBaseVisitor.visitCompUnit(LSysYParser$CompUnitContext;)Ljava/lang/Object;+2
j  SysYParser$CompUnitContext.accept(Lorg/antlr/v4/runtime/tree/ParseTreeVisitor;)Ljava/lang/Object;+12
j  org.antlr.v4.runtime.tree.AbstractParseTreeVisitor.visitChildren(Lorg/antlr/v4/runtime/tree/RuleNode;)Ljava/lang/Object;+46
j  SysYParserBaseVisitor.visitProgram(LSysYParser$ProgramContext;)Ljava/lang/Object;+2
j  MyLLVMIRVisitor.visitProgram(LSysYParser$ProgramContext;)Lorg/bytedeco/llvm/LLVM/LLVMValueRef;+2
j  MyLLVMIRVisitor.visitProgram(LSysYParser$ProgramContext;)Ljava/lang/Object;+2
j  SysYParser$ProgramContext.accept(Lorg/antlr/v4/runtime/tree/ParseTreeVisitor;)Ljava/lang/Object;+12
j  org.antlr.v4.runtime.tree.AbstractParseTreeVisitor.visit(Lorg/antlr/v4/runtime/tree/ParseTree;)Ljava/lang/Object;+2
j  Main.main([Ljava/lang/String;)V+220
v  ~StubRoutines::call_stub

siginfo: si_signo: 11 (SIGSEGV), si_code: 1 (SEGV_MAPERR), si_addr: 0x0000000000000000

Register to memory mapping:

RAX=0x0000000000000001 is an unknown value
RBX=0x00007f7c3836f810 points into unknown readable memory: 0x00007f7c3836f820 | 20 f8 36 38 7c 7f 00 00
RCX=0x0 is NULL
RDX=0x00007f7c3839d2e0 points into unknown readable memory: 0x0000000000000000 | 00 00 00 00 00 00 00 00
RSP=0x00007f7c417efc90 is pointing into the stack for thread: 0x00007f7c38017000
RBP=0x00007f7c417efcf0 is pointing into the stack for thread: 0x00007f7c38017000
RSI=0x0 is NULL
RDI=0x00007f7c3839d300 points into unknown readable memory: 0x564c4c5f6d766c6c | 6c 6c 76 6d 5f 4c 4c 56
R8 =0x0000000000000002 is an unknown value
R9 =0x0 is NULL
R10=0x000000000000000d is an unknown value
R11=0x0 is NULL
R12=0x00007f7c3839d300 points into unknown readable memory: 0x564c4c5f6d766c6c | 6c 6c 76 6d 5f 4c 4c 56
R13=0x00007f7c383955a8 points into unknown readable memory: 0x00007f7c3837fe80 | 80 fe 37 38 7c 7f 00 00
R14=0x0 is NULL
R15=0x0 is NULL


Registers:
RAX=0x0000000000000001, RBX=0x00007f7c3836f810, RCX=0x0000000000000000, RDX=0x00007f7c3839d2e0
RSP=0x00007f7c417efc90, RBP=0x00007f7c417efcf0, RSI=0x0000000000000000, RDI=0x00007f7c3839d300
R8 =0x0000000000000002, R9 =0x0000000000000000, R10=0x000000000000000d, R11=0x0000000000000000
R12=0x00007f7c3839d300, R13=0x00007f7c383955a8, R14=0x0000000000000000, R15=0x0000000000000000
RIP=0x00007f7bd615c178, EFLAGS=0x0000000000010246, CSGSFS=0x002b000000000033, ERR=0x0000000000000004
  TRAPNO=0x000000000000000e

Top of Stack: (sp=0x00007f7c417efc90)
0x00007f7c417efc90:   00007f7c3836f938 00007f7c3839d810
0x00007f7c417efca0:   0000000000000001 0000000000000000
0x00007f7c417efcb0:   0000000000000001 00007f7c3839d9d0
0x00007f7c417efcc0:   00007f7c3839d9d0 00007f7c38017000 

Instructions: (pc=0x00007f7bd615c178)
0x00007f7bd615c078:   50 03 4c 8b 5b 70 b9 01 01 00 00 48 8b 6b 68 45
0x00007f7bd615c088:   89 c1 66 89 8c 24 80 00 00 00 4c 89 d9 48 c1 e1
0x00007f7bd615c098:   05 48 01 e9 48 39 e9 0f 84 7b 02 00 00 48 89 ea
0x00007f7bd615c0a8:   31 f6 66 0f 1f 44 00 00 48 8b 42 10 48 2b 42 08
0x00007f7bd615c0b8:   48 83 c2 20 48 c1 f8 03 01 c6 48 39 d1 75 e9 41
0x00007f7bd615c0c8:   83 c0 01 44 89 da bf 50 00 00 00 49 89 ee 44 01
0x00007f7bd615c0d8:   c6 c1 e2 04 4c 89 4c 24 28 48 89 4c 24 20 4c 89
0x00007f7bd615c0e8:   5c 24 18 44 89 44 24 10 e8 ab d3 12 00 4c 8b 4c
0x00007f7bd615c0f8:   24 28 48 89 ee 31 ff 4c 8b 5c 24 18 48 8b 4c 24
0x00007f7bd615c108:   20 49 89 c4 44 8b 44 24 10 4c 89 c8 4d 89 df 66
0x00007f7bd615c118:   0f 1f 84 00 00 00 00 00 48 8b 56 10 48 2b 56 08
0x00007f7bd615c128:   48 83 c6 20 48 c1 fa 03 01 d7 48 39 f1 75 e9 41
0x00007f7bd615c138:   01 f8 31 f6 0f 1f 40 00 48 8b 55 10 48 2b 55 08
0x00007f7bd615c148:   48 83 c5 20 48 c1 fa 03 01 d6 48 39 e9 75 e9 49
0x00007f7bd615c158:   01 f1 49 8b 75 10 49 c1 e1 05 4c 89 e2 4c 89 e7
0x00007f7bd615c168:   4c 29 ca 45 31 c9 48 89 44 24 10 48 8d 6c 24 60
0x00007f7bd615c178:   48 8b 36 48 8d 4a e0 ba 38 00 00 00 e8 27 88 08
0x00007f7bd615c188:   00 49 89 e9 4c 89 ee 4c 89 e7 49 c7 44 24 40 00
0x00007f7bd615c198:   00 00 00 41 57 41 56 48 8b 44 24 20 48 8b 4c 24
0x00007f7bd615c1a8:   18 48 8b 54 24 10 49 89 c0 e8 1a dc 08 00 80 7b
0x00007f7bd615c1b8:   64 00 58 5a 0f 85 06 01 00 00 41 0f b6 44 24 10
0x00007f7bd615c1c8:   3c 19 0f 86 37 01 00 00 83 e8 1a 83 e8 0c 83 f8
0x00007f7bd615c1d8:   2d 77 62 48 8d 15 e2 d0 6c 03 48 63 04 82 48 01
0x00007f7bd615c1e8:   d0 ff e0 0f 1f 44 00 00 49 8b 14 24 0f b6 42 08
0x00007f7bd615c1f8:   3c 11 0f 84 a0 00 00 00 0f b6 c8 83 e9 12 83 f9
0x00007f7bd615c208:   01 77 0b 48 8b 42 10 48 8b 00 0f b6 40 08 3c 06
0x00007f7bd615c218:   77 23 48 8b 53 58 8b 6b 60 48 85 d2 74 0d be 03
0x00007f7bd615c228:   00 00 00 4c 89 e7 e8 0d dc 0d 00 89 ee 4c 89 e7
0x00007f7bd615c238:   e8 53 8f 08 00 48 8b 7b 50 48 8b 4b 30 48 8d 54
0x00007f7bd615c248:   24 30 4c 89 e6 4c 8b 43 38 48 8b 07 ff 50 10 8b
0x00007f7bd615c258:   6b 08 48 8b 03 48 c1 e5 04 48 89 c3 48 01 c5 48
0x00007f7bd615c268:   39 e8 74 1b 0f 1f 40 00 48 8b 53 08 8b 33 4c 89 


Stack slot to memory mapping:
stack at sp + 0 slots: 0x00007f7c3836f938 points into unknown readable memory: 0x00007f7c383982f0 | f0 82 39 38 7c 7f 00 00
stack at sp + 1 slots: 0x00007f7c3839d810 points into unknown readable memory: 0x00007f7c3839d870 | 70 d8 39 38 7c 7f 00 00
stack at sp + 2 slots: 0x0000000000000001 is an unknown value
stack at sp + 3 slots: 0x0 is NULL
stack at sp + 4 slots: 0x0000000000000001 is an unknown value
stack at sp + 5 slots: 0x00007f7c3839d9d0 points into unknown readable memory: 0x0000006f6c6c6568 | 68 65 6c 6c 6f 00 00 00
stack at sp + 6 slots: 0x00007f7c3839d9d0 points into unknown readable memory: 0x0000006f6c6c6568 | 68 65 6c 6c 6f 00 00 00
stack at sp + 7 slots: 0x00007f7c38017000 is a thread


---------------  P R O C E S S  ---------------

Threads class SMR info:
_java_thread_list=0x00007f7c382ed090, length=10, elements={
0x00007f7c38017000, 0x00007f7c380b8000, 0x00007f7c380ba000, 0x00007f7c380bf800,
0x00007f7c380c2000, 0x00007f7c380c4000, 0x00007f7c380c6000, 0x00007f7c380c8000,
0x00007f7c38103800, 0x00007f7c38307800
}

Java Threads: ( => current thread )
=>0x00007f7c38017000 JavaThread "main" [_thread_in_native, id=14260, stack(0x00007f7c416f1000,0x00007f7c417f2000)]
  0x00007f7c380b8000 JavaThread "Reference Handler" daemon [_thread_blocked, id=14267, stack(0x00007f7c20571000,0x00007f7c20672000)]
  0x00007f7c380ba000 JavaThread "Finalizer" daemon [_thread_blocked, id=14268, stack(0x00007f7c20470000,0x00007f7c20571000)]
  0x00007f7c380bf800 JavaThread "Signal Dispatcher" daemon [_thread_blocked, id=14269, stack(0x00007f7c2036f000,0x00007f7c20470000)]
  0x00007f7c380c2000 JavaThread "Service Thread" daemon [_thread_blocked, id=14270, stack(0x00007f7c2026e000,0x00007f7c2036f000)]
  0x00007f7c380c4000 JavaThread "C2 CompilerThread0" daemon [_thread_blocked, id=14271, stack(0x00007f7c2016d000,0x00007f7c2026e000)]
  0x00007f7c380c6000 JavaThread "C1 CompilerThread0" daemon [_thread_blocked, id=14272, stack(0x00007f7c2006c000,0x00007f7c2016d000)]
  0x00007f7c380c8000 JavaThread "Sweeper thread" daemon [_thread_blocked, id=14273, stack(0x00007f7c1807f000,0x00007f7c18180000)]
  0x00007f7c38103800 JavaThread "Common-Cleaner" daemon [_thread_blocked, id=14275, stack(0x00007f7bfb969000,0x00007f7bfba6a000)]
  0x00007f7c38307800 JavaThread "JavaCPP Deallocator" daemon [_thread_blocked, id=14277, stack(0x00007f7bfb33f000,0x00007f7bfb440000)]

Other Threads:
  0x00007f7c380b5000 VMThread "VM Thread" [stack: 0x00007f7c20674000,0x00007f7c20774000] [id=14266]
  0x00007f7c38100800 WatcherThread [stack: 0x00007f7bfba6c000,0x00007f7bfbb6c000] [id=14274]
  0x00007f7c3802f000 GCTaskThread "GC Thread#0" [stack: 0x00007f7c3d69c000,0x00007f7c3d79c000] [id=14261]
  0x00007f7c08001000 GCTaskThread "GC Thread#1" [stack: 0x00007f7bfb442000,0x00007f7bfb542000] [id=14276]
  0x00007f7c3804a000 ConcurrentGCThread "G1 Main Marker" [stack: 0x00007f7c3cde0000,0x00007f7c3cee0000] [id=14262]
  0x00007f7c3804c000 ConcurrentGCThread "G1 Conc#0" [stack: 0x00007f7c3ccde000,0x00007f7c3cdde000] [id=14263]
  0x00007f7c38087000 ConcurrentGCThread "G1 Refine#0" [stack: 0x00007f7c3c9da000,0x00007f7c3cada000] [id=14264]
  0x00007f7c38089000 ConcurrentGCThread "G1 Young RemSet Sampling" [stack: 0x00007f7c3c8d8000,0x00007f7c3c9d8000] [id=14265]

Threads with active compile tasks:

VM state:not at safepoint (normal execution)

VM Mutex/Monitor currently owned by a thread: None

Heap address: 0x00000000c3000000, size: 976 MB, Compressed Oops mode: 32-bit
Narrow klass base: 0x0000000800000000, Narrow klass shift: 3
Compressed class space size: 1073741824 Address: 0x0000000840000000

Heap:
 garbage-first heap   total 65536K, used 6316K [0x00000000c3000000, 0x0000000100000000)
  region size 1024K, 6 young (6144K), 1 survivors (1024K)
 Metaspace       used 3859K, capacity 6722K, committed 6912K, reserved 1056768K
  class space    used 428K, capacity 733K, committed 768K, reserved 1048576K
Heap Regions: E=young(eden), S=young(survivor), O=old, HS=humongous(starts), HC=humongous(continues), CS=collection set, F=free, A=archive, TAMS=top-at-mark-start (previous, next)
|   0|0x00000000c3000000, 0x00000000c3079000, 0x00000000c3100000| 47%| O|  |TAMS 0x00000000c3000000, 0x00000000c3000000| Untracked 
|   1|0x00000000c3100000, 0x00000000c3100000, 0x00000000c3200000|  0%| F|  |TAMS 0x00000000c3100000, 0x00000000c3100000| Untracked 
|   2|0x00000000c3200000, 0x00000000c3200000, 0x00000000c3300000|  0%| F|  |TAMS 0x00000000c3200000, 0x00000000c3200000| Untracked 
|   3|0x00000000c3300000, 0x00000000c3300000, 0x00000000c3400000|  0%| F|  |TAMS 0x00000000c3300000, 0x00000000c3300000| Untracked 
|   4|0x00000000c3400000, 0x00000000c3400000, 0x00000000c3500000|  0%| F|  |TAMS 0x00000000c3400000, 0x00000000c3400000| Untracked 
|   5|0x00000000c3500000, 0x00000000c3500000, 0x00000000c3600000|  0%| F|  |TAMS 0x00000000c3500000, 0x00000000c3500000| Untracked 
|   6|0x00000000c3600000, 0x00000000c3600000, 0x00000000c3700000|  0%| F|  |TAMS 0x00000000c3600000, 0x00000000c3600000| Untracked 
|   7|0x00000000c3700000, 0x00000000c3700000, 0x00000000c3800000|  0%| F|  |TAMS 0x00000000c3700000, 0x00000000c3700000| Untracked 
|   8|0x00000000c3800000, 0x00000000c3800000, 0x00000000c3900000|  0%| F|  |TAMS 0x00000000c3800000, 0x00000000c3800000| Untracked 
|   9|0x00000000c3900000, 0x00000000c3900000, 0x00000000c3a00000|  0%| F|  |TAMS 0x00000000c3900000, 0x00000000c3900000| Untracked 
|  10|0x00000000c3a00000, 0x00000000c3a00000, 0x00000000c3b00000|  0%| F|  |TAMS 0x00000000c3a00000, 0x00000000c3a00000| Untracked 
|  11|0x00000000c3b00000, 0x00000000c3b00000, 0x00000000c3c00000|  0%| F|  |TAMS 0x00000000c3b00000, 0x00000000c3b00000| Untracked 
|  12|0x00000000c3c00000, 0x00000000c3c00000, 0x00000000c3d00000|  0%| F|  |TAMS 0x00000000c3c00000, 0x00000000c3c00000| Untracked 
|  13|0x00000000c3d00000, 0x00000000c3d00000, 0x00000000c3e00000|  0%| F|  |TAMS 0x00000000c3d00000, 0x00000000c3d00000| Untracked 
|  14|0x00000000c3e00000, 0x00000000c3e00000, 0x00000000c3f00000|  0%| F|  |TAMS 0x00000000c3e00000, 0x00000000c3e00000| Untracked 
|  15|0x00000000c3f00000, 0x00000000c3f00000, 0x00000000c4000000|  0%| F|  |TAMS 0x00000000c3f00000, 0x00000000c3f00000| Untracked 
|  16|0x00000000c4000000, 0x00000000c4000000, 0x00000000c4100000|  0%| F|  |TAMS 0x00000000c4000000, 0x00000000c4000000| Untracked 
|  17|0x00000000c4100000, 0x00000000c4100000, 0x00000000c4200000|  0%| F|  |TAMS 0x00000000c4100000, 0x00000000c4100000| Untracked 
|  18|0x00000000c4200000, 0x00000000c4200000, 0x00000000c4300000|  0%| F|  |TAMS 0x00000000c4200000, 0x00000000c4200000| Untracked 
|  19|0x00000000c4300000, 0x00000000c4300000, 0x00000000c4400000|  0%| F|  |TAMS 0x00000000c4300000, 0x00000000c4300000| Untracked 
|  20|0x00000000c4400000, 0x00000000c4400000, 0x00000000c4500000|  0%| F|  |TAMS 0x00000000c4400000, 0x00000000c4400000| Untracked 
|  21|0x00000000c4500000, 0x00000000c4500000, 0x00000000c4600000|  0%| F|  |TAMS 0x00000000c4500000, 0x00000000c4500000| Untracked 
|  22|0x00000000c4600000, 0x00000000c4600000, 0x00000000c4700000|  0%| F|  |TAMS 0x00000000c4600000, 0x00000000c4600000| Untracked 
|  23|0x00000000c4700000, 0x00000000c4700000, 0x00000000c4800000|  0%| F|  |TAMS 0x00000000c4700000, 0x00000000c4700000| Untracked 
|  24|0x00000000c4800000, 0x00000000c4800000, 0x00000000c4900000|  0%| F|  |TAMS 0x00000000c4800000, 0x00000000c4800000| Untracked 
|  25|0x00000000c4900000, 0x00000000c4900000, 0x00000000c4a00000|  0%| F|  |TAMS 0x00000000c4900000, 0x00000000c4900000| Untracked 
|  26|0x00000000c4a00000, 0x00000000c4a00000, 0x00000000c4b00000|  0%| F|  |TAMS 0x00000000c4a00000, 0x00000000c4a00000| Untracked 
|  27|0x00000000c4b00000, 0x00000000c4b00000, 0x00000000c4c00000|  0%| F|  |TAMS 0x00000000c4b00000, 0x00000000c4b00000| Untracked 
|  28|0x00000000c4c00000, 0x00000000c4c00000, 0x00000000c4d00000|  0%| F|  |TAMS 0x00000000c4c00000, 0x00000000c4c00000| Untracked 
|  29|0x00000000c4d00000, 0x00000000c4d00000, 0x00000000c4e00000|  0%| F|  |TAMS 0x00000000c4d00000, 0x00000000c4d00000| Untracked 
|  30|0x00000000c4e00000, 0x00000000c4e00000, 0x00000000c4f00000|  0%| F|  |TAMS 0x00000000c4e00000, 0x00000000c4e00000| Untracked 
|  31|0x00000000c4f00000, 0x00000000c4f00000, 0x00000000c5000000|  0%| F|  |TAMS 0x00000000c4f00000, 0x00000000c4f00000| Untracked 
|  32|0x00000000c5000000, 0x00000000c5000000, 0x00000000c5100000|  0%| F|  |TAMS 0x00000000c5000000, 0x00000000c5000000| Untracked 
|  33|0x00000000c5100000, 0x00000000c5100000, 0x00000000c5200000|  0%| F|  |TAMS 0x00000000c5100000, 0x00000000c5100000| Untracked 
|  34|0x00000000c5200000, 0x00000000c5200000, 0x00000000c5300000|  0%| F|  |TAMS 0x00000000c5200000, 0x00000000c5200000| Untracked 
|  35|0x00000000c5300000, 0x00000000c5300000, 0x00000000c5400000|  0%| F|  |TAMS 0x00000000c5300000, 0x00000000c5300000| Untracked 
|  36|0x00000000c5400000, 0x00000000c5400000, 0x00000000c5500000|  0%| F|  |TAMS 0x00000000c5400000, 0x00000000c5400000| Untracked 
|  37|0x00000000c5500000, 0x00000000c5500000, 0x00000000c5600000|  0%| F|  |TAMS 0x00000000c5500000, 0x00000000c5500000| Untracked 
|  38|0x00000000c5600000, 0x00000000c5600000, 0x00000000c5700000|  0%| F|  |TAMS 0x00000000c5600000, 0x00000000c5600000| Untracked 
|  39|0x00000000c5700000, 0x00000000c5700000, 0x00000000c5800000|  0%| F|  |TAMS 0x00000000c5700000, 0x00000000c5700000| Untracked 
|  40|0x00000000c5800000, 0x00000000c5800000, 0x00000000c5900000|  0%| F|  |TAMS 0x00000000c5800000, 0x00000000c5800000| Untracked 
|  41|0x00000000c5900000, 0x00000000c5900000, 0x00000000c5a00000|  0%| F|  |TAMS 0x00000000c5900000, 0x00000000c5900000| Untracked 
|  42|0x00000000c5a00000, 0x00000000c5a00000, 0x00000000c5b00000|  0%| F|  |TAMS 0x00000000c5a00000, 0x00000000c5a00000| Untracked 
|  43|0x00000000c5b00000, 0x00000000c5b00000, 0x00000000c5c00000|  0%| F|  |TAMS 0x00000000c5b00000, 0x00000000c5b00000| Untracked 
|  44|0x00000000c5c00000, 0x00000000c5c00000, 0x00000000c5d00000|  0%| F|  |TAMS 0x00000000c5c00000, 0x00000000c5c00000| Untracked 
|  45|0x00000000c5d00000, 0x00000000c5d00000, 0x00000000c5e00000|  0%| F|  |TAMS 0x00000000c5d00000, 0x00000000c5d00000| Untracked 
|  46|0x00000000c5e00000, 0x00000000c5e00000, 0x00000000c5f00000|  0%| F|  |TAMS 0x00000000c5e00000, 0x00000000c5e00000| Untracked 
|  47|0x00000000c5f00000, 0x00000000c5f00000, 0x00000000c6000000|  0%| F|  |TAMS 0x00000000c5f00000, 0x00000000c5f00000| Untracked 
|  48|0x00000000c6000000, 0x00000000c6000000, 0x00000000c6100000|  0%| F|  |TAMS 0x00000000c6000000, 0x00000000c6000000| Untracked 
|  49|0x00000000c6100000, 0x00000000c6100000, 0x00000000c6200000|  0%| F|  |TAMS 0x00000000c6100000, 0x00000000c6100000| Untracked 
|  50|0x00000000c6200000, 0x00000000c6200000, 0x00000000c6300000|  0%| F|  |TAMS 0x00000000c6200000, 0x00000000c6200000| Untracked 
|  51|0x00000000c6300000, 0x00000000c6300000, 0x00000000c6400000|  0%| F|  |TAMS 0x00000000c6300000, 0x00000000c6300000| Untracked 
|  52|0x00000000c6400000, 0x00000000c6400000, 0x00000000c6500000|  0%| F|  |TAMS 0x00000000c6400000, 0x00000000c6400000| Untracked 
|  53|0x00000000c6500000, 0x00000000c6500000, 0x00000000c6600000|  0%| F|  |TAMS 0x00000000c6500000, 0x00000000c6500000| Untracked 
|  54|0x00000000c6600000, 0x00000000c6700000, 0x00000000c6700000|100%| S|CS|TAMS 0x00000000c6600000, 0x00000000c6600000| Complete 
|  55|0x00000000c6700000, 0x00000000c6700000, 0x00000000c6800000|  0%| F|  |TAMS 0x00000000c6700000, 0x00000000c6700000| Untracked 
|  56|0x00000000c6800000, 0x00000000c6800000, 0x00000000c6900000|  0%| F|  |TAMS 0x00000000c6800000, 0x00000000c6800000| Untracked 
|  57|0x00000000c6900000, 0x00000000c6a00000, 0x00000000c6a00000|100%| E|  |TAMS 0x00000000c6900000, 0x00000000c6900000| Complete 
|  58|0x00000000c6a00000, 0x00000000c6b00000, 0x00000000c6b00000|100%| E|CS|TAMS 0x00000000c6a00000, 0x00000000c6a00000| Complete 
|  59|0x00000000c6b00000, 0x00000000c6c00000, 0x00000000c6c00000|100%| E|CS|TAMS 0x00000000c6b00000, 0x00000000c6b00000| Complete 
|  60|0x00000000c6c00000, 0x00000000c6d00000, 0x00000000c6d00000|100%| E|CS|TAMS 0x00000000c6c00000, 0x00000000c6c00000| Complete 
|  61|0x00000000c6d00000, 0x00000000c6e00000, 0x00000000c6e00000|100%| E|CS|TAMS 0x00000000c6d00000, 0x00000000c6d00000| Complete 
| 974|0x00000000ffe00000, 0x00000000ffe47000, 0x00000000fff00000| 27%|OA|  |TAMS 0x00000000ffe00000, 0x00000000ffe00000| Untracked 
| 975|0x00000000fff00000, 0x00000000fff6b000, 0x0000000100000000| 41%|CA|  |TAMS 0x00000000fff00000, 0x00000000fff00000| Untracked 

Card table byte_map: [0x00007f7c3d0c8000,0x00007f7c3d2b0000] _byte_map_base: 0x00007f7c3cab0000

Marking Bits (Prev, Next): (CMBitMap*) 0x00007f7c38045388, (CMBitMap*) 0x00007f7c380453c0
 Prev Bits: [0x00007f7c1b0c0000, 0x00007f7c1c000000)
 Next Bits: [0x00007f7c1a180000, 0x00007f7c1b0c0000)

Polling page: 0x00007f7c41807000

Metaspace:

Usage:
  Non-class:      5.85 MB capacity,     3.35 MB ( 57%) used,     2.49 MB ( 43%) free+waste,    11.31 KB ( <1%) overhead. 
      Class:    733.00 KB capacity,   428.85 KB ( 59%) used,   298.02 KB ( 41%) free+waste,     6.12 KB ( <1%) overhead. 
       Both:      6.56 MB capacity,     3.77 MB ( 57%) used,     2.78 MB ( 42%) free+waste,    17.44 KB ( <1%) overhead. 

Virtual space:
  Non-class space:        8.00 MB reserved,       6.00 MB ( 75%) committed 
      Class space:        1.00 GB reserved,     768.00 KB ( <1%) committed 
             Both:        1.01 GB reserved,       6.75 MB ( <1%) committed 

Chunk freelists:
   Non-Class:  3.00 KB
       Class:  3.00 KB
        Both:  6.00 KB

MaxMetaspaceSize: unlimited
CompressedClassSpaceSize: 1.00 GB
Initial GC threshold: 20.80 MB
Current GC threshold: 20.80 MB
CDS: on

CodeHeap 'non-profiled nmethods': size=120036Kb used=254Kb max_used=254Kb free=119781Kb
 bounds [0x00007f7c282bc000, 0x00007f7c2852c000, 0x00007f7c2f7f5000]
CodeHeap 'profiled nmethods': size=120032Kb used=1508Kb max_used=1508Kb free=118524Kb
 bounds [0x00007f7c20d84000, 0x00007f7c20ff4000, 0x00007f7c282bc000]
CodeHeap 'non-nmethods': size=5692Kb used=1153Kb max_used=1168Kb free=4538Kb
 bounds [0x00007f7c207f5000, 0x00007f7c20a65000, 0x00007f7c20d84000]
 total_blobs=1252 nmethods=837 adapters=329
 compilation: enabled
              stopped_count=0, restarted_count=0
 full_count=0

Compilation events (20 events):
Event: 0.502 Thread 0x00007f7c380c4000  809       4       java.lang.String::indexOf (29 bytes)
Event: 0.506 Thread 0x00007f7c380c4000 nmethod 809 0x00007f7c282f9d10 code [0x00007f7c282f9ea0, 0x00007f7c282fa098]
Event: 0.506 Thread 0x00007f7c380c6000  810       3       sun.net.util.URLUtil::urlNoFragString (114 bytes)
Event: 0.507 Thread 0x00007f7c380c6000 nmethod 810 0x00007f7c20ee8510 code [0x00007f7c20ee8860, 0x00007f7c20ee9aa0]
Event: 0.507 Thread 0x00007f7c380c6000  811       3       java.util.zip.ZipFile::getZipEntry (325 bytes)
Event: 0.508 Thread 0x00007f7c380c6000 nmethod 811 0x00007f7c20eea110 code [0x00007f7c20eea4c0, 0x00007f7c20eec360]
Event: 0.508 Thread 0x00007f7c380c6000  812       3       java.lang.ClassLoader::definePackage (84 bytes)
Event: 0.509 Thread 0x00007f7c380c6000 nmethod 812 0x00007f7c20eecf10 code [0x00007f7c20eed220, 0x00007f7c20eee370]
Event: 0.509 Thread 0x00007f7c380c6000  813       3       sun.reflect.annotation.AnnotationInvocationHandler::invoke (178 bytes)
Event: 0.510 Thread 0x00007f7c380c6000 nmethod 813 0x00007f7c20eee890 code [0x00007f7c20eeeba0, 0x00007f7c20eefcc0]
Event: 0.510 Thread 0x00007f7c380c6000  814       3       java.lang.reflect.Method::getParameterCount (6 bytes)
Event: 0.510 Thread 0x00007f7c380c6000 nmethod 814 0x00007f7c20ef0210 code [0x00007f7c20ef03c0, 0x00007f7c20ef04f0]
Event: 0.510 Thread 0x00007f7c380c6000  816       3       java.util.regex.Pattern::isSupplementary (20 bytes)
Event: 0.510 Thread 0x00007f7c380c6000 nmethod 816 0x00007f7c20ef0590 code [0x00007f7c20ef0740, 0x00007f7c20ef09b0]
Event: 0.512 Thread 0x00007f7c380c6000  817       3       sun.invoke.util.VerifyAccess::isTypeVisible (118 bytes)
Event: 0.514 Thread 0x00007f7c380c6000 nmethod 817 0x00007f7c20ef0a90 code [0x00007f7c20ef0e40, 0x00007f7c20ef29c0]
Event: 0.514 Thread 0x00007f7c380c6000  821       3       java.lang.invoke.LambdaForm::useCount (90 bytes)
Event: 0.514 Thread 0x00007f7c380c6000 nmethod 821 0x00007f7c20ef3210 code [0x00007f7c20ef3400, 0x00007f7c20ef37b0]
Event: 0.514 Thread 0x00007f7c380c6000  819       3       java.lang.invoke.LambdaForm::normalize (322 bytes)
Event: 0.516 Thread 0x00007f7c380c4000  832       4       java.util.concurrent.ConcurrentHashMap::get (162 bytes)

GC Heap History (2 events):
Event: 0.274 GC heap before
{Heap before GC invocations=0 (full 0):
 garbage-first heap   total 65536K, used 6856K [0x00000000c3000000, 0x0000000100000000)
  region size 1024K, 7 young (7168K), 0 survivors (0K)
 Metaspace       used 2768K, capacity 6259K, committed 6528K, reserved 1056768K
  class space    used 272K, capacity 620K, committed 640K, reserved 1048576K
}
Event: 0.279 GC heap after
{Heap after GC invocations=1 (full 0):
 garbage-first heap   total 65536K, used 2220K [0x00000000c3000000, 0x0000000100000000)
  region size 1024K, 1 young (1024K), 1 survivors (1024K)
 Metaspace       used 2768K, capacity 6259K, committed 6528K, reserved 1056768K
  class space    used 272K, capacity 620K, committed 640K, reserved 1048576K
}

Deoptimization events (20 events):
Event: 0.271 Thread 0x00007f7c38017000 Uncommon trap: trap_request=0xffffffbe fr.pc=0x00007f7c282e3f90 relative=0x00000000000003d0
Event: 0.271 Thread 0x00007f7c38017000 Uncommon trap: reason=profile_predicate action=maybe_recompile pc=0x00007f7c282e3f90 method=java.lang.StringLatin1.indexOf([BI[BII)I @ 18 c2
Event: 0.271 Thread 0x00007f7c38017000 DEOPT PACKING pc=0x00007f7c282e3f90 sp=0x00007f7c417ef320
Event: 0.271 Thread 0x00007f7c38017000 DEOPT UNPACKING pc=0x00007f7c2083eea5 sp=0x00007f7c417ef2a0 mode 2
Event: 0.271 Thread 0x00007f7c38017000 Uncommon trap: trap_request=0xffffffbe fr.pc=0x00007f7c282e3f90 relative=0x00000000000003d0
Event: 0.271 Thread 0x00007f7c38017000 Uncommon trap: reason=profile_predicate action=maybe_recompile pc=0x00007f7c282e3f90 method=java.lang.StringLatin1.indexOf([BI[BII)I @ 18 c2
Event: 0.271 Thread 0x00007f7c38017000 DEOPT PACKING pc=0x00007f7c282e3f90 sp=0x00007f7c417ef320
Event: 0.271 Thread 0x00007f7c38017000 DEOPT UNPACKING pc=0x00007f7c2083eea5 sp=0x00007f7c417ef2a0 mode 2
Event: 0.271 Thread 0x00007f7c38017000 Uncommon trap: trap_request=0xffffffbe fr.pc=0x00007f7c282e3f90 relative=0x00000000000003d0
Event: 0.271 Thread 0x00007f7c38017000 Uncommon trap: reason=profile_predicate action=maybe_recompile pc=0x00007f7c282e3f90 method=java.lang.StringLatin1.indexOf([BI[BII)I @ 18 c2
Event: 0.271 Thread 0x00007f7c38017000 DEOPT PACKING pc=0x00007f7c282e3f90 sp=0x00007f7c417ef320
Event: 0.271 Thread 0x00007f7c38017000 DEOPT UNPACKING pc=0x00007f7c2083eea5 sp=0x00007f7c417ef2a0 mode 2
Event: 0.286 Thread 0x00007f7c38017000 DEOPT PACKING pc=0x00007f7c20dcc9a4 sp=0x00007f7c417ee9c0
Event: 0.286 Thread 0x00007f7c38017000 DEOPT UNPACKING pc=0x00007f7c2083f64a sp=0x00007f7c417ede50 mode 0
Event: 0.325 Thread 0x00007f7c38017000 DEOPT PACKING pc=0x00007f7c20e48442 sp=0x00007f7c417edd40
Event: 0.325 Thread 0x00007f7c38017000 DEOPT UNPACKING pc=0x00007f7c2083f64a sp=0x00007f7c417ed1c8 mode 0
Event: 0.345 Thread 0x00007f7c38017000 DEOPT PACKING pc=0x00007f7c20e89c5d sp=0x00007f7c417ef980
Event: 0.345 Thread 0x00007f7c38017000 DEOPT UNPACKING pc=0x00007f7c2083f64a sp=0x00007f7c417eee20 mode 0
Event: 0.351 Thread 0x00007f7c38017000 DEOPT PACKING pc=0x00007f7c20dc5d4f sp=0x00007f7c417ef670
Event: 0.351 Thread 0x00007f7c38017000 DEOPT UNPACKING pc=0x00007f7c2083f64a sp=0x00007f7c417eeb18 mode 0

Classes redefined (0 events):
No events

Internal exceptions (20 events):
Event: 0.238 Thread 0x00007f7c38017000 Exception <a 'java/security/PrivilegedActionException'{0x00000000c689ff88}> (0x00000000c689ff88) thrown at [src/hotspot/share/prims/jvm.cpp, line 1306]
Event: 0.238 Thread 0x00007f7c38017000 Exception <a 'java/security/PrivilegedActionException'{0x00000000c68a0258}> (0x00000000c68a0258) thrown at [src/hotspot/share/prims/jvm.cpp, line 1306]
Event: 0.238 Thread 0x00007f7c38017000 Exception <a 'java/security/PrivilegedActionException'{0x00000000c68a0bc8}> (0x00000000c68a0bc8) thrown at [src/hotspot/share/prims/jvm.cpp, line 1306]
Event: 0.238 Thread 0x00007f7c38017000 Exception <a 'java/security/PrivilegedActionException'{0x00000000c68a0e98}> (0x00000000c68a0e98) thrown at [src/hotspot/share/prims/jvm.cpp, line 1306]
Event: 0.238 Thread 0x00007f7c38017000 Exception <a 'java/security/PrivilegedActionException'{0x00000000c68a1820}> (0x00000000c68a1820) thrown at [src/hotspot/share/prims/jvm.cpp, line 1306]
Event: 0.238 Thread 0x00007f7c38017000 Exception <a 'java/security/PrivilegedActionException'{0x00000000c68a1af0}> (0x00000000c68a1af0) thrown at [src/hotspot/share/prims/jvm.cpp, line 1306]
Event: 0.238 Thread 0x00007f7c38017000 Exception <a 'java/security/PrivilegedActionException'{0x00000000c68a2478}> (0x00000000c68a2478) thrown at [src/hotspot/share/prims/jvm.cpp, line 1306]
Event: 0.238 Thread 0x00007f7c38017000 Exception <a 'java/security/PrivilegedActionException'{0x00000000c68a2748}> (0x00000000c68a2748) thrown at [src/hotspot/share/prims/jvm.cpp, line 1306]
Event: 0.238 Thread 0x00007f7c38017000 Exception <a 'java/security/PrivilegedActionException'{0x00000000c68a30d0}> (0x00000000c68a30d0) thrown at [src/hotspot/share/prims/jvm.cpp, line 1306]
Event: 0.238 Thread 0x00007f7c38017000 Exception <a 'java/security/PrivilegedActionException'{0x00000000c68a33a0}> (0x00000000c68a33a0) thrown at [src/hotspot/share/prims/jvm.cpp, line 1306]
Event: 0.238 Thread 0x00007f7c38017000 Exception <a 'java/security/PrivilegedActionException'{0x00000000c68a3d10}> (0x00000000c68a3d10) thrown at [src/hotspot/share/prims/jvm.cpp, line 1306]
Event: 0.238 Thread 0x00007f7c38017000 Exception <a 'java/security/PrivilegedActionException'{0x00000000c68a3fe0}> (0x00000000c68a3fe0) thrown at [src/hotspot/share/prims/jvm.cpp, line 1306]
Event: 0.238 Thread 0x00007f7c38017000 Exception <a 'java/security/PrivilegedActionException'{0x00000000c68a4968}> (0x00000000c68a4968) thrown at [src/hotspot/share/prims/jvm.cpp, line 1306]
Event: 0.238 Thread 0x00007f7c38017000 Exception <a 'java/security/PrivilegedActionException'{0x00000000c68a4c38}> (0x00000000c68a4c38) thrown at [src/hotspot/share/prims/jvm.cpp, line 1306]
Event: 0.239 Thread 0x00007f7c38017000 Exception <a 'java/security/PrivilegedActionException'{0x00000000c68b3068}> (0x00000000c68b3068) thrown at [src/hotspot/share/prims/jvm.cpp, line 1306]
Event: 0.239 Thread 0x00007f7c38017000 Exception <a 'java/security/PrivilegedActionException'{0x00000000c68b3338}> (0x00000000c68b3338) thrown at [src/hotspot/share/prims/jvm.cpp, line 1306]
Event: 0.263 Thread 0x00007f7c38017000 Exception <a 'java/lang/NoSuchMethodError'{0x00000000c67bc698}: 'int java.lang.invoke.DirectMethodHandle$Holder.invokeStaticInit(java.lang.Object, java.lang.Object, java.lang.Object, java.lang.Object)'> (0x00000000c67bc698) thrown at [src/hotspot/share/interpreter/linkResolver.cpp, line 773]
Event: 0.264 Thread 0x00007f7c38017000 Exception <a 'java/lang/IncompatibleClassChangeError'{0x00000000c67c6070}: Found class java.lang.Object, but interface was expected> (0x00000000c67c6070) thrown at [src/hotspot/share/interpreter/linkResolver.cpp, line 839]
Event: 0.265 Thread 0x00007f7c38017000 Exception <a 'java/lang/NoSuchMethodError'{0x00000000c67c92c0}: 'void java.lang.invoke.DirectMethodHandle$Holder.invokeStaticInit(java.lang.Object, java.lang.Object)'> (0x00000000c67c92c0) thrown at [src/hotspot/share/interpreter/linkResolver.cpp, line 773]
Event: 0.265 Thread 0x00007f7c38017000 Exception <a 'java/lang/NoSuchMethodError'{0x00000000c67ced58}: 'int java.lang.invoke.DirectMethodHandle$Holder.invokeStaticInit(java.lang.Object, java.lang.Object)'> (0x00000000c67ced58) thrown at [src/hotspot/share/interpreter/linkResolver.cpp, line 773]

Events (20 events):
Event: 0.502 loading class org/bytedeco/llvm/LLVM/LLVMObjectFileRef
Event: 0.502 loading class org/bytedeco/llvm/LLVM/LLVMObjectFileRef done
Event: 0.503 loading class org/bytedeco/llvm/LLVM/LLVMTargetRef
Event: 0.503 loading class org/bytedeco/llvm/LLVM/LLVMTargetRef done
Event: 0.503 loading class org/bytedeco/llvm/LLVM/LLVMPassManagerBuilderRef
Event: 0.503 loading class org/bytedeco/llvm/LLVM/LLVMPassManagerBuilderRef done
Event: 0.504 loading class org/bytedeco/llvm/LLVM/LLVMPassBuilderOptionsRef
Event: 0.504 loading class org/bytedeco/llvm/LLVM/LLVMPassBuilderOptionsRef done
Event: 0.505 loading class org/bytedeco/llvm/LLVM/Pass
Event: 0.505 loading class org/bytedeco/llvm/LLVM/Pass done
Event: 0.506 loading class org/bytedeco/llvm/LLVM/LLVMNamedMDNodeRef
Event: 0.506 loading class org/bytedeco/llvm/LLVM/LLVMNamedMDNodeRef done
Event: 0.507 loading class org/bytedeco/llvm/LLVM/LLVMUseRef
Event: 0.507 loading class org/bytedeco/llvm/LLVM/LLVMUseRef done
Event: 0.510 loading class org/bytedeco/javacpp/PointerScope
Event: 0.510 loading class org/bytedeco/javacpp/PointerScope done
Event: 0.511 loading class org/bytedeco/javacpp/PointerScope$1
Event: 0.511 loading class org/bytedeco/javacpp/PointerScope$1 done
Event: 0.516 loading class java/lang/invoke/BoundMethodHandle$Species_LLLLLLIIL
Event: 0.516 loading class java/lang/invoke/BoundMethodHandle$Species_LLLLLLIIL done


Dynamic libraries:
c3000000-c6e00000 rw-p 00000000 00:00 0 
c6e00000-ffe00000 ---p 00000000 00:00 0 
ffe00000-ffe47000 rw-p 00b0a000 08:01 926690                             /usr/lib/jvm/java-11-openjdk-amd64/lib/server/classes.jsa
ffe47000-fff00000 rw-p 00000000 00:00 0 
fff00000-fff6b000 rw-p 00a9f000 08:01 926690                             /usr/lib/jvm/java-11-openjdk-amd64/lib/server/classes.jsa
fff6b000-100000000 rw-p 00000000 00:00 0 
800000000-800002000 rwxp 00001000 08:01 926690                           /usr/lib/jvm/java-11-openjdk-amd64/lib/server/classes.jsa
800002000-8003cc000 rw-p 00003000 08:01 926690                           /usr/lib/jvm/java-11-openjdk-amd64/lib/server/classes.jsa
8003cc000-800a9d000 r--p 003cd000 08:01 926690                           /usr/lib/jvm/java-11-openjdk-amd64/lib/server/classes.jsa
800a9d000-800a9e000 rw-p 00a9e000 08:01 926690                           /usr/lib/jvm/java-11-openjdk-amd64/lib/server/classes.jsa
840000000-8400c0000 rw-p 00000000 00:00 0 
8400c0000-880000000 ---p 00000000 00:00 0 
561c30176000-561c30177000 r-xp 00000000 08:01 926076                     /usr/lib/jvm/java-11-openjdk-amd64/bin/java
561c30377000-561c30378000 r--p 00001000 08:01 926076                     /usr/lib/jvm/java-11-openjdk-amd64/bin/java
561c30378000-561c30379000 rw-p 00002000 08:01 926076                     /usr/lib/jvm/java-11-openjdk-amd64/bin/java
561c30e48000-561c30e69000 rw-p 00000000 00:00 0                          [heap]
7f7bd552c000-7f7bd5e52000 r--p 00000000 08:01 6297972                    /home/syd/.javacpp/cache/llvm-13.0.1-1.5.7-linux-x86_64.jar/org/bytedeco/llvm/linux-x86_64/libLLVM-13.so
7f7bd5e52000-7f7bd9815000 r-xp 00926000 08:01 6297972                    /home/syd/.javacpp/cache/llvm-13.0.1-1.5.7-linux-x86_64.jar/org/bytedeco/llvm/linux-x86_64/libLLVM-13.so
7f7bd9815000-7f7bdba6a000 r--p 042e9000 08:01 6297972                    /home/syd/.javacpp/cache/llvm-13.0.1-1.5.7-linux-x86_64.jar/org/bytedeco/llvm/linux-x86_64/libLLVM-13.so
7f7bdba6a000-7f7bdbf7f000 r--p 0653d000 08:01 6297972                    /home/syd/.javacpp/cache/llvm-13.0.1-1.5.7-linux-x86_64.jar/org/bytedeco/llvm/linux-x86_64/libLLVM-13.so
7f7bdbf7f000-7f7bdbf8a000 rw-p 06a52000 08:01 6297972                    /home/syd/.javacpp/cache/llvm-13.0.1-1.5.7-linux-x86_64.jar/org/bytedeco/llvm/linux-x86_64/libLLVM-13.so
7f7bdbf8a000-7f7bdc000000 rw-p 00000000 00:00 0 
7f7bdc000000-7f7bdc021000 rw-p 00000000 00:00 0 
7f7bdc021000-7f7be0000000 ---p 00000000 00:00 0 
7f7be4000000-7f7be43e3000 rw-p 00000000 00:00 0 
7f7be43e3000-7f7be8000000 ---p 00000000 00:00 0 
7f7be8000000-7f7be8021000 rw-p 00000000 00:00 0 
7f7be8021000-7f7bec000000 ---p 00000000 00:00 0 
7f7bec000000-7f7bec021000 rw-p 00000000 00:00 0 
7f7bec021000-7f7bf0000000 ---p 00000000 00:00 0 
7f7bf0000000-7f7bf0386000 rw-p 00000000 00:00 0 
7f7bf0386000-7f7bf4000000 ---p 00000000 00:00 0 
7f7bf4000000-7f7bf4021000 rw-p 00000000 00:00 0 
7f7bf4021000-7f7bf8000000 ---p 00000000 00:00 0 
7f7bfb239000-7f7bfb29e000 r--p 00000000 08:01 6297977                    /home/syd/.javacpp/cache/llvm-13.0.1-1.5.7-linux-x86_64.jar/org/bytedeco/llvm/linux-x86_64/libjniLLVM.so
7f7bfb29e000-7f7bfb30c000 r-xp 00065000 08:01 6297977                    /home/syd/.javacpp/cache/llvm-13.0.1-1.5.7-linux-x86_64.jar/org/bytedeco/llvm/linux-x86_64/libjniLLVM.so
7f7bfb30c000-7f7bfb337000 r--p 000d3000 08:01 6297977                    /home/syd/.javacpp/cache/llvm-13.0.1-1.5.7-linux-x86_64.jar/org/bytedeco/llvm/linux-x86_64/libjniLLVM.so
7f7bfb337000-7f7bfb33a000 r--p 000fd000 08:01 6297977                    /home/syd/.javacpp/cache/llvm-13.0.1-1.5.7-linux-x86_64.jar/org/bytedeco/llvm/linux-x86_64/libjniLLVM.so
7f7bfb33a000-7f7bfb33d000 rw-p 00100000 08:01 6297977                    /home/syd/.javacpp/cache/llvm-13.0.1-1.5.7-linux-x86_64.jar/org/bytedeco/llvm/linux-x86_64/libjniLLVM.so
7f7bfb33d000-7f7bfb33f000 rw-p 00000000 00:00 0 
7f7bfb33f000-7f7bfb343000 ---p 00000000 00:00 0 
7f7bfb343000-7f7bfb440000 rw-p 00000000 00:00 0 
7f7bfb440000-7f7bfb441000 ---p 00000000 00:00 0 
7f7bfb441000-7f7bfb542000 rw-p 00000000 00:00 0 
7f7bfb542000-7f7bfb557000 r-xp 00000000 08:01 926225                     /usr/lib/jvm/java-11-openjdk-amd64/lib/libnet.so
7f7bfb557000-7f7bfb756000 ---p 00015000 08:01 926225                     /usr/lib/jvm/java-11-openjdk-amd64/lib/libnet.so
7f7bfb756000-7f7bfb757000 r--p 00014000 08:01 926225                     /usr/lib/jvm/java-11-openjdk-amd64/lib/libnet.so
7f7bfb757000-7f7bfb758000 rw-p 00015000 08:01 926225                     /usr/lib/jvm/java-11-openjdk-amd64/lib/libnet.so
7f7bfb758000-7f7bfb768000 r-xp 00000000 08:01 926226                     /usr/lib/jvm/java-11-openjdk-amd64/lib/libnio.so
7f7bfb768000-7f7bfb967000 ---p 00010000 08:01 926226                     /usr/lib/jvm/java-11-openjdk-amd64/lib/libnio.so
7f7bfb967000-7f7bfb968000 r--p 0000f000 08:01 926226                     /usr/lib/jvm/java-11-openjdk-amd64/lib/libnio.so
7f7bfb968000-7f7bfb969000 rw-p 00010000 08:01 926226                     /usr/lib/jvm/java-11-openjdk-amd64/lib/libnio.so
7f7bfb969000-7f7bfb96d000 ---p 00000000 00:00 0 
7f7bfb96d000-7f7bfba6a000 rw-p 00000000 00:00 0 
7f7bfba6a000-7f7bfba6b000 ---p 00000000 00:00 0 
7f7bfba6b000-7f7bfbb6c000 rw-p 00000000 00:00 0 
7f7bfbb6c000-7f7bfc000000 r--p 00000000 08:01 666827                     /usr/lib/locale/locale-archive
7f7bfc000000-7f7bfc021000 rw-p 00000000 00:00 0 
7f7bfc021000-7f7c00000000 ---p 00000000 00:00 0 
7f7c00000000-7f7c00021000 rw-p 00000000 00:00 0 
7f7c00021000-7f7c04000000 ---p 00000000 00:00 0 
7f7c04000000-7f7c04021000 rw-p 00000000 00:00 0 
7f7c04021000-7f7c08000000 ---p 00000000 00:00 0 
7f7c08000000-7f7c08021000 rw-p 00000000 00:00 0 
7f7c08021000-7f7c0c000000 ---p 00000000 00:00 0 
7f7c0c000000-7f7c0c021000 rw-p 00000000 00:00 0 
7f7c0c021000-7f7c10000000 ---p 00000000 00:00 0 
7f7c10000000-7f7c10021000 rw-p 00000000 00:00 0 
7f7c10021000-7f7c14000000 ---p 00000000 00:00 0 
7f7c14000000-7f7c14021000 rw-p 00000000 00:00 0 
7f7c14021000-7f7c18000000 ---p 00000000 00:00 0 
7f7c1807f000-7f7c18083000 ---p 00000000 00:00 0 
7f7c18083000-7f7c1a278000 rw-p 00000000 00:00 0 
7f7c1a278000-7f7c1b0b8000 ---p 00000000 00:00 0 
7f7c1b0b8000-7f7c1b1b8000 rw-p 00000000 00:00 0 
7f7c1b1b8000-7f7c1bff8000 ---p 00000000 00:00 0 
7f7c1bff8000-7f7c1c000000 rw-p 00000000 00:00 0 
7f7c1c000000-7f7c1c021000 rw-p 00000000 00:00 0 
7f7c1c021000-7f7c20000000 ---p 00000000 00:00 0 
7f7c2006c000-7f7c20070000 ---p 00000000 00:00 0 
7f7c20070000-7f7c2016d000 rw-p 00000000 00:00 0 
7f7c2016d000-7f7c20171000 ---p 00000000 00:00 0 
7f7c20171000-7f7c2026e000 rw-p 00000000 00:00 0 
7f7c2026e000-7f7c20272000 ---p 00000000 00:00 0 
7f7c20272000-7f7c2036f000 rw-p 00000000 00:00 0 
7f7c2036f000-7f7c20373000 ---p 00000000 00:00 0 
7f7c20373000-7f7c20470000 rw-p 00000000 00:00 0 
7f7c20470000-7f7c20474000 ---p 00000000 00:00 0 
7f7c20474000-7f7c20571000 rw-p 00000000 00:00 0 
7f7c20571000-7f7c20575000 ---p 00000000 00:00 0 
7f7c20575000-7f7c20672000 rw-p 00000000 00:00 0 
7f7c20672000-7f7c20673000 ---p 00000000 00:00 0 
7f7c20673000-7f7c207f5000 rw-p 00000000 00:00 0 
7f7c207f5000-7f7c20a65000 rwxp 00000000 00:00 0 
7f7c20a65000-7f7c20d84000 ---p 00000000 00:00 0 
7f7c20d84000-7f7c20ff4000 rwxp 00000000 00:00 0 
7f7c20ff4000-7f7c282bc000 ---p 00000000 00:00 0 
7f7c282bc000-7f7c2852c000 rwxp 00000000 00:00 0 
7f7c2852c000-7f7c2f7f5000 ---p 00000000 00:00 0 
7f7c2f7f5000-7f7c38000000 r--s 00000000 08:01 926235                     /usr/lib/jvm/java-11-openjdk-amd64/lib/modules
7f7c38000000-7f7c3839f000 rw-p 00000000 00:00 0 
7f7c3839f000-7f7c3c000000 ---p 00000000 00:00 0 
7f7c3c068000-7f7c3c06f000 r--p 00000000 08:01 6297973                    /home/syd/.javacpp/cache/llvm-13.0.1-1.5.7-linux-x86_64.jar/org/bytedeco/llvm/linux-x86_64/libLTO.so.13
7f7c3c06f000-7f7c3c077000 r-xp 00007000 08:01 6297973                    /home/syd/.javacpp/cache/llvm-13.0.1-1.5.7-linux-x86_64.jar/org/bytedeco/llvm/linux-x86_64/libLTO.so.13
7f7c3c077000-7f7c3c079000 r--p 0000f000 08:01 6297973                    /home/syd/.javacpp/cache/llvm-13.0.1-1.5.7-linux-x86_64.jar/org/bytedeco/llvm/linux-x86_64/libLTO.so.13
7f7c3c079000-7f7c3c07a000 r--p 00010000 08:01 6297973                    /home/syd/.javacpp/cache/llvm-13.0.1-1.5.7-linux-x86_64.jar/org/bytedeco/llvm/linux-x86_64/libLTO.so.13
7f7c3c07a000-7f7c3c07b000 rw-p 00011000 08:01 6297973                    /home/syd/.javacpp/cache/llvm-13.0.1-1.5.7-linux-x86_64.jar/org/bytedeco/llvm/linux-x86_64/libLTO.so.13
7f7c3c07b000-7f7c3c6d6000 rw-p 00000000 00:00 0 
7f7c3c6d6000-7f7c3c8d6000 ---p 00000000 00:00 0 
7f7c3c8d6000-7f7c3c8d7000 ---p 00000000 00:00 0 
7f7c3c8d7000-7f7c3c9d8000 rw-p 00000000 00:00 0 
7f7c3c9d8000-7f7c3c9d9000 ---p 00000000 00:00 0 
7f7c3c9d9000-7f7c3ccdc000 rw-p 00000000 00:00 0 
7f7c3ccdc000-7f7c3ccdd000 ---p 00000000 00:00 0 
7f7c3ccdd000-7f7c3cdde000 rw-p 00000000 00:00 0 
7f7c3cdde000-7f7c3cddf000 ---p 00000000 00:00 0 
7f7c3cddf000-7f7c3ceff000 rw-p 00000000 00:00 0 
7f7c3ceff000-7f7c3d0c7000 ---p 00000000 00:00 0 
7f7c3d0c7000-7f7c3d0e7000 rw-p 00000000 00:00 0 
7f7c3d0e7000-7f7c3d2af000 ---p 00000000 00:00 0 
7f7c3d2af000-7f7c3d2cf000 rw-p 00000000 00:00 0 
7f7c3d2cf000-7f7c3d497000 ---p 00000000 00:00 0 
7f7c3d497000-7f7c3d69a000 rw-p 00000000 00:00 0 
7f7c3d69a000-7f7c3d69b000 ---p 00000000 00:00 0 
7f7c3d69b000-7f7c3d7a1000 rw-p 00000000 00:00 0 
7f7c3d7a1000-7f7c3d887000 ---p 00000000 00:00 0 
7f7c3d887000-7f7c3d88c000 rw-p 00000000 00:00 0 
7f7c3d88c000-7f7c3d972000 ---p 00000000 00:00 0 
7f7c3d972000-7f7c3d979000 r-xp 00000000 08:01 926234                     /usr/lib/jvm/java-11-openjdk-amd64/lib/libzip.so
7f7c3d979000-7f7c3db79000 ---p 00007000 08:01 926234                     /usr/lib/jvm/java-11-openjdk-amd64/lib/libzip.so
7f7c3db79000-7f7c3db7a000 r--p 00007000 08:01 926234                     /usr/lib/jvm/java-11-openjdk-amd64/lib/libzip.so
7f7c3db7a000-7f7c3db7b000 rw-p 00008000 08:01 926234                     /usr/lib/jvm/java-11-openjdk-amd64/lib/libzip.so
7f7c3db7b000-7f7c3db86000 r-xp 00000000 08:01 1709194                    /lib/x86_64-linux-gnu/libnss_files-2.27.so
7f7c3db86000-7f7c3dd85000 ---p 0000b000 08:01 1709194                    /lib/x86_64-linux-gnu/libnss_files-2.27.so
7f7c3dd85000-7f7c3dd86000 r--p 0000a000 08:01 1709194                    /lib/x86_64-linux-gnu/libnss_files-2.27.so
7f7c3dd86000-7f7c3dd87000 rw-p 0000b000 08:01 1709194                    /lib/x86_64-linux-gnu/libnss_files-2.27.so
7f7c3dd87000-7f7c3dd8d000 rw-p 00000000 00:00 0 
7f7c3dd8d000-7f7c3dda4000 r-xp 00000000 08:01 1709191                    /lib/x86_64-linux-gnu/libnsl-2.27.so
7f7c3dda4000-7f7c3dfa3000 ---p 00017000 08:01 1709191                    /lib/x86_64-linux-gnu/libnsl-2.27.so
7f7c3dfa3000-7f7c3dfa4000 r--p 00016000 08:01 1709191                    /lib/x86_64-linux-gnu/libnsl-2.27.so
7f7c3dfa4000-7f7c3dfa5000 rw-p 00017000 08:01 1709191                    /lib/x86_64-linux-gnu/libnsl-2.27.so
7f7c3dfa5000-7f7c3dfa7000 rw-p 00000000 00:00 0 
7f7c3dfa7000-7f7c3dfb2000 r-xp 00000000 08:01 1709196                    /lib/x86_64-linux-gnu/libnss_nis-2.27.so
7f7c3dfb2000-7f7c3e1b1000 ---p 0000b000 08:01 1709196                    /lib/x86_64-linux-gnu/libnss_nis-2.27.so
7f7c3e1b1000-7f7c3e1b2000 r--p 0000a000 08:01 1709196                    /lib/x86_64-linux-gnu/libnss_nis-2.27.so
7f7c3e1b2000-7f7c3e1b3000 rw-p 0000b000 08:01 1709196                    /lib/x86_64-linux-gnu/libnss_nis-2.27.so
7f7c3e1b3000-7f7c3e1bb000 r-xp 00000000 08:01 1709192                    /lib/x86_64-linux-gnu/libnss_compat-2.27.so
7f7c3e1bb000-7f7c3e3bb000 ---p 00008000 08:01 1709192                    /lib/x86_64-linux-gnu/libnss_compat-2.27.so
7f7c3e3bb000-7f7c3e3bc000 r--p 00008000 08:01 1709192                    /lib/x86_64-linux-gnu/libnss_compat-2.27.so
7f7c3e3bc000-7f7c3e3bd000 rw-p 00009000 08:01 1709192                    /lib/x86_64-linux-gnu/libnss_compat-2.27.so
7f7c3e3bd000-7f7c3e3c2000 r-xp 00000000 08:01 926217                     /usr/lib/jvm/java-11-openjdk-amd64/lib/libjimage.so
7f7c3e3c2000-7f7c3e5c1000 ---p 00005000 08:01 926217                     /usr/lib/jvm/java-11-openjdk-amd64/lib/libjimage.so
7f7c3e5c1000-7f7c3e5c2000 r--p 00004000 08:01 926217                     /usr/lib/jvm/java-11-openjdk-amd64/lib/libjimage.so
7f7c3e5c2000-7f7c3e5c3000 rw-p 00005000 08:01 926217                     /usr/lib/jvm/java-11-openjdk-amd64/lib/libjimage.so
7f7c3e5c3000-7f7c3e5ec000 r-xp 00000000 08:01 926214                     /usr/lib/jvm/java-11-openjdk-amd64/lib/libjava.so
7f7c3e5ec000-7f7c3e7eb000 ---p 00029000 08:01 926214                     /usr/lib/jvm/java-11-openjdk-amd64/lib/libjava.so
7f7c3e7eb000-7f7c3e7ec000 r--p 00028000 08:01 926214                     /usr/lib/jvm/java-11-openjdk-amd64/lib/libjava.so
7f7c3e7ec000-7f7c3e7ed000 rw-p 00029000 08:01 926214                     /usr/lib/jvm/java-11-openjdk-amd64/lib/libjava.so
7f7c3e7ed000-7f7c3e7ee000 rw-p 00000000 00:00 0 
7f7c3e7ee000-7f7c3e7fb000 r-xp 00000000 08:01 926233                     /usr/lib/jvm/java-11-openjdk-amd64/lib/libverify.so
7f7c3e7fb000-7f7c3e9fa000 ---p 0000d000 08:01 926233                     /usr/lib/jvm/java-11-openjdk-amd64/lib/libverify.so
7f7c3e9fa000-7f7c3e9fc000 r--p 0000c000 08:01 926233                     /usr/lib/jvm/java-11-openjdk-amd64/lib/libverify.so
7f7c3e9fc000-7f7c3e9fd000 rw-p 0000e000 08:01 926233                     /usr/lib/jvm/java-11-openjdk-amd64/lib/libverify.so
7f7c3e9fd000-7f7c3ea04000 r-xp 00000000 08:01 1709201                    /lib/x86_64-linux-gnu/librt-2.27.so
7f7c3ea04000-7f7c3ec03000 ---p 00007000 08:01 1709201                    /lib/x86_64-linux-gnu/librt-2.27.so
7f7c3ec03000-7f7c3ec04000 r--p 00006000 08:01 1709201                    /lib/x86_64-linux-gnu/librt-2.27.so
7f7c3ec04000-7f7c3ec05000 rw-p 00007000 08:01 1709201                    /lib/x86_64-linux-gnu/librt-2.27.so
7f7c3ec05000-7f7c3ec1c000 r-xp 00000000 08:01 1709327                    /lib/x86_64-linux-gnu/libgcc_s.so.1
7f7c3ec1c000-7f7c3ee1b000 ---p 00017000 08:01 1709327                    /lib/x86_64-linux-gnu/libgcc_s.so.1
7f7c3ee1b000-7f7c3ee1c000 r--p 00016000 08:01 1709327                    /lib/x86_64-linux-gnu/libgcc_s.so.1
7f7c3ee1c000-7f7c3ee1d000 rw-p 00017000 08:01 1709327                    /lib/x86_64-linux-gnu/libgcc_s.so.1
7f7c3ee1d000-7f7c3efba000 r-xp 00000000 08:01 1709188                    /lib/x86_64-linux-gnu/libm-2.27.so
7f7c3efba000-7f7c3f1b9000 ---p 0019d000 08:01 1709188                    /lib/x86_64-linux-gnu/libm-2.27.so
7f7c3f1b9000-7f7c3f1ba000 r--p 0019c000 08:01 1709188                    /lib/x86_64-linux-gnu/libm-2.27.so
7f7c3f1ba000-7f7c3f1bb000 rw-p 0019d000 08:01 1709188                    /lib/x86_64-linux-gnu/libm-2.27.so
7f7c3f1bb000-7f7c3f334000 r-xp 00000000 08:01 664741                     /usr/lib/x86_64-linux-gnu/libstdc++.so.6.0.25
7f7c3f334000-7f7c3f534000 ---p 00179000 08:01 664741                     /usr/lib/x86_64-linux-gnu/libstdc++.so.6.0.25
7f7c3f534000-7f7c3f53e000 r--p 00179000 08:01 664741                     /usr/lib/x86_64-linux-gnu/libstdc++.so.6.0.25
7f7c3f53e000-7f7c3f540000 rw-p 00183000 08:01 664741                     /usr/lib/x86_64-linux-gnu/libstdc++.so.6.0.25
7f7c3f540000-7f7c3f544000 rw-p 00000000 00:00 0 
7f7c3f544000-7f7c4064b000 r-xp 00000000 08:01 926240                     /usr/lib/jvm/java-11-openjdk-amd64/lib/server/libjvm.so
7f7c4064b000-7f7c4084b000 ---p 01107000 08:01 926240                     /usr/lib/jvm/java-11-openjdk-amd64/lib/server/libjvm.so
7f7c4084b000-7f7c4090f000 r--p 01107000 08:01 926240                     /usr/lib/jvm/java-11-openjdk-amd64/lib/server/libjvm.so
7f7c4090f000-7f7c4094a000 rw-p 011cb000 08:01 926240                     /usr/lib/jvm/java-11-openjdk-amd64/lib/server/libjvm.so
7f7c4094a000-7f7c409a1000 rw-p 00000000 00:00 0 
7f7c409a1000-7f7c409bb000 r-xp 00000000 08:01 1709199                    /lib/x86_64-linux-gnu/libpthread-2.27.so
7f7c409bb000-7f7c40bba000 ---p 0001a000 08:01 1709199                    /lib/x86_64-linux-gnu/libpthread-2.27.so
7f7c40bba000-7f7c40bbb000 r--p 00019000 08:01 1709199                    /lib/x86_64-linux-gnu/libpthread-2.27.so
7f7c40bbb000-7f7c40bbc000 rw-p 0001a000 08:01 1709199                    /lib/x86_64-linux-gnu/libpthread-2.27.so
7f7c40bbc000-7f7c40bc0000 rw-p 00000000 00:00 0 
7f7c40bc0000-7f7c40bc3000 r-xp 00000000 08:01 1709187                    /lib/x86_64-linux-gnu/libdl-2.27.so
7f7c40bc3000-7f7c40dc2000 ---p 00003000 08:01 1709187                    /lib/x86_64-linux-gnu/libdl-2.27.so
7f7c40dc2000-7f7c40dc3000 r--p 00002000 08:01 1709187                    /lib/x86_64-linux-gnu/libdl-2.27.so
7f7c40dc3000-7f7c40dc4000 rw-p 00003000 08:01 1709187                    /lib/x86_64-linux-gnu/libdl-2.27.so
7f7c40dc4000-7f7c40de0000 r-xp 00000000 08:01 1704012                    /lib/x86_64-linux-gnu/libz.so.1.2.11
7f7c40de0000-7f7c40fdf000 ---p 0001c000 08:01 1704012                    /lib/x86_64-linux-gnu/libz.so.1.2.11
7f7c40fdf000-7f7c40fe0000 r--p 0001b000 08:01 1704012                    /lib/x86_64-linux-gnu/libz.so.1.2.11
7f7c40fe0000-7f7c40fe1000 rw-p 0001c000 08:01 1704012                    /lib/x86_64-linux-gnu/libz.so.1.2.11
7f7c40fe1000-7f7c411c8000 r-xp 00000000 08:01 1709184                    /lib/x86_64-linux-gnu/libc-2.27.so
7f7c411c8000-7f7c413c8000 ---p 001e7000 08:01 1709184                    /lib/x86_64-linux-gnu/libc-2.27.so
7f7c413c8000-7f7c413cc000 r--p 001e7000 08:01 1709184                    /lib/x86_64-linux-gnu/libc-2.27.so
7f7c413cc000-7f7c413ce000 rw-p 001eb000 08:01 1709184                    /lib/x86_64-linux-gnu/libc-2.27.so
7f7c413ce000-7f7c413d2000 rw-p 00000000 00:00 0 
7f7c413d2000-7f7c413e1000 r-xp 00000000 08:01 926199                     /usr/lib/jvm/java-11-openjdk-amd64/lib/jli/libjli.so
7f7c413e1000-7f7c415e0000 ---p 0000f000 08:01 926199                     /usr/lib/jvm/java-11-openjdk-amd64/lib/jli/libjli.so
7f7c415e0000-7f7c415e1000 r--p 0000e000 08:01 926199                     /usr/lib/jvm/java-11-openjdk-amd64/lib/jli/libjli.so
7f7c415e1000-7f7c415e2000 rw-p 0000f000 08:01 926199                     /usr/lib/jvm/java-11-openjdk-amd64/lib/jli/libjli.so
7f7c415e2000-7f7c4160b000 r-xp 00000000 08:01 1703942                    /lib/x86_64-linux-gnu/ld-2.27.so
7f7c41611000-7f7c41618000 r--s 00000000 08:01 920620                     /usr/lib/x86_64-linux-gnu/gconv/gconv-modules.cache
7f7c41618000-7f7c4161c000 r--p 00000000 08:01 6297966                    /home/syd/.javacpp/cache/javacpp-1.5.7-linux-x86_64.jar/org/bytedeco/javacpp/linux-x86_64/libjnijavacpp.so
7f7c4161c000-7f7c41623000 r-xp 00004000 08:01 6297966                    /home/syd/.javacpp/cache/javacpp-1.5.7-linux-x86_64.jar/org/bytedeco/javacpp/linux-x86_64/libjnijavacpp.so
7f7c41623000-7f7c41627000 r--p 0000b000 08:01 6297966                    /home/syd/.javacpp/cache/javacpp-1.5.7-linux-x86_64.jar/org/bytedeco/javacpp/linux-x86_64/libjnijavacpp.so
7f7c41627000-7f7c41628000 r--p 0000e000 08:01 6297966                    /home/syd/.javacpp/cache/javacpp-1.5.7-linux-x86_64.jar/org/bytedeco/javacpp/linux-x86_64/libjnijavacpp.so
7f7c41628000-7f7c41629000 rw-p 0000f000 08:01 6297966                    /home/syd/.javacpp/cache/javacpp-1.5.7-linux-x86_64.jar/org/bytedeco/javacpp/linux-x86_64/libjnijavacpp.so
7f7c41629000-7f7c416ea000 rw-p 00000000 00:00 0 
7f7c416ea000-7f7c416f1000 ---p 00000000 00:00 0 
7f7c416f1000-7f7c416f5000 ---p 00000000 00:00 0 
7f7c416f5000-7f7c417f4000 rw-p 00000000 00:00 0 
7f7c417fa000-7f7c417fb000 r--p 00000000 08:01 6297975                    /home/syd/.javacpp/cache/llvm-13.0.1-1.5.7-linux-x86_64.jar/org/bytedeco/llvm/linux-x86_64/libRemarks.so.13
7f7c417fb000-7f7c417fc000 r-xp 00001000 08:01 6297975                    /home/syd/.javacpp/cache/llvm-13.0.1-1.5.7-linux-x86_64.jar/org/bytedeco/llvm/linux-x86_64/libRemarks.so.13
7f7c417fc000-7f7c417fd000 r--p 00002000 08:01 6297975                    /home/syd/.javacpp/cache/llvm-13.0.1-1.5.7-linux-x86_64.jar/org/bytedeco/llvm/linux-x86_64/libRemarks.so.13
7f7c417fd000-7f7c417fe000 r--p 00002000 08:01 6297975                    /home/syd/.javacpp/cache/llvm-13.0.1-1.5.7-linux-x86_64.jar/org/bytedeco/llvm/linux-x86_64/libRemarks.so.13
7f7c417fe000-7f7c417ff000 rw-p 00003000 08:01 6297975                    /home/syd/.javacpp/cache/llvm-13.0.1-1.5.7-linux-x86_64.jar/org/bytedeco/llvm/linux-x86_64/libRemarks.so.13
7f7c417ff000-7f7c41807000 rw-s 00000000 08:01 6424125                    /tmp/hsperfdata_syd/14259
7f7c41807000-7f7c41808000 ---p 00000000 00:00 0 
7f7c41808000-7f7c41809000 r--p 00000000 00:00 0 
7f7c41809000-7f7c4180b000 rw-p 00000000 00:00 0 
7f7c4180b000-7f7c4180c000 r--p 00029000 08:01 1703942                    /lib/x86_64-linux-gnu/ld-2.27.so
7f7c4180c000-7f7c4180d000 rw-p 0002a000 08:01 1703942                    /lib/x86_64-linux-gnu/ld-2.27.so
7f7c4180d000-7f7c4180e000 rw-p 00000000 00:00 0 
7ffcf00b3000-7ffcf00d5000 rw-p 00000000 00:00 0                          [stack]
7ffcf01ab000-7ffcf01ae000 r--p 00000000 00:00 0                          [vvar]
7ffcf01ae000-7ffcf01b0000 r-xp 00000000 00:00 0                          [vdso]
ffffffffff600000-ffffffffff601000 --xp 00000000 00:00 0                  [vsyscall]


VM Arguments:
java_command: Main /mnt/hgfs/CompilationPrincipleLAB/Lab/src/code.txt /mnt/hgfs/CompilationPrincipleLAB/Lab/src/IRtarget.txt
java_class_path (initial): ./classes:/usr/local/lib/antlr-4.9.1-complete.jar:/usr/local/lib/llvm-13.0.1-1.5.7-linux-x86_64.jar:/usr/local/lib/llvm-platform-13.0.1-1.5.7.jar:/usr/local/lib/llvm-13.0.1-1.5.7.jar:/usr/local/lib/javacpp-1.5.7-linux-x86_64.jar:/usr/local/lib/javacpp-1.5.7.jar
Launcher Type: SUN_STANDARD

[Global flags]
     intx CICompilerCount                          = 2                                         {product} {ergonomic}
     uint ConcGCThreads                            = 1                                         {product} {ergonomic}
     uint G1ConcRefinementThreads                  = 2                                         {product} {ergonomic}
   size_t G1HeapRegionSize                         = 1048576                                   {product} {ergonomic}
    uintx GCDrainStackTargetSize                   = 64                                        {product} {ergonomic}
   size_t InitialHeapSize                          = 65011712                                  {product} {ergonomic}
   size_t MarkStackSize                            = 4194304                                   {product} {ergonomic}
   size_t MaxHeapSize                              = 1023410176                                {product} {ergonomic}
   size_t MaxNewSize                               = 613416960                                 {product} {ergonomic}
   size_t MinHeapDeltaBytes                        = 1048576                                   {product} {ergonomic}
    uintx NonNMethodCodeHeapSize                   = 5825164                                {pd product} {ergonomic}
    uintx NonProfiledCodeHeapSize                  = 122916538                              {pd product} {ergonomic}
    uintx ProfiledCodeHeapSize                     = 122916538                              {pd product} {ergonomic}
    uintx ReservedCodeCacheSize                    = 251658240                              {pd product} {ergonomic}
     bool SegmentedCodeCache                       = true                                      {product} {ergonomic}
     bool UseCompressedClassPointers               = true                                 {lp64_product} {ergonomic}
     bool UseCompressedOops                        = true                                 {lp64_product} {ergonomic}
     bool UseG1GC                                  = true                                      {product} {ergonomic}

Logging:
Log output configuration:
 #0: stdout all=warning uptime,level,tags
 #1: stderr all=off uptime,level,tags

Environment Variables:
CLASSPATH=/usr/local/lib/antlr-4.9.1-complete.jar:/usr/local/lib/llvm-13.0.1-1.5.7-linux-x86_64.jar:/usr/local/lib/llvm-platform-13.0.1-1.5.7.jar:/usr/local/lib/llvm-13.0.1-1.5.7.jar:/usr/local/lib/javacpp-1.5.7-linux-x86_64.jar:/usr/local/lib/javacpp-1.5.7.jar
PATH=/usr/local/sbin:/usr/local/bin:/usr/sbin:/usr/bin:/sbin:/bin:/usr/games:/usr/local/games:/snap/bin
USERNAME=syd
SHELL=/bin/bash
DISPLAY=:0
LANG=zh_CN.UTF-8
LC_NUMERIC=zh_CN.UTF-8
LC_TIME=zh_CN.UTF-8
TERM=xterm-256color

Signal Handlers:
SIGSEGV: [libjvm.so+0xe356a0], sa_mask[0]=11111111011111111101111111111110, sa_flags=SA_RESTART|SA_SIGINFO
SIGBUS: [libjvm.so+0xe356a0], sa_mask[0]=11111111011111111101111111111110, sa_flags=SA_RESTART|SA_SIGINFO
SIGFPE: [libjvm.so+0xe356a0], sa_mask[0]=11111111011111111101111111111110, sa_flags=SA_RESTART|SA_SIGINFO
SIGPIPE: [libjvm.so+0xb89cc0], sa_mask[0]=11111111011111111101111111111110, sa_flags=SA_RESTART|SA_SIGINFO
SIGXFSZ: [libjvm.so+0xb89cc0], sa_mask[0]=11111111011111111101111111111110, sa_flags=SA_RESTART|SA_SIGINFO
SIGILL: [libjvm.so+0xe356a0], sa_mask[0]=11111111011111111101111111111110, sa_flags=SA_RESTART|SA_SIGINFO
SIGUSR2: [libjvm.so+0xb89b50], sa_mask[0]=00000000000000000000000000000000, sa_flags=SA_RESTART|SA_SIGINFO
SIGHUP: [libjvm.so+0xb8a220], sa_mask[0]=11111111011111111101111111111110, sa_flags=SA_RESTART|SA_SIGINFO
SIGINT: [libjvm.so+0xb8a220], sa_mask[0]=11111111011111111101111111111110, sa_flags=SA_RESTART|SA_SIGINFO
SIGTERM: [libjvm.so+0xb8a220], sa_mask[0]=11111111011111111101111111111110, sa_flags=SA_RESTART|SA_SIGINFO
SIGQUIT: [libjvm.so+0xb8a220], sa_mask[0]=11111111011111111101111111111110, sa_flags=SA_RESTART|SA_SIGINFO


---------------  S Y S T E M  ---------------

OS:DISTRIB_ID=Ubuntu
DISTRIB_RELEASE=18.04
DISTRIB_CODENAME=bionic
DISTRIB_DESCRIPTION="Ubuntu 18.04.6 LTS"
uname:Linux 5.4.0-150-generic #167~18.04.1-Ubuntu SMP Wed May 24 00:51:42 UTC 2023 x86_64
OS uptime: 0 days 2:50 hours
libc:glibc 2.27 NPTL 2.27 
rlimit (soft/hard): STACK 8192k/infinity , CORE 0k/infinity , NPROC 15400/15400 , NOFILE 1048576/1048576 , AS infinity/infinity , CPU infinity/infinity , DATA infinity/infinity , FSIZE infinity/infinity , MEMLOCK 65536k/65536k
load average:1.58 0.91 0.56

/proc/meminfo:
MemTotal:        3994712 kB
MemFree:          194008 kB
MemAvailable:     290776 kB
Buffers:           19228 kB
Cached:           250504 kB
SwapCached:        15720 kB
Active:          2359624 kB
Inactive:         684860 kB
Active(anon):    2223644 kB
Inactive(anon):   568904 kB
Active(file):     135980 kB
Inactive(file):   115956 kB
Unevictable:          16 kB
Mlocked:              16 kB
SwapTotal:       2097148 kB
SwapFree:        1759996 kB
Dirty:                40 kB
Writeback:             0 kB
AnonPages:       2765836 kB
Mapped:           161912 kB
Shmem:             17760 kB
KReclaimable:      99380 kB
Slab:             185588 kB
SReclaimable:      99380 kB
SUnreclaim:        86208 kB
KernelStack:       13728 kB
PageTables:        50216 kB
NFS_Unstable:          0 kB
Bounce:                0 kB
WritebackTmp:          0 kB
CommitLimit:     4094504 kB
Committed_AS:    6706404 kB
VmallocTotal:   34359738367 kB
VmallocUsed:       29884 kB
VmallocChunk:          0 kB
Percpu:            50176 kB
HardwareCorrupted:     0 kB
AnonHugePages:         0 kB
ShmemHugePages:        0 kB
ShmemPmdMapped:        0 kB
FileHugePages:         0 kB
FilePmdMapped:         0 kB
CmaTotal:              0 kB
CmaFree:               0 kB
HugePages_Total:       0
HugePages_Free:        0
HugePages_Rsvd:        0
HugePages_Surp:        0
Hugepagesize:       2048 kB
Hugetlb:               0 kB
DirectMap4k:      255808 kB
DirectMap2M:     3938304 kB
DirectMap1G:     2097152 kB

/sys/kernel/mm/transparent_hugepage/enabled:
always [madvise] never
/sys/kernel/mm/transparent_hugepage/defrag (defrag/compaction efforts parameter):
always defer defer+madvise [madvise] never

Process Memory:
Virtual Size: 3713228K (peak: 12418976K)
Resident Set Size: 90496K (peak: 90496K) (anon: 37004K, file: 53492K, shmem: 0K)
Swapped out: 0K
C-Heap outstanding allocations: 15658K, retained: 2385K
glibc malloc tunables: (default)

/proc/sys/kernel/threads-max (system-wide limit on the number of threads):
30800
/proc/sys/vm/max_map_count (maximum number of memory map areas a process may have):
65530
/proc/sys/kernel/pid_max (system-wide limit on number of process identifiers):
131072

container (cgroup) information:
container_type: cgroupv1
cpu_cpuset_cpus: 0-1
cpu_memory_nodes: 0
active_processor_count: 2
cpu_quota: no quota
cpu_period: 100000
cpu_shares: no shares
memory_limit_in_bytes: unlimited
memory_and_swap_limit_in_bytes: not supported
memory_soft_limit_in_bytes: unlimited
memory_usage_in_bytes: 3041880 k
memory_max_usage_in_bytes: 48560 k
kernel_memory_usage_in_bytes: unlimited
kernel_memory_max_usage_in_bytes: unlimited
kernel_memory_limit_in_bytes: unlimited
maximum number of tasks: unlimited
current number of tasks: 226

VMWare virtualization detected
Steal ticks since vm start: 0
Steal ticks percentage since vm start:  0.000

CPU:total 2 (initial active 2) (1 cores per cpu, 1 threads per core) family 6 model 154 stepping 3 microcode 0xffffffff, cmov, cx8, fxsr, mmx, sse, sse2, sse3, ssse3, sse4.1, sse4.2, popcnt, avx, avx2, aes, clmul, erms, 3dnowpref, lzcnt, tsc, tscinvbit, bmi1, bmi2, adx, sha, fma
CPU Model and flags from /proc/cpuinfo:
model name	: 12th Gen Intel(R) Core(TM) i5-12500H
flags		: fpu vme de pse tsc msr pae mce cx8 apic sep mtrr pge mca cmov pat pse36 clflush mmx fxsr sse sse2 ss syscall nx pdpe1gb rdtscp lm constant_tsc arch_perfmon rep_good nopl xtopology tsc_reliable nonstop_tsc cpuid pni pclmulqdq ssse3 fma cx16 pcid sse4_1 sse4_2 x2apic movbe popcnt aes xsave avx f16c rdrand hypervisor lahf_lm abm 3dnowprefetch invpcid_single pti ssbd ibrs ibpb stibp fsgsbase tsc_adjust bmi1 avx2 smep bmi2 erms invpcid rdseed adx smap clflushopt clwb sha_ni xsaveopt xsavec xgetbv1 xsaves arat umip gfni vaes vpclmulqdq rdpid movdiri movdir64b md_clear flush_l1d arch_capabilities
Online cpus:
0-1
Offline cpus:
2-127
BIOS frequency limitation:
<Not Available>
Frequency switch latency (ns):
<Not Available>
Available cpu frequencies:
<Not Available>
Current governor:
<Not Available>
Core performance/turbo boost:
<Not Available>

Memory: 4k page, physical 3994712k(194008k free), swap 2097148k(1759996k free)

vm_info: OpenJDK 64-Bit Server VM (11.0.19+7-post-Ubuntu-0ubuntu118.04.1) for linux-amd64 JRE (11.0.19+7-post-Ubuntu-0ubuntu118.04.1), built on May 10 2023 00:54:54 by "unknown" with gcc 8.4.0

END.
