#
# A fatal error has been detected by the Java Runtime Environment:
#
#  SIGSEGV (0xb) at pc=0x00007f2df2158882, pid=19060, tid=19061
#
# JRE version: OpenJDK Runtime Environment (11.0.19+7) (build 11.0.19+7-post-Ubuntu-0ubuntu118.04.1)
# Java VM: OpenJDK 64-Bit Server VM (11.0.19+7-post-Ubuntu-0ubuntu118.04.1, mixed mode, sharing, tiered, compressed oops, g1 gc, linux-amd64)
# Problematic frame:
# C  [libLLVM-13.so+0xc2c882]  LLVMBuildLoad+0x12
#
# Core dump will be written. Default location: Core dumps may be processed with "/usr/share/apport/apport -p%p -s%s -c%c -d%d -P%P -u%u -g%g -- %E" (or dumping to /mnt/hgfs/CompilationPrincipleLAB/Lab/core.19060)
#
# If you would like to submit a bug report, please visit:
#   https://bugs.launchpad.net/ubuntu/+source/openjdk-lts
# The crash happened outside the Java Virtual Machine in native code.
# See problematic frame for where to report the bug.
#

---------------  S U M M A R Y ------------

Command Line: Main /mnt/hgfs/CompilationPrincipleLAB/Lab/src/code.txt /mnt/hgfs/CompilationPrincipleLAB/Lab/src/code.txt

Host: 12th Gen Intel(R) Core(TM) i5-12500H, 2 cores, 3G, Ubuntu 18.04.6 LTS
Time: Sun May 19 07:22:13 2024 PDT elapsed time: 0.559482 seconds (0d 0h 0m 0s)

---------------  T H R E A D  ---------------

Current thread (0x00007f2e50017000):  JavaThread "main" [_thread_in_native, id=19061, stack(0x00007f2e59361000,0x00007f2e59462000)]

Stack: [0x00007f2e59361000,0x00007f2e59462000],  sp=0x00007f2e5945fb10,  free space=1018k
Native frames: (J=compiled Java code, A=aot compiled Java code, j=interpreted, Vv=VM code, C=native code)
C  [libLLVM-13.so+0xc2c882]  LLVMBuildLoad+0x12

Java frames: (J=compiled Java code, j=interpreted, Vv=VM code)
j  org.bytedeco.llvm.global.LLVM.LLVMBuildLoad(Lorg/bytedeco/llvm/LLVM/LLVMBuilderRef;Lorg/bytedeco/llvm/LLVM/LLVMValueRef;Ljava/lang/String;)Lorg/bytedeco/llvm/LLVM/LLVMValueRef;+0
j  MyLLVMIRVisitor.visitExp(LSysYParser$ExpContext;)Lorg/bytedeco/llvm/LLVM/LLVMValueRef;+130
j  MyLLVMIRVisitor.visitExp(LSysYParser$ExpContext;)Ljava/lang/Object;+2
j  SysYParser$ExpContext.accept(Lorg/antlr/v4/runtime/tree/ParseTreeVisitor;)Ljava/lang/Object;+12
j  org.antlr.v4.runtime.tree.AbstractParseTreeVisitor.visitChildren(Lorg/antlr/v4/runtime/tree/RuleNode;)Ljava/lang/Object;+46
j  SysYParserBaseVisitor.visitExp(LSysYParser$ExpContext;)Ljava/lang/Object;+2
j  MyLLVMIRVisitor.visitExp(LSysYParser$ExpContext;)Lorg/bytedeco/llvm/LLVM/LLVMValueRef;+145
j  MyLLVMIRVisitor.visitStmt(LSysYParser$StmtContext;)Lorg/bytedeco/llvm/LLVM/LLVMValueRef;+19
j  MyLLVMIRVisitor.visitStmt(LSysYParser$StmtContext;)Ljava/lang/Object;+2
j  SysYParser$StmtContext.accept(Lorg/antlr/v4/runtime/tree/ParseTreeVisitor;)Ljava/lang/Object;+12
j  org.antlr.v4.runtime.tree.AbstractParseTreeVisitor.visitChildren(Lorg/antlr/v4/runtime/tree/RuleNode;)Ljava/lang/Object;+46
j  SysYParserBaseVisitor.visitBlockItem(LSysYParser$BlockItemContext;)Ljava/lang/Object;+2
j  SysYParser$BlockItemContext.accept(Lorg/antlr/v4/runtime/tree/ParseTreeVisitor;)Ljava/lang/Object;+12
j  org.antlr.v4.runtime.tree.AbstractParseTreeVisitor.visitChildren(Lorg/antlr/v4/runtime/tree/RuleNode;)Ljava/lang/Object;+46
j  SysYParserBaseVisitor.visitBlock(LSysYParser$BlockContext;)Ljava/lang/Object;+2
j  SysYParser$BlockContext.accept(Lorg/antlr/v4/runtime/tree/ParseTreeVisitor;)Ljava/lang/Object;+12
j  org.antlr.v4.runtime.tree.AbstractParseTreeVisitor.visitChildren(Lorg/antlr/v4/runtime/tree/RuleNode;)Ljava/lang/Object;+46
j  SysYParserBaseVisitor.visitFuncDef(LSysYParser$FuncDefContext;)Ljava/lang/Object;+2
j  MyLLVMIRVisitor.visitFuncDef(LSysYParser$FuncDefContext;)Lorg/bytedeco/llvm/LLVM/LLVMValueRef;+91
j  MyLLVMIRVisitor.visitFuncDef(LSysYParser$FuncDefContext;)Ljava/lang/Object;+2
j  SysYParser$FuncDefContext.accept(Lorg/antlr/v4/runtime/tree/ParseTreeVisitor;)Ljava/lang/Object;+12
j  org.antlr.v4.runtime.tree.AbstractParseTreeVisitor.visitChildren(Lorg/antlr/v4/runtime/tree/RuleNode;)Ljava/lang/Object;+46
j  SysYParserBaseVisitor.visitCompUnit(LSysYParser$CompUnitContext;)Ljava/lang/Object;+2
j  SysYParser$CompUnitContext.accept(Lorg/antlr/v4/runtime/tree/ParseTreeVisitor;)Ljava/lang/Object;+12
j  org.antlr.v4.runtime.tree.AbstractParseTreeVisitor.visitChildren(Lorg/antlr/v4/runtime/tree/RuleNode;)Ljava/lang/Object;+46
j  SysYParserBaseVisitor.visitProgram(LSysYParser$ProgramContext;)Ljava/lang/Object;+2
j  MyLLVMIRVisitor.visitProgram(LSysYParser$ProgramContext;)Lorg/bytedeco/llvm/LLVM/LLVMValueRef;+2
j  MyLLVMIRVisitor.visitProgram(LSysYParser$ProgramContext;)Ljava/lang/Object;+2
j  SysYParser$ProgramContext.accept(Lorg/antlr/v4/runtime/tree/ParseTreeVisitor;)Ljava/lang/Object;+12
j  org.antlr.v4.runtime.tree.AbstractParseTreeVisitor.visit(Lorg/antlr/v4/runtime/tree/ParseTree;)Ljava/lang/Object;+2
j  Main.main([Ljava/lang/String;)V+225
v  ~StubRoutines::call_stub

siginfo: si_signo: 11 (SIGSEGV), si_code: 1 (SEGV_MAPERR), si_addr: 0x0000000000000000

Register to memory mapping:

RAX=0x00007f2e503649b0 points into unknown readable memory: 0x0000007261765f67 | 67 5f 76 61 72 00 00 00
RBX=0x0 is NULL
RCX=0x000000007261765f is an unknown value
RDX=0x00007f2e503649b0 points into unknown readable memory: 0x0000007261765f67 | 67 5f 76 61 72 00 00 00
RSP=0x00007f2e5945fb10 is pointing into the stack for thread: 0x00007f2e50017000
RBP=0x00007f2e50336b10 points into unknown readable memory: 0x00007f2e50336b20 | 20 6b 33 50 2e 7f 00 00
RSI=0x0 is NULL
RDI=0x00007f2e50336b10 points into unknown readable memory: 0x00007f2e50336b20 | 20 6b 33 50 2e 7f 00 00
R8 =0x0000000000000010 is an unknown value
R9 =0x0000000000000002 is an unknown value
R10=0x00007f2e500fe060 points into unknown readable memory: 0x00007f2e23c00cd8 | d8 0c c0 23 2e 7f 00 00
R11=0x0000000000000fa0 is an unknown value
R12=0x0 is NULL
R13=0x0 is NULL
R14=0x00007f2e503649b0 points into unknown readable memory: 0x0000007261765f67 | 67 5f 76 61 72 00 00 00
R15=0x00007f2e50017000 is a thread


Registers:
RAX=0x00007f2e503649b0, RBX=0x0000000000000000, RCX=0x000000007261765f, RDX=0x00007f2e503649b0
RSP=0x00007f2e5945fb10, RBP=0x00007f2e50336b10, RSI=0x0000000000000000, RDI=0x00007f2e50336b10
R8 =0x0000000000000010, R9 =0x0000000000000002, R10=0x00007f2e500fe060, R11=0x0000000000000fa0
R12=0x0000000000000000, R13=0x0000000000000000, R14=0x00007f2e503649b0, R15=0x00007f2e50017000
RIP=0x00007f2df2158882, EFLAGS=0x0000000000010202, CSGSFS=0x002b000000000033, ERR=0x0000000000000004
  TRAPNO=0x000000000000000e

Top of Stack: (sp=0x00007f2e5945fb10)
0x00007f2e5945fb10:   00007f2e50017000 0000000000000000
0x00007f2e5945fb20:   00007f2e5945fc50 0000000000000005
0x00007f2e5945fb30:   00007f2e5945fb60 0000000000000005
0x00007f2e5945fb40:   00007f2e503649b0 00007f2e500b68d0 

Instructions: (pc=0x00007f2df2158882)
0x00007f2df2158782:   89 c4 4c 8d 4c 24 40 e8 92 57 09 00 48 8b 7d 50
0x00007f2df2158792:   48 8b 4d 30 4c 89 e6 48 8d 54 24 10 4c 8b 45 38
0x00007f2df21587a2:   48 8b 07 ff 50 10 48 8b 5d 00 8b 6d 08 5a 59 48
0x00007f2df21587b2:   c1 e5 04 48 01 dd 48 39 eb 74 1a 0f 1f 00 48 8b
0x00007f2df21587c2:   53 08 8b 33 4c 89 e7 48 83 c3 10 e8 6e 16 0e 00
0x00007f2df21587d2:   48 39 dd 75 e9 48 83 c4 68 4c 89 e0 5b 5d 41 5c
0x00007f2df21587e2:   41 5d 41 5e 41 5f c3 0f 1f 80 00 00 00 00 41 54
0x00007f2df21587f2:   b8 01 01 00 00 55 48 89 fd 48 89 f7 53 48 83 ec
0x00007f2df2158802:   30 48 8b 75 30 66 89 44 24 20 e8 ef 24 09 00 48
0x00007f2df2158812:   8b 7d 50 48 8b 4d 30 48 89 e2 49 89 c4 4c 8b 45
0x00007f2df2158822:   38 48 8b 07 4c 89 e6 ff 50 10 48 8b 5d 00 8b 6d
0x00007f2df2158832:   08 48 c1 e5 04 48 01 dd 48 39 eb 74 18 90 48 8b
0x00007f2df2158842:   53 08 8b 33 4c 89 e7 48 83 c3 10 e8 ee 15 0e 00
0x00007f2df2158852:   48 39 dd 75 e9 48 83 c4 30 4c 89 e0 5b 5d 41 5c
0x00007f2df2158862:   c3 66 2e 0f 1f 84 00 00 00 00 00 0f 1f 00 41 56
0x00007f2df2158872:   41 55 49 89 f5 41 54 55 48 89 fd 53 48 83 ec 60
0x00007f2df2158882:   48 8b 06 80 3a 00 be 01 01 00 00 4c 8b 70 18 66
0x00007f2df2158892:   89 74 24 20 74 09 48 89 14 24 c6 44 24 20 03 48
0x00007f2df21588a2:   8b 7d 30 e8 d6 15 fc ff 48 89 c7 e8 4e 47 0e 00
0x00007f2df21588b2:   4c 89 f6 48 89 c7 e8 b3 46 01 00 be 01 00 00 00
0x00007f2df21588c2:   bf 40 00 00 00 89 c3 b8 01 01 00 00 66 89 44 24
0x00007f2df21588d2:   50 e8 a8 0a 13 00 48 8d 4c 24 30 41 89 d9 45 31
0x00007f2df21588e2:   c0 48 83 ec 08 48 89 c7 4c 89 ea 4c 89 f6 6a 00
0x00007f2df21588f2:   49 89 c4 e8 26 5d 09 00 48 8b 7d 50 48 8b 4d 30
0x00007f2df2158902:   4c 89 e6 48 8d 54 24 10 4c 8b 45 38 48 8b 07 ff
0x00007f2df2158912:   50 10 48 8b 5d 00 8b 6d 08 5a 59 48 c1 e5 04 48
0x00007f2df2158922:   01 dd 48 39 eb 74 1e 0f 1f 80 00 00 00 00 48 8b
0x00007f2df2158932:   53 08 8b 33 4c 89 e7 48 83 c3 10 e8 fe 14 0e 00
0x00007f2df2158942:   48 39 dd 75 e9 48 83 c4 60 4c 89 e0 5b 5d 41 5c
0x00007f2df2158952:   41 5d 41 5e c3 66 0f 1f 84 00 00 00 00 00 41 56
0x00007f2df2158962:   49 89 d6 41 55 49 89 f5 be 01 01 00 00 41 54 55
0x00007f2df2158972:   48 89 fd 53 48 83 ec 60 80 39 00 66 89 74 24 20 


Stack slot to memory mapping:
stack at sp + 0 slots: 0x00007f2e50017000 is a thread
stack at sp + 1 slots: 0x0 is NULL
stack at sp + 2 slots: 0x00007f2e5945fc50 is pointing into the stack for thread: 0x00007f2e50017000
stack at sp + 3 slots: 0x0000000000000005 is an unknown value
stack at sp + 4 slots: 0x00007f2e5945fb60 is pointing into the stack for thread: 0x00007f2e50017000
stack at sp + 5 slots: 0x0000000000000005 is an unknown value
stack at sp + 6 slots: 0x00007f2e503649b0 points into unknown readable memory: 0x0000007261765f67 | 67 5f 76 61 72 00 00 00
stack at sp + 7 slots: 0x00007f2e500b68d0 points into unknown readable memory: 0x00000000c69b1418 | 18 14 9b c6 00 00 00 00


---------------  P R O C E S S  ---------------

Threads class SMR info:
_java_thread_list=0x00007f2e502d11b0, length=10, elements={
0x00007f2e50017000, 0x00007f2e500b8000, 0x00007f2e500ba000, 0x00007f2e500bf800,
0x00007f2e500c1800, 0x00007f2e500c4000, 0x00007f2e500c6000, 0x00007f2e500c8000,
0x00007f2e500fb800, 0x00007f2e502bf000
}

Java Threads: ( => current thread )
=>0x00007f2e50017000 JavaThread "main" [_thread_in_native, id=19061, stack(0x00007f2e59361000,0x00007f2e59462000)]
  0x00007f2e500b8000 JavaThread "Reference Handler" daemon [_thread_blocked, id=19068, stack(0x00007f2e54267000,0x00007f2e54368000)]
  0x00007f2e500ba000 JavaThread "Finalizer" daemon [_thread_blocked, id=19069, stack(0x00007f2e54166000,0x00007f2e54267000)]
  0x00007f2e500bf800 JavaThread "Signal Dispatcher" daemon [_thread_blocked, id=19071, stack(0x00007f2e54065000,0x00007f2e54166000)]
  0x00007f2e500c1800 JavaThread "Service Thread" daemon [_thread_blocked, id=19072, stack(0x00007f2e38260000,0x00007f2e38361000)]
  0x00007f2e500c4000 JavaThread "C2 CompilerThread0" daemon [_thread_blocked, id=19073, stack(0x00007f2e3815f000,0x00007f2e38260000)]
  0x00007f2e500c6000 JavaThread "C1 CompilerThread0" daemon [_thread_blocked, id=19074, stack(0x00007f2e3805e000,0x00007f2e3815f000)]
  0x00007f2e500c8000 JavaThread "Sweeper thread" daemon [_thread_blocked, id=19075, stack(0x00007f2e3007f000,0x00007f2e30180000)]
  0x00007f2e500fb800 JavaThread "Common-Cleaner" daemon [_thread_blocked, id=19077, stack(0x00007f2e235fd000,0x00007f2e236fe000)]
  0x00007f2e502bf000 JavaThread "JavaCPP Deallocator" daemon [_thread_blocked, id=19079, stack(0x00007f2e22fd3000,0x00007f2e230d4000)]

Other Threads:
  0x00007f2e500b5000 VMThread "VM Thread" [stack: 0x00007f2e5436a000,0x00007f2e5446a000] [id=19067]
  0x00007f2e500f9000 WatcherThread [stack: 0x00007f2e23700000,0x00007f2e23800000] [id=19076]
  0x00007f2e5002f000 GCTaskThread "GC Thread#0" [stack: 0x00007f2e5530c000,0x00007f2e5540c000] [id=19062]
  0x00007f2e18001000 GCTaskThread "GC Thread#1" [stack: 0x00007f2e230d6000,0x00007f2e231d6000] [id=19078]
  0x00007f2e5004a000 ConcurrentGCThread "G1 Main Marker" [stack: 0x00007f2e54a50000,0x00007f2e54b50000] [id=19063]
  0x00007f2e5004c000 ConcurrentGCThread "G1 Conc#0" [stack: 0x00007f2e5494e000,0x00007f2e54a4e000] [id=19064]
  0x00007f2e50087000 ConcurrentGCThread "G1 Refine#0" [stack: 0x00007f2e5464a000,0x00007f2e5474a000] [id=19065]
  0x00007f2e50089000 ConcurrentGCThread "G1 Young RemSet Sampling" [stack: 0x00007f2e54548000,0x00007f2e54648000] [id=19066]

Threads with active compile tasks:

VM state:not at safepoint (normal execution)

VM Mutex/Monitor currently owned by a thread: None

Heap address: 0x00000000c3000000, size: 976 MB, Compressed Oops mode: 32-bit
Narrow klass base: 0x0000000800000000, Narrow klass shift: 3
Compressed class space size: 1073741824 Address: 0x0000000840000000

Heap:
 garbage-first heap   total 65536K, used 6306K [0x00000000c3000000, 0x0000000100000000)
  region size 1024K, 6 young (6144K), 1 survivors (1024K)
 Metaspace       used 3832K, capacity 6658K, committed 6912K, reserved 1056768K
  class space    used 431K, capacity 733K, committed 768K, reserved 1048576K
Heap Regions: E=young(eden), S=young(survivor), O=old, HS=humongous(starts), HC=humongous(continues), CS=collection set, F=free, A=archive, TAMS=top-at-mark-start (previous, next)
|   0|0x00000000c3000000, 0x00000000c3076a00, 0x00000000c3100000| 46%| O|  |TAMS 0x00000000c3000000, 0x00000000c3000000| Untracked 
|   1|0x00000000c3100000, 0x00000000c3100000, 0x00000000c3200000|  0%| F|  |TAMS 0x00000000c3100000, 0x00000000c3100000| Untracked 
|   2|0x00000000c3200000, 0x00000000c3200000, 0x00000000c3300000|  0%| F|  |TAMS 0x00000000c3200000, 0x00000000c3200000| Untracked 
|   3|0x00000000c3300000, 0x00000000c3300000, 0x00000000c3400000|  0%| F|  |TAMS 0x00000000c3300000, 0x00000000c3300000| Untracked 
|   4|0x00000000c3400000, 0x00000000c3400000, 0x00000000c3500000|  0%| F|  |TAMS 0x00000000c3400000, 0x00000000c3400000| Untracked 
|   5|0x00000000c3500000, 0x00000000c3500000, 0x00000000c3600000|  0%| F|  |TAMS 0x00000000c3500000, 0x00000000c3500000| Untracked 
|   6|0x00000000c3600000, 0x00000000c3600000, 0x00000000c3700000|  0%| F|  |TAMS 0x00000000c3600000, 0x00000000c3600000| Untracked 
|   7|0x00000000c3700000, 0x00000000c3700000, 0x00000000c3800000|  0%| F|  |TAMS 0x00000000c3700000, 0x00000000c3700000| Untracked 
|   8|0x00000000c3800000, 0x00000000c3800000, 0x00000000c3900000|  0%| F|  |TAMS 0x00000000c3800000, 0x00000000c3800000| Untracked 
|   9|0x00000000c3900000, 0x00000000c3900000, 0x00000000c3a00000|  0%| F|  |TAMS 0x00000000c3900000, 0x00000000c3900000| Untracked 
|  10|0x00000000c3a00000, 0x00000000c3a00000, 0x00000000c3b00000|  0%| F|  |TAMS 0x00000000c3a00000, 0x00000000c3a00000| Untracked 
|  11|0x00000000c3b00000, 0x00000000c3b00000, 0x00000000c3c00000|  0%| F|  |TAMS 0x00000000c3b00000, 0x00000000c3b00000| Untracked 
|  12|0x00000000c3c00000, 0x00000000c3c00000, 0x00000000c3d00000|  0%| F|  |TAMS 0x00000000c3c00000, 0x00000000c3c00000| Untracked 
|  13|0x00000000c3d00000, 0x00000000c3d00000, 0x00000000c3e00000|  0%| F|  |TAMS 0x00000000c3d00000, 0x00000000c3d00000| Untracked 
|  14|0x00000000c3e00000, 0x00000000c3e00000, 0x00000000c3f00000|  0%| F|  |TAMS 0x00000000c3e00000, 0x00000000c3e00000| Untracked 
|  15|0x00000000c3f00000, 0x00000000c3f00000, 0x00000000c4000000|  0%| F|  |TAMS 0x00000000c3f00000, 0x00000000c3f00000| Untracked 
|  16|0x00000000c4000000, 0x00000000c4000000, 0x00000000c4100000|  0%| F|  |TAMS 0x00000000c4000000, 0x00000000c4000000| Untracked 
|  17|0x00000000c4100000, 0x00000000c4100000, 0x00000000c4200000|  0%| F|  |TAMS 0x00000000c4100000, 0x00000000c4100000| Untracked 
|  18|0x00000000c4200000, 0x00000000c4200000, 0x00000000c4300000|  0%| F|  |TAMS 0x00000000c4200000, 0x00000000c4200000| Untracked 
|  19|0x00000000c4300000, 0x00000000c4300000, 0x00000000c4400000|  0%| F|  |TAMS 0x00000000c4300000, 0x00000000c4300000| Untracked 
|  20|0x00000000c4400000, 0x00000000c4400000, 0x00000000c4500000|  0%| F|  |TAMS 0x00000000c4400000, 0x00000000c4400000| Untracked 
|  21|0x00000000c4500000, 0x00000000c4500000, 0x00000000c4600000|  0%| F|  |TAMS 0x00000000c4500000, 0x00000000c4500000| Untracked 
|  22|0x00000000c4600000, 0x00000000c4600000, 0x00000000c4700000|  0%| F|  |TAMS 0x00000000c4600000, 0x00000000c4600000| Untracked 
|  23|0x00000000c4700000, 0x00000000c4700000, 0x00000000c4800000|  0%| F|  |TAMS 0x00000000c4700000, 0x00000000c4700000| Untracked 
|  24|0x00000000c4800000, 0x00000000c4800000, 0x00000000c4900000|  0%| F|  |TAMS 0x00000000c4800000, 0x00000000c4800000| Untracked 
|  25|0x00000000c4900000, 0x00000000c4900000, 0x00000000c4a00000|  0%| F|  |TAMS 0x00000000c4900000, 0x00000000c4900000| Untracked 
|  26|0x00000000c4a00000, 0x00000000c4a00000, 0x00000000c4b00000|  0%| F|  |TAMS 0x00000000c4a00000, 0x00000000c4a00000| Untracked 
|  27|0x00000000c4b00000, 0x00000000c4b00000, 0x00000000c4c00000|  0%| F|  |TAMS 0x00000000c4b00000, 0x00000000c4b00000| Untracked 
|  28|0x00000000c4c00000, 0x00000000c4c00000, 0x00000000c4d00000|  0%| F|  |TAMS 0x00000000c4c00000, 0x00000000c4c00000| Untracked 
|  29|0x00000000c4d00000, 0x00000000c4d00000, 0x00000000c4e00000|  0%| F|  |TAMS 0x00000000c4d00000, 0x00000000c4d00000| Untracked 
|  30|0x00000000c4e00000, 0x00000000c4e00000, 0x00000000c4f00000|  0%| F|  |TAMS 0x00000000c4e00000, 0x00000000c4e00000| Untracked 
|  31|0x00000000c4f00000, 0x00000000c4f00000, 0x00000000c5000000|  0%| F|  |TAMS 0x00000000c4f00000, 0x00000000c4f00000| Untracked 
|  32|0x00000000c5000000, 0x00000000c5000000, 0x00000000c5100000|  0%| F|  |TAMS 0x00000000c5000000, 0x00000000c5000000| Untracked 
|  33|0x00000000c5100000, 0x00000000c5100000, 0x00000000c5200000|  0%| F|  |TAMS 0x00000000c5100000, 0x00000000c5100000| Untracked 
|  34|0x00000000c5200000, 0x00000000c5200000, 0x00000000c5300000|  0%| F|  |TAMS 0x00000000c5200000, 0x00000000c5200000| Untracked 
|  35|0x00000000c5300000, 0x00000000c5300000, 0x00000000c5400000|  0%| F|  |TAMS 0x00000000c5300000, 0x00000000c5300000| Untracked 
|  36|0x00000000c5400000, 0x00000000c5400000, 0x00000000c5500000|  0%| F|  |TAMS 0x00000000c5400000, 0x00000000c5400000| Untracked 
|  37|0x00000000c5500000, 0x00000000c5500000, 0x00000000c5600000|  0%| F|  |TAMS 0x00000000c5500000, 0x00000000c5500000| Untracked 
|  38|0x00000000c5600000, 0x00000000c5600000, 0x00000000c5700000|  0%| F|  |TAMS 0x00000000c5600000, 0x00000000c5600000| Untracked 
|  39|0x00000000c5700000, 0x00000000c5700000, 0x00000000c5800000|  0%| F|  |TAMS 0x00000000c5700000, 0x00000000c5700000| Untracked 
|  40|0x00000000c5800000, 0x00000000c5800000, 0x00000000c5900000|  0%| F|  |TAMS 0x00000000c5800000, 0x00000000c5800000| Untracked 
|  41|0x00000000c5900000, 0x00000000c5900000, 0x00000000c5a00000|  0%| F|  |TAMS 0x00000000c5900000, 0x00000000c5900000| Untracked 
|  42|0x00000000c5a00000, 0x00000000c5a00000, 0x00000000c5b00000|  0%| F|  |TAMS 0x00000000c5a00000, 0x00000000c5a00000| Untracked 
|  43|0x00000000c5b00000, 0x00000000c5b00000, 0x00000000c5c00000|  0%| F|  |TAMS 0x00000000c5b00000, 0x00000000c5b00000| Untracked 
|  44|0x00000000c5c00000, 0x00000000c5c00000, 0x00000000c5d00000|  0%| F|  |TAMS 0x00000000c5c00000, 0x00000000c5c00000| Untracked 
|  45|0x00000000c5d00000, 0x00000000c5d00000, 0x00000000c5e00000|  0%| F|  |TAMS 0x00000000c5d00000, 0x00000000c5d00000| Untracked 
|  46|0x00000000c5e00000, 0x00000000c5e00000, 0x00000000c5f00000|  0%| F|  |TAMS 0x00000000c5e00000, 0x00000000c5e00000| Untracked 
|  47|0x00000000c5f00000, 0x00000000c5f00000, 0x00000000c6000000|  0%| F|  |TAMS 0x00000000c5f00000, 0x00000000c5f00000| Untracked 
|  48|0x00000000c6000000, 0x00000000c6000000, 0x00000000c6100000|  0%| F|  |TAMS 0x00000000c6000000, 0x00000000c6000000| Untracked 
|  49|0x00000000c6100000, 0x00000000c6100000, 0x00000000c6200000|  0%| F|  |TAMS 0x00000000c6100000, 0x00000000c6100000| Untracked 
|  50|0x00000000c6200000, 0x00000000c6200000, 0x00000000c6300000|  0%| F|  |TAMS 0x00000000c6200000, 0x00000000c6200000| Untracked 
|  51|0x00000000c6300000, 0x00000000c6300000, 0x00000000c6400000|  0%| F|  |TAMS 0x00000000c6300000, 0x00000000c6300000| Untracked 
|  52|0x00000000c6400000, 0x00000000c6400000, 0x00000000c6500000|  0%| F|  |TAMS 0x00000000c6400000, 0x00000000c6400000| Untracked 
|  53|0x00000000c6500000, 0x00000000c6500000, 0x00000000c6600000|  0%| F|  |TAMS 0x00000000c6500000, 0x00000000c6500000| Untracked 
|  54|0x00000000c6600000, 0x00000000c6700000, 0x00000000c6700000|100%| S|CS|TAMS 0x00000000c6600000, 0x00000000c6600000| Complete 
|  55|0x00000000c6700000, 0x00000000c6700000, 0x00000000c6800000|  0%| F|  |TAMS 0x00000000c6700000, 0x00000000c6700000| Untracked 
|  56|0x00000000c6800000, 0x00000000c6800000, 0x00000000c6900000|  0%| F|  |TAMS 0x00000000c6800000, 0x00000000c6800000| Untracked 
|  57|0x00000000c6900000, 0x00000000c6a00000, 0x00000000c6a00000|100%| E|  |TAMS 0x00000000c6900000, 0x00000000c6900000| Complete 
|  58|0x00000000c6a00000, 0x00000000c6b00000, 0x00000000c6b00000|100%| E|CS|TAMS 0x00000000c6a00000, 0x00000000c6a00000| Complete 
|  59|0x00000000c6b00000, 0x00000000c6c00000, 0x00000000c6c00000|100%| E|CS|TAMS 0x00000000c6b00000, 0x00000000c6b00000| Complete 
|  60|0x00000000c6c00000, 0x00000000c6d00000, 0x00000000c6d00000|100%| E|CS|TAMS 0x00000000c6c00000, 0x00000000c6c00000| Complete 
|  61|0x00000000c6d00000, 0x00000000c6e00000, 0x00000000c6e00000|100%| E|CS|TAMS 0x00000000c6d00000, 0x00000000c6d00000| Complete 
| 974|0x00000000ffe00000, 0x00000000ffe47000, 0x00000000fff00000| 27%|OA|  |TAMS 0x00000000ffe00000, 0x00000000ffe00000| Untracked 
| 975|0x00000000fff00000, 0x00000000fff6b000, 0x0000000100000000| 41%|CA|  |TAMS 0x00000000fff00000, 0x00000000fff00000| Untracked 

Card table byte_map: [0x00007f2e54d38000,0x00007f2e54f20000] _byte_map_base: 0x00007f2e54720000

Marking Bits (Prev, Next): (CMBitMap*) 0x00007f2e500453e8, (CMBitMap*) 0x00007f2e50045420
 Prev Bits: [0x00007f2e330c0000, 0x00007f2e34000000)
 Next Bits: [0x00007f2e32180000, 0x00007f2e330c0000)

Polling page: 0x00007f2e59477000

Metaspace:

Usage:
  Non-class:      5.79 MB capacity,     3.32 MB ( 57%) used,     2.45 MB ( 42%) free+waste,    11.25 KB ( <1%) overhead. 
      Class:    733.00 KB capacity,   431.17 KB ( 59%) used,   295.70 KB ( 40%) free+waste,     6.12 KB ( <1%) overhead. 
       Both:      6.50 MB capacity,     3.74 MB ( 58%) used,     2.74 MB ( 42%) free+waste,    17.38 KB ( <1%) overhead. 

Virtual space:
  Non-class space:        8.00 MB reserved,       6.00 MB ( 75%) committed 
      Class space:        1.00 GB reserved,     768.00 KB ( <1%) committed 
             Both:        1.01 GB reserved,       6.75 MB ( <1%) committed 

Chunk freelists:
   Non-Class:  27.00 KB
       Class:  3.00 KB
        Both:  30.00 KB

MaxMetaspaceSize: unlimited
CompressedClassSpaceSize: 1.00 GB
Initial GC threshold: 20.80 MB
Current GC threshold: 20.80 MB
CDS: on

CodeHeap 'non-profiled nmethods': size=120036Kb used=251Kb max_used=251Kb free=119784Kb
 bounds [0x00007f2e402bc000, 0x00007f2e4052c000, 0x00007f2e477f5000]
CodeHeap 'profiled nmethods': size=120032Kb used=1506Kb max_used=1506Kb free=118526Kb
 bounds [0x00007f2e38d84000, 0x00007f2e38ff4000, 0x00007f2e402bc000]
CodeHeap 'non-nmethods': size=5692Kb used=1155Kb max_used=1169Kb free=4537Kb
 bounds [0x00007f2e387f5000, 0x00007f2e38a65000, 0x00007f2e38d84000]
 total_blobs=1252 nmethods=837 adapters=329
 compilation: enabled
              stopped_count=0, restarted_count=0
 full_count=0

Compilation events (20 events):
Event: 0.545 Thread 0x00007f2e500c6000 nmethod 821 0x00007f2e38ef4310 code [0x00007f2e38ef44e0, 0x00007f2e38ef46e0]
Event: 0.546 Thread 0x00007f2e500c6000  822       3       java.lang.invoke.MemberName::<init> (47 bytes)
Event: 0.546 Thread 0x00007f2e500c6000 nmethod 822 0x00007f2e38ef4810 code [0x00007f2e38ef4a00, 0x00007f2e38ef4d30]
Event: 0.546 Thread 0x00007f2e500c6000  823       3       java.lang.invoke.LambdaForm::normalize (322 bytes)
Event: 0.547 Thread 0x00007f2e500c6000 nmethod 823 0x00007f2e38ef4e90 code [0x00007f2e38ef5160, 0x00007f2e38ef64b0]
Event: 0.547 Thread 0x00007f2e500c6000  824       3       java.lang.invoke.LambdaForm::uncustomize (57 bytes)
Event: 0.547 Thread 0x00007f2e500c6000 nmethod 824 0x00007f2e38ef6b10 code [0x00007f2e38ef6ce0, 0x00007f2e38ef7000]
Event: 0.547 Thread 0x00007f2e500c6000  826       3       jdk.internal.org.objectweb.asm.ClassWriter::newNameTypeItem (71 bytes)
Event: 0.548 Thread 0x00007f2e500c6000 nmethod 826 0x00007f2e38ef7110 code [0x00007f2e38ef7340, 0x00007f2e38ef77b0]
Event: 0.548 Thread 0x00007f2e500c6000  825       3       jdk.internal.org.objectweb.asm.MethodWriter::visitTypeInsn (120 bytes)
Event: 0.548 Thread 0x00007f2e500c6000 nmethod 825 0x00007f2e38ef7a10 code [0x00007f2e38ef7c00, 0x00007f2e38ef7fc0]
Event: 0.548 Thread 0x00007f2e500c6000  828       3       jdk.internal.org.objectweb.asm.ByteVector::enlarge (51 bytes)
Event: 0.548 Thread 0x00007f2e500c6000 nmethod 828 0x00007f2e38ef8190 code [0x00007f2e38ef8360, 0x00007f2e38ef8680]
Event: 0.548 Thread 0x00007f2e500c6000  830       3       java.lang.invoke.LambdaFormBuffer::ownedCount (7 bytes)
Event: 0.548 Thread 0x00007f2e500c6000 nmethod 830 0x00007f2e38ef8790 code [0x00007f2e38ef8940, 0x00007f2e38ef8a50]
Event: 0.548 Thread 0x00007f2e500c6000  831       3       java.lang.invoke.MemberName::isMethod (7 bytes)
Event: 0.548 Thread 0x00007f2e500c6000 nmethod 831 0x00007f2e38ef8b10 code [0x00007f2e38ef8cc0, 0x00007f2e38ef8f10]
Event: 0.548 Thread 0x00007f2e500c6000  836       3       java.lang.invoke.LambdaForm::lastUseIndex (76 bytes)
Event: 0.549 Thread 0x00007f2e500c6000 nmethod 836 0x00007f2e38ef9010 code [0x00007f2e38ef91e0, 0x00007f2e38ef9500]
Event: 0.549 Thread 0x00007f2e500c6000  829       3       java.lang.invoke.LambdaForm::forceInterpretation (14 bytes)

GC Heap History (2 events):
Event: 0.327 GC heap before
{Heap before GC invocations=0 (full 0):
 garbage-first heap   total 65536K, used 6856K [0x00000000c3000000, 0x0000000100000000)
  region size 1024K, 7 young (7168K), 0 survivors (0K)
 Metaspace       used 2691K, capacity 6195K, committed 6272K, reserved 1056768K
  class space    used 271K, capacity 620K, committed 640K, reserved 1048576K
}
Event: 0.331 GC heap after
{Heap after GC invocations=1 (full 0):
 garbage-first heap   total 65536K, used 2210K [0x00000000c3000000, 0x0000000100000000)
  region size 1024K, 1 young (1024K), 1 survivors (1024K)
 Metaspace       used 2691K, capacity 6195K, committed 6272K, reserved 1056768K
  class space    used 271K, capacity 620K, committed 640K, reserved 1048576K
}

Deoptimization events (20 events):
Event: 0.356 Thread 0x00007f2e50017000 DEOPT PACKING pc=0x00007f2e38dc67a4 sp=0x00007f2e5945de00
Event: 0.356 Thread 0x00007f2e50017000 DEOPT UNPACKING pc=0x00007f2e3883f64a sp=0x00007f2e5945d290 mode 0
Event: 0.377 Thread 0x00007f2e50017000 Uncommon trap: trap_request=0xffffff4d fr.pc=0x00007f2e402e9214 relative=0x00000000000003d4
Event: 0.377 Thread 0x00007f2e50017000 Uncommon trap: reason=unstable_if action=reinterpret pc=0x00007f2e402e9214 method=java.lang.StringLatin1.indexOf([BI[BII)I @ 91 c2
Event: 0.377 Thread 0x00007f2e50017000 DEOPT PACKING pc=0x00007f2e402e9214 sp=0x00007f2e5945f2b0
Event: 0.377 Thread 0x00007f2e50017000 DEOPT UNPACKING pc=0x00007f2e3883eea5 sp=0x00007f2e5945f230 mode 2
Event: 0.390 Thread 0x00007f2e50017000 DEOPT PACKING pc=0x00007f2e38e64ec2 sp=0x00007f2e5945c750
Event: 0.390 Thread 0x00007f2e50017000 DEOPT UNPACKING pc=0x00007f2e3883f64a sp=0x00007f2e5945bbd8 mode 0
Event: 0.405 Thread 0x00007f2e50017000 DEOPT PACKING pc=0x00007f2e38e86388 sp=0x00007f2e5945fb20
Event: 0.405 Thread 0x00007f2e50017000 DEOPT UNPACKING pc=0x00007f2e3883f64a sp=0x00007f2e5945ef90 mode 0
Event: 0.405 Thread 0x00007f2e50017000 DEOPT PACKING pc=0x00007f2e38e84fdd sp=0x00007f2e5945fa30
Event: 0.405 Thread 0x00007f2e50017000 DEOPT UNPACKING pc=0x00007f2e3883f64a sp=0x00007f2e5945eed0 mode 0
Event: 0.419 Thread 0x00007f2e50017000 DEOPT PACKING pc=0x00007f2e38dc744f sp=0x00007f2e5945f680
Event: 0.420 Thread 0x00007f2e50017000 DEOPT UNPACKING pc=0x00007f2e3883f64a sp=0x00007f2e5945eb28 mode 0
Event: 0.443 Thread 0x00007f2e50017000 DEOPT PACKING pc=0x00007f2e38e86388 sp=0x00007f2e5945f370
Event: 0.443 Thread 0x00007f2e50017000 DEOPT UNPACKING pc=0x00007f2e3883f64a sp=0x00007f2e5945e7e0 mode 0
Event: 0.453 Thread 0x00007f2e50017000 DEOPT PACKING pc=0x00007f2e38e86388 sp=0x00007f2e5945f3a0
Event: 0.453 Thread 0x00007f2e50017000 DEOPT UNPACKING pc=0x00007f2e3883f64a sp=0x00007f2e5945e810 mode 0
Event: 0.461 Thread 0x00007f2e50017000 DEOPT PACKING pc=0x00007f2e38e86388 sp=0x00007f2e5945f350
Event: 0.461 Thread 0x00007f2e50017000 DEOPT UNPACKING pc=0x00007f2e3883f64a sp=0x00007f2e5945e7c0 mode 0

Classes redefined (0 events):
No events

Internal exceptions (20 events):
Event: 0.289 Thread 0x00007f2e50017000 Exception <a 'java/security/PrivilegedActionException'{0x00000000c686bc40}> (0x00000000c686bc40) thrown at [src/hotspot/share/prims/jvm.cpp, line 1306]
Event: 0.289 Thread 0x00007f2e50017000 Exception <a 'java/security/PrivilegedActionException'{0x00000000c686bf10}> (0x00000000c686bf10) thrown at [src/hotspot/share/prims/jvm.cpp, line 1306]
Event: 0.289 Thread 0x00007f2e50017000 Exception <a 'java/security/PrivilegedActionException'{0x00000000c686c880}> (0x00000000c686c880) thrown at [src/hotspot/share/prims/jvm.cpp, line 1306]
Event: 0.289 Thread 0x00007f2e50017000 Exception <a 'java/security/PrivilegedActionException'{0x00000000c686cb50}> (0x00000000c686cb50) thrown at [src/hotspot/share/prims/jvm.cpp, line 1306]
Event: 0.289 Thread 0x00007f2e50017000 Exception <a 'java/security/PrivilegedActionException'{0x00000000c68cb5b8}> (0x00000000c68cb5b8) thrown at [src/hotspot/share/prims/jvm.cpp, line 1306]
Event: 0.289 Thread 0x00007f2e50017000 Exception <a 'java/security/PrivilegedActionException'{0x00000000c68cb888}> (0x00000000c68cb888) thrown at [src/hotspot/share/prims/jvm.cpp, line 1306]
Event: 0.289 Thread 0x00007f2e50017000 Exception <a 'java/security/PrivilegedActionException'{0x00000000c68cc210}> (0x00000000c68cc210) thrown at [src/hotspot/share/prims/jvm.cpp, line 1306]
Event: 0.289 Thread 0x00007f2e50017000 Exception <a 'java/security/PrivilegedActionException'{0x00000000c68cc4e0}> (0x00000000c68cc4e0) thrown at [src/hotspot/share/prims/jvm.cpp, line 1306]
Event: 0.289 Thread 0x00007f2e50017000 Exception <a 'java/security/PrivilegedActionException'{0x00000000c68cce68}> (0x00000000c68cce68) thrown at [src/hotspot/share/prims/jvm.cpp, line 1306]
Event: 0.289 Thread 0x00007f2e50017000 Exception <a 'java/security/PrivilegedActionException'{0x00000000c68cd138}> (0x00000000c68cd138) thrown at [src/hotspot/share/prims/jvm.cpp, line 1306]
Event: 0.289 Thread 0x00007f2e50017000 Exception <a 'java/security/PrivilegedActionException'{0x00000000c68cdaa8}> (0x00000000c68cdaa8) thrown at [src/hotspot/share/prims/jvm.cpp, line 1306]
Event: 0.289 Thread 0x00007f2e50017000 Exception <a 'java/security/PrivilegedActionException'{0x00000000c68cdd78}> (0x00000000c68cdd78) thrown at [src/hotspot/share/prims/jvm.cpp, line 1306]
Event: 0.289 Thread 0x00007f2e50017000 Exception <a 'java/security/PrivilegedActionException'{0x00000000c68ce700}> (0x00000000c68ce700) thrown at [src/hotspot/share/prims/jvm.cpp, line 1306]
Event: 0.289 Thread 0x00007f2e50017000 Exception <a 'java/security/PrivilegedActionException'{0x00000000c68ce9d0}> (0x00000000c68ce9d0) thrown at [src/hotspot/share/prims/jvm.cpp, line 1306]
Event: 0.295 Thread 0x00007f2e50017000 Exception <a 'java/security/PrivilegedActionException'{0x00000000c6765680}> (0x00000000c6765680) thrown at [src/hotspot/share/prims/jvm.cpp, line 1306]
Event: 0.295 Thread 0x00007f2e50017000 Exception <a 'java/security/PrivilegedActionException'{0x00000000c6765bf8}> (0x00000000c6765bf8) thrown at [src/hotspot/share/prims/jvm.cpp, line 1306]
Event: 0.321 Thread 0x00007f2e50017000 Exception <a 'java/lang/NoSuchMethodError'{0x00000000c67cdcd8}: 'int java.lang.invoke.DirectMethodHandle$Holder.invokeStaticInit(java.lang.Object, java.lang.Object, java.lang.Object, java.lang.Object)'> (0x00000000c67cdcd8) thrown at [src/hotspot/share/interpreter/linkResolver.cpp, line 773]
Event: 0.322 Thread 0x00007f2e50017000 Exception <a 'java/lang/IncompatibleClassChangeError'{0x00000000c67d76c0}: Found class java.lang.Object, but interface was expected> (0x00000000c67d76c0) thrown at [src/hotspot/share/interpreter/linkResolver.cpp, line 839]
Event: 0.322 Thread 0x00007f2e50017000 Exception <a 'java/lang/NoSuchMethodError'{0x00000000c67da910}: 'void java.lang.invoke.DirectMethodHandle$Holder.invokeStaticInit(java.lang.Object, java.lang.Object)'> (0x00000000c67da910) thrown at [src/hotspot/share/interpreter/linkResolver.cpp, line 773]
Event: 0.323 Thread 0x00007f2e50017000 Exception <a 'java/lang/NoSuchMethodError'{0x00000000c67e0348}: 'int java.lang.invoke.DirectMethodHandle$Holder.invokeStaticInit(java.lang.Object, java.lang.Object)'> (0x00000000c67e0348) thrown at [src/hotspot/share/interpreter/linkResolver.cpp, line 773]

Events (20 events):
Event: 0.539 loading class org/bytedeco/llvm/LLVM/LLVMObjectFileRef
Event: 0.539 loading class org/bytedeco/llvm/LLVM/LLVMObjectFileRef done
Event: 0.539 loading class org/bytedeco/llvm/LLVM/LLVMTargetRef
Event: 0.539 loading class org/bytedeco/llvm/LLVM/LLVMTargetRef done
Event: 0.539 loading class org/bytedeco/llvm/LLVM/LLVMPassManagerBuilderRef
Event: 0.539 loading class org/bytedeco/llvm/LLVM/LLVMPassManagerBuilderRef done
Event: 0.540 loading class org/bytedeco/llvm/LLVM/LLVMPassBuilderOptionsRef
Event: 0.540 loading class org/bytedeco/llvm/LLVM/LLVMPassBuilderOptionsRef done
Event: 0.541 loading class org/bytedeco/llvm/LLVM/Pass
Event: 0.541 loading class org/bytedeco/llvm/LLVM/Pass done
Event: 0.541 loading class org/bytedeco/llvm/LLVM/LLVMNamedMDNodeRef
Event: 0.541 loading class org/bytedeco/llvm/LLVM/LLVMNamedMDNodeRef done
Event: 0.541 loading class org/bytedeco/llvm/LLVM/LLVMUseRef
Event: 0.541 loading class org/bytedeco/llvm/LLVM/LLVMUseRef done
Event: 0.544 loading class org/bytedeco/javacpp/PointerScope
Event: 0.544 loading class org/bytedeco/javacpp/PointerScope done
Event: 0.544 loading class org/bytedeco/javacpp/PointerScope$1
Event: 0.544 loading class org/bytedeco/javacpp/PointerScope$1 done
Event: 0.548 loading class java/lang/invoke/BoundMethodHandle$Species_LLLLLLIIL
Event: 0.548 loading class java/lang/invoke/BoundMethodHandle$Species_LLLLLLIIL done


Dynamic libraries:
c3000000-c6e00000 rw-p 00000000 00:00 0 
c6e00000-ffe00000 ---p 00000000 00:00 0 
ffe00000-ffe47000 rw-p 00b0a000 08:01 926690                             /usr/lib/jvm/java-11-openjdk-amd64/lib/server/classes.jsa
ffe47000-fff00000 rw-p 00000000 00:00 0 
fff00000-fff6b000 rw-p 00a9f000 08:01 926690                             /usr/lib/jvm/java-11-openjdk-amd64/lib/server/classes.jsa
fff6b000-100000000 rw-p 00000000 00:00 0 
800000000-800002000 rwxp 00001000 08:01 926690                           /usr/lib/jvm/java-11-openjdk-amd64/lib/server/classes.jsa
800002000-8003cc000 rw-p 00003000 08:01 926690                           /usr/lib/jvm/java-11-openjdk-amd64/lib/server/classes.jsa
8003cc000-800a9d000 r--p 003cd000 08:01 926690                           /usr/lib/jvm/java-11-openjdk-amd64/lib/server/classes.jsa
800a9d000-800a9e000 rw-p 00a9e000 08:01 926690                           /usr/lib/jvm/java-11-openjdk-amd64/lib/server/classes.jsa
840000000-8400c0000 rw-p 00000000 00:00 0 
8400c0000-880000000 ---p 00000000 00:00 0 
55d8d2798000-55d8d2799000 r-xp 00000000 08:01 926076                     /usr/lib/jvm/java-11-openjdk-amd64/bin/java
55d8d2999000-55d8d299a000 r--p 00001000 08:01 926076                     /usr/lib/jvm/java-11-openjdk-amd64/bin/java
55d8d299a000-55d8d299b000 rw-p 00002000 08:01 926076                     /usr/lib/jvm/java-11-openjdk-amd64/bin/java
55d8d3247000-55d8d3268000 rw-p 00000000 00:00 0                          [heap]
7f2df152c000-7f2df1e52000 r--p 00000000 08:01 6297972                    /home/syd/.javacpp/cache/llvm-13.0.1-1.5.7-linux-x86_64.jar/org/bytedeco/llvm/linux-x86_64/libLLVM-13.so
7f2df1e52000-7f2df5815000 r-xp 00926000 08:01 6297972                    /home/syd/.javacpp/cache/llvm-13.0.1-1.5.7-linux-x86_64.jar/org/bytedeco/llvm/linux-x86_64/libLLVM-13.so
7f2df5815000-7f2df7a6a000 r--p 042e9000 08:01 6297972                    /home/syd/.javacpp/cache/llvm-13.0.1-1.5.7-linux-x86_64.jar/org/bytedeco/llvm/linux-x86_64/libLLVM-13.so
7f2df7a6a000-7f2df7f7f000 r--p 0653d000 08:01 6297972                    /home/syd/.javacpp/cache/llvm-13.0.1-1.5.7-linux-x86_64.jar/org/bytedeco/llvm/linux-x86_64/libLLVM-13.so
7f2df7f7f000-7f2df7f8a000 rw-p 06a52000 08:01 6297972                    /home/syd/.javacpp/cache/llvm-13.0.1-1.5.7-linux-x86_64.jar/org/bytedeco/llvm/linux-x86_64/libLLVM-13.so
7f2df7f8a000-7f2df8000000 rw-p 00000000 00:00 0 
7f2df8000000-7f2df8021000 rw-p 00000000 00:00 0 
7f2df8021000-7f2dfc000000 ---p 00000000 00:00 0 
7f2dfc000000-7f2dfc021000 rw-p 00000000 00:00 0 
7f2dfc021000-7f2e00000000 ---p 00000000 00:00 0 
7f2e00000000-7f2e0033c000 rw-p 00000000 00:00 0 
7f2e0033c000-7f2e04000000 ---p 00000000 00:00 0 
7f2e04000000-7f2e04386000 rw-p 00000000 00:00 0 
7f2e04386000-7f2e08000000 ---p 00000000 00:00 0 
7f2e08000000-7f2e08021000 rw-p 00000000 00:00 0 
7f2e08021000-7f2e0c000000 ---p 00000000 00:00 0 
7f2e0c000000-7f2e0c021000 rw-p 00000000 00:00 0 
7f2e0c021000-7f2e10000000 ---p 00000000 00:00 0 
7f2e10000000-7f2e10021000 rw-p 00000000 00:00 0 
7f2e10021000-7f2e14000000 ---p 00000000 00:00 0 
7f2e14000000-7f2e14021000 rw-p 00000000 00:00 0 
7f2e14021000-7f2e18000000 ---p 00000000 00:00 0 
7f2e18000000-7f2e18021000 rw-p 00000000 00:00 0 
7f2e18021000-7f2e1c000000 ---p 00000000 00:00 0 
7f2e1c000000-7f2e1c021000 rw-p 00000000 00:00 0 
7f2e1c021000-7f2e20000000 ---p 00000000 00:00 0 
7f2e22ecd000-7f2e22f32000 r--p 00000000 08:01 6297977                    /home/syd/.javacpp/cache/llvm-13.0.1-1.5.7-linux-x86_64.jar/org/bytedeco/llvm/linux-x86_64/libjniLLVM.so
7f2e22f32000-7f2e22fa0000 r-xp 00065000 08:01 6297977                    /home/syd/.javacpp/cache/llvm-13.0.1-1.5.7-linux-x86_64.jar/org/bytedeco/llvm/linux-x86_64/libjniLLVM.so
7f2e22fa0000-7f2e22fcb000 r--p 000d3000 08:01 6297977                    /home/syd/.javacpp/cache/llvm-13.0.1-1.5.7-linux-x86_64.jar/org/bytedeco/llvm/linux-x86_64/libjniLLVM.so
7f2e22fcb000-7f2e22fce000 r--p 000fd000 08:01 6297977                    /home/syd/.javacpp/cache/llvm-13.0.1-1.5.7-linux-x86_64.jar/org/bytedeco/llvm/linux-x86_64/libjniLLVM.so
7f2e22fce000-7f2e22fd1000 rw-p 00100000 08:01 6297977                    /home/syd/.javacpp/cache/llvm-13.0.1-1.5.7-linux-x86_64.jar/org/bytedeco/llvm/linux-x86_64/libjniLLVM.so
7f2e22fd1000-7f2e22fd3000 rw-p 00000000 00:00 0 
7f2e22fd3000-7f2e22fd7000 ---p 00000000 00:00 0 
7f2e22fd7000-7f2e230d4000 rw-p 00000000 00:00 0 
7f2e230d4000-7f2e230d5000 ---p 00000000 00:00 0 
7f2e230d5000-7f2e231d6000 rw-p 00000000 00:00 0 
7f2e231d6000-7f2e231eb000 r-xp 00000000 08:01 926225                     /usr/lib/jvm/java-11-openjdk-amd64/lib/libnet.so
7f2e231eb000-7f2e233ea000 ---p 00015000 08:01 926225                     /usr/lib/jvm/java-11-openjdk-amd64/lib/libnet.so
7f2e233ea000-7f2e233eb000 r--p 00014000 08:01 926225                     /usr/lib/jvm/java-11-openjdk-amd64/lib/libnet.so
7f2e233eb000-7f2e233ec000 rw-p 00015000 08:01 926225                     /usr/lib/jvm/java-11-openjdk-amd64/lib/libnet.so
7f2e233ec000-7f2e233fc000 r-xp 00000000 08:01 926226                     /usr/lib/jvm/java-11-openjdk-amd64/lib/libnio.so
7f2e233fc000-7f2e235fb000 ---p 00010000 08:01 926226                     /usr/lib/jvm/java-11-openjdk-amd64/lib/libnio.so
7f2e235fb000-7f2e235fc000 r--p 0000f000 08:01 926226                     /usr/lib/jvm/java-11-openjdk-amd64/lib/libnio.so
7f2e235fc000-7f2e235fd000 rw-p 00010000 08:01 926226                     /usr/lib/jvm/java-11-openjdk-amd64/lib/libnio.so
7f2e235fd000-7f2e23601000 ---p 00000000 00:00 0 
7f2e23601000-7f2e236fe000 rw-p 00000000 00:00 0 
7f2e236fe000-7f2e236ff000 ---p 00000000 00:00 0 
7f2e236ff000-7f2e23e00000 rw-p 00000000 00:00 0 
7f2e23e00000-7f2e24000000 ---p 00000000 00:00 0 
7f2e24000000-7f2e24021000 rw-p 00000000 00:00 0 
7f2e24021000-7f2e28000000 ---p 00000000 00:00 0 
7f2e28000000-7f2e28021000 rw-p 00000000 00:00 0 
7f2e28021000-7f2e2c000000 ---p 00000000 00:00 0 
7f2e2c000000-7f2e2c021000 rw-p 00000000 00:00 0 
7f2e2c021000-7f2e30000000 ---p 00000000 00:00 0 
7f2e3007f000-7f2e30083000 ---p 00000000 00:00 0 
7f2e30083000-7f2e32278000 rw-p 00000000 00:00 0 
7f2e32278000-7f2e330b8000 ---p 00000000 00:00 0 
7f2e330b8000-7f2e331b8000 rw-p 00000000 00:00 0 
7f2e331b8000-7f2e33ff8000 ---p 00000000 00:00 0 
7f2e33ff8000-7f2e34000000 rw-p 00000000 00:00 0 
7f2e34000000-7f2e34021000 rw-p 00000000 00:00 0 
7f2e34021000-7f2e38000000 ---p 00000000 00:00 0 
7f2e3805e000-7f2e38062000 ---p 00000000 00:00 0 
7f2e38062000-7f2e3815f000 rw-p 00000000 00:00 0 
7f2e3815f000-7f2e38163000 ---p 00000000 00:00 0 
7f2e38163000-7f2e38260000 rw-p 00000000 00:00 0 
7f2e38260000-7f2e38264000 ---p 00000000 00:00 0 
7f2e38264000-7f2e38361000 rw-p 00000000 00:00 0 
7f2e38361000-7f2e387f5000 r--p 00000000 08:01 666827                     /usr/lib/locale/locale-archive
7f2e387f5000-7f2e38a65000 rwxp 00000000 00:00 0 
7f2e38a65000-7f2e38d84000 ---p 00000000 00:00 0 
7f2e38d84000-7f2e38ff4000 rwxp 00000000 00:00 0 
7f2e38ff4000-7f2e402bc000 ---p 00000000 00:00 0 
7f2e402bc000-7f2e4052c000 rwxp 00000000 00:00 0 
7f2e4052c000-7f2e477f5000 ---p 00000000 00:00 0 
7f2e477f5000-7f2e50000000 r--s 00000000 08:01 926235                     /usr/lib/jvm/java-11-openjdk-amd64/lib/modules
7f2e50000000-7f2e50366000 rw-p 00000000 00:00 0 
7f2e50366000-7f2e54000000 ---p 00000000 00:00 0 
7f2e54052000-7f2e54059000 r--p 00000000 08:01 6297973                    /home/syd/.javacpp/cache/llvm-13.0.1-1.5.7-linux-x86_64.jar/org/bytedeco/llvm/linux-x86_64/libLTO.so.13
7f2e54059000-7f2e54061000 r-xp 00007000 08:01 6297973                    /home/syd/.javacpp/cache/llvm-13.0.1-1.5.7-linux-x86_64.jar/org/bytedeco/llvm/linux-x86_64/libLTO.so.13
7f2e54061000-7f2e54063000 r--p 0000f000 08:01 6297973                    /home/syd/.javacpp/cache/llvm-13.0.1-1.5.7-linux-x86_64.jar/org/bytedeco/llvm/linux-x86_64/libLTO.so.13
7f2e54063000-7f2e54064000 r--p 00010000 08:01 6297973                    /home/syd/.javacpp/cache/llvm-13.0.1-1.5.7-linux-x86_64.jar/org/bytedeco/llvm/linux-x86_64/libLTO.so.13
7f2e54064000-7f2e54065000 rw-p 00011000 08:01 6297973                    /home/syd/.javacpp/cache/llvm-13.0.1-1.5.7-linux-x86_64.jar/org/bytedeco/llvm/linux-x86_64/libLTO.so.13
7f2e54065000-7f2e54069000 ---p 00000000 00:00 0 
7f2e54069000-7f2e54166000 rw-p 00000000 00:00 0 
7f2e54166000-7f2e5416a000 ---p 00000000 00:00 0 
7f2e5416a000-7f2e54267000 rw-p 00000000 00:00 0 
7f2e54267000-7f2e5426b000 ---p 00000000 00:00 0 
7f2e5426b000-7f2e54368000 rw-p 00000000 00:00 0 
7f2e54368000-7f2e54369000 ---p 00000000 00:00 0 
7f2e54369000-7f2e54546000 rw-p 00000000 00:00 0 
7f2e54546000-7f2e54547000 ---p 00000000 00:00 0 
7f2e54547000-7f2e54648000 rw-p 00000000 00:00 0 
7f2e54648000-7f2e54649000 ---p 00000000 00:00 0 
7f2e54649000-7f2e5494c000 rw-p 00000000 00:00 0 
7f2e5494c000-7f2e5494d000 ---p 00000000 00:00 0 
7f2e5494d000-7f2e54a4e000 rw-p 00000000 00:00 0 
7f2e54a4e000-7f2e54a4f000 ---p 00000000 00:00 0 
7f2e54a4f000-7f2e54b6f000 rw-p 00000000 00:00 0 
7f2e54b6f000-7f2e54d37000 ---p 00000000 00:00 0 
7f2e54d37000-7f2e54d57000 rw-p 00000000 00:00 0 
7f2e54d57000-7f2e54f1f000 ---p 00000000 00:00 0 
7f2e54f1f000-7f2e54f3f000 rw-p 00000000 00:00 0 
7f2e54f3f000-7f2e55107000 ---p 00000000 00:00 0 
7f2e55107000-7f2e5530a000 rw-p 00000000 00:00 0 
7f2e5530a000-7f2e5530b000 ---p 00000000 00:00 0 
7f2e5530b000-7f2e55411000 rw-p 00000000 00:00 0 
7f2e55411000-7f2e554f7000 ---p 00000000 00:00 0 
7f2e554f7000-7f2e554fc000 rw-p 00000000 00:00 0 
7f2e554fc000-7f2e555e2000 ---p 00000000 00:00 0 
7f2e555e2000-7f2e555e9000 r-xp 00000000 08:01 926234                     /usr/lib/jvm/java-11-openjdk-amd64/lib/libzip.so
7f2e555e9000-7f2e557e9000 ---p 00007000 08:01 926234                     /usr/lib/jvm/java-11-openjdk-amd64/lib/libzip.so
7f2e557e9000-7f2e557ea000 r--p 00007000 08:01 926234                     /usr/lib/jvm/java-11-openjdk-amd64/lib/libzip.so
7f2e557ea000-7f2e557eb000 rw-p 00008000 08:01 926234                     /usr/lib/jvm/java-11-openjdk-amd64/lib/libzip.so
7f2e557eb000-7f2e557f6000 r-xp 00000000 08:01 1709194                    /lib/x86_64-linux-gnu/libnss_files-2.27.so
7f2e557f6000-7f2e559f5000 ---p 0000b000 08:01 1709194                    /lib/x86_64-linux-gnu/libnss_files-2.27.so
7f2e559f5000-7f2e559f6000 r--p 0000a000 08:01 1709194                    /lib/x86_64-linux-gnu/libnss_files-2.27.so
7f2e559f6000-7f2e559f7000 rw-p 0000b000 08:01 1709194                    /lib/x86_64-linux-gnu/libnss_files-2.27.so
7f2e559f7000-7f2e559fd000 rw-p 00000000 00:00 0 
7f2e559fd000-7f2e55a14000 r-xp 00000000 08:01 1709191                    /lib/x86_64-linux-gnu/libnsl-2.27.so
7f2e55a14000-7f2e55c13000 ---p 00017000 08:01 1709191                    /lib/x86_64-linux-gnu/libnsl-2.27.so
7f2e55c13000-7f2e55c14000 r--p 00016000 08:01 1709191                    /lib/x86_64-linux-gnu/libnsl-2.27.so
7f2e55c14000-7f2e55c15000 rw-p 00017000 08:01 1709191                    /lib/x86_64-linux-gnu/libnsl-2.27.so
7f2e55c15000-7f2e55c17000 rw-p 00000000 00:00 0 
7f2e55c17000-7f2e55c22000 r-xp 00000000 08:01 1709196                    /lib/x86_64-linux-gnu/libnss_nis-2.27.so
7f2e55c22000-7f2e55e21000 ---p 0000b000 08:01 1709196                    /lib/x86_64-linux-gnu/libnss_nis-2.27.so
7f2e55e21000-7f2e55e22000 r--p 0000a000 08:01 1709196                    /lib/x86_64-linux-gnu/libnss_nis-2.27.so
7f2e55e22000-7f2e55e23000 rw-p 0000b000 08:01 1709196                    /lib/x86_64-linux-gnu/libnss_nis-2.27.so
7f2e55e23000-7f2e55e2b000 r-xp 00000000 08:01 1709192                    /lib/x86_64-linux-gnu/libnss_compat-2.27.so
7f2e55e2b000-7f2e5602b000 ---p 00008000 08:01 1709192                    /lib/x86_64-linux-gnu/libnss_compat-2.27.so
7f2e5602b000-7f2e5602c000 r--p 00008000 08:01 1709192                    /lib/x86_64-linux-gnu/libnss_compat-2.27.so
7f2e5602c000-7f2e5602d000 rw-p 00009000 08:01 1709192                    /lib/x86_64-linux-gnu/libnss_compat-2.27.so
7f2e5602d000-7f2e56032000 r-xp 00000000 08:01 926217                     /usr/lib/jvm/java-11-openjdk-amd64/lib/libjimage.so
7f2e56032000-7f2e56231000 ---p 00005000 08:01 926217                     /usr/lib/jvm/java-11-openjdk-amd64/lib/libjimage.so
7f2e56231000-7f2e56232000 r--p 00004000 08:01 926217                     /usr/lib/jvm/java-11-openjdk-amd64/lib/libjimage.so
7f2e56232000-7f2e56233000 rw-p 00005000 08:01 926217                     /usr/lib/jvm/java-11-openjdk-amd64/lib/libjimage.so
7f2e56233000-7f2e5625c000 r-xp 00000000 08:01 926214                     /usr/lib/jvm/java-11-openjdk-amd64/lib/libjava.so
7f2e5625c000-7f2e5645b000 ---p 00029000 08:01 926214                     /usr/lib/jvm/java-11-openjdk-amd64/lib/libjava.so
7f2e5645b000-7f2e5645c000 r--p 00028000 08:01 926214                     /usr/lib/jvm/java-11-openjdk-amd64/lib/libjava.so
7f2e5645c000-7f2e5645d000 rw-p 00029000 08:01 926214                     /usr/lib/jvm/java-11-openjdk-amd64/lib/libjava.so
7f2e5645d000-7f2e5645e000 rw-p 00000000 00:00 0 
7f2e5645e000-7f2e5646b000 r-xp 00000000 08:01 926233                     /usr/lib/jvm/java-11-openjdk-amd64/lib/libverify.so
7f2e5646b000-7f2e5666a000 ---p 0000d000 08:01 926233                     /usr/lib/jvm/java-11-openjdk-amd64/lib/libverify.so
7f2e5666a000-7f2e5666c000 r--p 0000c000 08:01 926233                     /usr/lib/jvm/java-11-openjdk-amd64/lib/libverify.so
7f2e5666c000-7f2e5666d000 rw-p 0000e000 08:01 926233                     /usr/lib/jvm/java-11-openjdk-amd64/lib/libverify.so
7f2e5666d000-7f2e56674000 r-xp 00000000 08:01 1709201                    /lib/x86_64-linux-gnu/librt-2.27.so
7f2e56674000-7f2e56873000 ---p 00007000 08:01 1709201                    /lib/x86_64-linux-gnu/librt-2.27.so
7f2e56873000-7f2e56874000 r--p 00006000 08:01 1709201                    /lib/x86_64-linux-gnu/librt-2.27.so
7f2e56874000-7f2e56875000 rw-p 00007000 08:01 1709201                    /lib/x86_64-linux-gnu/librt-2.27.so
7f2e56875000-7f2e5688c000 r-xp 00000000 08:01 1709327                    /lib/x86_64-linux-gnu/libgcc_s.so.1
7f2e5688c000-7f2e56a8b000 ---p 00017000 08:01 1709327                    /lib/x86_64-linux-gnu/libgcc_s.so.1
7f2e56a8b000-7f2e56a8c000 r--p 00016000 08:01 1709327                    /lib/x86_64-linux-gnu/libgcc_s.so.1
7f2e56a8c000-7f2e56a8d000 rw-p 00017000 08:01 1709327                    /lib/x86_64-linux-gnu/libgcc_s.so.1
7f2e56a8d000-7f2e56c2a000 r-xp 00000000 08:01 1709188                    /lib/x86_64-linux-gnu/libm-2.27.so
7f2e56c2a000-7f2e56e29000 ---p 0019d000 08:01 1709188                    /lib/x86_64-linux-gnu/libm-2.27.so
7f2e56e29000-7f2e56e2a000 r--p 0019c000 08:01 1709188                    /lib/x86_64-linux-gnu/libm-2.27.so
7f2e56e2a000-7f2e56e2b000 rw-p 0019d000 08:01 1709188                    /lib/x86_64-linux-gnu/libm-2.27.so
7f2e56e2b000-7f2e56fa4000 r-xp 00000000 08:01 664741                     /usr/lib/x86_64-linux-gnu/libstdc++.so.6.0.25
7f2e56fa4000-7f2e571a4000 ---p 00179000 08:01 664741                     /usr/lib/x86_64-linux-gnu/libstdc++.so.6.0.25
7f2e571a4000-7f2e571ae000 r--p 00179000 08:01 664741                     /usr/lib/x86_64-linux-gnu/libstdc++.so.6.0.25
7f2e571ae000-7f2e571b0000 rw-p 00183000 08:01 664741                     /usr/lib/x86_64-linux-gnu/libstdc++.so.6.0.25
7f2e571b0000-7f2e571b4000 rw-p 00000000 00:00 0 
7f2e571b4000-7f2e582bb000 r-xp 00000000 08:01 926240                     /usr/lib/jvm/java-11-openjdk-amd64/lib/server/libjvm.so
7f2e582bb000-7f2e584bb000 ---p 01107000 08:01 926240                     /usr/lib/jvm/java-11-openjdk-amd64/lib/server/libjvm.so
7f2e584bb000-7f2e5857f000 r--p 01107000 08:01 926240                     /usr/lib/jvm/java-11-openjdk-amd64/lib/server/libjvm.so
7f2e5857f000-7f2e585ba000 rw-p 011cb000 08:01 926240                     /usr/lib/jvm/java-11-openjdk-amd64/lib/server/libjvm.so
7f2e585ba000-7f2e58611000 rw-p 00000000 00:00 0 
7f2e58611000-7f2e5862b000 r-xp 00000000 08:01 1709199                    /lib/x86_64-linux-gnu/libpthread-2.27.so
7f2e5862b000-7f2e5882a000 ---p 0001a000 08:01 1709199                    /lib/x86_64-linux-gnu/libpthread-2.27.so
7f2e5882a000-7f2e5882b000 r--p 00019000 08:01 1709199                    /lib/x86_64-linux-gnu/libpthread-2.27.so
7f2e5882b000-7f2e5882c000 rw-p 0001a000 08:01 1709199                    /lib/x86_64-linux-gnu/libpthread-2.27.so
7f2e5882c000-7f2e58830000 rw-p 00000000 00:00 0 
7f2e58830000-7f2e58833000 r-xp 00000000 08:01 1709187                    /lib/x86_64-linux-gnu/libdl-2.27.so
7f2e58833000-7f2e58a32000 ---p 00003000 08:01 1709187                    /lib/x86_64-linux-gnu/libdl-2.27.so
7f2e58a32000-7f2e58a33000 r--p 00002000 08:01 1709187                    /lib/x86_64-linux-gnu/libdl-2.27.so
7f2e58a33000-7f2e58a34000 rw-p 00003000 08:01 1709187                    /lib/x86_64-linux-gnu/libdl-2.27.so
7f2e58a34000-7f2e58a50000 r-xp 00000000 08:01 1704012                    /lib/x86_64-linux-gnu/libz.so.1.2.11
7f2e58a50000-7f2e58c4f000 ---p 0001c000 08:01 1704012                    /lib/x86_64-linux-gnu/libz.so.1.2.11
7f2e58c4f000-7f2e58c50000 r--p 0001b000 08:01 1704012                    /lib/x86_64-linux-gnu/libz.so.1.2.11
7f2e58c50000-7f2e58c51000 rw-p 0001c000 08:01 1704012                    /lib/x86_64-linux-gnu/libz.so.1.2.11
7f2e58c51000-7f2e58e38000 r-xp 00000000 08:01 1709184                    /lib/x86_64-linux-gnu/libc-2.27.so
7f2e58e38000-7f2e59038000 ---p 001e7000 08:01 1709184                    /lib/x86_64-linux-gnu/libc-2.27.so
7f2e59038000-7f2e5903c000 r--p 001e7000 08:01 1709184                    /lib/x86_64-linux-gnu/libc-2.27.so
7f2e5903c000-7f2e5903e000 rw-p 001eb000 08:01 1709184                    /lib/x86_64-linux-gnu/libc-2.27.so
7f2e5903e000-7f2e59042000 rw-p 00000000 00:00 0 
7f2e59042000-7f2e59051000 r-xp 00000000 08:01 926199                     /usr/lib/jvm/java-11-openjdk-amd64/lib/jli/libjli.so
7f2e59051000-7f2e59250000 ---p 0000f000 08:01 926199                     /usr/lib/jvm/java-11-openjdk-amd64/lib/jli/libjli.so
7f2e59250000-7f2e59251000 r--p 0000e000 08:01 926199                     /usr/lib/jvm/java-11-openjdk-amd64/lib/jli/libjli.so
7f2e59251000-7f2e59252000 rw-p 0000f000 08:01 926199                     /usr/lib/jvm/java-11-openjdk-amd64/lib/jli/libjli.so
7f2e59252000-7f2e5927b000 r-xp 00000000 08:01 1703942                    /lib/x86_64-linux-gnu/ld-2.27.so
7f2e59281000-7f2e59288000 r--s 00000000 08:01 920620                     /usr/lib/x86_64-linux-gnu/gconv/gconv-modules.cache
7f2e59288000-7f2e5928c000 r--p 00000000 08:01 6297966                    /home/syd/.javacpp/cache/javacpp-1.5.7-linux-x86_64.jar/org/bytedeco/javacpp/linux-x86_64/libjnijavacpp.so
7f2e5928c000-7f2e59293000 r-xp 00004000 08:01 6297966                    /home/syd/.javacpp/cache/javacpp-1.5.7-linux-x86_64.jar/org/bytedeco/javacpp/linux-x86_64/libjnijavacpp.so
7f2e59293000-7f2e59297000 r--p 0000b000 08:01 6297966                    /home/syd/.javacpp/cache/javacpp-1.5.7-linux-x86_64.jar/org/bytedeco/javacpp/linux-x86_64/libjnijavacpp.so
7f2e59297000-7f2e59298000 r--p 0000e000 08:01 6297966                    /home/syd/.javacpp/cache/javacpp-1.5.7-linux-x86_64.jar/org/bytedeco/javacpp/linux-x86_64/libjnijavacpp.so
7f2e59298000-7f2e59299000 rw-p 0000f000 08:01 6297966                    /home/syd/.javacpp/cache/javacpp-1.5.7-linux-x86_64.jar/org/bytedeco/javacpp/linux-x86_64/libjnijavacpp.so
7f2e59299000-7f2e5935a000 rw-p 00000000 00:00 0 
7f2e5935a000-7f2e59361000 ---p 00000000 00:00 0 
7f2e59361000-7f2e59365000 ---p 00000000 00:00 0 
7f2e59365000-7f2e59464000 rw-p 00000000 00:00 0 
7f2e5946a000-7f2e5946b000 r--p 00000000 08:01 6297975                    /home/syd/.javacpp/cache/llvm-13.0.1-1.5.7-linux-x86_64.jar/org/bytedeco/llvm/linux-x86_64/libRemarks.so.13
7f2e5946b000-7f2e5946c000 r-xp 00001000 08:01 6297975                    /home/syd/.javacpp/cache/llvm-13.0.1-1.5.7-linux-x86_64.jar/org/bytedeco/llvm/linux-x86_64/libRemarks.so.13
7f2e5946c000-7f2e5946d000 r--p 00002000 08:01 6297975                    /home/syd/.javacpp/cache/llvm-13.0.1-1.5.7-linux-x86_64.jar/org/bytedeco/llvm/linux-x86_64/libRemarks.so.13
7f2e5946d000-7f2e5946e000 r--p 00002000 08:01 6297975                    /home/syd/.javacpp/cache/llvm-13.0.1-1.5.7-linux-x86_64.jar/org/bytedeco/llvm/linux-x86_64/libRemarks.so.13
7f2e5946e000-7f2e5946f000 rw-p 00003000 08:01 6297975                    /home/syd/.javacpp/cache/llvm-13.0.1-1.5.7-linux-x86_64.jar/org/bytedeco/llvm/linux-x86_64/libRemarks.so.13
7f2e5946f000-7f2e59477000 rw-s 00000000 08:01 6293112                    /tmp/hsperfdata_syd/19060
7f2e59477000-7f2e59478000 ---p 00000000 00:00 0 
7f2e59478000-7f2e59479000 r--p 00000000 00:00 0 
7f2e59479000-7f2e5947b000 rw-p 00000000 00:00 0 
7f2e5947b000-7f2e5947c000 r--p 00029000 08:01 1703942                    /lib/x86_64-linux-gnu/ld-2.27.so
7f2e5947c000-7f2e5947d000 rw-p 0002a000 08:01 1703942                    /lib/x86_64-linux-gnu/ld-2.27.so
7f2e5947d000-7f2e5947e000 rw-p 00000000 00:00 0 
7ffee99fe000-7ffee9a20000 rw-p 00000000 00:00 0                          [stack]
7ffee9ba6000-7ffee9ba9000 r--p 00000000 00:00 0                          [vvar]
7ffee9ba9000-7ffee9bab000 r-xp 00000000 00:00 0                          [vdso]
ffffffffff600000-ffffffffff601000 --xp 00000000 00:00 0                  [vsyscall]


VM Arguments:
java_command: Main /mnt/hgfs/CompilationPrincipleLAB/Lab/src/code.txt /mnt/hgfs/CompilationPrincipleLAB/Lab/src/code.txt
java_class_path (initial): ./classes:/usr/local/lib/antlr-4.9.1-complete.jar:/usr/local/lib/llvm-13.0.1-1.5.7-linux-x86_64.jar:/usr/local/lib/llvm-platform-13.0.1-1.5.7.jar:/usr/local/lib/llvm-13.0.1-1.5.7.jar:/usr/local/lib/javacpp-1.5.7-linux-x86_64.jar:/usr/local/lib/javacpp-1.5.7.jar
Launcher Type: SUN_STANDARD

[Global flags]
     intx CICompilerCount                          = 2                                         {product} {ergonomic}
     uint ConcGCThreads                            = 1                                         {product} {ergonomic}
     uint G1ConcRefinementThreads                  = 2                                         {product} {ergonomic}
   size_t G1HeapRegionSize                         = 1048576                                   {product} {ergonomic}
    uintx GCDrainStackTargetSize                   = 64                                        {product} {ergonomic}
   size_t InitialHeapSize                          = 65011712                                  {product} {ergonomic}
   size_t MarkStackSize                            = 4194304                                   {product} {ergonomic}
   size_t MaxHeapSize                              = 1023410176                                {product} {ergonomic}
   size_t MaxNewSize                               = 613416960                                 {product} {ergonomic}
   size_t MinHeapDeltaBytes                        = 1048576                                   {product} {ergonomic}
    uintx NonNMethodCodeHeapSize                   = 5825164                                {pd product} {ergonomic}
    uintx NonProfiledCodeHeapSize                  = 122916538                              {pd product} {ergonomic}
    uintx ProfiledCodeHeapSize                     = 122916538                              {pd product} {ergonomic}
    uintx ReservedCodeCacheSize                    = 251658240                              {pd product} {ergonomic}
     bool SegmentedCodeCache                       = true                                      {product} {ergonomic}
     bool UseCompressedClassPointers               = true                                 {lp64_product} {ergonomic}
     bool UseCompressedOops                        = true                                 {lp64_product} {ergonomic}
     bool UseG1GC                                  = true                                      {product} {ergonomic}

Logging:
Log output configuration:
 #0: stdout all=warning uptime,level,tags
 #1: stderr all=off uptime,level,tags

Environment Variables:
CLASSPATH=/usr/local/lib/antlr-4.9.1-complete.jar:/usr/local/lib/llvm-13.0.1-1.5.7-linux-x86_64.jar:/usr/local/lib/llvm-platform-13.0.1-1.5.7.jar:/usr/local/lib/llvm-13.0.1-1.5.7.jar:/usr/local/lib/javacpp-1.5.7-linux-x86_64.jar:/usr/local/lib/javacpp-1.5.7.jar
PATH=/usr/local/sbin:/usr/local/bin:/usr/sbin:/usr/bin:/sbin:/bin:/usr/games:/usr/local/games:/snap/bin
USERNAME=syd
SHELL=/bin/bash
DISPLAY=:0
LANG=zh_CN.UTF-8
LC_NUMERIC=zh_CN.UTF-8
LC_TIME=zh_CN.UTF-8
TERM=xterm-256color

Signal Handlers:
SIGSEGV: [libjvm.so+0xe356a0], sa_mask[0]=11111111011111111101111111111110, sa_flags=SA_RESTART|SA_SIGINFO
SIGBUS: [libjvm.so+0xe356a0], sa_mask[0]=11111111011111111101111111111110, sa_flags=SA_RESTART|SA_SIGINFO
SIGFPE: [libjvm.so+0xe356a0], sa_mask[0]=11111111011111111101111111111110, sa_flags=SA_RESTART|SA_SIGINFO
SIGPIPE: [libjvm.so+0xb89cc0], sa_mask[0]=11111111011111111101111111111110, sa_flags=SA_RESTART|SA_SIGINFO
SIGXFSZ: [libjvm.so+0xb89cc0], sa_mask[0]=11111111011111111101111111111110, sa_flags=SA_RESTART|SA_SIGINFO
SIGILL: [libjvm.so+0xe356a0], sa_mask[0]=11111111011111111101111111111110, sa_flags=SA_RESTART|SA_SIGINFO
SIGUSR2: [libjvm.so+0xb89b50], sa_mask[0]=00000000000000000000000000000000, sa_flags=SA_RESTART|SA_SIGINFO
SIGHUP: [libjvm.so+0xb8a220], sa_mask[0]=11111111011111111101111111111110, sa_flags=SA_RESTART|SA_SIGINFO
SIGINT: [libjvm.so+0xb8a220], sa_mask[0]=11111111011111111101111111111110, sa_flags=SA_RESTART|SA_SIGINFO
SIGTERM: [libjvm.so+0xb8a220], sa_mask[0]=11111111011111111101111111111110, sa_flags=SA_RESTART|SA_SIGINFO
SIGQUIT: [libjvm.so+0xb8a220], sa_mask[0]=11111111011111111101111111111110, sa_flags=SA_RESTART|SA_SIGINFO


---------------  S Y S T E M  ---------------

OS:DISTRIB_ID=Ubuntu
DISTRIB_RELEASE=18.04
DISTRIB_CODENAME=bionic
DISTRIB_DESCRIPTION="Ubuntu 18.04.6 LTS"
uname:Linux 5.4.0-150-generic #167~18.04.1-Ubuntu SMP Wed May 24 00:51:42 UTC 2023 x86_64
OS uptime: 0 days 5:50 hours
libc:glibc 2.27 NPTL 2.27 
rlimit (soft/hard): STACK 8192k/infinity , CORE 0k/infinity , NPROC 15400/15400 , NOFILE 1048576/1048576 , AS infinity/infinity , CPU infinity/infinity , DATA infinity/infinity , FSIZE infinity/infinity , MEMLOCK 65536k/65536k
load average:0.39 0.50 0.44

/proc/meminfo:
MemTotal:        3994712 kB
MemFree:          182128 kB
MemAvailable:     329508 kB
Buffers:           21028 kB
Cached:           312852 kB
SwapCached:        10268 kB
Active:          2412584 kB
Inactive:         694980 kB
Active(anon):    2242120 kB
Inactive(anon):   573692 kB
Active(file):     170464 kB
Inactive(file):   121288 kB
Unevictable:          16 kB
Mlocked:              16 kB
SwapTotal:       2097148 kB
SwapFree:        1868284 kB
Dirty:                44 kB
Writeback:             0 kB
AnonPages:       2764628 kB
Mapped:           191848 kB
Shmem:             42112 kB
KReclaimable:     120976 kB
Slab:             205136 kB
SReclaimable:     120976 kB
SUnreclaim:        84160 kB
KernelStack:       13872 kB
PageTables:        50544 kB
NFS_Unstable:          0 kB
Bounce:                0 kB
WritebackTmp:          0 kB
CommitLimit:     4094504 kB
Committed_AS:    7034028 kB
VmallocTotal:   34359738367 kB
VmallocUsed:       30132 kB
VmallocChunk:          0 kB
Percpu:            49152 kB
HardwareCorrupted:     0 kB
AnonHugePages:         0 kB
ShmemHugePages:        0 kB
ShmemPmdMapped:        0 kB
FileHugePages:         0 kB
FilePmdMapped:         0 kB
CmaTotal:              0 kB
CmaFree:               0 kB
HugePages_Total:       0
HugePages_Free:        0
HugePages_Rsvd:        0
HugePages_Surp:        0
Hugepagesize:       2048 kB
Hugetlb:               0 kB
DirectMap4k:      196416 kB
DirectMap2M:     3997696 kB
DirectMap1G:     2097152 kB

/sys/kernel/mm/transparent_hugepage/enabled:
always [madvise] never
/sys/kernel/mm/transparent_hugepage/defrag (defrag/compaction efforts parameter):
always defer defer+madvise [madvise] never

Process Memory:
Virtual Size: 3713228K (peak: 12418976K)
Resident Set Size: 90560K (peak: 90560K) (anon: 36184K, file: 54376K, shmem: 0K)
Swapped out: 0K
C-Heap outstanding allocations: 14764K, retained: 2383K
glibc malloc tunables: (default)

/proc/sys/kernel/threads-max (system-wide limit on the number of threads):
30800
/proc/sys/vm/max_map_count (maximum number of memory map areas a process may have):
65530
/proc/sys/kernel/pid_max (system-wide limit on number of process identifiers):
131072

container (cgroup) information:
container_type: cgroupv1
cpu_cpuset_cpus: 0-1
cpu_memory_nodes: 0
active_processor_count: 2
cpu_quota: no quota
cpu_period: 100000
cpu_shares: no shares
memory_limit_in_bytes: unlimited
memory_and_swap_limit_in_bytes: not supported
memory_soft_limit_in_bytes: unlimited
memory_usage_in_bytes: 3106656 k
memory_max_usage_in_bytes: 63004 k
kernel_memory_usage_in_bytes: unlimited
kernel_memory_max_usage_in_bytes: unlimited
kernel_memory_limit_in_bytes: unlimited
maximum number of tasks: unlimited
current number of tasks: 228

VMWare virtualization detected
Steal ticks since vm start: 0
Steal ticks percentage since vm start:  0.000

CPU:total 2 (initial active 2) (1 cores per cpu, 1 threads per core) family 6 model 154 stepping 3 microcode 0xffffffff, cmov, cx8, fxsr, mmx, sse, sse2, sse3, ssse3, sse4.1, sse4.2, popcnt, avx, avx2, aes, clmul, erms, 3dnowpref, lzcnt, tsc, tscinvbit, bmi1, bmi2, adx, sha, fma
CPU Model and flags from /proc/cpuinfo:
model name	: 12th Gen Intel(R) Core(TM) i5-12500H
flags		: fpu vme de pse tsc msr pae mce cx8 apic sep mtrr pge mca cmov pat pse36 clflush mmx fxsr sse sse2 ss syscall nx pdpe1gb rdtscp lm constant_tsc arch_perfmon rep_good nopl xtopology tsc_reliable nonstop_tsc cpuid pni pclmulqdq ssse3 fma cx16 pcid sse4_1 sse4_2 x2apic movbe popcnt aes xsave avx f16c rdrand hypervisor lahf_lm abm 3dnowprefetch invpcid_single pti ssbd ibrs ibpb stibp fsgsbase tsc_adjust bmi1 avx2 smep bmi2 erms invpcid rdseed adx smap clflushopt clwb sha_ni xsaveopt xsavec xgetbv1 xsaves arat umip gfni vaes vpclmulqdq rdpid movdiri movdir64b md_clear flush_l1d arch_capabilities
Online cpus:
0-1
Offline cpus:
2-127
BIOS frequency limitation:
<Not Available>
Frequency switch latency (ns):
<Not Available>
Available cpu frequencies:
<Not Available>
Current governor:
<Not Available>
Core performance/turbo boost:
<Not Available>

Memory: 4k page, physical 3994712k(182128k free), swap 2097148k(1868284k free)

vm_info: OpenJDK 64-Bit Server VM (11.0.19+7-post-Ubuntu-0ubuntu118.04.1) for linux-amd64 JRE (11.0.19+7-post-Ubuntu-0ubuntu118.04.1), built on May 10 2023 00:54:54 by "unknown" with gcc 8.4.0

END.
