#
# A fatal error has been detected by the Java Runtime Environment:
#
#  SIGSEGV (0xb) at pc=0x00007fe49615c178, pid=15893, tid=15894
#
# JRE version: OpenJDK Runtime Environment (11.0.19+7) (build 11.0.19+7-post-Ubuntu-0ubuntu118.04.1)
# Java VM: OpenJDK 64-Bit Server VM (11.0.19+7-post-Ubuntu-0ubuntu118.04.1, mixed mode, sharing, tiered, compressed oops, g1 gc, linux-amd64)
# Problematic frame:
# C  [libLLVM-13.so+0xc30178]  LLVMBuildCall2+0x138
#
# Core dump will be written. Default location: Core dumps may be processed with "/usr/share/apport/apport -p%p -s%s -c%c -d%d -P%P -u%u -g%g -- %E" (or dumping to /mnt/hgfs/CompilationPrincipleLAB/Lab/core.15893)
#
# If you would like to submit a bug report, please visit:
#   https://bugs.launchpad.net/ubuntu/+source/openjdk-lts
# The crash happened outside the Java Virtual Machine in native code.
# See problematic frame for where to report the bug.
#

---------------  S U M M A R Y ------------

Command Line: Main /mnt/hgfs/CompilationPrincipleLAB/Lab/src/code.txt /mnt/hgfs/CompilationPrincipleLAB/Lab/src/IRtarget.txt

Host: 12th Gen Intel(R) Core(TM) i5-12500H, 2 cores, 3G, Ubuntu 18.04.6 LTS
Time: Mon May 27 01:58:32 2024 PDT elapsed time: 0.813972 seconds (0d 0h 0m 0s)

---------------  T H R E A D  ---------------

Current thread (0x00007fe4f4017000):  JavaThread "main" [_thread_in_native, id=15894, stack(0x00007fe4fc0be000,0x00007fe4fc1bf000)]

Stack: [0x00007fe4fc0be000,0x00007fe4fc1bf000],  sp=0x00007fe4fc1bcc80,  free space=1019k
Native frames: (J=compiled Java code, A=aot compiled Java code, j=interpreted, Vv=VM code, C=native code)
C  [libLLVM-13.so+0xc30178]  LLVMBuildCall2+0x138
C  0x0000000000000005

Java frames: (J=compiled Java code, j=interpreted, Vv=VM code)
j  org.bytedeco.llvm.global.LLVM.LLVMBuildCall2(Lorg/bytedeco/llvm/LLVM/LLVMBuilderRef;Lorg/bytedeco/llvm/LLVM/LLVMTypeRef;Lorg/bytedeco/llvm/LLVM/LLVMValueRef;Lorg/bytedeco/javacpp/PointerPointer;ILjava/lang/String;)Lorg/bytedeco/llvm/LLVM/LLVMValueRef;+0
j  MyLLVMIRVisitor.visitExp(LSysYParser$ExpContext;)Lorg/bytedeco/llvm/LLVM/LLVMValueRef;+431
j  MyLLVMIRVisitor.visitStmt(LSysYParser$StmtContext;)Lorg/bytedeco/llvm/LLVM/LLVMValueRef;+19
j  MyLLVMIRVisitor.visitStmt(LSysYParser$StmtContext;)Ljava/lang/Object;+2
j  SysYParser$StmtContext.accept(Lorg/antlr/v4/runtime/tree/ParseTreeVisitor;)Ljava/lang/Object;+12
j  org.antlr.v4.runtime.tree.AbstractParseTreeVisitor.visitChildren(Lorg/antlr/v4/runtime/tree/RuleNode;)Ljava/lang/Object;+46
j  SysYParserBaseVisitor.visitBlockItem(LSysYParser$BlockItemContext;)Ljava/lang/Object;+2
j  SysYParser$BlockItemContext.accept(Lorg/antlr/v4/runtime/tree/ParseTreeVisitor;)Ljava/lang/Object;+12
j  org.antlr.v4.runtime.tree.AbstractParseTreeVisitor.visitChildren(Lorg/antlr/v4/runtime/tree/RuleNode;)Ljava/lang/Object;+46
j  SysYParserBaseVisitor.visitBlock(LSysYParser$BlockContext;)Ljava/lang/Object;+2
j  SysYParser$BlockContext.accept(Lorg/antlr/v4/runtime/tree/ParseTreeVisitor;)Ljava/lang/Object;+12
j  org.antlr.v4.runtime.tree.AbstractParseTreeVisitor.visitChildren(Lorg/antlr/v4/runtime/tree/RuleNode;)Ljava/lang/Object;+46
j  SysYParserBaseVisitor.visitFuncDef(LSysYParser$FuncDefContext;)Ljava/lang/Object;+2
j  MyLLVMIRVisitor.visitFuncDef(LSysYParser$FuncDefContext;)Lorg/bytedeco/llvm/LLVM/LLVMValueRef;+263
j  MyLLVMIRVisitor.visitFuncDef(LSysYParser$FuncDefContext;)Ljava/lang/Object;+2
j  SysYParser$FuncDefContext.accept(Lorg/antlr/v4/runtime/tree/ParseTreeVisitor;)Ljava/lang/Object;+12
j  org.antlr.v4.runtime.tree.AbstractParseTreeVisitor.visitChildren(Lorg/antlr/v4/runtime/tree/RuleNode;)Ljava/lang/Object;+46
j  SysYParserBaseVisitor.visitCompUnit(LSysYParser$CompUnitContext;)Ljava/lang/Object;+2
j  SysYParser$CompUnitContext.accept(Lorg/antlr/v4/runtime/tree/ParseTreeVisitor;)Ljava/lang/Object;+12
j  org.antlr.v4.runtime.tree.AbstractParseTreeVisitor.visitChildren(Lorg/antlr/v4/runtime/tree/RuleNode;)Ljava/lang/Object;+46
j  SysYParserBaseVisitor.visitProgram(LSysYParser$ProgramContext;)Ljava/lang/Object;+2
j  MyLLVMIRVisitor.visitProgram(LSysYParser$ProgramContext;)Lorg/bytedeco/llvm/LLVM/LLVMValueRef;+2
j  MyLLVMIRVisitor.visitProgram(LSysYParser$ProgramContext;)Ljava/lang/Object;+2
j  SysYParser$ProgramContext.accept(Lorg/antlr/v4/runtime/tree/ParseTreeVisitor;)Ljava/lang/Object;+12
j  org.antlr.v4.runtime.tree.AbstractParseTreeVisitor.visit(Lorg/antlr/v4/runtime/tree/ParseTree;)Ljava/lang/Object;+2
j  Main.main([Ljava/lang/String;)V+220
v  ~StubRoutines::call_stub

siginfo: si_signo: 11 (SIGSEGV), si_code: 1 (SEGV_MAPERR), si_addr: 0x0000000000000000

Register to memory mapping:

RAX=0x0000000000000001 is an unknown value
RBX=0x00007fe4f42f6700 points into unknown readable memory: 0x00007fe4f42f6710 | 10 67 2f f4 e4 7f 00 00
RCX=0x0 is NULL
RDX=0x00007fe4f43241f0 points into unknown readable memory: 0x0000000000000000 | 00 00 00 00 00 00 00 00
RSP=0x00007fe4fc1bcc80 is pointing into the stack for thread: 0x00007fe4f4017000
RBP=0x00007fe4fc1bcce0 is pointing into the stack for thread: 0x00007fe4f4017000
RSI=0x0 is NULL
RDI=0x00007fe4f4324210 points into unknown readable memory: 0x564c4c5f6d766c6c | 6c 6c 76 6d 5f 4c 4c 56
R8 =0x0000000000000002 is an unknown value
R9 =0x0 is NULL
R10=0x000000000000000d is an unknown value
R11=0x0 is NULL
R12=0x00007fe4f4324210 points into unknown readable memory: 0x564c4c5f6d766c6c | 6c 6c 76 6d 5f 4c 4c 56
R13=0x00007fe4f431c3c8 points into unknown readable memory: 0x00007fe4f4306d70 | 70 6d 30 f4 e4 7f 00 00
R14=0x0 is NULL
R15=0x0 is NULL


Registers:
RAX=0x0000000000000001, RBX=0x00007fe4f42f6700, RCX=0x0000000000000000, RDX=0x00007fe4f43241f0
RSP=0x00007fe4fc1bcc80, RBP=0x00007fe4fc1bcce0, RSI=0x0000000000000000, RDI=0x00007fe4f4324210
R8 =0x0000000000000002, R9 =0x0000000000000000, R10=0x000000000000000d, R11=0x0000000000000000
R12=0x00007fe4f4324210, R13=0x00007fe4f431c3c8, R14=0x0000000000000000, R15=0x0000000000000000
RIP=0x00007fe49615c178, EFLAGS=0x0000000000010246, CSGSFS=0x002b000000000033, ERR=0x0000000000000004
  TRAPNO=0x000000000000000e

Top of Stack: (sp=0x00007fe4fc1bcc80)
0x00007fe4fc1bcc80:   00007fe4f42f6828 00007fe4f4324720
0x00007fe4fc1bcc90:   0000000000000001 0000000000000000
0x00007fe4fc1bcca0:   0000000000000001 00007fe4f4324850
0x00007fe4fc1bccb0:   00007fe4f4324850 00007fe4f4017000 

Instructions: (pc=0x00007fe49615c178)
0x00007fe49615c078:   50 03 4c 8b 5b 70 b9 01 01 00 00 48 8b 6b 68 45
0x00007fe49615c088:   89 c1 66 89 8c 24 80 00 00 00 4c 89 d9 48 c1 e1
0x00007fe49615c098:   05 48 01 e9 48 39 e9 0f 84 7b 02 00 00 48 89 ea
0x00007fe49615c0a8:   31 f6 66 0f 1f 44 00 00 48 8b 42 10 48 2b 42 08
0x00007fe49615c0b8:   48 83 c2 20 48 c1 f8 03 01 c6 48 39 d1 75 e9 41
0x00007fe49615c0c8:   83 c0 01 44 89 da bf 50 00 00 00 49 89 ee 44 01
0x00007fe49615c0d8:   c6 c1 e2 04 4c 89 4c 24 28 48 89 4c 24 20 4c 89
0x00007fe49615c0e8:   5c 24 18 44 89 44 24 10 e8 ab d3 12 00 4c 8b 4c
0x00007fe49615c0f8:   24 28 48 89 ee 31 ff 4c 8b 5c 24 18 48 8b 4c 24
0x00007fe49615c108:   20 49 89 c4 44 8b 44 24 10 4c 89 c8 4d 89 df 66
0x00007fe49615c118:   0f 1f 84 00 00 00 00 00 48 8b 56 10 48 2b 56 08
0x00007fe49615c128:   48 83 c6 20 48 c1 fa 03 01 d7 48 39 f1 75 e9 41
0x00007fe49615c138:   01 f8 31 f6 0f 1f 40 00 48 8b 55 10 48 2b 55 08
0x00007fe49615c148:   48 83 c5 20 48 c1 fa 03 01 d6 48 39 e9 75 e9 49
0x00007fe49615c158:   01 f1 49 8b 75 10 49 c1 e1 05 4c 89 e2 4c 89 e7
0x00007fe49615c168:   4c 29 ca 45 31 c9 48 89 44 24 10 48 8d 6c 24 60
0x00007fe49615c178:   48 8b 36 48 8d 4a e0 ba 38 00 00 00 e8 27 88 08
0x00007fe49615c188:   00 49 89 e9 4c 89 ee 4c 89 e7 49 c7 44 24 40 00
0x00007fe49615c198:   00 00 00 41 57 41 56 48 8b 44 24 20 48 8b 4c 24
0x00007fe49615c1a8:   18 48 8b 54 24 10 49 89 c0 e8 1a dc 08 00 80 7b
0x00007fe49615c1b8:   64 00 58 5a 0f 85 06 01 00 00 41 0f b6 44 24 10
0x00007fe49615c1c8:   3c 19 0f 86 37 01 00 00 83 e8 1a 83 e8 0c 83 f8
0x00007fe49615c1d8:   2d 77 62 48 8d 15 e2 d0 6c 03 48 63 04 82 48 01
0x00007fe49615c1e8:   d0 ff e0 0f 1f 44 00 00 49 8b 14 24 0f b6 42 08
0x00007fe49615c1f8:   3c 11 0f 84 a0 00 00 00 0f b6 c8 83 e9 12 83 f9
0x00007fe49615c208:   01 77 0b 48 8b 42 10 48 8b 00 0f b6 40 08 3c 06
0x00007fe49615c218:   77 23 48 8b 53 58 8b 6b 60 48 85 d2 74 0d be 03
0x00007fe49615c228:   00 00 00 4c 89 e7 e8 0d dc 0d 00 89 ee 4c 89 e7
0x00007fe49615c238:   e8 53 8f 08 00 48 8b 7b 50 48 8b 4b 30 48 8d 54
0x00007fe49615c248:   24 30 4c 89 e6 4c 8b 43 38 48 8b 07 ff 50 10 8b
0x00007fe49615c258:   6b 08 48 8b 03 48 c1 e5 04 48 89 c3 48 01 c5 48
0x00007fe49615c268:   39 e8 74 1b 0f 1f 40 00 48 8b 53 08 8b 33 4c 89 


Stack slot to memory mapping:
stack at sp + 0 slots: 0x00007fe4f42f6828 points into unknown readable memory: 0x00007fe4f431f110 | 10 f1 31 f4 e4 7f 00 00
stack at sp + 1 slots: 0x00007fe4f4324720 points into unknown readable memory: 0x00007fe4f4324390 | 90 43 32 f4 e4 7f 00 00
stack at sp + 2 slots: 0x0000000000000001 is an unknown value
stack at sp + 3 slots: 0x0 is NULL
stack at sp + 4 slots: 0x0000000000000001 is an unknown value
stack at sp + 5 slots: 0x00007fe4f4324850 points into unknown readable memory: 0x0000006f6c6c6568 | 68 65 6c 6c 6f 00 00 00
stack at sp + 6 slots: 0x00007fe4f4324850 points into unknown readable memory: 0x0000006f6c6c6568 | 68 65 6c 6c 6f 00 00 00
stack at sp + 7 slots: 0x00007fe4f4017000 is a thread


---------------  P R O C E S S  ---------------

Threads class SMR info:
_java_thread_list=0x00007fe4f42316d0, length=10, elements={
0x00007fe4f4017000, 0x00007fe4f40b8000, 0x00007fe4f40ba000, 0x00007fe4f40bf800,
0x00007fe4f40c2000, 0x00007fe4f40c4000, 0x00007fe4f40c6000, 0x00007fe4f40c8000,
0x00007fe4f4113000, 0x00007fe4f424b800
}

Java Threads: ( => current thread )
=>0x00007fe4f4017000 JavaThread "main" [_thread_in_native, id=15894, stack(0x00007fe4fc0be000,0x00007fe4fc1bf000)]
  0x00007fe4f40b8000 JavaThread "Reference Handler" daemon [_thread_blocked, id=15901, stack(0x00007fe4d50f2000,0x00007fe4d51f3000)]
  0x00007fe4f40ba000 JavaThread "Finalizer" daemon [_thread_blocked, id=15902, stack(0x00007fe4d4ff1000,0x00007fe4d50f2000)]
  0x00007fe4f40bf800 JavaThread "Signal Dispatcher" daemon [_thread_blocked, id=15903, stack(0x00007fe4d4a5c000,0x00007fe4d4b5d000)]
  0x00007fe4f40c2000 JavaThread "Service Thread" daemon [_thread_blocked, id=15904, stack(0x00007fe4d495b000,0x00007fe4d4a5c000)]
  0x00007fe4f40c4000 JavaThread "C2 CompilerThread0" daemon [_thread_blocked, id=15905, stack(0x00007fe4d485a000,0x00007fe4d495b000)]
  0x00007fe4f40c6000 JavaThread "C1 CompilerThread0" daemon [_thread_blocked, id=15906, stack(0x00007fe4d4759000,0x00007fe4d485a000)]
  0x00007fe4f40c8000 JavaThread "Sweeper thread" daemon [_thread_blocked, id=15907, stack(0x00007fe4d4658000,0x00007fe4d4759000)]
  0x00007fe4f4113000 JavaThread "Common-Cleaner" daemon [_thread_blocked, id=15909, stack(0x00007fe4d4455000,0x00007fe4d4556000)]
  0x00007fe4f424b800 JavaThread "JavaCPP Deallocator" daemon [_thread_blocked, id=15911, stack(0x00007fe4cddfd000,0x00007fe4cdefe000)]

Other Threads:
  0x00007fe4f40b5000 VMThread "VM Thread" [stack: 0x00007fe4d51f5000,0x00007fe4d52f5000] [id=15900]
  0x00007fe4f4111000 WatcherThread [stack: 0x00007fe4d4558000,0x00007fe4d4658000] [id=15908]
  0x00007fe4f402f000 GCTaskThread "GC Thread#0" [stack: 0x00007fe4f8069000,0x00007fe4f8169000] [id=15895]
  0x00007fe4c0001000 GCTaskThread "GC Thread#1" [stack: 0x00007fe4cdf00000,0x00007fe4ce000000] [id=15910]
  0x00007fe4f404a000 ConcurrentGCThread "G1 Main Marker" [stack: 0x00007fe4d6080000,0x00007fe4d6180000] [id=15896]
  0x00007fe4f404c000 ConcurrentGCThread "G1 Conc#0" [stack: 0x00007fe4d5f7e000,0x00007fe4d607e000] [id=15897]
  0x00007fe4f4087000 ConcurrentGCThread "G1 Refine#0" [stack: 0x00007fe4d5c7a000,0x00007fe4d5d7a000] [id=15898]
  0x00007fe4f4089000 ConcurrentGCThread "G1 Young RemSet Sampling" [stack: 0x00007fe4d5b78000,0x00007fe4d5c78000] [id=15899]

Threads with active compile tasks:

VM state:not at safepoint (normal execution)

VM Mutex/Monitor currently owned by a thread: None

Heap address: 0x00000000c3000000, size: 976 MB, Compressed Oops mode: 32-bit
Narrow klass base: 0x0000000800000000, Narrow klass shift: 3
Compressed class space size: 1073741824 Address: 0x0000000840000000

Heap:
 garbage-first heap   total 65536K, used 6379K [0x00000000c3000000, 0x0000000100000000)
  region size 1024K, 6 young (6144K), 1 survivors (1024K)
 Metaspace       used 3891K, capacity 6722K, committed 6912K, reserved 1056768K
  class space    used 430K, capacity 733K, committed 768K, reserved 1048576K
Heap Regions: E=young(eden), S=young(survivor), O=old, HS=humongous(starts), HC=humongous(continues), CS=collection set, F=free, A=archive, TAMS=top-at-mark-start (previous, next)
|   0|0x00000000c3000000, 0x00000000c3088c00, 0x00000000c3100000| 53%| O|  |TAMS 0x00000000c3000000, 0x00000000c3000000| Untracked 
|   1|0x00000000c3100000, 0x00000000c3100000, 0x00000000c3200000|  0%| F|  |TAMS 0x00000000c3100000, 0x00000000c3100000| Untracked 
|   2|0x00000000c3200000, 0x00000000c3200000, 0x00000000c3300000|  0%| F|  |TAMS 0x00000000c3200000, 0x00000000c3200000| Untracked 
|   3|0x00000000c3300000, 0x00000000c3300000, 0x00000000c3400000|  0%| F|  |TAMS 0x00000000c3300000, 0x00000000c3300000| Untracked 
|   4|0x00000000c3400000, 0x00000000c3400000, 0x00000000c3500000|  0%| F|  |TAMS 0x00000000c3400000, 0x00000000c3400000| Untracked 
|   5|0x00000000c3500000, 0x00000000c3500000, 0x00000000c3600000|  0%| F|  |TAMS 0x00000000c3500000, 0x00000000c3500000| Untracked 
|   6|0x00000000c3600000, 0x00000000c3600000, 0x00000000c3700000|  0%| F|  |TAMS 0x00000000c3600000, 0x00000000c3600000| Untracked 
|   7|0x00000000c3700000, 0x00000000c3700000, 0x00000000c3800000|  0%| F|  |TAMS 0x00000000c3700000, 0x00000000c3700000| Untracked 
|   8|0x00000000c3800000, 0x00000000c3800000, 0x00000000c3900000|  0%| F|  |TAMS 0x00000000c3800000, 0x00000000c3800000| Untracked 
|   9|0x00000000c3900000, 0x00000000c3900000, 0x00000000c3a00000|  0%| F|  |TAMS 0x00000000c3900000, 0x00000000c3900000| Untracked 
|  10|0x00000000c3a00000, 0x00000000c3a00000, 0x00000000c3b00000|  0%| F|  |TAMS 0x00000000c3a00000, 0x00000000c3a00000| Untracked 
|  11|0x00000000c3b00000, 0x00000000c3b00000, 0x00000000c3c00000|  0%| F|  |TAMS 0x00000000c3b00000, 0x00000000c3b00000| Untracked 
|  12|0x00000000c3c00000, 0x00000000c3c00000, 0x00000000c3d00000|  0%| F|  |TAMS 0x00000000c3c00000, 0x00000000c3c00000| Untracked 
|  13|0x00000000c3d00000, 0x00000000c3d00000, 0x00000000c3e00000|  0%| F|  |TAMS 0x00000000c3d00000, 0x00000000c3d00000| Untracked 
|  14|0x00000000c3e00000, 0x00000000c3e00000, 0x00000000c3f00000|  0%| F|  |TAMS 0x00000000c3e00000, 0x00000000c3e00000| Untracked 
|  15|0x00000000c3f00000, 0x00000000c3f00000, 0x00000000c4000000|  0%| F|  |TAMS 0x00000000c3f00000, 0x00000000c3f00000| Untracked 
|  16|0x00000000c4000000, 0x00000000c4000000, 0x00000000c4100000|  0%| F|  |TAMS 0x00000000c4000000, 0x00000000c4000000| Untracked 
|  17|0x00000000c4100000, 0x00000000c4100000, 0x00000000c4200000|  0%| F|  |TAMS 0x00000000c4100000, 0x00000000c4100000| Untracked 
|  18|0x00000000c4200000, 0x00000000c4200000, 0x00000000c4300000|  0%| F|  |TAMS 0x00000000c4200000, 0x00000000c4200000| Untracked 
|  19|0x00000000c4300000, 0x00000000c4300000, 0x00000000c4400000|  0%| F|  |TAMS 0x00000000c4300000, 0x00000000c4300000| Untracked 
|  20|0x00000000c4400000, 0x00000000c4400000, 0x00000000c4500000|  0%| F|  |TAMS 0x00000000c4400000, 0x00000000c4400000| Untracked 
|  21|0x00000000c4500000, 0x00000000c4500000, 0x00000000c4600000|  0%| F|  |TAMS 0x00000000c4500000, 0x00000000c4500000| Untracked 
|  22|0x00000000c4600000, 0x00000000c4600000, 0x00000000c4700000|  0%| F|  |TAMS 0x00000000c4600000, 0x00000000c4600000| Untracked 
|  23|0x00000000c4700000, 0x00000000c4700000, 0x00000000c4800000|  0%| F|  |TAMS 0x00000000c4700000, 0x00000000c4700000| Untracked 
|  24|0x00000000c4800000, 0x00000000c4800000, 0x00000000c4900000|  0%| F|  |TAMS 0x00000000c4800000, 0x00000000c4800000| Untracked 
|  25|0x00000000c4900000, 0x00000000c4900000, 0x00000000c4a00000|  0%| F|  |TAMS 0x00000000c4900000, 0x00000000c4900000| Untracked 
|  26|0x00000000c4a00000, 0x00000000c4a00000, 0x00000000c4b00000|  0%| F|  |TAMS 0x00000000c4a00000, 0x00000000c4a00000| Untracked 
|  27|0x00000000c4b00000, 0x00000000c4b00000, 0x00000000c4c00000|  0%| F|  |TAMS 0x00000000c4b00000, 0x00000000c4b00000| Untracked 
|  28|0x00000000c4c00000, 0x00000000c4c00000, 0x00000000c4d00000|  0%| F|  |TAMS 0x00000000c4c00000, 0x00000000c4c00000| Untracked 
|  29|0x00000000c4d00000, 0x00000000c4d00000, 0x00000000c4e00000|  0%| F|  |TAMS 0x00000000c4d00000, 0x00000000c4d00000| Untracked 
|  30|0x00000000c4e00000, 0x00000000c4e00000, 0x00000000c4f00000|  0%| F|  |TAMS 0x00000000c4e00000, 0x00000000c4e00000| Untracked 
|  31|0x00000000c4f00000, 0x00000000c4f00000, 0x00000000c5000000|  0%| F|  |TAMS 0x00000000c4f00000, 0x00000000c4f00000| Untracked 
|  32|0x00000000c5000000, 0x00000000c5000000, 0x00000000c5100000|  0%| F|  |TAMS 0x00000000c5000000, 0x00000000c5000000| Untracked 
|  33|0x00000000c5100000, 0x00000000c5100000, 0x00000000c5200000|  0%| F|  |TAMS 0x00000000c5100000, 0x00000000c5100000| Untracked 
|  34|0x00000000c5200000, 0x00000000c5200000, 0x00000000c5300000|  0%| F|  |TAMS 0x00000000c5200000, 0x00000000c5200000| Untracked 
|  35|0x00000000c5300000, 0x00000000c5300000, 0x00000000c5400000|  0%| F|  |TAMS 0x00000000c5300000, 0x00000000c5300000| Untracked 
|  36|0x00000000c5400000, 0x00000000c5400000, 0x00000000c5500000|  0%| F|  |TAMS 0x00000000c5400000, 0x00000000c5400000| Untracked 
|  37|0x00000000c5500000, 0x00000000c5500000, 0x00000000c5600000|  0%| F|  |TAMS 0x00000000c5500000, 0x00000000c5500000| Untracked 
|  38|0x00000000c5600000, 0x00000000c5600000, 0x00000000c5700000|  0%| F|  |TAMS 0x00000000c5600000, 0x00000000c5600000| Untracked 
|  39|0x00000000c5700000, 0x00000000c5700000, 0x00000000c5800000|  0%| F|  |TAMS 0x00000000c5700000, 0x00000000c5700000| Untracked 
|  40|0x00000000c5800000, 0x00000000c5800000, 0x00000000c5900000|  0%| F|  |TAMS 0x00000000c5800000, 0x00000000c5800000| Untracked 
|  41|0x00000000c5900000, 0x00000000c5900000, 0x00000000c5a00000|  0%| F|  |TAMS 0x00000000c5900000, 0x00000000c5900000| Untracked 
|  42|0x00000000c5a00000, 0x00000000c5a00000, 0x00000000c5b00000|  0%| F|  |TAMS 0x00000000c5a00000, 0x00000000c5a00000| Untracked 
|  43|0x00000000c5b00000, 0x00000000c5b00000, 0x00000000c5c00000|  0%| F|  |TAMS 0x00000000c5b00000, 0x00000000c5b00000| Untracked 
|  44|0x00000000c5c00000, 0x00000000c5c00000, 0x00000000c5d00000|  0%| F|  |TAMS 0x00000000c5c00000, 0x00000000c5c00000| Untracked 
|  45|0x00000000c5d00000, 0x00000000c5d00000, 0x00000000c5e00000|  0%| F|  |TAMS 0x00000000c5d00000, 0x00000000c5d00000| Untracked 
|  46|0x00000000c5e00000, 0x00000000c5e00000, 0x00000000c5f00000|  0%| F|  |TAMS 0x00000000c5e00000, 0x00000000c5e00000| Untracked 
|  47|0x00000000c5f00000, 0x00000000c5f00000, 0x00000000c6000000|  0%| F|  |TAMS 0x00000000c5f00000, 0x00000000c5f00000| Untracked 
|  48|0x00000000c6000000, 0x00000000c6000000, 0x00000000c6100000|  0%| F|  |TAMS 0x00000000c6000000, 0x00000000c6000000| Untracked 
|  49|0x00000000c6100000, 0x00000000c6100000, 0x00000000c6200000|  0%| F|  |TAMS 0x00000000c6100000, 0x00000000c6100000| Untracked 
|  50|0x00000000c6200000, 0x00000000c6200000, 0x00000000c6300000|  0%| F|  |TAMS 0x00000000c6200000, 0x00000000c6200000| Untracked 
|  51|0x00000000c6300000, 0x00000000c6300000, 0x00000000c6400000|  0%| F|  |TAMS 0x00000000c6300000, 0x00000000c6300000| Untracked 
|  52|0x00000000c6400000, 0x00000000c6400000, 0x00000000c6500000|  0%| F|  |TAMS 0x00000000c6400000, 0x00000000c6400000| Untracked 
|  53|0x00000000c6500000, 0x00000000c6500000, 0x00000000c6600000|  0%| F|  |TAMS 0x00000000c6500000, 0x00000000c6500000| Untracked 
|  54|0x00000000c6600000, 0x00000000c6700000, 0x00000000c6700000|100%| S|CS|TAMS 0x00000000c6600000, 0x00000000c6600000| Complete 
|  55|0x00000000c6700000, 0x00000000c6700000, 0x00000000c6800000|  0%| F|  |TAMS 0x00000000c6700000, 0x00000000c6700000| Untracked 
|  56|0x00000000c6800000, 0x00000000c6800000, 0x00000000c6900000|  0%| F|  |TAMS 0x00000000c6800000, 0x00000000c6800000| Untracked 
|  57|0x00000000c6900000, 0x00000000c6a00000, 0x00000000c6a00000|100%| E|  |TAMS 0x00000000c6900000, 0x00000000c6900000| Complete 
|  58|0x00000000c6a00000, 0x00000000c6b00000, 0x00000000c6b00000|100%| E|CS|TAMS 0x00000000c6a00000, 0x00000000c6a00000| Complete 
|  59|0x00000000c6b00000, 0x00000000c6c00000, 0x00000000c6c00000|100%| E|CS|TAMS 0x00000000c6b00000, 0x00000000c6b00000| Complete 
|  60|0x00000000c6c00000, 0x00000000c6d00000, 0x00000000c6d00000|100%| E|CS|TAMS 0x00000000c6c00000, 0x00000000c6c00000| Complete 
|  61|0x00000000c6d00000, 0x00000000c6e00000, 0x00000000c6e00000|100%| E|CS|TAMS 0x00000000c6d00000, 0x00000000c6d00000| Complete 
| 974|0x00000000ffe00000, 0x00000000ffe47000, 0x00000000fff00000| 27%|OA|  |TAMS 0x00000000ffe00000, 0x00000000ffe00000| Untracked 
| 975|0x00000000fff00000, 0x00000000fff6b000, 0x0000000100000000| 41%|CA|  |TAMS 0x00000000fff00000, 0x00000000fff00000| Untracked 

Card table byte_map: [0x00007fe4dc223000,0x00007fe4dc40b000] _byte_map_base: 0x00007fe4dbc0b000

Marking Bits (Prev, Next): (CMBitMap*) 0x00007fe4f4045388, (CMBitMap*) 0x00007fe4f40453c0
 Prev Bits: [0x00007fe4d70c0000, 0x00007fe4d8000000)
 Next Bits: [0x00007fe4d6180000, 0x00007fe4d70c0000)

Polling page: 0x00007fe4fc1d4000

Metaspace:

Usage:
  Non-class:      5.85 MB capacity,     3.38 MB ( 58%) used,     2.46 MB ( 42%) free+waste,    11.31 KB ( <1%) overhead. 
      Class:    733.00 KB capacity,   430.33 KB ( 59%) used,   296.55 KB ( 40%) free+waste,     6.12 KB ( <1%) overhead. 
       Both:      6.56 MB capacity,     3.80 MB ( 58%) used,     2.75 MB ( 42%) free+waste,    17.44 KB ( <1%) overhead. 

Virtual space:
  Non-class space:        8.00 MB reserved,       6.00 MB ( 75%) committed 
      Class space:        1.00 GB reserved,     768.00 KB ( <1%) committed 
             Both:        1.01 GB reserved,       6.75 MB ( <1%) committed 

Chunk freelists:
   Non-Class:  3.00 KB
       Class:  3.00 KB
        Both:  6.00 KB

MaxMetaspaceSize: unlimited
CompressedClassSpaceSize: 1.00 GB
Initial GC threshold: 20.80 MB
Current GC threshold: 20.80 MB
CDS: on

CodeHeap 'non-profiled nmethods': size=120036Kb used=253Kb max_used=253Kb free=119782Kb
 bounds [0x00007fe4e42bc000, 0x00007fe4e452c000, 0x00007fe4eb7f5000]
CodeHeap 'profiled nmethods': size=120032Kb used=1626Kb max_used=1626Kb free=118406Kb
 bounds [0x00007fe4dcd84000, 0x00007fe4dcff4000, 0x00007fe4e42bc000]
CodeHeap 'non-nmethods': size=5692Kb used=1153Kb max_used=1167Kb free=4538Kb
 bounds [0x00007fe4dc7f5000, 0x00007fe4dca65000, 0x00007fe4dcd84000]
 total_blobs=1293 nmethods=878 adapters=329
 compilation: enabled
              stopped_count=0, restarted_count=0
 full_count=0

Compilation events (20 events):
Event: 0.750 Thread 0x00007fe4f40c6000  864       3       java.lang.AbstractStringBuilder::append (33 bytes)
Event: 0.751 Thread 0x00007fe4f40c6000 nmethod 864 0x00007fe4dcf13b90 code [0x00007fe4dcf13d60, 0x00007fe4dcf13f60]
Event: 0.751 Thread 0x00007fe4f40c6000  865       3       java.lang.invoke.InvokerBytecodeGenerator::storeInsnOpcode (86 bytes)
Event: 0.752 Thread 0x00007fe4f40c6000 nmethod 865 0x00007fe4dcf14090 code [0x00007fe4dcf14320, 0x00007fe4dcf14e50]
Event: 0.752 Thread 0x00007fe4f40c6000  867       3       java.lang.invoke.MethodTypeForm::canonicalizeAll (66 bytes)
Event: 0.752 Thread 0x00007fe4f40c6000 nmethod 867 0x00007fe4dcf15210 code [0x00007fe4dcf15420, 0x00007fe4dcf15a90]
Event: 0.752 Thread 0x00007fe4f40c6000  869       3       java.lang.invoke.LambdaForm::lastUseIndex (76 bytes)
Event: 0.752 Thread 0x00007fe4f40c6000 nmethod 869 0x00007fe4dcf15c90 code [0x00007fe4dcf15e60, 0x00007fe4dcf16180]
Event: 0.752 Thread 0x00007fe4f40c6000  872       3       java.lang.invoke.LambdaFormBuffer::indexOf (33 bytes)
Event: 0.752 Thread 0x00007fe4f40c4000  873       4       java.util.concurrent.ConcurrentHashMap::get (162 bytes)
Event: 0.753 Thread 0x00007fe4f40c6000 nmethod 872 0x00007fe4dcf16310 code [0x00007fe4dcf164e0, 0x00007fe4dcf16890]
Event: 0.753 Thread 0x00007fe4f40c6000  868       3       java.lang.invoke.LambdaForm$Name::withConstraint (20 bytes)
Event: 0.753 Thread 0x00007fe4f40c6000 nmethod 868 0x00007fe4dcf16990 code [0x00007fe4dcf16b60, 0x00007fe4dcf16d80]
Event: 0.753 Thread 0x00007fe4f40c6000  866       3       java.lang.invoke.LambdaForm$Name::cloneWithIndex (47 bytes)
Event: 0.753 Thread 0x00007fe4f40c6000 nmethod 866 0x00007fe4dcf16e90 code [0x00007fe4dcf17080, 0x00007fe4dcf17600]
Event: 0.753 Thread 0x00007fe4f40c6000  870       3       java.lang.invoke.MethodHandle::<init> (37 bytes)
Event: 0.753 Thread 0x00007fe4f40c6000 nmethod 870 0x00007fe4dcf17790 code [0x00007fe4dcf179a0, 0x00007fe4dcf17f30]
Event: 0.753 Thread 0x00007fe4f40c6000  871       3       java.lang.invoke.LambdaForm::prepare (112 bytes)
Event: 0.754 Thread 0x00007fe4f40c6000 nmethod 871 0x00007fe4dcf18190 code [0x00007fe4dcf183c0, 0x00007fe4dcf189b0]
Event: 0.756 Thread 0x00007fe4f40c4000 nmethod 873 0x00007fe4e42fa490 code [0x00007fe4e42fa640, 0x00007fe4e42fa918]

GC Heap History (2 events):
Event: 0.479 GC heap before
{Heap before GC invocations=0 (full 0):
 garbage-first heap   total 65536K, used 7880K [0x00000000c3000000, 0x0000000100000000)
  region size 1024K, 7 young (7168K), 0 survivors (0K)
 Metaspace       used 2916K, capacity 6259K, committed 6528K, reserved 1056768K
  class space    used 280K, capacity 620K, committed 640K, reserved 1048576K
}
Event: 0.487 GC heap after
{Heap after GC invocations=1 (full 0):
 garbage-first heap   total 65536K, used 2283K [0x00000000c3000000, 0x0000000100000000)
  region size 1024K, 1 young (1024K), 1 survivors (1024K)
 Metaspace       used 2916K, capacity 6259K, committed 6528K, reserved 1056768K
  class space    used 280K, capacity 620K, committed 640K, reserved 1048576K
}

Deoptimization events (20 events):
Event: 0.471 Thread 0x00007fe4f4017000 DEOPT PACKING pc=0x00007fe4e42cf68c sp=0x00007fe4fc1bc3f0
Event: 0.471 Thread 0x00007fe4f4017000 DEOPT UNPACKING pc=0x00007fe4dc83eea5 sp=0x00007fe4fc1bc370 mode 2
Event: 0.471 Thread 0x00007fe4f4017000 Uncommon trap: trap_request=0xffffffbe fr.pc=0x00007fe4e42cf68c relative=0x00000000000003cc
Event: 0.471 Thread 0x00007fe4f4017000 Uncommon trap: reason=profile_predicate action=maybe_recompile pc=0x00007fe4e42cf68c method=java.lang.StringLatin1.indexOf([BI[BII)I @ 18 c2
Event: 0.471 Thread 0x00007fe4f4017000 DEOPT PACKING pc=0x00007fe4e42cf68c sp=0x00007fe4fc1bc320
Event: 0.471 Thread 0x00007fe4f4017000 DEOPT UNPACKING pc=0x00007fe4dc83eea5 sp=0x00007fe4fc1bc2a0 mode 2
Event: 0.471 Thread 0x00007fe4f4017000 Uncommon trap: trap_request=0xffffffbe fr.pc=0x00007fe4e42cf68c relative=0x00000000000003cc
Event: 0.471 Thread 0x00007fe4f4017000 Uncommon trap: reason=profile_predicate action=maybe_recompile pc=0x00007fe4e42cf68c method=java.lang.StringLatin1.indexOf([BI[BII)I @ 18 c2
Event: 0.471 Thread 0x00007fe4f4017000 DEOPT PACKING pc=0x00007fe4e42cf68c sp=0x00007fe4fc1bc320
Event: 0.471 Thread 0x00007fe4f4017000 DEOPT UNPACKING pc=0x00007fe4dc83eea5 sp=0x00007fe4fc1bc2a0 mode 2
Event: 0.471 Thread 0x00007fe4f4017000 Uncommon trap: trap_request=0xffffffbe fr.pc=0x00007fe4e42cf68c relative=0x00000000000003cc
Event: 0.471 Thread 0x00007fe4f4017000 Uncommon trap: reason=profile_predicate action=maybe_recompile pc=0x00007fe4e42cf68c method=java.lang.StringLatin1.indexOf([BI[BII)I @ 18 c2
Event: 0.471 Thread 0x00007fe4f4017000 DEOPT PACKING pc=0x00007fe4e42cf68c sp=0x00007fe4fc1bc320
Event: 0.471 Thread 0x00007fe4f4017000 DEOPT UNPACKING pc=0x00007fe4dc83eea5 sp=0x00007fe4fc1bc2a0 mode 2
Event: 0.500 Thread 0x00007fe4f4017000 DEOPT PACKING pc=0x00007fe4dcdd0aa4 sp=0x00007fe4fc1b9960
Event: 0.500 Thread 0x00007fe4f4017000 DEOPT UNPACKING pc=0x00007fe4dc83f64a sp=0x00007fe4fc1b8df0 mode 0
Event: 0.541 Thread 0x00007fe4f4017000 DEOPT PACKING pc=0x00007fe4dce81742 sp=0x00007fe4fc1bad70
Event: 0.541 Thread 0x00007fe4f4017000 DEOPT UNPACKING pc=0x00007fe4dc83f64a sp=0x00007fe4fc1ba1f8 mode 0
Event: 0.565 Thread 0x00007fe4f4017000 DEOPT PACKING pc=0x00007fe4dcdcaccf sp=0x00007fe4fc1bc8a0
Event: 0.565 Thread 0x00007fe4f4017000 DEOPT UNPACKING pc=0x00007fe4dc83f64a sp=0x00007fe4fc1bbd48 mode 0

Classes redefined (0 events):
No events

Internal exceptions (20 events):
Event: 0.418 Thread 0x00007fe4f4017000 Exception <a 'java/security/PrivilegedActionException'{0x00000000c689ec48}> (0x00000000c689ec48) thrown at [src/hotspot/share/prims/jvm.cpp, line 1306]
Event: 0.418 Thread 0x00007fe4f4017000 Exception <a 'java/security/PrivilegedActionException'{0x00000000c689ef18}> (0x00000000c689ef18) thrown at [src/hotspot/share/prims/jvm.cpp, line 1306]
Event: 0.418 Thread 0x00007fe4f4017000 Exception <a 'java/security/PrivilegedActionException'{0x00000000c689f888}> (0x00000000c689f888) thrown at [src/hotspot/share/prims/jvm.cpp, line 1306]
Event: 0.418 Thread 0x00007fe4f4017000 Exception <a 'java/security/PrivilegedActionException'{0x00000000c689fb58}> (0x00000000c689fb58) thrown at [src/hotspot/share/prims/jvm.cpp, line 1306]
Event: 0.418 Thread 0x00007fe4f4017000 Exception <a 'java/security/PrivilegedActionException'{0x00000000c68a04e0}> (0x00000000c68a04e0) thrown at [src/hotspot/share/prims/jvm.cpp, line 1306]
Event: 0.418 Thread 0x00007fe4f4017000 Exception <a 'java/security/PrivilegedActionException'{0x00000000c68a07b0}> (0x00000000c68a07b0) thrown at [src/hotspot/share/prims/jvm.cpp, line 1306]
Event: 0.418 Thread 0x00007fe4f4017000 Exception <a 'java/security/PrivilegedActionException'{0x00000000c68a1138}> (0x00000000c68a1138) thrown at [src/hotspot/share/prims/jvm.cpp, line 1306]
Event: 0.418 Thread 0x00007fe4f4017000 Exception <a 'java/security/PrivilegedActionException'{0x00000000c68a1408}> (0x00000000c68a1408) thrown at [src/hotspot/share/prims/jvm.cpp, line 1306]
Event: 0.418 Thread 0x00007fe4f4017000 Exception <a 'java/security/PrivilegedActionException'{0x00000000c68a1d90}> (0x00000000c68a1d90) thrown at [src/hotspot/share/prims/jvm.cpp, line 1306]
Event: 0.419 Thread 0x00007fe4f4017000 Exception <a 'java/security/PrivilegedActionException'{0x00000000c68a2060}> (0x00000000c68a2060) thrown at [src/hotspot/share/prims/jvm.cpp, line 1306]
Event: 0.420 Thread 0x00007fe4f4017000 Exception <a 'java/security/PrivilegedActionException'{0x00000000c68a29d0}> (0x00000000c68a29d0) thrown at [src/hotspot/share/prims/jvm.cpp, line 1306]
Event: 0.420 Thread 0x00007fe4f4017000 Exception <a 'java/security/PrivilegedActionException'{0x00000000c68a2ca0}> (0x00000000c68a2ca0) thrown at [src/hotspot/share/prims/jvm.cpp, line 1306]
Event: 0.420 Thread 0x00007fe4f4017000 Exception <a 'java/security/PrivilegedActionException'{0x00000000c68a3628}> (0x00000000c68a3628) thrown at [src/hotspot/share/prims/jvm.cpp, line 1306]
Event: 0.420 Thread 0x00007fe4f4017000 Exception <a 'java/security/PrivilegedActionException'{0x00000000c68a38f8}> (0x00000000c68a38f8) thrown at [src/hotspot/share/prims/jvm.cpp, line 1306]
Event: 0.421 Thread 0x00007fe4f4017000 Exception <a 'java/security/PrivilegedActionException'{0x00000000c68b16a8}> (0x00000000c68b16a8) thrown at [src/hotspot/share/prims/jvm.cpp, line 1306]
Event: 0.421 Thread 0x00007fe4f4017000 Exception <a 'java/security/PrivilegedActionException'{0x00000000c68b1978}> (0x00000000c68b1978) thrown at [src/hotspot/share/prims/jvm.cpp, line 1306]
Event: 0.459 Thread 0x00007fe4f4017000 Exception <a 'java/lang/NoSuchMethodError'{0x00000000c67ba878}: 'int java.lang.invoke.DirectMethodHandle$Holder.invokeStaticInit(java.lang.Object, java.lang.Object, java.lang.Object, java.lang.Object)'> (0x00000000c67ba878) thrown at [src/hotspot/share/interpreter/linkResolver.cpp, line 773]
Event: 0.461 Thread 0x00007fe4f4017000 Exception <a 'java/lang/IncompatibleClassChangeError'{0x00000000c67c42c8}: Found class java.lang.Object, but interface was expected> (0x00000000c67c42c8) thrown at [src/hotspot/share/interpreter/linkResolver.cpp, line 839]
Event: 0.462 Thread 0x00007fe4f4017000 Exception <a 'java/lang/NoSuchMethodError'{0x00000000c67c7518}: 'void java.lang.invoke.DirectMethodHandle$Holder.invokeStaticInit(java.lang.Object, java.lang.Object)'> (0x00000000c67c7518) thrown at [src/hotspot/share/interpreter/linkResolver.cpp, line 773]
Event: 0.463 Thread 0x00007fe4f4017000 Exception <a 'java/lang/NoSuchMethodError'{0x00000000c67ccfb0}: 'int java.lang.invoke.DirectMethodHandle$Holder.invokeStaticInit(java.lang.Object, java.lang.Object)'> (0x00000000c67ccfb0) thrown at [src/hotspot/share/interpreter/linkResolver.cpp, line 773]

Events (20 events):
Event: 0.738 loading class org/bytedeco/llvm/LLVM/LLVMObjectFileRef
Event: 0.738 loading class org/bytedeco/llvm/LLVM/LLVMObjectFileRef done
Event: 0.739 loading class org/bytedeco/llvm/LLVM/LLVMTargetRef
Event: 0.739 loading class org/bytedeco/llvm/LLVM/LLVMTargetRef done
Event: 0.740 loading class org/bytedeco/llvm/LLVM/LLVMPassManagerBuilderRef
Event: 0.740 loading class org/bytedeco/llvm/LLVM/LLVMPassManagerBuilderRef done
Event: 0.740 loading class org/bytedeco/llvm/LLVM/LLVMPassBuilderOptionsRef
Event: 0.740 loading class org/bytedeco/llvm/LLVM/LLVMPassBuilderOptionsRef done
Event: 0.741 loading class org/bytedeco/llvm/LLVM/Pass
Event: 0.741 loading class org/bytedeco/llvm/LLVM/Pass done
Event: 0.741 loading class org/bytedeco/llvm/LLVM/LLVMNamedMDNodeRef
Event: 0.741 loading class org/bytedeco/llvm/LLVM/LLVMNamedMDNodeRef done
Event: 0.742 loading class org/bytedeco/llvm/LLVM/LLVMUseRef
Event: 0.742 loading class org/bytedeco/llvm/LLVM/LLVMUseRef done
Event: 0.747 loading class org/bytedeco/javacpp/PointerScope
Event: 0.747 loading class org/bytedeco/javacpp/PointerScope done
Event: 0.748 loading class org/bytedeco/javacpp/PointerScope$1
Event: 0.748 loading class org/bytedeco/javacpp/PointerScope$1 done
Event: 0.756 loading class java/lang/invoke/BoundMethodHandle$Species_LLLLLLIIL
Event: 0.756 loading class java/lang/invoke/BoundMethodHandle$Species_LLLLLLIIL done


Dynamic libraries:
c3000000-c6e00000 rw-p 00000000 00:00 0 
c6e00000-ffe00000 ---p 00000000 00:00 0 
ffe00000-ffe47000 rw-p 00b0a000 08:01 926690                             /usr/lib/jvm/java-11-openjdk-amd64/lib/server/classes.jsa
ffe47000-fff00000 rw-p 00000000 00:00 0 
fff00000-fff6b000 rw-p 00a9f000 08:01 926690                             /usr/lib/jvm/java-11-openjdk-amd64/lib/server/classes.jsa
fff6b000-100000000 rw-p 00000000 00:00 0 
800000000-800002000 rwxp 00001000 08:01 926690                           /usr/lib/jvm/java-11-openjdk-amd64/lib/server/classes.jsa
800002000-8003cc000 rw-p 00003000 08:01 926690                           /usr/lib/jvm/java-11-openjdk-amd64/lib/server/classes.jsa
8003cc000-800a9d000 r--p 003cd000 08:01 926690                           /usr/lib/jvm/java-11-openjdk-amd64/lib/server/classes.jsa
800a9d000-800a9e000 rw-p 00a9e000 08:01 926690                           /usr/lib/jvm/java-11-openjdk-amd64/lib/server/classes.jsa
840000000-8400c0000 rw-p 00000000 00:00 0 
8400c0000-880000000 ---p 00000000 00:00 0 
556fef928000-556fef929000 r-xp 00000000 08:01 926076                     /usr/lib/jvm/java-11-openjdk-amd64/bin/java
556fefb29000-556fefb2a000 r--p 00001000 08:01 926076                     /usr/lib/jvm/java-11-openjdk-amd64/bin/java
556fefb2a000-556fefb2b000 rw-p 00002000 08:01 926076                     /usr/lib/jvm/java-11-openjdk-amd64/bin/java
556fefc19000-556fefc3a000 rw-p 00000000 00:00 0                          [heap]
7fe49552c000-7fe495e52000 r--p 00000000 08:01 6297972                    /home/syd/.javacpp/cache/llvm-13.0.1-1.5.7-linux-x86_64.jar/org/bytedeco/llvm/linux-x86_64/libLLVM-13.so
7fe495e52000-7fe499815000 r-xp 00926000 08:01 6297972                    /home/syd/.javacpp/cache/llvm-13.0.1-1.5.7-linux-x86_64.jar/org/bytedeco/llvm/linux-x86_64/libLLVM-13.so
7fe499815000-7fe49ba6a000 r--p 042e9000 08:01 6297972                    /home/syd/.javacpp/cache/llvm-13.0.1-1.5.7-linux-x86_64.jar/org/bytedeco/llvm/linux-x86_64/libLLVM-13.so
7fe49ba6a000-7fe49bf7f000 r--p 0653d000 08:01 6297972                    /home/syd/.javacpp/cache/llvm-13.0.1-1.5.7-linux-x86_64.jar/org/bytedeco/llvm/linux-x86_64/libLLVM-13.so
7fe49bf7f000-7fe49bf8a000 rw-p 06a52000 08:01 6297972                    /home/syd/.javacpp/cache/llvm-13.0.1-1.5.7-linux-x86_64.jar/org/bytedeco/llvm/linux-x86_64/libLLVM-13.so
7fe49bf8a000-7fe49c000000 rw-p 00000000 00:00 0 
7fe49c000000-7fe49c021000 rw-p 00000000 00:00 0 
7fe49c021000-7fe4a0000000 ---p 00000000 00:00 0 
7fe4a0000000-7fe4a0021000 rw-p 00000000 00:00 0 
7fe4a0021000-7fe4a4000000 ---p 00000000 00:00 0 
7fe4a4000000-7fe4a4267000 rw-p 00000000 00:00 0 
7fe4a4267000-7fe4a8000000 ---p 00000000 00:00 0 
7fe4a8000000-7fe4a851b000 rw-p 00000000 00:00 0 
7fe4a851b000-7fe4ac000000 ---p 00000000 00:00 0 
7fe4ac000000-7fe4ac021000 rw-p 00000000 00:00 0 
7fe4ac021000-7fe4b0000000 ---p 00000000 00:00 0 
7fe4b0000000-7fe4b0021000 rw-p 00000000 00:00 0 
7fe4b0021000-7fe4b4000000 ---p 00000000 00:00 0 
7fe4b4000000-7fe4b4021000 rw-p 00000000 00:00 0 
7fe4b4021000-7fe4b8000000 ---p 00000000 00:00 0 
7fe4b8000000-7fe4b8021000 rw-p 00000000 00:00 0 
7fe4b8021000-7fe4bc000000 ---p 00000000 00:00 0 
7fe4bc000000-7fe4bc021000 rw-p 00000000 00:00 0 
7fe4bc021000-7fe4c0000000 ---p 00000000 00:00 0 
7fe4c0000000-7fe4c0021000 rw-p 00000000 00:00 0 
7fe4c0021000-7fe4c4000000 ---p 00000000 00:00 0 
7fe4c4000000-7fe4c4021000 rw-p 00000000 00:00 0 
7fe4c4021000-7fe4c8000000 ---p 00000000 00:00 0 
7fe4c8000000-7fe4c8021000 rw-p 00000000 00:00 0 
7fe4c8021000-7fe4cc000000 ---p 00000000 00:00 0 
7fe4cdcf7000-7fe4cdd5c000 r--p 00000000 08:01 6297977                    /home/syd/.javacpp/cache/llvm-13.0.1-1.5.7-linux-x86_64.jar/org/bytedeco/llvm/linux-x86_64/libjniLLVM.so
7fe4cdd5c000-7fe4cddca000 r-xp 00065000 08:01 6297977                    /home/syd/.javacpp/cache/llvm-13.0.1-1.5.7-linux-x86_64.jar/org/bytedeco/llvm/linux-x86_64/libjniLLVM.so
7fe4cddca000-7fe4cddf5000 r--p 000d3000 08:01 6297977                    /home/syd/.javacpp/cache/llvm-13.0.1-1.5.7-linux-x86_64.jar/org/bytedeco/llvm/linux-x86_64/libjniLLVM.so
7fe4cddf5000-7fe4cddf8000 r--p 000fd000 08:01 6297977                    /home/syd/.javacpp/cache/llvm-13.0.1-1.5.7-linux-x86_64.jar/org/bytedeco/llvm/linux-x86_64/libjniLLVM.so
7fe4cddf8000-7fe4cddfb000 rw-p 00100000 08:01 6297977                    /home/syd/.javacpp/cache/llvm-13.0.1-1.5.7-linux-x86_64.jar/org/bytedeco/llvm/linux-x86_64/libjniLLVM.so
7fe4cddfb000-7fe4cddfd000 rw-p 00000000 00:00 0 
7fe4cddfd000-7fe4cde01000 ---p 00000000 00:00 0 
7fe4cde01000-7fe4cdefe000 rw-p 00000000 00:00 0 
7fe4cdefe000-7fe4cdeff000 ---p 00000000 00:00 0 
7fe4cdeff000-7fe4d0000000 rw-p 00000000 00:00 0 
7fe4d0000000-7fe4d0021000 rw-p 00000000 00:00 0 
7fe4d0021000-7fe4d4000000 ---p 00000000 00:00 0 
7fe4d402e000-7fe4d4043000 r-xp 00000000 08:01 926225                     /usr/lib/jvm/java-11-openjdk-amd64/lib/libnet.so
7fe4d4043000-7fe4d4242000 ---p 00015000 08:01 926225                     /usr/lib/jvm/java-11-openjdk-amd64/lib/libnet.so
7fe4d4242000-7fe4d4243000 r--p 00014000 08:01 926225                     /usr/lib/jvm/java-11-openjdk-amd64/lib/libnet.so
7fe4d4243000-7fe4d4244000 rw-p 00015000 08:01 926225                     /usr/lib/jvm/java-11-openjdk-amd64/lib/libnet.so
7fe4d4244000-7fe4d4254000 r-xp 00000000 08:01 926226                     /usr/lib/jvm/java-11-openjdk-amd64/lib/libnio.so
7fe4d4254000-7fe4d4453000 ---p 00010000 08:01 926226                     /usr/lib/jvm/java-11-openjdk-amd64/lib/libnio.so
7fe4d4453000-7fe4d4454000 r--p 0000f000 08:01 926226                     /usr/lib/jvm/java-11-openjdk-amd64/lib/libnio.so
7fe4d4454000-7fe4d4455000 rw-p 00010000 08:01 926226                     /usr/lib/jvm/java-11-openjdk-amd64/lib/libnio.so
7fe4d4455000-7fe4d4459000 ---p 00000000 00:00 0 
7fe4d4459000-7fe4d4556000 rw-p 00000000 00:00 0 
7fe4d4556000-7fe4d4557000 ---p 00000000 00:00 0 
7fe4d4557000-7fe4d4658000 rw-p 00000000 00:00 0 
7fe4d4658000-7fe4d465c000 ---p 00000000 00:00 0 
7fe4d465c000-7fe4d4759000 rw-p 00000000 00:00 0 
7fe4d4759000-7fe4d475d000 ---p 00000000 00:00 0 
7fe4d475d000-7fe4d485a000 rw-p 00000000 00:00 0 
7fe4d485a000-7fe4d485e000 ---p 00000000 00:00 0 
7fe4d485e000-7fe4d495b000 rw-p 00000000 00:00 0 
7fe4d495b000-7fe4d495f000 ---p 00000000 00:00 0 
7fe4d495f000-7fe4d4a5c000 rw-p 00000000 00:00 0 
7fe4d4a5c000-7fe4d4a60000 ---p 00000000 00:00 0 
7fe4d4a60000-7fe4d4b5d000 rw-p 00000000 00:00 0 
7fe4d4b5d000-7fe4d4ff1000 r--p 00000000 08:01 666827                     /usr/lib/locale/locale-archive
7fe4d4ff1000-7fe4d4ff5000 ---p 00000000 00:00 0 
7fe4d4ff5000-7fe4d50f2000 rw-p 00000000 00:00 0 
7fe4d50f2000-7fe4d50f6000 ---p 00000000 00:00 0 
7fe4d50f6000-7fe4d51f3000 rw-p 00000000 00:00 0 
7fe4d51f3000-7fe4d51f4000 ---p 00000000 00:00 0 
7fe4d51f4000-7fe4d5976000 rw-p 00000000 00:00 0 
7fe4d5976000-7fe4d5b76000 ---p 00000000 00:00 0 
7fe4d5b76000-7fe4d5b77000 ---p 00000000 00:00 0 
7fe4d5b77000-7fe4d5c78000 rw-p 00000000 00:00 0 
7fe4d5c78000-7fe4d5c79000 ---p 00000000 00:00 0 
7fe4d5c79000-7fe4d5f7c000 rw-p 00000000 00:00 0 
7fe4d5f7c000-7fe4d5f7d000 ---p 00000000 00:00 0 
7fe4d5f7d000-7fe4d607e000 rw-p 00000000 00:00 0 
7fe4d607e000-7fe4d607f000 ---p 00000000 00:00 0 
7fe4d607f000-7fe4d6278000 rw-p 00000000 00:00 0 
7fe4d6278000-7fe4d70b8000 ---p 00000000 00:00 0 
7fe4d70b8000-7fe4d71b8000 rw-p 00000000 00:00 0 
7fe4d71b8000-7fe4d7ff8000 ---p 00000000 00:00 0 
7fe4d7ff8000-7fe4d8000000 rw-p 00000000 00:00 0 
7fe4d8000000-7fe4d8021000 rw-p 00000000 00:00 0 
7fe4d8021000-7fe4dc000000 ---p 00000000 00:00 0 
7fe4dc028000-7fe4dc02f000 r--p 00000000 08:01 6297973                    /home/syd/.javacpp/cache/llvm-13.0.1-1.5.7-linux-x86_64.jar/org/bytedeco/llvm/linux-x86_64/libLTO.so.13
7fe4dc02f000-7fe4dc037000 r-xp 00007000 08:01 6297973                    /home/syd/.javacpp/cache/llvm-13.0.1-1.5.7-linux-x86_64.jar/org/bytedeco/llvm/linux-x86_64/libLTO.so.13
7fe4dc037000-7fe4dc039000 r--p 0000f000 08:01 6297973                    /home/syd/.javacpp/cache/llvm-13.0.1-1.5.7-linux-x86_64.jar/org/bytedeco/llvm/linux-x86_64/libLTO.so.13
7fe4dc039000-7fe4dc03a000 r--p 00010000 08:01 6297973                    /home/syd/.javacpp/cache/llvm-13.0.1-1.5.7-linux-x86_64.jar/org/bytedeco/llvm/linux-x86_64/libLTO.so.13
7fe4dc03a000-7fe4dc03b000 rw-p 00011000 08:01 6297973                    /home/syd/.javacpp/cache/llvm-13.0.1-1.5.7-linux-x86_64.jar/org/bytedeco/llvm/linux-x86_64/libLTO.so.13
7fe4dc03b000-7fe4dc05a000 rw-p 00000000 00:00 0 
7fe4dc05a000-7fe4dc222000 ---p 00000000 00:00 0 
7fe4dc222000-7fe4dc242000 rw-p 00000000 00:00 0 
7fe4dc242000-7fe4dc40a000 ---p 00000000 00:00 0 
7fe4dc40a000-7fe4dc42a000 rw-p 00000000 00:00 0 
7fe4dc42a000-7fe4dc5f2000 ---p 00000000 00:00 0 
7fe4dc5f2000-7fe4dc7f5000 rw-p 00000000 00:00 0 
7fe4dc7f5000-7fe4dca65000 rwxp 00000000 00:00 0 
7fe4dca65000-7fe4dcd84000 ---p 00000000 00:00 0 
7fe4dcd84000-7fe4dcff4000 rwxp 00000000 00:00 0 
7fe4dcff4000-7fe4e42bc000 ---p 00000000 00:00 0 
7fe4e42bc000-7fe4e452c000 rwxp 00000000 00:00 0 
7fe4e452c000-7fe4eb7f5000 ---p 00000000 00:00 0 
7fe4eb7f5000-7fe4f4000000 r--s 00000000 08:01 926235                     /usr/lib/jvm/java-11-openjdk-amd64/lib/modules
7fe4f4000000-7fe4f4326000 rw-p 00000000 00:00 0 
7fe4f4326000-7fe4f8000000 ---p 00000000 00:00 0 
7fe4f800c000-7fe4f8067000 rw-p 00000000 00:00 0 
7fe4f8067000-7fe4f8068000 ---p 00000000 00:00 0 
7fe4f8068000-7fe4f816e000 rw-p 00000000 00:00 0 
7fe4f816e000-7fe4f8254000 ---p 00000000 00:00 0 
7fe4f8254000-7fe4f8259000 rw-p 00000000 00:00 0 
7fe4f8259000-7fe4f833f000 ---p 00000000 00:00 0 
7fe4f833f000-7fe4f8346000 r-xp 00000000 08:01 926234                     /usr/lib/jvm/java-11-openjdk-amd64/lib/libzip.so
7fe4f8346000-7fe4f8546000 ---p 00007000 08:01 926234                     /usr/lib/jvm/java-11-openjdk-amd64/lib/libzip.so
7fe4f8546000-7fe4f8547000 r--p 00007000 08:01 926234                     /usr/lib/jvm/java-11-openjdk-amd64/lib/libzip.so
7fe4f8547000-7fe4f8548000 rw-p 00008000 08:01 926234                     /usr/lib/jvm/java-11-openjdk-amd64/lib/libzip.so
7fe4f8548000-7fe4f8553000 r-xp 00000000 08:01 1709194                    /lib/x86_64-linux-gnu/libnss_files-2.27.so
7fe4f8553000-7fe4f8752000 ---p 0000b000 08:01 1709194                    /lib/x86_64-linux-gnu/libnss_files-2.27.so
7fe4f8752000-7fe4f8753000 r--p 0000a000 08:01 1709194                    /lib/x86_64-linux-gnu/libnss_files-2.27.so
7fe4f8753000-7fe4f8754000 rw-p 0000b000 08:01 1709194                    /lib/x86_64-linux-gnu/libnss_files-2.27.so
7fe4f8754000-7fe4f875a000 rw-p 00000000 00:00 0 
7fe4f875a000-7fe4f8771000 r-xp 00000000 08:01 1709191                    /lib/x86_64-linux-gnu/libnsl-2.27.so
7fe4f8771000-7fe4f8970000 ---p 00017000 08:01 1709191                    /lib/x86_64-linux-gnu/libnsl-2.27.so
7fe4f8970000-7fe4f8971000 r--p 00016000 08:01 1709191                    /lib/x86_64-linux-gnu/libnsl-2.27.so
7fe4f8971000-7fe4f8972000 rw-p 00017000 08:01 1709191                    /lib/x86_64-linux-gnu/libnsl-2.27.so
7fe4f8972000-7fe4f8974000 rw-p 00000000 00:00 0 
7fe4f8974000-7fe4f897f000 r-xp 00000000 08:01 1709196                    /lib/x86_64-linux-gnu/libnss_nis-2.27.so
7fe4f897f000-7fe4f8b7e000 ---p 0000b000 08:01 1709196                    /lib/x86_64-linux-gnu/libnss_nis-2.27.so
7fe4f8b7e000-7fe4f8b7f000 r--p 0000a000 08:01 1709196                    /lib/x86_64-linux-gnu/libnss_nis-2.27.so
7fe4f8b7f000-7fe4f8b80000 rw-p 0000b000 08:01 1709196                    /lib/x86_64-linux-gnu/libnss_nis-2.27.so
7fe4f8b80000-7fe4f8b88000 r-xp 00000000 08:01 1709192                    /lib/x86_64-linux-gnu/libnss_compat-2.27.so
7fe4f8b88000-7fe4f8d88000 ---p 00008000 08:01 1709192                    /lib/x86_64-linux-gnu/libnss_compat-2.27.so
7fe4f8d88000-7fe4f8d89000 r--p 00008000 08:01 1709192                    /lib/x86_64-linux-gnu/libnss_compat-2.27.so
7fe4f8d89000-7fe4f8d8a000 rw-p 00009000 08:01 1709192                    /lib/x86_64-linux-gnu/libnss_compat-2.27.so
7fe4f8d8a000-7fe4f8d8f000 r-xp 00000000 08:01 926217                     /usr/lib/jvm/java-11-openjdk-amd64/lib/libjimage.so
7fe4f8d8f000-7fe4f8f8e000 ---p 00005000 08:01 926217                     /usr/lib/jvm/java-11-openjdk-amd64/lib/libjimage.so
7fe4f8f8e000-7fe4f8f8f000 r--p 00004000 08:01 926217                     /usr/lib/jvm/java-11-openjdk-amd64/lib/libjimage.so
7fe4f8f8f000-7fe4f8f90000 rw-p 00005000 08:01 926217                     /usr/lib/jvm/java-11-openjdk-amd64/lib/libjimage.so
7fe4f8f90000-7fe4f8fb9000 r-xp 00000000 08:01 926214                     /usr/lib/jvm/java-11-openjdk-amd64/lib/libjava.so
7fe4f8fb9000-7fe4f91b8000 ---p 00029000 08:01 926214                     /usr/lib/jvm/java-11-openjdk-amd64/lib/libjava.so
7fe4f91b8000-7fe4f91b9000 r--p 00028000 08:01 926214                     /usr/lib/jvm/java-11-openjdk-amd64/lib/libjava.so
7fe4f91b9000-7fe4f91ba000 rw-p 00029000 08:01 926214                     /usr/lib/jvm/java-11-openjdk-amd64/lib/libjava.so
7fe4f91ba000-7fe4f91bb000 rw-p 00000000 00:00 0 
7fe4f91bb000-7fe4f91c8000 r-xp 00000000 08:01 926233                     /usr/lib/jvm/java-11-openjdk-amd64/lib/libverify.so
7fe4f91c8000-7fe4f93c7000 ---p 0000d000 08:01 926233                     /usr/lib/jvm/java-11-openjdk-amd64/lib/libverify.so
7fe4f93c7000-7fe4f93c9000 r--p 0000c000 08:01 926233                     /usr/lib/jvm/java-11-openjdk-amd64/lib/libverify.so
7fe4f93c9000-7fe4f93ca000 rw-p 0000e000 08:01 926233                     /usr/lib/jvm/java-11-openjdk-amd64/lib/libverify.so
7fe4f93ca000-7fe4f93d1000 r-xp 00000000 08:01 1709201                    /lib/x86_64-linux-gnu/librt-2.27.so
7fe4f93d1000-7fe4f95d0000 ---p 00007000 08:01 1709201                    /lib/x86_64-linux-gnu/librt-2.27.so
7fe4f95d0000-7fe4f95d1000 r--p 00006000 08:01 1709201                    /lib/x86_64-linux-gnu/librt-2.27.so
7fe4f95d1000-7fe4f95d2000 rw-p 00007000 08:01 1709201                    /lib/x86_64-linux-gnu/librt-2.27.so
7fe4f95d2000-7fe4f95e9000 r-xp 00000000 08:01 1709327                    /lib/x86_64-linux-gnu/libgcc_s.so.1
7fe4f95e9000-7fe4f97e8000 ---p 00017000 08:01 1709327                    /lib/x86_64-linux-gnu/libgcc_s.so.1
7fe4f97e8000-7fe4f97e9000 r--p 00016000 08:01 1709327                    /lib/x86_64-linux-gnu/libgcc_s.so.1
7fe4f97e9000-7fe4f97ea000 rw-p 00017000 08:01 1709327                    /lib/x86_64-linux-gnu/libgcc_s.so.1
7fe4f97ea000-7fe4f9987000 r-xp 00000000 08:01 1709188                    /lib/x86_64-linux-gnu/libm-2.27.so
7fe4f9987000-7fe4f9b86000 ---p 0019d000 08:01 1709188                    /lib/x86_64-linux-gnu/libm-2.27.so
7fe4f9b86000-7fe4f9b87000 r--p 0019c000 08:01 1709188                    /lib/x86_64-linux-gnu/libm-2.27.so
7fe4f9b87000-7fe4f9b88000 rw-p 0019d000 08:01 1709188                    /lib/x86_64-linux-gnu/libm-2.27.so
7fe4f9b88000-7fe4f9d01000 r-xp 00000000 08:01 664741                     /usr/lib/x86_64-linux-gnu/libstdc++.so.6.0.25
7fe4f9d01000-7fe4f9f01000 ---p 00179000 08:01 664741                     /usr/lib/x86_64-linux-gnu/libstdc++.so.6.0.25
7fe4f9f01000-7fe4f9f0b000 r--p 00179000 08:01 664741                     /usr/lib/x86_64-linux-gnu/libstdc++.so.6.0.25
7fe4f9f0b000-7fe4f9f0d000 rw-p 00183000 08:01 664741                     /usr/lib/x86_64-linux-gnu/libstdc++.so.6.0.25
7fe4f9f0d000-7fe4f9f11000 rw-p 00000000 00:00 0 
7fe4f9f11000-7fe4fb018000 r-xp 00000000 08:01 926240                     /usr/lib/jvm/java-11-openjdk-amd64/lib/server/libjvm.so
7fe4fb018000-7fe4fb218000 ---p 01107000 08:01 926240                     /usr/lib/jvm/java-11-openjdk-amd64/lib/server/libjvm.so
7fe4fb218000-7fe4fb2dc000 r--p 01107000 08:01 926240                     /usr/lib/jvm/java-11-openjdk-amd64/lib/server/libjvm.so
7fe4fb2dc000-7fe4fb317000 rw-p 011cb000 08:01 926240                     /usr/lib/jvm/java-11-openjdk-amd64/lib/server/libjvm.so
7fe4fb317000-7fe4fb36e000 rw-p 00000000 00:00 0 
7fe4fb36e000-7fe4fb388000 r-xp 00000000 08:01 1709199                    /lib/x86_64-linux-gnu/libpthread-2.27.so
7fe4fb388000-7fe4fb587000 ---p 0001a000 08:01 1709199                    /lib/x86_64-linux-gnu/libpthread-2.27.so
7fe4fb587000-7fe4fb588000 r--p 00019000 08:01 1709199                    /lib/x86_64-linux-gnu/libpthread-2.27.so
7fe4fb588000-7fe4fb589000 rw-p 0001a000 08:01 1709199                    /lib/x86_64-linux-gnu/libpthread-2.27.so
7fe4fb589000-7fe4fb58d000 rw-p 00000000 00:00 0 
7fe4fb58d000-7fe4fb590000 r-xp 00000000 08:01 1709187                    /lib/x86_64-linux-gnu/libdl-2.27.so
7fe4fb590000-7fe4fb78f000 ---p 00003000 08:01 1709187                    /lib/x86_64-linux-gnu/libdl-2.27.so
7fe4fb78f000-7fe4fb790000 r--p 00002000 08:01 1709187                    /lib/x86_64-linux-gnu/libdl-2.27.so
7fe4fb790000-7fe4fb791000 rw-p 00003000 08:01 1709187                    /lib/x86_64-linux-gnu/libdl-2.27.so
7fe4fb791000-7fe4fb7ad000 r-xp 00000000 08:01 1704012                    /lib/x86_64-linux-gnu/libz.so.1.2.11
7fe4fb7ad000-7fe4fb9ac000 ---p 0001c000 08:01 1704012                    /lib/x86_64-linux-gnu/libz.so.1.2.11
7fe4fb9ac000-7fe4fb9ad000 r--p 0001b000 08:01 1704012                    /lib/x86_64-linux-gnu/libz.so.1.2.11
7fe4fb9ad000-7fe4fb9ae000 rw-p 0001c000 08:01 1704012                    /lib/x86_64-linux-gnu/libz.so.1.2.11
7fe4fb9ae000-7fe4fbb95000 r-xp 00000000 08:01 1709184                    /lib/x86_64-linux-gnu/libc-2.27.so
7fe4fbb95000-7fe4fbd95000 ---p 001e7000 08:01 1709184                    /lib/x86_64-linux-gnu/libc-2.27.so
7fe4fbd95000-7fe4fbd99000 r--p 001e7000 08:01 1709184                    /lib/x86_64-linux-gnu/libc-2.27.so
7fe4fbd99000-7fe4fbd9b000 rw-p 001eb000 08:01 1709184                    /lib/x86_64-linux-gnu/libc-2.27.so
7fe4fbd9b000-7fe4fbd9f000 rw-p 00000000 00:00 0 
7fe4fbd9f000-7fe4fbdae000 r-xp 00000000 08:01 926199                     /usr/lib/jvm/java-11-openjdk-amd64/lib/jli/libjli.so
7fe4fbdae000-7fe4fbfad000 ---p 0000f000 08:01 926199                     /usr/lib/jvm/java-11-openjdk-amd64/lib/jli/libjli.so
7fe4fbfad000-7fe4fbfae000 r--p 0000e000 08:01 926199                     /usr/lib/jvm/java-11-openjdk-amd64/lib/jli/libjli.so
7fe4fbfae000-7fe4fbfaf000 rw-p 0000f000 08:01 926199                     /usr/lib/jvm/java-11-openjdk-amd64/lib/jli/libjli.so
7fe4fbfaf000-7fe4fbfd8000 r-xp 00000000 08:01 1703942                    /lib/x86_64-linux-gnu/ld-2.27.so
7fe4fbfde000-7fe4fbfe5000 r--s 00000000 08:01 920620                     /usr/lib/x86_64-linux-gnu/gconv/gconv-modules.cache
7fe4fbfe5000-7fe4fbfe9000 r--p 00000000 08:01 6297966                    /home/syd/.javacpp/cache/javacpp-1.5.7-linux-x86_64.jar/org/bytedeco/javacpp/linux-x86_64/libjnijavacpp.so
7fe4fbfe9000-7fe4fbff0000 r-xp 00004000 08:01 6297966                    /home/syd/.javacpp/cache/javacpp-1.5.7-linux-x86_64.jar/org/bytedeco/javacpp/linux-x86_64/libjnijavacpp.so
7fe4fbff0000-7fe4fbff4000 r--p 0000b000 08:01 6297966                    /home/syd/.javacpp/cache/javacpp-1.5.7-linux-x86_64.jar/org/bytedeco/javacpp/linux-x86_64/libjnijavacpp.so
7fe4fbff4000-7fe4fbff5000 r--p 0000e000 08:01 6297966                    /home/syd/.javacpp/cache/javacpp-1.5.7-linux-x86_64.jar/org/bytedeco/javacpp/linux-x86_64/libjnijavacpp.so
7fe4fbff5000-7fe4fbff6000 rw-p 0000f000 08:01 6297966                    /home/syd/.javacpp/cache/javacpp-1.5.7-linux-x86_64.jar/org/bytedeco/javacpp/linux-x86_64/libjnijavacpp.so
7fe4fbff6000-7fe4fc0b7000 rw-p 00000000 00:00 0 
7fe4fc0b7000-7fe4fc0be000 ---p 00000000 00:00 0 
7fe4fc0be000-7fe4fc0c2000 ---p 00000000 00:00 0 
7fe4fc0c2000-7fe4fc1c1000 rw-p 00000000 00:00 0 
7fe4fc1c7000-7fe4fc1c8000 r--p 00000000 08:01 6297975                    /home/syd/.javacpp/cache/llvm-13.0.1-1.5.7-linux-x86_64.jar/org/bytedeco/llvm/linux-x86_64/libRemarks.so.13
7fe4fc1c8000-7fe4fc1c9000 r-xp 00001000 08:01 6297975                    /home/syd/.javacpp/cache/llvm-13.0.1-1.5.7-linux-x86_64.jar/org/bytedeco/llvm/linux-x86_64/libRemarks.so.13
7fe4fc1c9000-7fe4fc1ca000 r--p 00002000 08:01 6297975                    /home/syd/.javacpp/cache/llvm-13.0.1-1.5.7-linux-x86_64.jar/org/bytedeco/llvm/linux-x86_64/libRemarks.so.13
7fe4fc1ca000-7fe4fc1cb000 r--p 00002000 08:01 6297975                    /home/syd/.javacpp/cache/llvm-13.0.1-1.5.7-linux-x86_64.jar/org/bytedeco/llvm/linux-x86_64/libRemarks.so.13
7fe4fc1cb000-7fe4fc1cc000 rw-p 00003000 08:01 6297975                    /home/syd/.javacpp/cache/llvm-13.0.1-1.5.7-linux-x86_64.jar/org/bytedeco/llvm/linux-x86_64/libRemarks.so.13
7fe4fc1cc000-7fe4fc1d4000 rw-s 00000000 08:01 6424125                    /tmp/hsperfdata_syd/15893
7fe4fc1d4000-7fe4fc1d5000 ---p 00000000 00:00 0 
7fe4fc1d5000-7fe4fc1d6000 r--p 00000000 00:00 0 
7fe4fc1d6000-7fe4fc1d8000 rw-p 00000000 00:00 0 
7fe4fc1d8000-7fe4fc1d9000 r--p 00029000 08:01 1703942                    /lib/x86_64-linux-gnu/ld-2.27.so
7fe4fc1d9000-7fe4fc1da000 rw-p 0002a000 08:01 1703942                    /lib/x86_64-linux-gnu/ld-2.27.so
7fe4fc1da000-7fe4fc1db000 rw-p 00000000 00:00 0 
7ffd70177000-7ffd70199000 rw-p 00000000 00:00 0                          [stack]
7ffd701af000-7ffd701b2000 r--p 00000000 00:00 0                          [vvar]
7ffd701b2000-7ffd701b4000 r-xp 00000000 00:00 0                          [vdso]
ffffffffff600000-ffffffffff601000 --xp 00000000 00:00 0                  [vsyscall]


VM Arguments:
java_command: Main /mnt/hgfs/CompilationPrincipleLAB/Lab/src/code.txt /mnt/hgfs/CompilationPrincipleLAB/Lab/src/IRtarget.txt
java_class_path (initial): ./classes:/usr/local/lib/antlr-4.9.1-complete.jar:/usr/local/lib/llvm-13.0.1-1.5.7-linux-x86_64.jar:/usr/local/lib/llvm-platform-13.0.1-1.5.7.jar:/usr/local/lib/llvm-13.0.1-1.5.7.jar:/usr/local/lib/javacpp-1.5.7-linux-x86_64.jar:/usr/local/lib/javacpp-1.5.7.jar
Launcher Type: SUN_STANDARD

[Global flags]
     intx CICompilerCount                          = 2                                         {product} {ergonomic}
     uint ConcGCThreads                            = 1                                         {product} {ergonomic}
     uint G1ConcRefinementThreads                  = 2                                         {product} {ergonomic}
   size_t G1HeapRegionSize                         = 1048576                                   {product} {ergonomic}
    uintx GCDrainStackTargetSize                   = 64                                        {product} {ergonomic}
   size_t InitialHeapSize                          = 65011712                                  {product} {ergonomic}
   size_t MarkStackSize                            = 4194304                                   {product} {ergonomic}
   size_t MaxHeapSize                              = 1023410176                                {product} {ergonomic}
   size_t MaxNewSize                               = 613416960                                 {product} {ergonomic}
   size_t MinHeapDeltaBytes                        = 1048576                                   {product} {ergonomic}
    uintx NonNMethodCodeHeapSize                   = 5825164                                {pd product} {ergonomic}
    uintx NonProfiledCodeHeapSize                  = 122916538                              {pd product} {ergonomic}
    uintx ProfiledCodeHeapSize                     = 122916538                              {pd product} {ergonomic}
    uintx ReservedCodeCacheSize                    = 251658240                              {pd product} {ergonomic}
     bool SegmentedCodeCache                       = true                                      {product} {ergonomic}
     bool UseCompressedClassPointers               = true                                 {lp64_product} {ergonomic}
     bool UseCompressedOops                        = true                                 {lp64_product} {ergonomic}
     bool UseG1GC                                  = true                                      {product} {ergonomic}

Logging:
Log output configuration:
 #0: stdout all=warning uptime,level,tags
 #1: stderr all=off uptime,level,tags

Environment Variables:
CLASSPATH=/usr/local/lib/antlr-4.9.1-complete.jar:/usr/local/lib/llvm-13.0.1-1.5.7-linux-x86_64.jar:/usr/local/lib/llvm-platform-13.0.1-1.5.7.jar:/usr/local/lib/llvm-13.0.1-1.5.7.jar:/usr/local/lib/javacpp-1.5.7-linux-x86_64.jar:/usr/local/lib/javacpp-1.5.7.jar
PATH=/usr/local/sbin:/usr/local/bin:/usr/sbin:/usr/bin:/sbin:/bin:/usr/games:/usr/local/games:/snap/bin
USERNAME=syd
SHELL=/bin/bash
DISPLAY=:0
LANG=zh_CN.UTF-8
LC_NUMERIC=zh_CN.UTF-8
LC_TIME=zh_CN.UTF-8
TERM=xterm-256color

Signal Handlers:
SIGSEGV: [libjvm.so+0xe356a0], sa_mask[0]=11111111011111111101111111111110, sa_flags=SA_RESTART|SA_SIGINFO
SIGBUS: [libjvm.so+0xe356a0], sa_mask[0]=11111111011111111101111111111110, sa_flags=SA_RESTART|SA_SIGINFO
SIGFPE: [libjvm.so+0xe356a0], sa_mask[0]=11111111011111111101111111111110, sa_flags=SA_RESTART|SA_SIGINFO
SIGPIPE: [libjvm.so+0xb89cc0], sa_mask[0]=11111111011111111101111111111110, sa_flags=SA_RESTART|SA_SIGINFO
SIGXFSZ: [libjvm.so+0xb89cc0], sa_mask[0]=11111111011111111101111111111110, sa_flags=SA_RESTART|SA_SIGINFO
SIGILL: [libjvm.so+0xe356a0], sa_mask[0]=11111111011111111101111111111110, sa_flags=SA_RESTART|SA_SIGINFO
SIGUSR2: [libjvm.so+0xb89b50], sa_mask[0]=00000000000000000000000000000000, sa_flags=SA_RESTART|SA_SIGINFO
SIGHUP: [libjvm.so+0xb8a220], sa_mask[0]=11111111011111111101111111111110, sa_flags=SA_RESTART|SA_SIGINFO
SIGINT: [libjvm.so+0xb8a220], sa_mask[0]=11111111011111111101111111111110, sa_flags=SA_RESTART|SA_SIGINFO
SIGTERM: [libjvm.so+0xb8a220], sa_mask[0]=11111111011111111101111111111110, sa_flags=SA_RESTART|SA_SIGINFO
SIGQUIT: [libjvm.so+0xb8a220], sa_mask[0]=11111111011111111101111111111110, sa_flags=SA_RESTART|SA_SIGINFO


---------------  S Y S T E M  ---------------

OS:DISTRIB_ID=Ubuntu
DISTRIB_RELEASE=18.04
DISTRIB_CODENAME=bionic
DISTRIB_DESCRIPTION="Ubuntu 18.04.6 LTS"
uname:Linux 5.4.0-150-generic #167~18.04.1-Ubuntu SMP Wed May 24 00:51:42 UTC 2023 x86_64
OS uptime: 0 days 2:59 hours
libc:glibc 2.27 NPTL 2.27 
rlimit (soft/hard): STACK 8192k/infinity , CORE 0k/infinity , NPROC 15400/15400 , NOFILE 1048576/1048576 , AS infinity/infinity , CPU infinity/infinity , DATA infinity/infinity , FSIZE infinity/infinity , MEMLOCK 65536k/65536k
load average:0.98 0.67 0.59

/proc/meminfo:
MemTotal:        3994712 kB
MemFree:          180588 kB
MemAvailable:     218972 kB
Buffers:           10152 kB
Cached:           213312 kB
SwapCached:        17152 kB
Active:          2432340 kB
Inactive:         649688 kB
Active(anon):    2289564 kB
Inactive(anon):   586780 kB
Active(file):     142776 kB
Inactive(file):    62908 kB
Unevictable:          16 kB
Mlocked:              16 kB
SwapTotal:       2097148 kB
SwapFree:        1665532 kB
Dirty:                64 kB
Writeback:             0 kB
AnonPages:       2848168 kB
Mapped:           129060 kB
Shmem:             17756 kB
KReclaimable:      75120 kB
Slab:             161416 kB
SReclaimable:      75120 kB
SUnreclaim:        86296 kB
KernelStack:       13936 kB
PageTables:        50512 kB
NFS_Unstable:          0 kB
Bounce:                0 kB
WritebackTmp:          0 kB
CommitLimit:     4094504 kB
Committed_AS:    6716100 kB
VmallocTotal:   34359738367 kB
VmallocUsed:       30108 kB
VmallocChunk:          0 kB
Percpu:            50176 kB
HardwareCorrupted:     0 kB
AnonHugePages:         0 kB
ShmemHugePages:        0 kB
ShmemPmdMapped:        0 kB
FileHugePages:         0 kB
FilePmdMapped:         0 kB
CmaTotal:              0 kB
CmaFree:               0 kB
HugePages_Total:       0
HugePages_Free:        0
HugePages_Rsvd:        0
HugePages_Surp:        0
Hugepagesize:       2048 kB
Hugetlb:               0 kB
DirectMap4k:      255808 kB
DirectMap2M:     3938304 kB
DirectMap1G:     2097152 kB

/sys/kernel/mm/transparent_hugepage/enabled:
always [madvise] never
/sys/kernel/mm/transparent_hugepage/defrag (defrag/compaction efforts parameter):
always defer defer+madvise [madvise] never

Process Memory:
Virtual Size: 3713228K (peak: 12418976K)
Resident Set Size: 88456K (peak: 88456K) (anon: 37156K, file: 51300K, shmem: 0K)
Swapped out: 0K
C-Heap outstanding allocations: 15349K, retained: 2310K
glibc malloc tunables: (default)

/proc/sys/kernel/threads-max (system-wide limit on the number of threads):
30800
/proc/sys/vm/max_map_count (maximum number of memory map areas a process may have):
65530
/proc/sys/kernel/pid_max (system-wide limit on number of process identifiers):
131072

container (cgroup) information:
container_type: cgroupv1
cpu_cpuset_cpus: 0-1
cpu_memory_nodes: 0
active_processor_count: 2
cpu_quota: no quota
cpu_period: 100000
cpu_shares: no shares
memory_limit_in_bytes: unlimited
memory_and_swap_limit_in_bytes: not supported
memory_soft_limit_in_bytes: unlimited
memory_usage_in_bytes: 3079548 k
memory_max_usage_in_bytes: 48560 k
kernel_memory_usage_in_bytes: unlimited
kernel_memory_max_usage_in_bytes: unlimited
kernel_memory_limit_in_bytes: unlimited
maximum number of tasks: unlimited
current number of tasks: 238

VMWare virtualization detected
Steal ticks since vm start: 0
Steal ticks percentage since vm start:  0.000

CPU:total 2 (initial active 2) (1 cores per cpu, 1 threads per core) family 6 model 154 stepping 3 microcode 0xffffffff, cmov, cx8, fxsr, mmx, sse, sse2, sse3, ssse3, sse4.1, sse4.2, popcnt, avx, avx2, aes, clmul, erms, 3dnowpref, lzcnt, tsc, tscinvbit, bmi1, bmi2, adx, sha, fma
CPU Model and flags from /proc/cpuinfo:
model name	: 12th Gen Intel(R) Core(TM) i5-12500H
flags		: fpu vme de pse tsc msr pae mce cx8 apic sep mtrr pge mca cmov pat pse36 clflush mmx fxsr sse sse2 ss syscall nx pdpe1gb rdtscp lm constant_tsc arch_perfmon rep_good nopl xtopology tsc_reliable nonstop_tsc cpuid pni pclmulqdq ssse3 fma cx16 pcid sse4_1 sse4_2 x2apic movbe popcnt aes xsave avx f16c rdrand hypervisor lahf_lm abm 3dnowprefetch invpcid_single pti ssbd ibrs ibpb stibp fsgsbase tsc_adjust bmi1 avx2 smep bmi2 erms invpcid rdseed adx smap clflushopt clwb sha_ni xsaveopt xsavec xgetbv1 xsaves arat umip gfni vaes vpclmulqdq rdpid movdiri movdir64b md_clear flush_l1d arch_capabilities
Online cpus:
0-1
Offline cpus:
2-127
BIOS frequency limitation:
<Not Available>
Frequency switch latency (ns):
<Not Available>
Available cpu frequencies:
<Not Available>
Current governor:
<Not Available>
Core performance/turbo boost:
<Not Available>

Memory: 4k page, physical 3994712k(180620k free), swap 2097148k(1665532k free)

vm_info: OpenJDK 64-Bit Server VM (11.0.19+7-post-Ubuntu-0ubuntu118.04.1) for linux-amd64 JRE (11.0.19+7-post-Ubuntu-0ubuntu118.04.1), built on May 10 2023 00:54:54 by "unknown" with gcc 8.4.0

END.
