#
# A fatal error has been detected by the Java Runtime Environment:
#
#  SIGSEGV (0xb) at pc=0x00007f2d4e15c05c, pid=91261, tid=91262
#
# JRE version: OpenJDK Runtime Environment (11.0.19+7) (build 11.0.19+7-post-Ubuntu-0ubuntu118.04.1)
# Java VM: OpenJDK 64-Bit Server VM (11.0.19+7-post-Ubuntu-0ubuntu118.04.1, mixed mode, sharing, tiered, compressed oops, g1 gc, linux-amd64)
# Problematic frame:
# C  [libLLVM-13.so+0xc3005c]  LLVMBuildCall2+0x1c
#
# Core dump will be written. Default location: Core dumps may be processed with "/usr/share/apport/apport -p%p -s%s -c%c -d%d -P%P -u%u -g%g -- %E" (or dumping to /mnt/hgfs/CompilationPrincipleLAB/Lab/core.91261)
#
# If you would like to submit a bug report, please visit:
#   https://bugs.launchpad.net/ubuntu/+source/openjdk-lts
# The crash happened outside the Java Virtual Machine in native code.
# See problematic frame for where to report the bug.
#

---------------  S U M M A R Y ------------

Command Line: Main /mnt/hgfs/CompilationPrincipleLAB/Lab/src/code.txt /mnt/hgfs/CompilationPrincipleLAB/Lab/src/IRtarget.txt

Host: 12th Gen Intel(R) Core(TM) i5-12500H, 2 cores, 3G, Ubuntu 18.04.6 LTS
Time: Wed May 29 01:26:37 2024 PDT elapsed time: 0.366741 seconds (0d 0h 0m 0s)

---------------  T H R E A D  ---------------

Current thread (0x00007f2dac017000):  JavaThread "main" [_thread_in_native, id=91262, stack(0x00007f2db33ec000,0x00007f2db34ed000)]

Stack: [0x00007f2db33ec000,0x00007f2db34ed000],  sp=0x00007f2db34ea9b0,  free space=1018k
Native frames: (J=compiled Java code, A=aot compiled Java code, j=interpreted, Vv=VM code, C=native code)
C  [libLLVM-13.so+0xc3005c]  LLVMBuildCall2+0x1c

Java frames: (J=compiled Java code, j=interpreted, Vv=VM code)
j  org.bytedeco.llvm.global.LLVM.LLVMBuildCall2(Lorg/bytedeco/llvm/LLVM/LLVMBuilderRef;Lorg/bytedeco/llvm/LLVM/LLVMTypeRef;Lorg/bytedeco/llvm/LLVM/LLVMValueRef;Lorg/bytedeco/javacpp/PointerPointer;ILjava/lang/String;)Lorg/bytedeco/llvm/LLVM/LLVMValueRef;+0
j  MyLLVMIRVisitor.visitExp(LSysYParser$ExpContext;)Lorg/bytedeco/llvm/LLVM/LLVMValueRef;+444
j  MyLLVMIRVisitor.visitExp(LSysYParser$ExpContext;)Ljava/lang/Object;+2
j  SysYParser$ExpContext.accept(Lorg/antlr/v4/runtime/tree/ParseTreeVisitor;)Ljava/lang/Object;+12
j  org.antlr.v4.runtime.tree.AbstractParseTreeVisitor.visitChildren(Lorg/antlr/v4/runtime/tree/RuleNode;)Ljava/lang/Object;+46
j  SysYParserBaseVisitor.visitStmt(LSysYParser$StmtContext;)Ljava/lang/Object;+2
j  MyLLVMIRVisitor.visitStmt(LSysYParser$StmtContext;)Lorg/bytedeco/llvm/LLVM/LLVMValueRef;+717
j  MyLLVMIRVisitor.visitStmt(LSysYParser$StmtContext;)Ljava/lang/Object;+2
j  SysYParser$StmtContext.accept(Lorg/antlr/v4/runtime/tree/ParseTreeVisitor;)Ljava/lang/Object;+12
j  org.antlr.v4.runtime.tree.AbstractParseTreeVisitor.visitChildren(Lorg/antlr/v4/runtime/tree/RuleNode;)Ljava/lang/Object;+46
j  SysYParserBaseVisitor.visitBlockItem(LSysYParser$BlockItemContext;)Ljava/lang/Object;+2
j  SysYParser$BlockItemContext.accept(Lorg/antlr/v4/runtime/tree/ParseTreeVisitor;)Ljava/lang/Object;+12
j  org.antlr.v4.runtime.tree.AbstractParseTreeVisitor.visitChildren(Lorg/antlr/v4/runtime/tree/RuleNode;)Ljava/lang/Object;+46
j  SysYParserBaseVisitor.visitBlock(LSysYParser$BlockContext;)Ljava/lang/Object;+2
j  MyLLVMIRVisitor.visitBlock(LSysYParser$BlockContext;)Lorg/bytedeco/llvm/LLVM/LLVMValueRef;+2
j  MyLLVMIRVisitor.visitBlock(LSysYParser$BlockContext;)Ljava/lang/Object;+2
j  SysYParser$BlockContext.accept(Lorg/antlr/v4/runtime/tree/ParseTreeVisitor;)Ljava/lang/Object;+12
j  org.antlr.v4.runtime.tree.AbstractParseTreeVisitor.visitChildren(Lorg/antlr/v4/runtime/tree/RuleNode;)Ljava/lang/Object;+46
j  SysYParserBaseVisitor.visitFuncDef(LSysYParser$FuncDefContext;)Ljava/lang/Object;+2
j  MyLLVMIRVisitor.visitFuncDef(LSysYParser$FuncDefContext;)Lorg/bytedeco/llvm/LLVM/LLVMValueRef;+277
j  MyLLVMIRVisitor.visitFuncDef(LSysYParser$FuncDefContext;)Ljava/lang/Object;+2
j  SysYParser$FuncDefContext.accept(Lorg/antlr/v4/runtime/tree/ParseTreeVisitor;)Ljava/lang/Object;+12
j  org.antlr.v4.runtime.tree.AbstractParseTreeVisitor.visitChildren(Lorg/antlr/v4/runtime/tree/RuleNode;)Ljava/lang/Object;+46
j  SysYParserBaseVisitor.visitCompUnit(LSysYParser$CompUnitContext;)Ljava/lang/Object;+2
j  SysYParser$CompUnitContext.accept(Lorg/antlr/v4/runtime/tree/ParseTreeVisitor;)Ljava/lang/Object;+12
j  org.antlr.v4.runtime.tree.AbstractParseTreeVisitor.visitChildren(Lorg/antlr/v4/runtime/tree/RuleNode;)Ljava/lang/Object;+46
j  SysYParserBaseVisitor.visitProgram(LSysYParser$ProgramContext;)Ljava/lang/Object;+2
j  MyLLVMIRVisitor.visitProgram(LSysYParser$ProgramContext;)Lorg/bytedeco/llvm/LLVM/LLVMValueRef;+2
j  MyLLVMIRVisitor.visitProgram(LSysYParser$ProgramContext;)Ljava/lang/Object;+2
j  SysYParser$ProgramContext.accept(Lorg/antlr/v4/runtime/tree/ParseTreeVisitor;)Ljava/lang/Object;+12
j  org.antlr.v4.runtime.tree.AbstractParseTreeVisitor.visit(Lorg/antlr/v4/runtime/tree/ParseTree;)Ljava/lang/Object;+2
j  Main.main([Ljava/lang/String;)V+220
v  ~StubRoutines::call_stub

siginfo: si_signo: 11 (SIGSEGV), si_code: 1 (SEGV_MAPERR), si_addr: 0x0000000000000000

Register to memory mapping:

RAX=0x0 is NULL
RBX=0x00007f2dac3341c0 points into unknown readable memory: 0x00007f2dac3341d0 | d0 41 33 ac 2d 7f 00 00
RCX=0x00007f2dac363c10 points into unknown readable memory: 0x0000000000000000 | 00 00 00 00 00 00 00 00
RDX=0x00007f2dac3342e8 points into unknown readable memory: 0x00007f2dac35d0b0 | b0 d0 35 ac 2d 7f 00 00
RSP=0x00007f2db34ea9b0 is pointing into the stack for thread: 0x00007f2dac017000
RBP=0x00007f2dac017348 points into unknown readable memory: 0x00007f2db2610b40 | 40 0b 61 b2 2d 7f 00 00
RSI=0x0000000000000101 is an unknown value
RDI=0x00007f2dac3341c0 points into unknown readable memory: 0x00007f2dac3341d0 | d0 41 33 ac 2d 7f 00 00
R8 =0x0 is NULL
R9 =0x0 is NULL
R10=0x000000000000000d is an unknown value
R11=0x00007f2d4e15c040: LLVMBuildCall2+0x0000000000000000 in /home/syd/.javacpp/cache/llvm-13.0.1-1.5.7-linux-x86_64.jar/org/bytedeco/llvm/linux-x86_64/libLLVM-13.so at 0x00007f2d4d52c000
R12=0x00007f2db34eab88 is pointing into the stack for thread: 0x00007f2dac017000
R13=0x00007f2dac35d090 points into unknown readable memory: 0x00007f2dac344830 | 30 48 34 ac 2d 7f 00 00
R14=0x00007f2dac35d090 points into unknown readable memory: 0x00007f2dac344830 | 30 48 34 ac 2d 7f 00 00
R15=0x00007f2dac363c10 points into unknown readable memory: 0x0000000000000000 | 00 00 00 00 00 00 00 00


Registers:
RAX=0x0000000000000000, RBX=0x00007f2dac3341c0, RCX=0x00007f2dac363c10, RDX=0x00007f2dac3342e8
RSP=0x00007f2db34ea9b0, RBP=0x00007f2dac017348, RSI=0x0000000000000101, RDI=0x00007f2dac3341c0
R8 =0x0000000000000000, R9 =0x0000000000000000, R10=0x000000000000000d, R11=0x00007f2d4e15c040
R12=0x00007f2db34eab88, R13=0x00007f2dac35d090, R14=0x00007f2dac35d090, R15=0x00007f2dac363c10
RIP=0x00007f2d4e15c05c, EFLAGS=0x0000000000010202, CSGSFS=0x002b000000000033, ERR=0x0000000000000004
  TRAPNO=0x000000000000000e

Top of Stack: (sp=0x00007f2db34ea9b0)
0x00007f2db34ea9b0:   0000000000000000 00007f2dac09b220
0x00007f2db34ea9c0:   0000000000000000 0000000000000000
0x00007f2db34ea9d0:   00007f2db34eaa00 0000000000000000
0x00007f2db34ea9e0:   00007f2db34eaa7f 0000000000000000 

Instructions: (pc=0x00007f2d4e15c05c)
0x00007f2d4e15bf5c:   0f 1f 40 00 48 8b 52 18 0f b6 42 08 3c 11 0f 85
0x00007f2d4e15bf6c:   50 ff ff ff 48 8b 52 18 0f b6 42 08 3c 11 74 e4
0x00007f2d4e15bf7c:   e9 3f ff ff ff 0f 1f 80 00 00 00 00 49 8b 44 24
0x00007f2d4e15bf8c:   40 4c 89 e7 48 89 44 24 60 e8 a6 11 13 00 b9 3a
0x00007f2d4e15bf9c:   00 00 00 ba ff ff ff ff 48 89 ef 48 89 c6 e8 51
0x00007f2d4e15bfac:   6b f9 ff 48 89 44 24 60 49 89 44 24 40 41 0f b6
0x00007f2d4e15bfbc:   44 24 10 3c 19 0f 87 cb fe ff ff 3c 05 0f 85 2e
0x00007f2d4e15bfcc:   ff ff ff 41 0f b7 44 24 12 e9 bb fe ff ff 66 0f
0x00007f2d4e15bfdc:   1f 44 00 00 44 89 c2 8d 69 01 bf 50 00 00 00 4c
0x00007f2d4e15bfec:   89 54 24 20 c1 e2 04 89 ee 4c 89 4c 24 18 4d 89
0x00007f2d4e15bffc:   ee 4c 89 5c 24 10 4c 89 44 24 08 e8 94 d4 12 00
0x00007f2d4e15c00c:   4c 8b 44 24 08 4c 8b 4c 24 18 49 89 c4 4c 8b 5c
0x00007f2d4e15c01c:   24 10 4c 8b 54 24 20 4d 89 c7 4c 89 c8 41 89 e8
0x00007f2d4e15c02c:   e9 d9 fd ff ff 66 2e 0f 1f 84 00 00 00 00 00 0f
0x00007f2d4e15c03c:   1f 44 00 00 41 57 41 56 41 55 49 89 f5 be 01 01
0x00007f2d4e15c04c:   00 00 41 54 55 53 48 89 fb 48 81 ec 98 00 00 00
0x00007f2d4e15c05c:   41 80 39 00 48 89 14 24 48 89 4c 24 08 66 89 74
0x00007f2d4e15c06c:   24 50 74 0a 4c 89 4c 24 30 c6 44 24 50 03 4c 8b
0x00007f2d4e15c07c:   5b 70 b9 01 01 00 00 48 8b 6b 68 45 89 c1 66 89
0x00007f2d4e15c08c:   8c 24 80 00 00 00 4c 89 d9 48 c1 e1 05 48 01 e9
0x00007f2d4e15c09c:   48 39 e9 0f 84 7b 02 00 00 48 89 ea 31 f6 66 0f
0x00007f2d4e15c0ac:   1f 44 00 00 48 8b 42 10 48 2b 42 08 48 83 c2 20
0x00007f2d4e15c0bc:   48 c1 f8 03 01 c6 48 39 d1 75 e9 41 83 c0 01 44
0x00007f2d4e15c0cc:   89 da bf 50 00 00 00 49 89 ee 44 01 c6 c1 e2 04
0x00007f2d4e15c0dc:   4c 89 4c 24 28 48 89 4c 24 20 4c 89 5c 24 18 44
0x00007f2d4e15c0ec:   89 44 24 10 e8 ab d3 12 00 4c 8b 4c 24 28 48 89
0x00007f2d4e15c0fc:   ee 31 ff 4c 8b 5c 24 18 48 8b 4c 24 20 49 89 c4
0x00007f2d4e15c10c:   44 8b 44 24 10 4c 89 c8 4d 89 df 66 0f 1f 84 00
0x00007f2d4e15c11c:   00 00 00 00 48 8b 56 10 48 2b 56 08 48 83 c6 20
0x00007f2d4e15c12c:   48 c1 fa 03 01 d7 48 39 f1 75 e9 41 01 f8 31 f6
0x00007f2d4e15c13c:   0f 1f 40 00 48 8b 55 10 48 2b 55 08 48 83 c5 20
0x00007f2d4e15c14c:   48 c1 fa 03 01 d6 48 39 e9 75 e9 49 01 f1 49 8b 


Stack slot to memory mapping:
stack at sp + 0 slots: 0x0 is NULL
stack at sp + 1 slots: 0x00007f2dac09b220 points into unknown readable memory: 0x00007f2dac09b480 | 80 b4 09 ac 2d 7f 00 00
stack at sp + 2 slots: 0x0 is NULL
stack at sp + 3 slots: 0x0 is NULL
stack at sp + 4 slots: 0x00007f2db34eaa00 is pointing into the stack for thread: 0x00007f2dac017000
stack at sp + 5 slots: 0x0 is NULL
stack at sp + 6 slots: 0x00007f2db34eaa7f is pointing into the stack for thread: 0x00007f2dac017000
stack at sp + 7 slots: 0x0 is NULL


---------------  P R O C E S S  ---------------

Threads class SMR info:
_java_thread_list=0x00007f2dac2a7a20, length=10, elements={
0x00007f2dac017000, 0x00007f2dac0b8000, 0x00007f2dac0ba000, 0x00007f2dac0bf800,
0x00007f2dac0c1800, 0x00007f2dac0c4000, 0x00007f2dac0c6000, 0x00007f2dac0c8000,
0x00007f2dac103000, 0x00007f2dac2cc000
}

Java Threads: ( => current thread )
=>0x00007f2dac017000 JavaThread "main" [_thread_in_native, id=91262, stack(0x00007f2db33ec000,0x00007f2db34ed000)]
  0x00007f2dac0b8000 JavaThread "Reference Handler" daemon [_thread_blocked, id=91269, stack(0x00007f2d9040a000,0x00007f2d9050b000)]
  0x00007f2dac0ba000 JavaThread "Finalizer" daemon [_thread_blocked, id=91270, stack(0x00007f2d90309000,0x00007f2d9040a000)]
  0x00007f2dac0bf800 JavaThread "Signal Dispatcher" daemon [_thread_blocked, id=91271, stack(0x00007f2d90208000,0x00007f2d90309000)]
  0x00007f2dac0c1800 JavaThread "Service Thread" daemon [_thread_blocked, id=91272, stack(0x00007f2d90107000,0x00007f2d90208000)]
  0x00007f2dac0c4000 JavaThread "C2 CompilerThread0" daemon [_thread_blocked, id=91273, stack(0x00007f2d90006000,0x00007f2d90107000)]
  0x00007f2dac0c6000 JavaThread "C1 CompilerThread0" daemon [_thread_blocked, id=91274, stack(0x00007f2d81a6b000,0x00007f2d81b6c000)]
  0x00007f2dac0c8000 JavaThread "Sweeper thread" daemon [_thread_blocked, id=91275, stack(0x00007f2d8196a000,0x00007f2d81a6b000)]
  0x00007f2dac103000 JavaThread "Common-Cleaner" daemon [_thread_blocked, id=91277, stack(0x00007f2d81767000,0x00007f2d81868000)]
  0x00007f2dac2cc000 JavaThread "JavaCPP Deallocator" daemon [_thread_blocked, id=91279, stack(0x00007f2d8113d000,0x00007f2d8123e000)]

Other Threads:
  0x00007f2dac0b5000 VMThread "VM Thread" [stack: 0x00007f2d9050d000,0x00007f2d9060d000] [id=91268]
  0x00007f2dac101000 WatcherThread [stack: 0x00007f2d8186a000,0x00007f2d8196a000] [id=91276]
  0x00007f2dac02f000 GCTaskThread "GC Thread#0" [stack: 0x00007f2d93ad4000,0x00007f2d93bd4000] [id=91263]
  0x00007f2d78001000 GCTaskThread "GC Thread#1" [stack: 0x00007f2d81240000,0x00007f2d81340000] [id=91278]
  0x00007f2dac04a000 ConcurrentGCThread "G1 Main Marker" [stack: 0x00007f2d91398000,0x00007f2d91498000] [id=91264]
  0x00007f2dac04c000 ConcurrentGCThread "G1 Conc#0" [stack: 0x00007f2d91296000,0x00007f2d91396000] [id=91265]
  0x00007f2dac087000 ConcurrentGCThread "G1 Refine#0" [stack: 0x00007f2d90f92000,0x00007f2d91092000] [id=91266]
  0x00007f2dac089000 ConcurrentGCThread "G1 Young RemSet Sampling" [stack: 0x00007f2d90e90000,0x00007f2d90f90000] [id=91267]

Threads with active compile tasks:

VM state:not at safepoint (normal execution)

VM Mutex/Monitor currently owned by a thread: None

Heap address: 0x00000000c3000000, size: 976 MB, Compressed Oops mode: 32-bit
Narrow klass base: 0x0000000800000000, Narrow klass shift: 3
Compressed class space size: 1073741824 Address: 0x0000000840000000

Heap:
 garbage-first heap   total 65536K, used 6383K [0x00000000c3000000, 0x0000000100000000)
  region size 1024K, 6 young (6144K), 1 survivors (1024K)
 Metaspace       used 3912K, capacity 6791K, committed 6912K, reserved 1056768K
  class space    used 436K, capacity 732K, committed 768K, reserved 1048576K
Heap Regions: E=young(eden), S=young(survivor), O=old, HS=humongous(starts), HC=humongous(continues), CS=collection set, F=free, A=archive, TAMS=top-at-mark-start (previous, next)
|   0|0x00000000c3000000, 0x00000000c3089e00, 0x00000000c3100000| 53%| O|  |TAMS 0x00000000c3000000, 0x00000000c3000000| Untracked 
|   1|0x00000000c3100000, 0x00000000c3100000, 0x00000000c3200000|  0%| F|  |TAMS 0x00000000c3100000, 0x00000000c3100000| Untracked 
|   2|0x00000000c3200000, 0x00000000c3200000, 0x00000000c3300000|  0%| F|  |TAMS 0x00000000c3200000, 0x00000000c3200000| Untracked 
|   3|0x00000000c3300000, 0x00000000c3300000, 0x00000000c3400000|  0%| F|  |TAMS 0x00000000c3300000, 0x00000000c3300000| Untracked 
|   4|0x00000000c3400000, 0x00000000c3400000, 0x00000000c3500000|  0%| F|  |TAMS 0x00000000c3400000, 0x00000000c3400000| Untracked 
|   5|0x00000000c3500000, 0x00000000c3500000, 0x00000000c3600000|  0%| F|  |TAMS 0x00000000c3500000, 0x00000000c3500000| Untracked 
|   6|0x00000000c3600000, 0x00000000c3600000, 0x00000000c3700000|  0%| F|  |TAMS 0x00000000c3600000, 0x00000000c3600000| Untracked 
|   7|0x00000000c3700000, 0x00000000c3700000, 0x00000000c3800000|  0%| F|  |TAMS 0x00000000c3700000, 0x00000000c3700000| Untracked 
|   8|0x00000000c3800000, 0x00000000c3800000, 0x00000000c3900000|  0%| F|  |TAMS 0x00000000c3800000, 0x00000000c3800000| Untracked 
|   9|0x00000000c3900000, 0x00000000c3900000, 0x00000000c3a00000|  0%| F|  |TAMS 0x00000000c3900000, 0x00000000c3900000| Untracked 
|  10|0x00000000c3a00000, 0x00000000c3a00000, 0x00000000c3b00000|  0%| F|  |TAMS 0x00000000c3a00000, 0x00000000c3a00000| Untracked 
|  11|0x00000000c3b00000, 0x00000000c3b00000, 0x00000000c3c00000|  0%| F|  |TAMS 0x00000000c3b00000, 0x00000000c3b00000| Untracked 
|  12|0x00000000c3c00000, 0x00000000c3c00000, 0x00000000c3d00000|  0%| F|  |TAMS 0x00000000c3c00000, 0x00000000c3c00000| Untracked 
|  13|0x00000000c3d00000, 0x00000000c3d00000, 0x00000000c3e00000|  0%| F|  |TAMS 0x00000000c3d00000, 0x00000000c3d00000| Untracked 
|  14|0x00000000c3e00000, 0x00000000c3e00000, 0x00000000c3f00000|  0%| F|  |TAMS 0x00000000c3e00000, 0x00000000c3e00000| Untracked 
|  15|0x00000000c3f00000, 0x00000000c3f00000, 0x00000000c4000000|  0%| F|  |TAMS 0x00000000c3f00000, 0x00000000c3f00000| Untracked 
|  16|0x00000000c4000000, 0x00000000c4000000, 0x00000000c4100000|  0%| F|  |TAMS 0x00000000c4000000, 0x00000000c4000000| Untracked 
|  17|0x00000000c4100000, 0x00000000c4100000, 0x00000000c4200000|  0%| F|  |TAMS 0x00000000c4100000, 0x00000000c4100000| Untracked 
|  18|0x00000000c4200000, 0x00000000c4200000, 0x00000000c4300000|  0%| F|  |TAMS 0x00000000c4200000, 0x00000000c4200000| Untracked 
|  19|0x00000000c4300000, 0x00000000c4300000, 0x00000000c4400000|  0%| F|  |TAMS 0x00000000c4300000, 0x00000000c4300000| Untracked 
|  20|0x00000000c4400000, 0x00000000c4400000, 0x00000000c4500000|  0%| F|  |TAMS 0x00000000c4400000, 0x00000000c4400000| Untracked 
|  21|0x00000000c4500000, 0x00000000c4500000, 0x00000000c4600000|  0%| F|  |TAMS 0x00000000c4500000, 0x00000000c4500000| Untracked 
|  22|0x00000000c4600000, 0x00000000c4600000, 0x00000000c4700000|  0%| F|  |TAMS 0x00000000c4600000, 0x00000000c4600000| Untracked 
|  23|0x00000000c4700000, 0x00000000c4700000, 0x00000000c4800000|  0%| F|  |TAMS 0x00000000c4700000, 0x00000000c4700000| Untracked 
|  24|0x00000000c4800000, 0x00000000c4800000, 0x00000000c4900000|  0%| F|  |TAMS 0x00000000c4800000, 0x00000000c4800000| Untracked 
|  25|0x00000000c4900000, 0x00000000c4900000, 0x00000000c4a00000|  0%| F|  |TAMS 0x00000000c4900000, 0x00000000c4900000| Untracked 
|  26|0x00000000c4a00000, 0x00000000c4a00000, 0x00000000c4b00000|  0%| F|  |TAMS 0x00000000c4a00000, 0x00000000c4a00000| Untracked 
|  27|0x00000000c4b00000, 0x00000000c4b00000, 0x00000000c4c00000|  0%| F|  |TAMS 0x00000000c4b00000, 0x00000000c4b00000| Untracked 
|  28|0x00000000c4c00000, 0x00000000c4c00000, 0x00000000c4d00000|  0%| F|  |TAMS 0x00000000c4c00000, 0x00000000c4c00000| Untracked 
|  29|0x00000000c4d00000, 0x00000000c4d00000, 0x00000000c4e00000|  0%| F|  |TAMS 0x00000000c4d00000, 0x00000000c4d00000| Untracked 
|  30|0x00000000c4e00000, 0x00000000c4e00000, 0x00000000c4f00000|  0%| F|  |TAMS 0x00000000c4e00000, 0x00000000c4e00000| Untracked 
|  31|0x00000000c4f00000, 0x00000000c4f00000, 0x00000000c5000000|  0%| F|  |TAMS 0x00000000c4f00000, 0x00000000c4f00000| Untracked 
|  32|0x00000000c5000000, 0x00000000c5000000, 0x00000000c5100000|  0%| F|  |TAMS 0x00000000c5000000, 0x00000000c5000000| Untracked 
|  33|0x00000000c5100000, 0x00000000c5100000, 0x00000000c5200000|  0%| F|  |TAMS 0x00000000c5100000, 0x00000000c5100000| Untracked 
|  34|0x00000000c5200000, 0x00000000c5200000, 0x00000000c5300000|  0%| F|  |TAMS 0x00000000c5200000, 0x00000000c5200000| Untracked 
|  35|0x00000000c5300000, 0x00000000c5300000, 0x00000000c5400000|  0%| F|  |TAMS 0x00000000c5300000, 0x00000000c5300000| Untracked 
|  36|0x00000000c5400000, 0x00000000c5400000, 0x00000000c5500000|  0%| F|  |TAMS 0x00000000c5400000, 0x00000000c5400000| Untracked 
|  37|0x00000000c5500000, 0x00000000c5500000, 0x00000000c5600000|  0%| F|  |TAMS 0x00000000c5500000, 0x00000000c5500000| Untracked 
|  38|0x00000000c5600000, 0x00000000c5600000, 0x00000000c5700000|  0%| F|  |TAMS 0x00000000c5600000, 0x00000000c5600000| Untracked 
|  39|0x00000000c5700000, 0x00000000c5700000, 0x00000000c5800000|  0%| F|  |TAMS 0x00000000c5700000, 0x00000000c5700000| Untracked 
|  40|0x00000000c5800000, 0x00000000c5800000, 0x00000000c5900000|  0%| F|  |TAMS 0x00000000c5800000, 0x00000000c5800000| Untracked 
|  41|0x00000000c5900000, 0x00000000c5900000, 0x00000000c5a00000|  0%| F|  |TAMS 0x00000000c5900000, 0x00000000c5900000| Untracked 
|  42|0x00000000c5a00000, 0x00000000c5a00000, 0x00000000c5b00000|  0%| F|  |TAMS 0x00000000c5a00000, 0x00000000c5a00000| Untracked 
|  43|0x00000000c5b00000, 0x00000000c5b00000, 0x00000000c5c00000|  0%| F|  |TAMS 0x00000000c5b00000, 0x00000000c5b00000| Untracked 
|  44|0x00000000c5c00000, 0x00000000c5c00000, 0x00000000c5d00000|  0%| F|  |TAMS 0x00000000c5c00000, 0x00000000c5c00000| Untracked 
|  45|0x00000000c5d00000, 0x00000000c5d00000, 0x00000000c5e00000|  0%| F|  |TAMS 0x00000000c5d00000, 0x00000000c5d00000| Untracked 
|  46|0x00000000c5e00000, 0x00000000c5e00000, 0x00000000c5f00000|  0%| F|  |TAMS 0x00000000c5e00000, 0x00000000c5e00000| Untracked 
|  47|0x00000000c5f00000, 0x00000000c5f00000, 0x00000000c6000000|  0%| F|  |TAMS 0x00000000c5f00000, 0x00000000c5f00000| Untracked 
|  48|0x00000000c6000000, 0x00000000c6000000, 0x00000000c6100000|  0%| F|  |TAMS 0x00000000c6000000, 0x00000000c6000000| Untracked 
|  49|0x00000000c6100000, 0x00000000c6100000, 0x00000000c6200000|  0%| F|  |TAMS 0x00000000c6100000, 0x00000000c6100000| Untracked 
|  50|0x00000000c6200000, 0x00000000c6200000, 0x00000000c6300000|  0%| F|  |TAMS 0x00000000c6200000, 0x00000000c6200000| Untracked 
|  51|0x00000000c6300000, 0x00000000c6300000, 0x00000000c6400000|  0%| F|  |TAMS 0x00000000c6300000, 0x00000000c6300000| Untracked 
|  52|0x00000000c6400000, 0x00000000c6400000, 0x00000000c6500000|  0%| F|  |TAMS 0x00000000c6400000, 0x00000000c6400000| Untracked 
|  53|0x00000000c6500000, 0x00000000c6500000, 0x00000000c6600000|  0%| F|  |TAMS 0x00000000c6500000, 0x00000000c6500000| Untracked 
|  54|0x00000000c6600000, 0x00000000c6700000, 0x00000000c6700000|100%| S|CS|TAMS 0x00000000c6600000, 0x00000000c6600000| Complete 
|  55|0x00000000c6700000, 0x00000000c6700000, 0x00000000c6800000|  0%| F|  |TAMS 0x00000000c6700000, 0x00000000c6700000| Untracked 
|  56|0x00000000c6800000, 0x00000000c6800000, 0x00000000c6900000|  0%| F|  |TAMS 0x00000000c6800000, 0x00000000c6800000| Untracked 
|  57|0x00000000c6900000, 0x00000000c6a00000, 0x00000000c6a00000|100%| E|  |TAMS 0x00000000c6900000, 0x00000000c6900000| Complete 
|  58|0x00000000c6a00000, 0x00000000c6b00000, 0x00000000c6b00000|100%| E|CS|TAMS 0x00000000c6a00000, 0x00000000c6a00000| Complete 
|  59|0x00000000c6b00000, 0x00000000c6c00000, 0x00000000c6c00000|100%| E|CS|TAMS 0x00000000c6b00000, 0x00000000c6b00000| Complete 
|  60|0x00000000c6c00000, 0x00000000c6d00000, 0x00000000c6d00000|100%| E|CS|TAMS 0x00000000c6c00000, 0x00000000c6c00000| Complete 
|  61|0x00000000c6d00000, 0x00000000c6e00000, 0x00000000c6e00000|100%| E|CS|TAMS 0x00000000c6d00000, 0x00000000c6d00000| Complete 
| 974|0x00000000ffe00000, 0x00000000ffe47000, 0x00000000fff00000| 27%|OA|  |TAMS 0x00000000ffe00000, 0x00000000ffe00000| Untracked 
| 975|0x00000000fff00000, 0x00000000fff6b000, 0x0000000100000000| 41%|CA|  |TAMS 0x00000000fff00000, 0x00000000fff00000| Untracked 

Card table byte_map: [0x00007f2d93500000,0x00007f2d936e8000] _byte_map_base: 0x00007f2d92ee8000

Marking Bits (Prev, Next): (CMBitMap*) 0x00007f2dac045388, (CMBitMap*) 0x00007f2dac0453c0
 Prev Bits: [0x00007f2d923d8000, 0x00007f2d93318000)
 Next Bits: [0x00007f2d91498000, 0x00007f2d923d8000)

Polling page: 0x00007f2db3502000

Metaspace:

Usage:
  Non-class:      5.92 MB capacity,     3.39 MB ( 57%) used,     2.51 MB ( 42%) free+waste,    11.38 KB ( <1%) overhead. 
      Class:    732.00 KB capacity,   436.73 KB ( 60%) used,   289.27 KB ( 40%) free+waste,     6.00 KB ( <1%) overhead. 
       Both:      6.63 MB capacity,     3.82 MB ( 58%) used,     2.79 MB ( 42%) free+waste,    17.38 KB ( <1%) overhead. 

Virtual space:
  Non-class space:        8.00 MB reserved,       6.00 MB ( 75%) committed 
      Class space:        1.00 GB reserved,     768.00 KB ( <1%) committed 
             Both:        1.01 GB reserved,       6.75 MB ( <1%) committed 

Chunk freelists:
   Non-Class:  29.00 KB
       Class:  4.00 KB
        Both:  33.00 KB

MaxMetaspaceSize: unlimited
CompressedClassSpaceSize: 1.00 GB
Initial GC threshold: 20.80 MB
Current GC threshold: 20.80 MB
CDS: on

CodeHeap 'non-profiled nmethods': size=120036Kb used=247Kb max_used=247Kb free=119788Kb
 bounds [0x00007f2d9b871000, 0x00007f2d9bae1000, 0x00007f2da2daa000]
CodeHeap 'profiled nmethods': size=120032Kb used=1442Kb max_used=1442Kb free=118589Kb
 bounds [0x00007f2d94339000, 0x00007f2d945a9000, 0x00007f2d9b871000]
CodeHeap 'non-nmethods': size=5692Kb used=1156Kb max_used=1171Kb free=4535Kb
 bounds [0x00007f2d93daa000, 0x00007f2d9401a000, 0x00007f2d94339000]
 total_blobs=1237 nmethods=818 adapters=333
 compilation: enabled
              stopped_count=0, restarted_count=0
 full_count=0

Compilation events (20 events):
Event: 0.341 Thread 0x00007f2dac0c6000 nmethod 788 0x00007f2d9448df10 code [0x00007f2d9448e0e0, 0x00007f2d9448e2d0]
Event: 0.342 Thread 0x00007f2dac0c6000  790       3       java.lang.invoke.MemberName::isMethod (7 bytes)
Event: 0.342 Thread 0x00007f2dac0c6000 nmethod 790 0x00007f2d9448e410 code [0x00007f2d9448e5c0, 0x00007f2d9448e810]
Event: 0.342 Thread 0x00007f2dac0c6000  789       3       java.lang.invoke.MethodHandles$Lookup::isClassAccessible (32 bytes)
Event: 0.342 Thread 0x00007f2dac0c6000 nmethod 789 0x00007f2d9448e910 code [0x00007f2d9448eb00, 0x00007f2d9448ef10]
Event: 0.342 Thread 0x00007f2dac0c6000  791       3       java.lang.invoke.InvokerBytecodeGenerator::isStaticallyNameable (148 bytes)
Event: 0.343 Thread 0x00007f2dac0c4000  797       4       jdk.internal.org.objectweb.asm.ClassWriter::get (49 bytes)
Event: 0.344 Thread 0x00007f2dac0c6000 nmethod 791 0x00007f2d9448f090 code [0x00007f2d9448f5c0, 0x00007f2d94491f30]
Event: 0.344 Thread 0x00007f2dac0c6000  794       3       jdk.internal.org.objectweb.asm.Type::getType (269 bytes)
Event: 0.344 Thread 0x00007f2dac0c4000 nmethod 797 0x00007f2d9b8abc10 code [0x00007f2d9b8abdc0, 0x00007f2d9b8abf08]
Event: 0.344 Thread 0x00007f2dac0c6000 nmethod 794 0x00007f2d94492b90 code [0x00007f2d94492de0, 0x00007f2d94493a10]
Event: 0.344 Thread 0x00007f2dac0c6000  795       3       java.lang.invoke.LambdaFormBuffer::ownedCount (7 bytes)
Event: 0.344 Thread 0x00007f2dac0c6000 nmethod 795 0x00007f2d94493d10 code [0x00007f2d94493ec0, 0x00007f2d94493fd0]
Event: 0.344 Thread 0x00007f2dac0c6000  792       3       java.lang.invoke.MethodType::insertParameterTypes (121 bytes)
Event: 0.344 Thread 0x00007f2dac0c4000  798       4       jdk.internal.org.objectweb.asm.Item::set (219 bytes)
Event: 0.344 Thread 0x00007f2dac0c6000 nmethod 792 0x00007f2d94494090 code [0x00007f2d94494380, 0x00007f2d94495210]
Event: 0.344 Thread 0x00007f2dac0c6000  796       3       java.lang.reflect.Array::newInstance (6 bytes)
Event: 0.345 Thread 0x00007f2dac0c6000 nmethod 796 0x00007f2d94495790 code [0x00007f2d94495940, 0x00007f2d94495a40]
Event: 0.345 Thread 0x00007f2dac0c6000  793       3       jdk.internal.org.objectweb.asm.MethodWriter::visitInsn (114 bytes)
Event: 0.345 Thread 0x00007f2dac0c6000 nmethod 793 0x00007f2d94495b10 code [0x00007f2d94495d00, 0x00007f2d94496120]

GC Heap History (2 events):
Event: 0.205 GC heap before
{Heap before GC invocations=0 (full 0):
 garbage-first heap   total 65536K, used 7880K [0x00000000c3000000, 0x0000000100000000)
  region size 1024K, 7 young (7168K), 0 survivors (0K)
 Metaspace       used 2789K, capacity 6308K, committed 6528K, reserved 1056768K
  class space    used 276K, capacity 612K, committed 640K, reserved 1048576K
}
Event: 0.209 GC heap after
{Heap after GC invocations=1 (full 0):
 garbage-first heap   total 65536K, used 2287K [0x00000000c3000000, 0x0000000100000000)
  region size 1024K, 1 young (1024K), 1 survivors (1024K)
 Metaspace       used 2789K, capacity 6308K, committed 6528K, reserved 1056768K
  class space    used 276K, capacity 612K, committed 640K, reserved 1048576K
}

Deoptimization events (20 events):
Event: 0.180 Thread 0x00007f2dac017000 Uncommon trap: trap_request=0xffffff4d fr.pc=0x00007f2d9b896110 relative=0x0000000000000350
Event: 0.180 Thread 0x00007f2dac017000 Uncommon trap: reason=unstable_if action=reinterpret pc=0x00007f2d9b896110 method=java.lang.StringLatin1.indexOf([BI[BII)I @ 91 c2
Event: 0.180 Thread 0x00007f2dac017000 DEOPT PACKING pc=0x00007f2d9b896110 sp=0x00007f2db34e7450
Event: 0.180 Thread 0x00007f2dac017000 DEOPT UNPACKING pc=0x00007f2d93df3ea5 sp=0x00007f2db34e73f8 mode 2
Event: 0.181 Thread 0x00007f2dac017000 Uncommon trap: trap_request=0xffffff4d fr.pc=0x00007f2d9b876f9c relative=0x000000000000007c
Event: 0.181 Thread 0x00007f2dac017000 Uncommon trap: reason=unstable_if action=reinterpret pc=0x00007f2d9b876f9c method=java.lang.String.isLatin1()Z @ 10 c2
Event: 0.181 Thread 0x00007f2dac017000 DEOPT PACKING pc=0x00007f2d9b876f9c sp=0x00007f2db34eaa90
Event: 0.181 Thread 0x00007f2dac017000 DEOPT UNPACKING pc=0x00007f2d93df3ea5 sp=0x00007f2db34ea9f0 mode 2
Event: 0.214 Thread 0x00007f2dac017000 DEOPT PACKING pc=0x00007f2d94382324 sp=0x00007f2db34ea190
Event: 0.214 Thread 0x00007f2dac017000 DEOPT UNPACKING pc=0x00007f2d93df464a sp=0x00007f2db34e9620 mode 0
Event: 0.230 Thread 0x00007f2dac017000 DEOPT PACKING pc=0x00007f2d943e6e08 sp=0x00007f2db34e8a30
Event: 0.230 Thread 0x00007f2dac017000 DEOPT UNPACKING pc=0x00007f2d93df464a sp=0x00007f2db34e7ea0 mode 0
Event: 0.235 Thread 0x00007f2dac017000 DEOPT PACKING pc=0x00007f2d943edac2 sp=0x00007f2db34e8d70
Event: 0.235 Thread 0x00007f2dac017000 DEOPT UNPACKING pc=0x00007f2d93df464a sp=0x00007f2db34e81f8 mode 0
Event: 0.241 Thread 0x00007f2dac017000 DEOPT PACKING pc=0x00007f2d9437c04f sp=0x00007f2db34ea970
Event: 0.241 Thread 0x00007f2dac017000 DEOPT UNPACKING pc=0x00007f2d93df464a sp=0x00007f2db34e9e18 mode 0
Event: 0.261 Thread 0x00007f2dac017000 DEOPT PACKING pc=0x00007f2d943e6e08 sp=0x00007f2db34ea3b0
Event: 0.261 Thread 0x00007f2dac017000 DEOPT UNPACKING pc=0x00007f2d93df464a sp=0x00007f2db34e9820 mode 0
Event: 0.274 Thread 0x00007f2dac017000 DEOPT PACKING pc=0x00007f2d943e6e08 sp=0x00007f2db34ea390
Event: 0.274 Thread 0x00007f2dac017000 DEOPT UNPACKING pc=0x00007f2d93df464a sp=0x00007f2db34e9800 mode 0

Classes redefined (0 events):
No events

Internal exceptions (20 events):
Event: 0.186 Thread 0x00007f2dac017000 Exception <a 'java/security/PrivilegedActionException'{0x00000000c68d2890}> (0x00000000c68d2890) thrown at [src/hotspot/share/prims/jvm.cpp, line 1306]
Event: 0.186 Thread 0x00007f2dac017000 Exception <a 'java/security/PrivilegedActionException'{0x00000000c68d2b60}> (0x00000000c68d2b60) thrown at [src/hotspot/share/prims/jvm.cpp, line 1306]
Event: 0.186 Thread 0x00007f2dac017000 Exception <a 'java/security/PrivilegedActionException'{0x00000000c68d34d0}> (0x00000000c68d34d0) thrown at [src/hotspot/share/prims/jvm.cpp, line 1306]
Event: 0.186 Thread 0x00007f2dac017000 Exception <a 'java/security/PrivilegedActionException'{0x00000000c68d37a0}> (0x00000000c68d37a0) thrown at [src/hotspot/share/prims/jvm.cpp, line 1306]
Event: 0.186 Thread 0x00007f2dac017000 Exception <a 'java/security/PrivilegedActionException'{0x00000000c68d4128}> (0x00000000c68d4128) thrown at [src/hotspot/share/prims/jvm.cpp, line 1306]
Event: 0.186 Thread 0x00007f2dac017000 Exception <a 'java/security/PrivilegedActionException'{0x00000000c68d43f8}> (0x00000000c68d43f8) thrown at [src/hotspot/share/prims/jvm.cpp, line 1306]
Event: 0.186 Thread 0x00007f2dac017000 Exception <a 'java/security/PrivilegedActionException'{0x00000000c68d4d80}> (0x00000000c68d4d80) thrown at [src/hotspot/share/prims/jvm.cpp, line 1306]
Event: 0.186 Thread 0x00007f2dac017000 Exception <a 'java/security/PrivilegedActionException'{0x00000000c68d5050}> (0x00000000c68d5050) thrown at [src/hotspot/share/prims/jvm.cpp, line 1306]
Event: 0.186 Thread 0x00007f2dac017000 Exception <a 'java/security/PrivilegedActionException'{0x00000000c68d59d8}> (0x00000000c68d59d8) thrown at [src/hotspot/share/prims/jvm.cpp, line 1306]
Event: 0.186 Thread 0x00007f2dac017000 Exception <a 'java/security/PrivilegedActionException'{0x00000000c68d5ca8}> (0x00000000c68d5ca8) thrown at [src/hotspot/share/prims/jvm.cpp, line 1306]
Event: 0.186 Thread 0x00007f2dac017000 Exception <a 'java/security/PrivilegedActionException'{0x00000000c68d6618}> (0x00000000c68d6618) thrown at [src/hotspot/share/prims/jvm.cpp, line 1306]
Event: 0.186 Thread 0x00007f2dac017000 Exception <a 'java/security/PrivilegedActionException'{0x00000000c68d68e8}> (0x00000000c68d68e8) thrown at [src/hotspot/share/prims/jvm.cpp, line 1306]
Event: 0.186 Thread 0x00007f2dac017000 Exception <a 'java/security/PrivilegedActionException'{0x00000000c68d7270}> (0x00000000c68d7270) thrown at [src/hotspot/share/prims/jvm.cpp, line 1306]
Event: 0.186 Thread 0x00007f2dac017000 Exception <a 'java/security/PrivilegedActionException'{0x00000000c68d7540}> (0x00000000c68d7540) thrown at [src/hotspot/share/prims/jvm.cpp, line 1306]
Event: 0.186 Thread 0x00007f2dac017000 Exception <a 'java/security/PrivilegedActionException'{0x00000000c68e52f0}> (0x00000000c68e52f0) thrown at [src/hotspot/share/prims/jvm.cpp, line 1306]
Event: 0.186 Thread 0x00007f2dac017000 Exception <a 'java/security/PrivilegedActionException'{0x00000000c68e55c0}> (0x00000000c68e55c0) thrown at [src/hotspot/share/prims/jvm.cpp, line 1306]
Event: 0.201 Thread 0x00007f2dac017000 Exception <a 'java/lang/NoSuchMethodError'{0x00000000c67ed0c0}: 'int java.lang.invoke.DirectMethodHandle$Holder.invokeStaticInit(java.lang.Object, java.lang.Object, java.lang.Object, java.lang.Object)'> (0x00000000c67ed0c0) thrown at [src/hotspot/share/interpreter/linkResolver.cpp, line 773]
Event: 0.202 Thread 0x00007f2dac017000 Exception <a 'java/lang/IncompatibleClassChangeError'{0x00000000c67f6970}: Found class java.lang.Object, but interface was expected> (0x00000000c67f6970) thrown at [src/hotspot/share/interpreter/linkResolver.cpp, line 839]
Event: 0.202 Thread 0x00007f2dac017000 Exception <a 'java/lang/NoSuchMethodError'{0x00000000c67f9bc0}: 'void java.lang.invoke.DirectMethodHandle$Holder.invokeStaticInit(java.lang.Object, java.lang.Object)'> (0x00000000c67f9bc0) thrown at [src/hotspot/share/interpreter/linkResolver.cpp, line 773]
Event: 0.203 Thread 0x00007f2dac017000 Exception <a 'java/lang/NoSuchMethodError'{0x00000000c67ff5d8}: 'int java.lang.invoke.DirectMethodHandle$Holder.invokeStaticInit(java.lang.Object, java.lang.Object)'> (0x00000000c67ff5d8) thrown at [src/hotspot/share/interpreter/linkResolver.cpp, line 773]

Events (20 events):
Event: 0.336 loading class org/bytedeco/llvm/LLVM/LLVMPassManagerBuilderRef
Event: 0.336 loading class org/bytedeco/llvm/LLVM/LLVMPassManagerBuilderRef done
Event: 0.336 loading class org/bytedeco/llvm/LLVM/LLVMPassBuilderOptionsRef
Event: 0.336 loading class org/bytedeco/llvm/LLVM/LLVMPassBuilderOptionsRef done
Event: 0.337 loading class org/bytedeco/llvm/LLVM/Pass
Event: 0.337 loading class org/bytedeco/llvm/LLVM/Pass done
Event: 0.337 loading class org/bytedeco/llvm/LLVM/LLVMNamedMDNodeRef
Event: 0.337 loading class org/bytedeco/llvm/LLVM/LLVMNamedMDNodeRef done
Event: 0.337 loading class org/bytedeco/llvm/LLVM/LLVMUseRef
Event: 0.337 loading class org/bytedeco/llvm/LLVM/LLVMUseRef done
Event: 0.341 loading class org/bytedeco/javacpp/PointerScope
Event: 0.341 loading class org/bytedeco/javacpp/PointerScope done
Event: 0.342 loading class org/bytedeco/javacpp/PointerScope$1
Event: 0.342 loading class org/bytedeco/javacpp/PointerScope$1 done
Event: 0.346 loading class java/lang/invoke/BoundMethodHandle$Species_LLLLLLI
Event: 0.346 loading class java/lang/invoke/BoundMethodHandle$Species_LLLLLLI done
Event: 0.347 loading class java/lang/invoke/BoundMethodHandle$Species_LLLLLLII
Event: 0.347 loading class java/lang/invoke/BoundMethodHandle$Species_LLLLLLII done
Event: 0.347 loading class java/lang/invoke/BoundMethodHandle$Species_LLLLLLIIL
Event: 0.347 loading class java/lang/invoke/BoundMethodHandle$Species_LLLLLLIIL done


Dynamic libraries:
c3000000-c6e00000 rw-p 00000000 00:00 0 
c6e00000-ffe00000 ---p 00000000 00:00 0 
ffe00000-ffe47000 rw-p 00b0a000 08:01 926690                             /usr/lib/jvm/java-11-openjdk-amd64/lib/server/classes.jsa
ffe47000-fff00000 rw-p 00000000 00:00 0 
fff00000-fff6b000 rw-p 00a9f000 08:01 926690                             /usr/lib/jvm/java-11-openjdk-amd64/lib/server/classes.jsa
fff6b000-100000000 rw-p 00000000 00:00 0 
800000000-800002000 rwxp 00001000 08:01 926690                           /usr/lib/jvm/java-11-openjdk-amd64/lib/server/classes.jsa
800002000-8003cc000 rw-p 00003000 08:01 926690                           /usr/lib/jvm/java-11-openjdk-amd64/lib/server/classes.jsa
8003cc000-800a9d000 r--p 003cd000 08:01 926690                           /usr/lib/jvm/java-11-openjdk-amd64/lib/server/classes.jsa
800a9d000-800a9e000 rw-p 00a9e000 08:01 926690                           /usr/lib/jvm/java-11-openjdk-amd64/lib/server/classes.jsa
840000000-8400c0000 rw-p 00000000 00:00 0 
8400c0000-880000000 ---p 00000000 00:00 0 
55eb235d0000-55eb235d1000 r-xp 00000000 08:01 926076                     /usr/lib/jvm/java-11-openjdk-amd64/bin/java
55eb237d1000-55eb237d2000 r--p 00001000 08:01 926076                     /usr/lib/jvm/java-11-openjdk-amd64/bin/java
55eb237d2000-55eb237d3000 rw-p 00002000 08:01 926076                     /usr/lib/jvm/java-11-openjdk-amd64/bin/java
55eb23b80000-55eb23ba1000 rw-p 00000000 00:00 0                          [heap]
7f2d4d52c000-7f2d4de52000 r--p 00000000 08:01 6297972                    /home/syd/.javacpp/cache/llvm-13.0.1-1.5.7-linux-x86_64.jar/org/bytedeco/llvm/linux-x86_64/libLLVM-13.so
7f2d4de52000-7f2d51815000 r-xp 00926000 08:01 6297972                    /home/syd/.javacpp/cache/llvm-13.0.1-1.5.7-linux-x86_64.jar/org/bytedeco/llvm/linux-x86_64/libLLVM-13.so
7f2d51815000-7f2d53a6a000 r--p 042e9000 08:01 6297972                    /home/syd/.javacpp/cache/llvm-13.0.1-1.5.7-linux-x86_64.jar/org/bytedeco/llvm/linux-x86_64/libLLVM-13.so
7f2d53a6a000-7f2d53f7f000 r--p 0653d000 08:01 6297972                    /home/syd/.javacpp/cache/llvm-13.0.1-1.5.7-linux-x86_64.jar/org/bytedeco/llvm/linux-x86_64/libLLVM-13.so
7f2d53f7f000-7f2d53f8a000 rw-p 06a52000 08:01 6297972                    /home/syd/.javacpp/cache/llvm-13.0.1-1.5.7-linux-x86_64.jar/org/bytedeco/llvm/linux-x86_64/libLLVM-13.so
7f2d53f8a000-7f2d54000000 rw-p 00000000 00:00 0 
7f2d54000000-7f2d54021000 rw-p 00000000 00:00 0 
7f2d54021000-7f2d58000000 ---p 00000000 00:00 0 
7f2d58000000-7f2d58021000 rw-p 00000000 00:00 0 
7f2d58021000-7f2d5c000000 ---p 00000000 00:00 0 
7f2d5c000000-7f2d5c283000 rw-p 00000000 00:00 0 
7f2d5c283000-7f2d60000000 ---p 00000000 00:00 0 
7f2d60000000-7f2d604c8000 rw-p 00000000 00:00 0 
7f2d604c8000-7f2d64000000 ---p 00000000 00:00 0 
7f2d64000000-7f2d64021000 rw-p 00000000 00:00 0 
7f2d64021000-7f2d68000000 ---p 00000000 00:00 0 
7f2d68000000-7f2d68021000 rw-p 00000000 00:00 0 
7f2d68021000-7f2d6c000000 ---p 00000000 00:00 0 
7f2d6c000000-7f2d6c021000 rw-p 00000000 00:00 0 
7f2d6c021000-7f2d70000000 ---p 00000000 00:00 0 
7f2d70000000-7f2d70021000 rw-p 00000000 00:00 0 
7f2d70021000-7f2d74000000 ---p 00000000 00:00 0 
7f2d74000000-7f2d74021000 rw-p 00000000 00:00 0 
7f2d74021000-7f2d78000000 ---p 00000000 00:00 0 
7f2d78000000-7f2d78021000 rw-p 00000000 00:00 0 
7f2d78021000-7f2d7c000000 ---p 00000000 00:00 0 
7f2d7c000000-7f2d7c021000 rw-p 00000000 00:00 0 
7f2d7c021000-7f2d80000000 ---p 00000000 00:00 0 
7f2d81037000-7f2d8109c000 r--p 00000000 08:01 6297977                    /home/syd/.javacpp/cache/llvm-13.0.1-1.5.7-linux-x86_64.jar/org/bytedeco/llvm/linux-x86_64/libjniLLVM.so
7f2d8109c000-7f2d8110a000 r-xp 00065000 08:01 6297977                    /home/syd/.javacpp/cache/llvm-13.0.1-1.5.7-linux-x86_64.jar/org/bytedeco/llvm/linux-x86_64/libjniLLVM.so
7f2d8110a000-7f2d81135000 r--p 000d3000 08:01 6297977                    /home/syd/.javacpp/cache/llvm-13.0.1-1.5.7-linux-x86_64.jar/org/bytedeco/llvm/linux-x86_64/libjniLLVM.so
7f2d81135000-7f2d81138000 r--p 000fd000 08:01 6297977                    /home/syd/.javacpp/cache/llvm-13.0.1-1.5.7-linux-x86_64.jar/org/bytedeco/llvm/linux-x86_64/libjniLLVM.so
7f2d81138000-7f2d8113b000 rw-p 00100000 08:01 6297977                    /home/syd/.javacpp/cache/llvm-13.0.1-1.5.7-linux-x86_64.jar/org/bytedeco/llvm/linux-x86_64/libjniLLVM.so
7f2d8113b000-7f2d8113d000 rw-p 00000000 00:00 0 
7f2d8113d000-7f2d81141000 ---p 00000000 00:00 0 
7f2d81141000-7f2d8123e000 rw-p 00000000 00:00 0 
7f2d8123e000-7f2d8123f000 ---p 00000000 00:00 0 
7f2d8123f000-7f2d81340000 rw-p 00000000 00:00 0 
7f2d81340000-7f2d81355000 r-xp 00000000 08:01 926225                     /usr/lib/jvm/java-11-openjdk-amd64/lib/libnet.so
7f2d81355000-7f2d81554000 ---p 00015000 08:01 926225                     /usr/lib/jvm/java-11-openjdk-amd64/lib/libnet.so
7f2d81554000-7f2d81555000 r--p 00014000 08:01 926225                     /usr/lib/jvm/java-11-openjdk-amd64/lib/libnet.so
7f2d81555000-7f2d81556000 rw-p 00015000 08:01 926225                     /usr/lib/jvm/java-11-openjdk-amd64/lib/libnet.so
7f2d81556000-7f2d81566000 r-xp 00000000 08:01 926226                     /usr/lib/jvm/java-11-openjdk-amd64/lib/libnio.so
7f2d81566000-7f2d81765000 ---p 00010000 08:01 926226                     /usr/lib/jvm/java-11-openjdk-amd64/lib/libnio.so
7f2d81765000-7f2d81766000 r--p 0000f000 08:01 926226                     /usr/lib/jvm/java-11-openjdk-amd64/lib/libnio.so
7f2d81766000-7f2d81767000 rw-p 00010000 08:01 926226                     /usr/lib/jvm/java-11-openjdk-amd64/lib/libnio.so
7f2d81767000-7f2d8176b000 ---p 00000000 00:00 0 
7f2d8176b000-7f2d81868000 rw-p 00000000 00:00 0 
7f2d81868000-7f2d81869000 ---p 00000000 00:00 0 
7f2d81869000-7f2d8196a000 rw-p 00000000 00:00 0 
7f2d8196a000-7f2d8196e000 ---p 00000000 00:00 0 
7f2d8196e000-7f2d81a6b000 rw-p 00000000 00:00 0 
7f2d81a6b000-7f2d81a6f000 ---p 00000000 00:00 0 
7f2d81a6f000-7f2d81b6c000 rw-p 00000000 00:00 0 
7f2d81b6c000-7f2d82000000 r--p 00000000 08:01 666827                     /usr/lib/locale/locale-archive
7f2d82000000-7f2d84000000 rw-p 00000000 00:00 0 
7f2d84000000-7f2d84021000 rw-p 00000000 00:00 0 
7f2d84021000-7f2d88000000 ---p 00000000 00:00 0 
7f2d88000000-7f2d88021000 rw-p 00000000 00:00 0 
7f2d88021000-7f2d8c000000 ---p 00000000 00:00 0 
7f2d8c000000-7f2d8c021000 rw-p 00000000 00:00 0 
7f2d8c021000-7f2d90000000 ---p 00000000 00:00 0 
7f2d90006000-7f2d9000a000 ---p 00000000 00:00 0 
7f2d9000a000-7f2d90107000 rw-p 00000000 00:00 0 
7f2d90107000-7f2d9010b000 ---p 00000000 00:00 0 
7f2d9010b000-7f2d90208000 rw-p 00000000 00:00 0 
7f2d90208000-7f2d9020c000 ---p 00000000 00:00 0 
7f2d9020c000-7f2d90309000 rw-p 00000000 00:00 0 
7f2d90309000-7f2d9030d000 ---p 00000000 00:00 0 
7f2d9030d000-7f2d9040a000 rw-p 00000000 00:00 0 
7f2d9040a000-7f2d9040e000 ---p 00000000 00:00 0 
7f2d9040e000-7f2d9050b000 rw-p 00000000 00:00 0 
7f2d9050b000-7f2d9050c000 ---p 00000000 00:00 0 
7f2d9050c000-7f2d90c8e000 rw-p 00000000 00:00 0 
7f2d90c8e000-7f2d90e8e000 ---p 00000000 00:00 0 
7f2d90e8e000-7f2d90e8f000 ---p 00000000 00:00 0 
7f2d90e8f000-7f2d90f90000 rw-p 00000000 00:00 0 
7f2d90f90000-7f2d90f91000 ---p 00000000 00:00 0 
7f2d90f91000-7f2d91294000 rw-p 00000000 00:00 0 
7f2d91294000-7f2d91295000 ---p 00000000 00:00 0 
7f2d91295000-7f2d91396000 rw-p 00000000 00:00 0 
7f2d91396000-7f2d91397000 ---p 00000000 00:00 0 
7f2d91397000-7f2d91590000 rw-p 00000000 00:00 0 
7f2d91590000-7f2d923d0000 ---p 00000000 00:00 0 
7f2d923d0000-7f2d924d0000 rw-p 00000000 00:00 0 
7f2d924d0000-7f2d93310000 ---p 00000000 00:00 0 
7f2d93310000-7f2d93337000 rw-p 00000000 00:00 0 
7f2d93337000-7f2d934ff000 ---p 00000000 00:00 0 
7f2d934ff000-7f2d9351f000 rw-p 00000000 00:00 0 
7f2d9351f000-7f2d936e7000 ---p 00000000 00:00 0 
7f2d936e7000-7f2d93707000 rw-p 00000000 00:00 0 
7f2d93707000-7f2d938cf000 ---p 00000000 00:00 0 
7f2d938cf000-7f2d93ad2000 rw-p 00000000 00:00 0 
7f2d93ad2000-7f2d93ad3000 ---p 00000000 00:00 0 
7f2d93ad3000-7f2d93bd9000 rw-p 00000000 00:00 0 
7f2d93bd9000-7f2d93cbf000 ---p 00000000 00:00 0 
7f2d93cbf000-7f2d93cc4000 rw-p 00000000 00:00 0 
7f2d93cc4000-7f2d93daa000 ---p 00000000 00:00 0 
7f2d93daa000-7f2d9401a000 rwxp 00000000 00:00 0 
7f2d9401a000-7f2d94339000 ---p 00000000 00:00 0 
7f2d94339000-7f2d945a9000 rwxp 00000000 00:00 0 
7f2d945a9000-7f2d9b871000 ---p 00000000 00:00 0 
7f2d9b871000-7f2d9bae1000 rwxp 00000000 00:00 0 
7f2d9bae1000-7f2da2daa000 ---p 00000000 00:00 0 
7f2da2daa000-7f2dab5b5000 r--s 00000000 08:01 926235                     /usr/lib/jvm/java-11-openjdk-amd64/lib/modules
7f2dab5b5000-7f2dab5bc000 r-xp 00000000 08:01 926234                     /usr/lib/jvm/java-11-openjdk-amd64/lib/libzip.so
7f2dab5bc000-7f2dab7bc000 ---p 00007000 08:01 926234                     /usr/lib/jvm/java-11-openjdk-amd64/lib/libzip.so
7f2dab7bc000-7f2dab7bd000 r--p 00007000 08:01 926234                     /usr/lib/jvm/java-11-openjdk-amd64/lib/libzip.so
7f2dab7bd000-7f2dab7be000 rw-p 00008000 08:01 926234                     /usr/lib/jvm/java-11-openjdk-amd64/lib/libzip.so
7f2dab7be000-7f2dab7c9000 r-xp 00000000 08:01 1709194                    /lib/x86_64-linux-gnu/libnss_files-2.27.so
7f2dab7c9000-7f2dab9c8000 ---p 0000b000 08:01 1709194                    /lib/x86_64-linux-gnu/libnss_files-2.27.so
7f2dab9c8000-7f2dab9c9000 r--p 0000a000 08:01 1709194                    /lib/x86_64-linux-gnu/libnss_files-2.27.so
7f2dab9c9000-7f2dab9ca000 rw-p 0000b000 08:01 1709194                    /lib/x86_64-linux-gnu/libnss_files-2.27.so
7f2dab9ca000-7f2dab9d0000 rw-p 00000000 00:00 0 
7f2dab9d0000-7f2dab9e7000 r-xp 00000000 08:01 1709191                    /lib/x86_64-linux-gnu/libnsl-2.27.so
7f2dab9e7000-7f2dabbe6000 ---p 00017000 08:01 1709191                    /lib/x86_64-linux-gnu/libnsl-2.27.so
7f2dabbe6000-7f2dabbe7000 r--p 00016000 08:01 1709191                    /lib/x86_64-linux-gnu/libnsl-2.27.so
7f2dabbe7000-7f2dabbe8000 rw-p 00017000 08:01 1709191                    /lib/x86_64-linux-gnu/libnsl-2.27.so
7f2dabbe8000-7f2dabbea000 rw-p 00000000 00:00 0 
7f2dabbea000-7f2dabbf5000 r-xp 00000000 08:01 1709196                    /lib/x86_64-linux-gnu/libnss_nis-2.27.so
7f2dabbf5000-7f2dabdf4000 ---p 0000b000 08:01 1709196                    /lib/x86_64-linux-gnu/libnss_nis-2.27.so
7f2dabdf4000-7f2dabdf5000 r--p 0000a000 08:01 1709196                    /lib/x86_64-linux-gnu/libnss_nis-2.27.so
7f2dabdf5000-7f2dabdf6000 rw-p 0000b000 08:01 1709196                    /lib/x86_64-linux-gnu/libnss_nis-2.27.so
7f2dabdf6000-7f2dabdfe000 r-xp 00000000 08:01 1709192                    /lib/x86_64-linux-gnu/libnss_compat-2.27.so
7f2dabdfe000-7f2dabffe000 ---p 00008000 08:01 1709192                    /lib/x86_64-linux-gnu/libnss_compat-2.27.so
7f2dabffe000-7f2dabfff000 r--p 00008000 08:01 1709192                    /lib/x86_64-linux-gnu/libnss_compat-2.27.so
7f2dabfff000-7f2dac000000 rw-p 00009000 08:01 1709192                    /lib/x86_64-linux-gnu/libnss_compat-2.27.so
7f2dac000000-7f2dac366000 rw-p 00000000 00:00 0 
7f2dac366000-7f2db0000000 ---p 00000000 00:00 0 
7f2db004a000-7f2db0051000 r--p 00000000 08:01 6297973                    /home/syd/.javacpp/cache/llvm-13.0.1-1.5.7-linux-x86_64.jar/org/bytedeco/llvm/linux-x86_64/libLTO.so.13
7f2db0051000-7f2db0059000 r-xp 00007000 08:01 6297973                    /home/syd/.javacpp/cache/llvm-13.0.1-1.5.7-linux-x86_64.jar/org/bytedeco/llvm/linux-x86_64/libLTO.so.13
7f2db0059000-7f2db005b000 r--p 0000f000 08:01 6297973                    /home/syd/.javacpp/cache/llvm-13.0.1-1.5.7-linux-x86_64.jar/org/bytedeco/llvm/linux-x86_64/libLTO.so.13
7f2db005b000-7f2db005c000 r--p 00010000 08:01 6297973                    /home/syd/.javacpp/cache/llvm-13.0.1-1.5.7-linux-x86_64.jar/org/bytedeco/llvm/linux-x86_64/libLTO.so.13
7f2db005c000-7f2db005d000 rw-p 00011000 08:01 6297973                    /home/syd/.javacpp/cache/llvm-13.0.1-1.5.7-linux-x86_64.jar/org/bytedeco/llvm/linux-x86_64/libLTO.so.13
7f2db005d000-7f2db00b8000 rw-p 00000000 00:00 0 
7f2db00b8000-7f2db00bd000 r-xp 00000000 08:01 926217                     /usr/lib/jvm/java-11-openjdk-amd64/lib/libjimage.so
7f2db00bd000-7f2db02bc000 ---p 00005000 08:01 926217                     /usr/lib/jvm/java-11-openjdk-amd64/lib/libjimage.so
7f2db02bc000-7f2db02bd000 r--p 00004000 08:01 926217                     /usr/lib/jvm/java-11-openjdk-amd64/lib/libjimage.so
7f2db02bd000-7f2db02be000 rw-p 00005000 08:01 926217                     /usr/lib/jvm/java-11-openjdk-amd64/lib/libjimage.so
7f2db02be000-7f2db02e7000 r-xp 00000000 08:01 926214                     /usr/lib/jvm/java-11-openjdk-amd64/lib/libjava.so
7f2db02e7000-7f2db04e6000 ---p 00029000 08:01 926214                     /usr/lib/jvm/java-11-openjdk-amd64/lib/libjava.so
7f2db04e6000-7f2db04e7000 r--p 00028000 08:01 926214                     /usr/lib/jvm/java-11-openjdk-amd64/lib/libjava.so
7f2db04e7000-7f2db04e8000 rw-p 00029000 08:01 926214                     /usr/lib/jvm/java-11-openjdk-amd64/lib/libjava.so
7f2db04e8000-7f2db04e9000 rw-p 00000000 00:00 0 
7f2db04e9000-7f2db04f6000 r-xp 00000000 08:01 926233                     /usr/lib/jvm/java-11-openjdk-amd64/lib/libverify.so
7f2db04f6000-7f2db06f5000 ---p 0000d000 08:01 926233                     /usr/lib/jvm/java-11-openjdk-amd64/lib/libverify.so
7f2db06f5000-7f2db06f7000 r--p 0000c000 08:01 926233                     /usr/lib/jvm/java-11-openjdk-amd64/lib/libverify.so
7f2db06f7000-7f2db06f8000 rw-p 0000e000 08:01 926233                     /usr/lib/jvm/java-11-openjdk-amd64/lib/libverify.so
7f2db06f8000-7f2db06ff000 r-xp 00000000 08:01 1709201                    /lib/x86_64-linux-gnu/librt-2.27.so
7f2db06ff000-7f2db08fe000 ---p 00007000 08:01 1709201                    /lib/x86_64-linux-gnu/librt-2.27.so
7f2db08fe000-7f2db08ff000 r--p 00006000 08:01 1709201                    /lib/x86_64-linux-gnu/librt-2.27.so
7f2db08ff000-7f2db0900000 rw-p 00007000 08:01 1709201                    /lib/x86_64-linux-gnu/librt-2.27.so
7f2db0900000-7f2db0917000 r-xp 00000000 08:01 1709327                    /lib/x86_64-linux-gnu/libgcc_s.so.1
7f2db0917000-7f2db0b16000 ---p 00017000 08:01 1709327                    /lib/x86_64-linux-gnu/libgcc_s.so.1
7f2db0b16000-7f2db0b17000 r--p 00016000 08:01 1709327                    /lib/x86_64-linux-gnu/libgcc_s.so.1
7f2db0b17000-7f2db0b18000 rw-p 00017000 08:01 1709327                    /lib/x86_64-linux-gnu/libgcc_s.so.1
7f2db0b18000-7f2db0cb5000 r-xp 00000000 08:01 1709188                    /lib/x86_64-linux-gnu/libm-2.27.so
7f2db0cb5000-7f2db0eb4000 ---p 0019d000 08:01 1709188                    /lib/x86_64-linux-gnu/libm-2.27.so
7f2db0eb4000-7f2db0eb5000 r--p 0019c000 08:01 1709188                    /lib/x86_64-linux-gnu/libm-2.27.so
7f2db0eb5000-7f2db0eb6000 rw-p 0019d000 08:01 1709188                    /lib/x86_64-linux-gnu/libm-2.27.so
7f2db0eb6000-7f2db102f000 r-xp 00000000 08:01 664741                     /usr/lib/x86_64-linux-gnu/libstdc++.so.6.0.25
7f2db102f000-7f2db122f000 ---p 00179000 08:01 664741                     /usr/lib/x86_64-linux-gnu/libstdc++.so.6.0.25
7f2db122f000-7f2db1239000 r--p 00179000 08:01 664741                     /usr/lib/x86_64-linux-gnu/libstdc++.so.6.0.25
7f2db1239000-7f2db123b000 rw-p 00183000 08:01 664741                     /usr/lib/x86_64-linux-gnu/libstdc++.so.6.0.25
7f2db123b000-7f2db123f000 rw-p 00000000 00:00 0 
7f2db123f000-7f2db2346000 r-xp 00000000 08:01 926240                     /usr/lib/jvm/java-11-openjdk-amd64/lib/server/libjvm.so
7f2db2346000-7f2db2546000 ---p 01107000 08:01 926240                     /usr/lib/jvm/java-11-openjdk-amd64/lib/server/libjvm.so
7f2db2546000-7f2db260a000 r--p 01107000 08:01 926240                     /usr/lib/jvm/java-11-openjdk-amd64/lib/server/libjvm.so
7f2db260a000-7f2db2645000 rw-p 011cb000 08:01 926240                     /usr/lib/jvm/java-11-openjdk-amd64/lib/server/libjvm.so
7f2db2645000-7f2db269c000 rw-p 00000000 00:00 0 
7f2db269c000-7f2db26b6000 r-xp 00000000 08:01 1709199                    /lib/x86_64-linux-gnu/libpthread-2.27.so
7f2db26b6000-7f2db28b5000 ---p 0001a000 08:01 1709199                    /lib/x86_64-linux-gnu/libpthread-2.27.so
7f2db28b5000-7f2db28b6000 r--p 00019000 08:01 1709199                    /lib/x86_64-linux-gnu/libpthread-2.27.so
7f2db28b6000-7f2db28b7000 rw-p 0001a000 08:01 1709199                    /lib/x86_64-linux-gnu/libpthread-2.27.so
7f2db28b7000-7f2db28bb000 rw-p 00000000 00:00 0 
7f2db28bb000-7f2db28be000 r-xp 00000000 08:01 1709187                    /lib/x86_64-linux-gnu/libdl-2.27.so
7f2db28be000-7f2db2abd000 ---p 00003000 08:01 1709187                    /lib/x86_64-linux-gnu/libdl-2.27.so
7f2db2abd000-7f2db2abe000 r--p 00002000 08:01 1709187                    /lib/x86_64-linux-gnu/libdl-2.27.so
7f2db2abe000-7f2db2abf000 rw-p 00003000 08:01 1709187                    /lib/x86_64-linux-gnu/libdl-2.27.so
7f2db2abf000-7f2db2adb000 r-xp 00000000 08:01 1704012                    /lib/x86_64-linux-gnu/libz.so.1.2.11
7f2db2adb000-7f2db2cda000 ---p 0001c000 08:01 1704012                    /lib/x86_64-linux-gnu/libz.so.1.2.11
7f2db2cda000-7f2db2cdb000 r--p 0001b000 08:01 1704012                    /lib/x86_64-linux-gnu/libz.so.1.2.11
7f2db2cdb000-7f2db2cdc000 rw-p 0001c000 08:01 1704012                    /lib/x86_64-linux-gnu/libz.so.1.2.11
7f2db2cdc000-7f2db2ec3000 r-xp 00000000 08:01 1709184                    /lib/x86_64-linux-gnu/libc-2.27.so
7f2db2ec3000-7f2db30c3000 ---p 001e7000 08:01 1709184                    /lib/x86_64-linux-gnu/libc-2.27.so
7f2db30c3000-7f2db30c7000 r--p 001e7000 08:01 1709184                    /lib/x86_64-linux-gnu/libc-2.27.so
7f2db30c7000-7f2db30c9000 rw-p 001eb000 08:01 1709184                    /lib/x86_64-linux-gnu/libc-2.27.so
7f2db30c9000-7f2db30cd000 rw-p 00000000 00:00 0 
7f2db30cd000-7f2db30dc000 r-xp 00000000 08:01 926199                     /usr/lib/jvm/java-11-openjdk-amd64/lib/jli/libjli.so
7f2db30dc000-7f2db32db000 ---p 0000f000 08:01 926199                     /usr/lib/jvm/java-11-openjdk-amd64/lib/jli/libjli.so
7f2db32db000-7f2db32dc000 r--p 0000e000 08:01 926199                     /usr/lib/jvm/java-11-openjdk-amd64/lib/jli/libjli.so
7f2db32dc000-7f2db32dd000 rw-p 0000f000 08:01 926199                     /usr/lib/jvm/java-11-openjdk-amd64/lib/jli/libjli.so
7f2db32dd000-7f2db3306000 r-xp 00000000 08:01 1703942                    /lib/x86_64-linux-gnu/ld-2.27.so
7f2db330c000-7f2db3313000 r--s 00000000 08:01 920620                     /usr/lib/x86_64-linux-gnu/gconv/gconv-modules.cache
7f2db3313000-7f2db3317000 r--p 00000000 08:01 6297966                    /home/syd/.javacpp/cache/javacpp-1.5.7-linux-x86_64.jar/org/bytedeco/javacpp/linux-x86_64/libjnijavacpp.so
7f2db3317000-7f2db331e000 r-xp 00004000 08:01 6297966                    /home/syd/.javacpp/cache/javacpp-1.5.7-linux-x86_64.jar/org/bytedeco/javacpp/linux-x86_64/libjnijavacpp.so
7f2db331e000-7f2db3322000 r--p 0000b000 08:01 6297966                    /home/syd/.javacpp/cache/javacpp-1.5.7-linux-x86_64.jar/org/bytedeco/javacpp/linux-x86_64/libjnijavacpp.so
7f2db3322000-7f2db3323000 r--p 0000e000 08:01 6297966                    /home/syd/.javacpp/cache/javacpp-1.5.7-linux-x86_64.jar/org/bytedeco/javacpp/linux-x86_64/libjnijavacpp.so
7f2db3323000-7f2db3324000 rw-p 0000f000 08:01 6297966                    /home/syd/.javacpp/cache/javacpp-1.5.7-linux-x86_64.jar/org/bytedeco/javacpp/linux-x86_64/libjnijavacpp.so
7f2db3324000-7f2db33e5000 rw-p 00000000 00:00 0 
7f2db33e5000-7f2db33ec000 ---p 00000000 00:00 0 
7f2db33ec000-7f2db33f0000 ---p 00000000 00:00 0 
7f2db33f0000-7f2db34ef000 rw-p 00000000 00:00 0 
7f2db34f5000-7f2db34f6000 r--p 00000000 08:01 6297975                    /home/syd/.javacpp/cache/llvm-13.0.1-1.5.7-linux-x86_64.jar/org/bytedeco/llvm/linux-x86_64/libRemarks.so.13
7f2db34f6000-7f2db34f7000 r-xp 00001000 08:01 6297975                    /home/syd/.javacpp/cache/llvm-13.0.1-1.5.7-linux-x86_64.jar/org/bytedeco/llvm/linux-x86_64/libRemarks.so.13
7f2db34f7000-7f2db34f8000 r--p 00002000 08:01 6297975                    /home/syd/.javacpp/cache/llvm-13.0.1-1.5.7-linux-x86_64.jar/org/bytedeco/llvm/linux-x86_64/libRemarks.so.13
7f2db34f8000-7f2db34f9000 r--p 00002000 08:01 6297975                    /home/syd/.javacpp/cache/llvm-13.0.1-1.5.7-linux-x86_64.jar/org/bytedeco/llvm/linux-x86_64/libRemarks.so.13
7f2db34f9000-7f2db34fa000 rw-p 00003000 08:01 6297975                    /home/syd/.javacpp/cache/llvm-13.0.1-1.5.7-linux-x86_64.jar/org/bytedeco/llvm/linux-x86_64/libRemarks.so.13
7f2db34fa000-7f2db3502000 rw-s 00000000 08:01 6424209                    /tmp/hsperfdata_syd/91261
7f2db3502000-7f2db3503000 ---p 00000000 00:00 0 
7f2db3503000-7f2db3504000 r--p 00000000 00:00 0 
7f2db3504000-7f2db3506000 rw-p 00000000 00:00 0 
7f2db3506000-7f2db3507000 r--p 00029000 08:01 1703942                    /lib/x86_64-linux-gnu/ld-2.27.so
7f2db3507000-7f2db3508000 rw-p 0002a000 08:01 1703942                    /lib/x86_64-linux-gnu/ld-2.27.so
7f2db3508000-7f2db3509000 rw-p 00000000 00:00 0 
7ffe12c58000-7ffe12c7a000 rw-p 00000000 00:00 0                          [stack]
7ffe12c7a000-7ffe12c7d000 r--p 00000000 00:00 0                          [vvar]
7ffe12c7d000-7ffe12c7f000 r-xp 00000000 00:00 0                          [vdso]
ffffffffff600000-ffffffffff601000 --xp 00000000 00:00 0                  [vsyscall]


VM Arguments:
java_command: Main /mnt/hgfs/CompilationPrincipleLAB/Lab/src/code.txt /mnt/hgfs/CompilationPrincipleLAB/Lab/src/IRtarget.txt
java_class_path (initial): ./classes:/usr/local/lib/antlr-4.9.1-complete.jar:/usr/local/lib/llvm-13.0.1-1.5.7-linux-x86_64.jar:/usr/local/lib/llvm-platform-13.0.1-1.5.7.jar:/usr/local/lib/llvm-13.0.1-1.5.7.jar:/usr/local/lib/javacpp-1.5.7-linux-x86_64.jar:/usr/local/lib/javacpp-1.5.7.jar
Launcher Type: SUN_STANDARD

[Global flags]
     intx CICompilerCount                          = 2                                         {product} {ergonomic}
     uint ConcGCThreads                            = 1                                         {product} {ergonomic}
     uint G1ConcRefinementThreads                  = 2                                         {product} {ergonomic}
   size_t G1HeapRegionSize                         = 1048576                                   {product} {ergonomic}
    uintx GCDrainStackTargetSize                   = 64                                        {product} {ergonomic}
   size_t InitialHeapSize                          = 65011712                                  {product} {ergonomic}
   size_t MarkStackSize                            = 4194304                                   {product} {ergonomic}
   size_t MaxHeapSize                              = 1023410176                                {product} {ergonomic}
   size_t MaxNewSize                               = 613416960                                 {product} {ergonomic}
   size_t MinHeapDeltaBytes                        = 1048576                                   {product} {ergonomic}
    uintx NonNMethodCodeHeapSize                   = 5825164                                {pd product} {ergonomic}
    uintx NonProfiledCodeHeapSize                  = 122916538                              {pd product} {ergonomic}
    uintx ProfiledCodeHeapSize                     = 122916538                              {pd product} {ergonomic}
    uintx ReservedCodeCacheSize                    = 251658240                              {pd product} {ergonomic}
     bool SegmentedCodeCache                       = true                                      {product} {ergonomic}
     bool UseCompressedClassPointers               = true                                 {lp64_product} {ergonomic}
     bool UseCompressedOops                        = true                                 {lp64_product} {ergonomic}
     bool UseG1GC                                  = true                                      {product} {ergonomic}

Logging:
Log output configuration:
 #0: stdout all=warning uptime,level,tags
 #1: stderr all=off uptime,level,tags

Environment Variables:
CLASSPATH=/usr/local/lib/antlr-4.9.1-complete.jar:/usr/local/lib/llvm-13.0.1-1.5.7-linux-x86_64.jar:/usr/local/lib/llvm-platform-13.0.1-1.5.7.jar:/usr/local/lib/llvm-13.0.1-1.5.7.jar:/usr/local/lib/javacpp-1.5.7-linux-x86_64.jar:/usr/local/lib/javacpp-1.5.7.jar
PATH=/usr/local/sbin:/usr/local/bin:/usr/sbin:/usr/bin:/sbin:/bin:/usr/games:/usr/local/games:/snap/bin
USERNAME=syd
SHELL=/bin/bash
DISPLAY=:0
LANG=zh_CN.UTF-8
LC_NUMERIC=zh_CN.UTF-8
LC_TIME=zh_CN.UTF-8
TERM=xterm-256color

Signal Handlers:
SIGSEGV: [libjvm.so+0xe356a0], sa_mask[0]=11111111011111111101111111111110, sa_flags=SA_RESTART|SA_SIGINFO
SIGBUS: [libjvm.so+0xe356a0], sa_mask[0]=11111111011111111101111111111110, sa_flags=SA_RESTART|SA_SIGINFO
SIGFPE: [libjvm.so+0xe356a0], sa_mask[0]=11111111011111111101111111111110, sa_flags=SA_RESTART|SA_SIGINFO
SIGPIPE: [libjvm.so+0xb89cc0], sa_mask[0]=11111111011111111101111111111110, sa_flags=SA_RESTART|SA_SIGINFO
SIGXFSZ: [libjvm.so+0xb89cc0], sa_mask[0]=11111111011111111101111111111110, sa_flags=SA_RESTART|SA_SIGINFO
SIGILL: [libjvm.so+0xe356a0], sa_mask[0]=11111111011111111101111111111110, sa_flags=SA_RESTART|SA_SIGINFO
SIGUSR2: [libjvm.so+0xb89b50], sa_mask[0]=00000000000000000000000000000000, sa_flags=SA_RESTART|SA_SIGINFO
SIGHUP: [libjvm.so+0xb8a220], sa_mask[0]=11111111011111111101111111111110, sa_flags=SA_RESTART|SA_SIGINFO
SIGINT: [libjvm.so+0xb8a220], sa_mask[0]=11111111011111111101111111111110, sa_flags=SA_RESTART|SA_SIGINFO
SIGTERM: [libjvm.so+0xb8a220], sa_mask[0]=11111111011111111101111111111110, sa_flags=SA_RESTART|SA_SIGINFO
SIGQUIT: [libjvm.so+0xb8a220], sa_mask[0]=11111111011111111101111111111110, sa_flags=SA_RESTART|SA_SIGINFO


---------------  S Y S T E M  ---------------

OS:DISTRIB_ID=Ubuntu
DISTRIB_RELEASE=18.04
DISTRIB_CODENAME=bionic
DISTRIB_DESCRIPTION="Ubuntu 18.04.6 LTS"
uname:Linux 5.4.0-150-generic #167~18.04.1-Ubuntu SMP Wed May 24 00:51:42 UTC 2023 x86_64
OS uptime: 1 days 5:11 hours
libc:glibc 2.27 NPTL 2.27 
rlimit (soft/hard): STACK 8192k/infinity , CORE 0k/infinity , NPROC 15400/15400 , NOFILE 1048576/1048576 , AS infinity/infinity , CPU infinity/infinity , DATA infinity/infinity , FSIZE infinity/infinity , MEMLOCK 65536k/65536k
load average:1.21 0.72 0.49

/proc/meminfo:
MemTotal:        3994712 kB
MemFree:          184364 kB
MemAvailable:     264620 kB
Buffers:           15864 kB
Cached:           235404 kB
SwapCached:        44496 kB
Active:          2425788 kB
Inactive:         670924 kB
Active(anon):    2267240 kB
Inactive(anon):   583584 kB
Active(file):     158548 kB
Inactive(file):    87340 kB
Unevictable:          16 kB
Mlocked:              16 kB
SwapTotal:       2097148 kB
SwapFree:        1220860 kB
Dirty:                40 kB
Writeback:             0 kB
AnonPages:       2836288 kB
Mapped:           128168 kB
Shmem:              5396 kB
KReclaimable:      78456 kB
Slab:             165400 kB
SReclaimable:      78456 kB
SUnreclaim:        86944 kB
KernelStack:       14460 kB
PageTables:        51852 kB
NFS_Unstable:          0 kB
Bounce:                0 kB
WritebackTmp:          0 kB
CommitLimit:     4094504 kB
Committed_AS:    7141012 kB
VmallocTotal:   34359738367 kB
VmallocUsed:       30708 kB
VmallocChunk:          0 kB
Percpu:            50176 kB
HardwareCorrupted:     0 kB
AnonHugePages:         0 kB
ShmemHugePages:        0 kB
ShmemPmdMapped:        0 kB
FileHugePages:         0 kB
FilePmdMapped:         0 kB
CmaTotal:              0 kB
CmaFree:               0 kB
HugePages_Total:       0
HugePages_Free:        0
HugePages_Rsvd:        0
HugePages_Surp:        0
Hugepagesize:       2048 kB
Hugetlb:               0 kB
DirectMap4k:      315200 kB
DirectMap2M:     3878912 kB
DirectMap1G:     2097152 kB

/sys/kernel/mm/transparent_hugepage/enabled:
always [madvise] never
/sys/kernel/mm/transparent_hugepage/defrag (defrag/compaction efforts parameter):
always defer defer+madvise [madvise] never

Process Memory:
Virtual Size: 3713228K (peak: 12418976K)
Resident Set Size: 93216K (peak: 93672K) (anon: 37492K, file: 55724K, shmem: 0K)
Swapped out: 0K
C-Heap outstanding allocations: 15365K, retained: 2326K
glibc malloc tunables: (default)

/proc/sys/kernel/threads-max (system-wide limit on the number of threads):
30800
/proc/sys/vm/max_map_count (maximum number of memory map areas a process may have):
65530
/proc/sys/kernel/pid_max (system-wide limit on number of process identifiers):
131072

container (cgroup) information:
container_type: cgroupv1
cpu_cpuset_cpus: 0-1
cpu_memory_nodes: 0
active_processor_count: 2
cpu_quota: no quota
cpu_period: 100000
cpu_shares: no shares
memory_limit_in_bytes: unlimited
memory_and_swap_limit_in_bytes: not supported
memory_soft_limit_in_bytes: unlimited
memory_usage_in_bytes: 3090760 k
memory_max_usage_in_bytes: 465696 k
kernel_memory_usage_in_bytes: unlimited
kernel_memory_max_usage_in_bytes: unlimited
kernel_memory_limit_in_bytes: unlimited
maximum number of tasks: unlimited
current number of tasks: 265

VMWare virtualization detected
Steal ticks since vm start: 0
Steal ticks percentage since vm start:  0.000

CPU:total 2 (initial active 2) (1 cores per cpu, 1 threads per core) family 6 model 154 stepping 3 microcode 0xffffffff, cmov, cx8, fxsr, mmx, sse, sse2, sse3, ssse3, sse4.1, sse4.2, popcnt, avx, avx2, aes, clmul, erms, 3dnowpref, lzcnt, tsc, tscinvbit, bmi1, bmi2, adx, sha, fma
CPU Model and flags from /proc/cpuinfo:
model name	: 12th Gen Intel(R) Core(TM) i5-12500H
flags		: fpu vme de pse tsc msr pae mce cx8 apic sep mtrr pge mca cmov pat pse36 clflush mmx fxsr sse sse2 ss syscall nx pdpe1gb rdtscp lm constant_tsc arch_perfmon rep_good nopl xtopology tsc_reliable nonstop_tsc cpuid pni pclmulqdq ssse3 fma cx16 pcid sse4_1 sse4_2 x2apic movbe popcnt aes xsave avx f16c rdrand hypervisor lahf_lm abm 3dnowprefetch invpcid_single pti ssbd ibrs ibpb stibp fsgsbase tsc_adjust bmi1 avx2 smep bmi2 erms invpcid rdseed adx smap clflushopt clwb sha_ni xsaveopt xsavec xgetbv1 xsaves arat umip gfni vaes vpclmulqdq rdpid movdiri movdir64b md_clear flush_l1d arch_capabilities
Online cpus:
0-1
Offline cpus:
2-127
BIOS frequency limitation:
<Not Available>
Frequency switch latency (ns):
<Not Available>
Available cpu frequencies:
<Not Available>
Current governor:
<Not Available>
Core performance/turbo boost:
<Not Available>

Memory: 4k page, physical 3994712k(184364k free), swap 2097148k(1220860k free)

vm_info: OpenJDK 64-Bit Server VM (11.0.19+7-post-Ubuntu-0ubuntu118.04.1) for linux-amd64 JRE (11.0.19+7-post-Ubuntu-0ubuntu118.04.1), built on May 10 2023 00:54:54 by "unknown" with gcc 8.4.0

END.
