#
# A fatal error has been detected by the Java Runtime Environment:
#
#  SIGSEGV (0xb) at pc=0x00007f1d22158882, pid=12897, tid=12898
#
# JRE version: OpenJDK Runtime Environment (11.0.19+7) (build 11.0.19+7-post-Ubuntu-0ubuntu118.04.1)
# Java VM: OpenJDK 64-Bit Server VM (11.0.19+7-post-Ubuntu-0ubuntu118.04.1, mixed mode, sharing, tiered, compressed oops, g1 gc, linux-amd64)
# Problematic frame:
# C  [libLLVM-13.so+0xc2c882]  LLVMBuildLoad+0x12
#
# Core dump will be written. Default location: Core dumps may be processed with "/usr/share/apport/apport -p%p -s%s -c%c -d%d -P%P -u%u -g%g -- %E" (or dumping to /mnt/hgfs/CompilationPrincipleLAB/Lab/core.12897)
#
# If you would like to submit a bug report, please visit:
#   https://bugs.launchpad.net/ubuntu/+source/openjdk-lts
# The crash happened outside the Java Virtual Machine in native code.
# See problematic frame for where to report the bug.
#

---------------  S U M M A R Y ------------

Command Line: Main /mnt/hgfs/CompilationPrincipleLAB/Lab/src/code.txt /mnt/hgfs/CompilationPrincipleLAB/Lab/src/IRtarget.txt

Host: 12th Gen Intel(R) Core(TM) i5-12500H, 2 cores, 3G, Ubuntu 18.04.6 LTS
Time: Mon May 27 01:43:06 2024 PDT elapsed time: 0.525918 seconds (0d 0h 0m 0s)

---------------  T H R E A D  ---------------

Current thread (0x00007f1d80017000):  JavaThread "main" [_thread_in_native, id=12898, stack(0x00007f1d87592000,0x00007f1d87693000)]

Stack: [0x00007f1d87592000,0x00007f1d87693000],  sp=0x00007f1d876909d0,  free space=1018k
Native frames: (J=compiled Java code, A=aot compiled Java code, j=interpreted, Vv=VM code, C=native code)
C  [libLLVM-13.so+0xc2c882]  LLVMBuildLoad+0x12

Java frames: (J=compiled Java code, j=interpreted, Vv=VM code)
j  org.bytedeco.llvm.global.LLVM.LLVMBuildLoad(Lorg/bytedeco/llvm/LLVM/LLVMBuilderRef;Lorg/bytedeco/llvm/LLVM/LLVMValueRef;Ljava/lang/String;)Lorg/bytedeco/llvm/LLVM/LLVMValueRef;+0
j  MyLLVMIRVisitor.visitExp(LSysYParser$ExpContext;)Lorg/bytedeco/llvm/LLVM/LLVMValueRef;+161
j  MyLLVMIRVisitor.visitExp(LSysYParser$ExpContext;)Lorg/bytedeco/llvm/LLVM/LLVMValueRef;+444
j  MyLLVMIRVisitor.visitVarDef(LSysYParser$VarDefContext;)Lorg/bytedeco/llvm/LLVM/LLVMValueRef;+102
j  MyLLVMIRVisitor.visitVarDef(LSysYParser$VarDefContext;)Ljava/lang/Object;+2
j  SysYParser$VarDefContext.accept(Lorg/antlr/v4/runtime/tree/ParseTreeVisitor;)Ljava/lang/Object;+12
j  org.antlr.v4.runtime.tree.AbstractParseTreeVisitor.visitChildren(Lorg/antlr/v4/runtime/tree/RuleNode;)Ljava/lang/Object;+46
j  SysYParserBaseVisitor.visitVarDecl(LSysYParser$VarDeclContext;)Ljava/lang/Object;+2
j  SysYParser$VarDeclContext.accept(Lorg/antlr/v4/runtime/tree/ParseTreeVisitor;)Ljava/lang/Object;+12
j  org.antlr.v4.runtime.tree.AbstractParseTreeVisitor.visitChildren(Lorg/antlr/v4/runtime/tree/RuleNode;)Ljava/lang/Object;+46
j  SysYParserBaseVisitor.visitDecl(LSysYParser$DeclContext;)Ljava/lang/Object;+2
j  SysYParser$DeclContext.accept(Lorg/antlr/v4/runtime/tree/ParseTreeVisitor;)Ljava/lang/Object;+12
j  org.antlr.v4.runtime.tree.AbstractParseTreeVisitor.visitChildren(Lorg/antlr/v4/runtime/tree/RuleNode;)Ljava/lang/Object;+46
j  SysYParserBaseVisitor.visitBlockItem(LSysYParser$BlockItemContext;)Ljava/lang/Object;+2
j  SysYParser$BlockItemContext.accept(Lorg/antlr/v4/runtime/tree/ParseTreeVisitor;)Ljava/lang/Object;+12
j  org.antlr.v4.runtime.tree.AbstractParseTreeVisitor.visitChildren(Lorg/antlr/v4/runtime/tree/RuleNode;)Ljava/lang/Object;+46
j  SysYParserBaseVisitor.visitBlock(LSysYParser$BlockContext;)Ljava/lang/Object;+2
j  SysYParser$BlockContext.accept(Lorg/antlr/v4/runtime/tree/ParseTreeVisitor;)Ljava/lang/Object;+12
j  org.antlr.v4.runtime.tree.AbstractParseTreeVisitor.visitChildren(Lorg/antlr/v4/runtime/tree/RuleNode;)Ljava/lang/Object;+46
j  SysYParserBaseVisitor.visitFuncDef(LSysYParser$FuncDefContext;)Ljava/lang/Object;+2
j  MyLLVMIRVisitor.visitFuncDef(LSysYParser$FuncDefContext;)Lorg/bytedeco/llvm/LLVM/LLVMValueRef;+244
j  MyLLVMIRVisitor.visitFuncDef(LSysYParser$FuncDefContext;)Ljava/lang/Object;+2
j  SysYParser$FuncDefContext.accept(Lorg/antlr/v4/runtime/tree/ParseTreeVisitor;)Ljava/lang/Object;+12
j  org.antlr.v4.runtime.tree.AbstractParseTreeVisitor.visitChildren(Lorg/antlr/v4/runtime/tree/RuleNode;)Ljava/lang/Object;+46
j  SysYParserBaseVisitor.visitCompUnit(LSysYParser$CompUnitContext;)Ljava/lang/Object;+2
j  SysYParser$CompUnitContext.accept(Lorg/antlr/v4/runtime/tree/ParseTreeVisitor;)Ljava/lang/Object;+12
j  org.antlr.v4.runtime.tree.AbstractParseTreeVisitor.visitChildren(Lorg/antlr/v4/runtime/tree/RuleNode;)Ljava/lang/Object;+46
j  SysYParserBaseVisitor.visitProgram(LSysYParser$ProgramContext;)Ljava/lang/Object;+2
j  MyLLVMIRVisitor.visitProgram(LSysYParser$ProgramContext;)Lorg/bytedeco/llvm/LLVM/LLVMValueRef;+2
j  MyLLVMIRVisitor.visitProgram(LSysYParser$ProgramContext;)Ljava/lang/Object;+2
j  SysYParser$ProgramContext.accept(Lorg/antlr/v4/runtime/tree/ParseTreeVisitor;)Ljava/lang/Object;+12
j  org.antlr.v4.runtime.tree.AbstractParseTreeVisitor.visit(Lorg/antlr/v4/runtime/tree/ParseTree;)Ljava/lang/Object;+2
j  Main.main([Ljava/lang/String;)V+220
v  ~StubRoutines::call_stub

siginfo: si_signo: 11 (SIGSEGV), si_code: 1 (SEGV_MAPERR), si_addr: 0x0000000000000000

Register to memory mapping:

RAX=0x00007f1d803563d0 points into unknown readable memory: 0x0000000000000069 | 69 00 00 00 00 00 00 00
RBX=0x0 is NULL
RCX=0x0000000000000069 is an unknown value
RDX=0x00007f1d803563d0 points into unknown readable memory: 0x0000000000000069 | 69 00 00 00 00 00 00 00
RSP=0x00007f1d876909d0 is pointing into the stack for thread: 0x00007f1d80017000
RBP=0x00007f1d80328730 points into unknown readable memory: 0x00007f1d80328740 | 40 87 32 80 1d 7f 00 00
RSI=0x0 is NULL
RDI=0x00007f1d80328730 points into unknown readable memory: 0x00007f1d80328740 | 40 87 32 80 1d 7f 00 00
R8 =0x0000000000000010 is an unknown value
R9 =0x0000000000000002 is an unknown value
R10=0x000000000000000d is an unknown value
R11=0x00007f1d22158870: LLVMBuildLoad+0x0000000000000000 in /home/syd/.javacpp/cache/llvm-13.0.1-1.5.7-linux-x86_64.jar/org/bytedeco/llvm/linux-x86_64/libLLVM-13.so at 0x00007f1d2152c000
R12=0x0 is NULL
R13=0x0 is NULL
R14=0x00007f1d803563d0 points into unknown readable memory: 0x0000000000000069 | 69 00 00 00 00 00 00 00
R15=0x00007f1d80017000 is a thread


Registers:
RAX=0x00007f1d803563d0, RBX=0x0000000000000000, RCX=0x0000000000000069, RDX=0x00007f1d803563d0
RSP=0x00007f1d876909d0, RBP=0x00007f1d80328730, RSI=0x0000000000000000, RDI=0x00007f1d80328730
R8 =0x0000000000000010, R9 =0x0000000000000002, R10=0x000000000000000d, R11=0x00007f1d22158870
R12=0x0000000000000000, R13=0x0000000000000000, R14=0x00007f1d803563d0, R15=0x00007f1d80017000
RIP=0x00007f1d22158882, EFLAGS=0x0000000000010202, CSGSFS=0x002b000000000033, ERR=0x0000000000000004
  TRAPNO=0x000000000000000e

Top of Stack: (sp=0x00007f1d876909d0)
0x00007f1d876909d0:   00007f1d80017000 0000000000000000
0x00007f1d876909e0:   00007f1d87690b10 0000000000000001
0x00007f1d876909f0:   00007f1d87690a20 0000000000000001
0x00007f1d87690a00:   00007f1d803563d0 00007f1d800b68e0 

Instructions: (pc=0x00007f1d22158882)
0x00007f1d22158782:   89 c4 4c 8d 4c 24 40 e8 92 57 09 00 48 8b 7d 50
0x00007f1d22158792:   48 8b 4d 30 4c 89 e6 48 8d 54 24 10 4c 8b 45 38
0x00007f1d221587a2:   48 8b 07 ff 50 10 48 8b 5d 00 8b 6d 08 5a 59 48
0x00007f1d221587b2:   c1 e5 04 48 01 dd 48 39 eb 74 1a 0f 1f 00 48 8b
0x00007f1d221587c2:   53 08 8b 33 4c 89 e7 48 83 c3 10 e8 6e 16 0e 00
0x00007f1d221587d2:   48 39 dd 75 e9 48 83 c4 68 4c 89 e0 5b 5d 41 5c
0x00007f1d221587e2:   41 5d 41 5e 41 5f c3 0f 1f 80 00 00 00 00 41 54
0x00007f1d221587f2:   b8 01 01 00 00 55 48 89 fd 48 89 f7 53 48 83 ec
0x00007f1d22158802:   30 48 8b 75 30 66 89 44 24 20 e8 ef 24 09 00 48
0x00007f1d22158812:   8b 7d 50 48 8b 4d 30 48 89 e2 49 89 c4 4c 8b 45
0x00007f1d22158822:   38 48 8b 07 4c 89 e6 ff 50 10 48 8b 5d 00 8b 6d
0x00007f1d22158832:   08 48 c1 e5 04 48 01 dd 48 39 eb 74 18 90 48 8b
0x00007f1d22158842:   53 08 8b 33 4c 89 e7 48 83 c3 10 e8 ee 15 0e 00
0x00007f1d22158852:   48 39 dd 75 e9 48 83 c4 30 4c 89 e0 5b 5d 41 5c
0x00007f1d22158862:   c3 66 2e 0f 1f 84 00 00 00 00 00 0f 1f 00 41 56
0x00007f1d22158872:   41 55 49 89 f5 41 54 55 48 89 fd 53 48 83 ec 60
0x00007f1d22158882:   48 8b 06 80 3a 00 be 01 01 00 00 4c 8b 70 18 66
0x00007f1d22158892:   89 74 24 20 74 09 48 89 14 24 c6 44 24 20 03 48
0x00007f1d221588a2:   8b 7d 30 e8 d6 15 fc ff 48 89 c7 e8 4e 47 0e 00
0x00007f1d221588b2:   4c 89 f6 48 89 c7 e8 b3 46 01 00 be 01 00 00 00
0x00007f1d221588c2:   bf 40 00 00 00 89 c3 b8 01 01 00 00 66 89 44 24
0x00007f1d221588d2:   50 e8 a8 0a 13 00 48 8d 4c 24 30 41 89 d9 45 31
0x00007f1d221588e2:   c0 48 83 ec 08 48 89 c7 4c 89 ea 4c 89 f6 6a 00
0x00007f1d221588f2:   49 89 c4 e8 26 5d 09 00 48 8b 7d 50 48 8b 4d 30
0x00007f1d22158902:   4c 89 e6 48 8d 54 24 10 4c 8b 45 38 48 8b 07 ff
0x00007f1d22158912:   50 10 48 8b 5d 00 8b 6d 08 5a 59 48 c1 e5 04 48
0x00007f1d22158922:   01 dd 48 39 eb 74 1e 0f 1f 80 00 00 00 00 48 8b
0x00007f1d22158932:   53 08 8b 33 4c 89 e7 48 83 c3 10 e8 fe 14 0e 00
0x00007f1d22158942:   48 39 dd 75 e9 48 83 c4 60 4c 89 e0 5b 5d 41 5c
0x00007f1d22158952:   41 5d 41 5e c3 66 0f 1f 84 00 00 00 00 00 41 56
0x00007f1d22158962:   49 89 d6 41 55 49 89 f5 be 01 01 00 00 41 54 55
0x00007f1d22158972:   48 89 fd 53 48 83 ec 60 80 39 00 66 89 74 24 20 


Stack slot to memory mapping:
stack at sp + 0 slots: 0x00007f1d80017000 is a thread
stack at sp + 1 slots: 0x0 is NULL
stack at sp + 2 slots: 0x00007f1d87690b10 is pointing into the stack for thread: 0x00007f1d80017000
stack at sp + 3 slots: 0x0000000000000001 is an unknown value
stack at sp + 4 slots: 0x00007f1d87690a20 is pointing into the stack for thread: 0x00007f1d80017000
stack at sp + 5 slots: 0x0000000000000001 is an unknown value
stack at sp + 6 slots: 0x00007f1d803563d0 points into unknown readable memory: 0x0000000000000069 | 69 00 00 00 00 00 00 00
stack at sp + 7 slots: 0x00007f1d800b68e0 points into unknown readable memory: 0x00000000c6990368 | 68 03 99 c6 00 00 00 00


---------------  P R O C E S S  ---------------

Threads class SMR info:
_java_thread_list=0x00007f1d802c0960, length=10, elements={
0x00007f1d80017000, 0x00007f1d800b8000, 0x00007f1d800ba000, 0x00007f1d800bf800,
0x00007f1d800c2000, 0x00007f1d800c4000, 0x00007f1d800c6000, 0x00007f1d800c8000,
0x00007f1d80103000, 0x00007f1d802c3800
}

Java Threads: ( => current thread )
=>0x00007f1d80017000 JavaThread "main" [_thread_in_native, id=12898, stack(0x00007f1d87592000,0x00007f1d87693000)]
  0x00007f1d800b8000 JavaThread "Reference Handler" daemon [_thread_blocked, id=12905, stack(0x00007f1d645b9000,0x00007f1d646ba000)]
  0x00007f1d800ba000 JavaThread "Finalizer" daemon [_thread_blocked, id=12906, stack(0x00007f1d644b8000,0x00007f1d645b9000)]
  0x00007f1d800bf800 JavaThread "Signal Dispatcher" daemon [_thread_blocked, id=12907, stack(0x00007f1d55eff000,0x00007f1d56000000)]
  0x00007f1d800c2000 JavaThread "Service Thread" daemon [_thread_blocked, id=12908, stack(0x00007f1d55dfe000,0x00007f1d55eff000)]
  0x00007f1d800c4000 JavaThread "C2 CompilerThread0" daemon [_thread_blocked, id=12909, stack(0x00007f1d55cfd000,0x00007f1d55dfe000)]
  0x00007f1d800c6000 JavaThread "C1 CompilerThread0" daemon [_thread_blocked, id=12910, stack(0x00007f1d55bfc000,0x00007f1d55cfd000)]
  0x00007f1d800c8000 JavaThread "Sweeper thread" daemon [_thread_blocked, id=12911, stack(0x00007f1d55afb000,0x00007f1d55bfc000)]
  0x00007f1d80103000 JavaThread "Common-Cleaner" daemon [_thread_blocked, id=12913, stack(0x00007f1d558f8000,0x00007f1d559f9000)]
  0x00007f1d802c3800 JavaThread "JavaCPP Deallocator" daemon [_thread_blocked, id=12916, stack(0x00007f1d552ce000,0x00007f1d553cf000)]

Other Threads:
  0x00007f1d800b5000 VMThread "VM Thread" [stack: 0x00007f1d646bc000,0x00007f1d647bc000] [id=12904]
  0x00007f1d80101000 WatcherThread [stack: 0x00007f1d559fb000,0x00007f1d55afb000] [id=12912]
  0x00007f1d8002f000 GCTaskThread "GC Thread#0" [stack: 0x00007f1d67cde000,0x00007f1d67dde000] [id=12899]
  0x00007f1d4c001000 GCTaskThread "GC Thread#1" [stack: 0x00007f1d553d1000,0x00007f1d554d1000] [id=12915]
  0x00007f1d8004a000 ConcurrentGCThread "G1 Main Marker" [stack: 0x00007f1d655a2000,0x00007f1d656a2000] [id=12900]
  0x00007f1d8004c000 ConcurrentGCThread "G1 Conc#0" [stack: 0x00007f1d654a0000,0x00007f1d655a0000] [id=12901]
  0x00007f1d80087000 ConcurrentGCThread "G1 Refine#0" [stack: 0x00007f1d6519c000,0x00007f1d6529c000] [id=12902]
  0x00007f1d80089000 ConcurrentGCThread "G1 Young RemSet Sampling" [stack: 0x00007f1d6509a000,0x00007f1d6519a000] [id=12903]

Threads with active compile tasks:

VM state:not at safepoint (normal execution)

VM Mutex/Monitor currently owned by a thread: None

Heap address: 0x00000000c3000000, size: 976 MB, Compressed Oops mode: 32-bit
Narrow klass base: 0x0000000800000000, Narrow klass shift: 3
Compressed class space size: 1073741824 Address: 0x0000000840000000

Heap:
 garbage-first heap   total 65536K, used 6310K [0x00000000c3000000, 0x0000000100000000)
  region size 1024K, 6 young (6144K), 1 survivors (1024K)
 Metaspace       used 3887K, capacity 6722K, committed 6912K, reserved 1056768K
  class space    used 431K, capacity 733K, committed 768K, reserved 1048576K
Heap Regions: E=young(eden), S=young(survivor), O=old, HS=humongous(starts), HC=humongous(continues), CS=collection set, F=free, A=archive, TAMS=top-at-mark-start (previous, next)
|   0|0x00000000c3000000, 0x00000000c3077800, 0x00000000c3100000| 46%| O|  |TAMS 0x00000000c3000000, 0x00000000c3000000| Untracked 
|   1|0x00000000c3100000, 0x00000000c3100000, 0x00000000c3200000|  0%| F|  |TAMS 0x00000000c3100000, 0x00000000c3100000| Untracked 
|   2|0x00000000c3200000, 0x00000000c3200000, 0x00000000c3300000|  0%| F|  |TAMS 0x00000000c3200000, 0x00000000c3200000| Untracked 
|   3|0x00000000c3300000, 0x00000000c3300000, 0x00000000c3400000|  0%| F|  |TAMS 0x00000000c3300000, 0x00000000c3300000| Untracked 
|   4|0x00000000c3400000, 0x00000000c3400000, 0x00000000c3500000|  0%| F|  |TAMS 0x00000000c3400000, 0x00000000c3400000| Untracked 
|   5|0x00000000c3500000, 0x00000000c3500000, 0x00000000c3600000|  0%| F|  |TAMS 0x00000000c3500000, 0x00000000c3500000| Untracked 
|   6|0x00000000c3600000, 0x00000000c3600000, 0x00000000c3700000|  0%| F|  |TAMS 0x00000000c3600000, 0x00000000c3600000| Untracked 
|   7|0x00000000c3700000, 0x00000000c3700000, 0x00000000c3800000|  0%| F|  |TAMS 0x00000000c3700000, 0x00000000c3700000| Untracked 
|   8|0x00000000c3800000, 0x00000000c3800000, 0x00000000c3900000|  0%| F|  |TAMS 0x00000000c3800000, 0x00000000c3800000| Untracked 
|   9|0x00000000c3900000, 0x00000000c3900000, 0x00000000c3a00000|  0%| F|  |TAMS 0x00000000c3900000, 0x00000000c3900000| Untracked 
|  10|0x00000000c3a00000, 0x00000000c3a00000, 0x00000000c3b00000|  0%| F|  |TAMS 0x00000000c3a00000, 0x00000000c3a00000| Untracked 
|  11|0x00000000c3b00000, 0x00000000c3b00000, 0x00000000c3c00000|  0%| F|  |TAMS 0x00000000c3b00000, 0x00000000c3b00000| Untracked 
|  12|0x00000000c3c00000, 0x00000000c3c00000, 0x00000000c3d00000|  0%| F|  |TAMS 0x00000000c3c00000, 0x00000000c3c00000| Untracked 
|  13|0x00000000c3d00000, 0x00000000c3d00000, 0x00000000c3e00000|  0%| F|  |TAMS 0x00000000c3d00000, 0x00000000c3d00000| Untracked 
|  14|0x00000000c3e00000, 0x00000000c3e00000, 0x00000000c3f00000|  0%| F|  |TAMS 0x00000000c3e00000, 0x00000000c3e00000| Untracked 
|  15|0x00000000c3f00000, 0x00000000c3f00000, 0x00000000c4000000|  0%| F|  |TAMS 0x00000000c3f00000, 0x00000000c3f00000| Untracked 
|  16|0x00000000c4000000, 0x00000000c4000000, 0x00000000c4100000|  0%| F|  |TAMS 0x00000000c4000000, 0x00000000c4000000| Untracked 
|  17|0x00000000c4100000, 0x00000000c4100000, 0x00000000c4200000|  0%| F|  |TAMS 0x00000000c4100000, 0x00000000c4100000| Untracked 
|  18|0x00000000c4200000, 0x00000000c4200000, 0x00000000c4300000|  0%| F|  |TAMS 0x00000000c4200000, 0x00000000c4200000| Untracked 
|  19|0x00000000c4300000, 0x00000000c4300000, 0x00000000c4400000|  0%| F|  |TAMS 0x00000000c4300000, 0x00000000c4300000| Untracked 
|  20|0x00000000c4400000, 0x00000000c4400000, 0x00000000c4500000|  0%| F|  |TAMS 0x00000000c4400000, 0x00000000c4400000| Untracked 
|  21|0x00000000c4500000, 0x00000000c4500000, 0x00000000c4600000|  0%| F|  |TAMS 0x00000000c4500000, 0x00000000c4500000| Untracked 
|  22|0x00000000c4600000, 0x00000000c4600000, 0x00000000c4700000|  0%| F|  |TAMS 0x00000000c4600000, 0x00000000c4600000| Untracked 
|  23|0x00000000c4700000, 0x00000000c4700000, 0x00000000c4800000|  0%| F|  |TAMS 0x00000000c4700000, 0x00000000c4700000| Untracked 
|  24|0x00000000c4800000, 0x00000000c4800000, 0x00000000c4900000|  0%| F|  |TAMS 0x00000000c4800000, 0x00000000c4800000| Untracked 
|  25|0x00000000c4900000, 0x00000000c4900000, 0x00000000c4a00000|  0%| F|  |TAMS 0x00000000c4900000, 0x00000000c4900000| Untracked 
|  26|0x00000000c4a00000, 0x00000000c4a00000, 0x00000000c4b00000|  0%| F|  |TAMS 0x00000000c4a00000, 0x00000000c4a00000| Untracked 
|  27|0x00000000c4b00000, 0x00000000c4b00000, 0x00000000c4c00000|  0%| F|  |TAMS 0x00000000c4b00000, 0x00000000c4b00000| Untracked 
|  28|0x00000000c4c00000, 0x00000000c4c00000, 0x00000000c4d00000|  0%| F|  |TAMS 0x00000000c4c00000, 0x00000000c4c00000| Untracked 
|  29|0x00000000c4d00000, 0x00000000c4d00000, 0x00000000c4e00000|  0%| F|  |TAMS 0x00000000c4d00000, 0x00000000c4d00000| Untracked 
|  30|0x00000000c4e00000, 0x00000000c4e00000, 0x00000000c4f00000|  0%| F|  |TAMS 0x00000000c4e00000, 0x00000000c4e00000| Untracked 
|  31|0x00000000c4f00000, 0x00000000c4f00000, 0x00000000c5000000|  0%| F|  |TAMS 0x00000000c4f00000, 0x00000000c4f00000| Untracked 
|  32|0x00000000c5000000, 0x00000000c5000000, 0x00000000c5100000|  0%| F|  |TAMS 0x00000000c5000000, 0x00000000c5000000| Untracked 
|  33|0x00000000c5100000, 0x00000000c5100000, 0x00000000c5200000|  0%| F|  |TAMS 0x00000000c5100000, 0x00000000c5100000| Untracked 
|  34|0x00000000c5200000, 0x00000000c5200000, 0x00000000c5300000|  0%| F|  |TAMS 0x00000000c5200000, 0x00000000c5200000| Untracked 
|  35|0x00000000c5300000, 0x00000000c5300000, 0x00000000c5400000|  0%| F|  |TAMS 0x00000000c5300000, 0x00000000c5300000| Untracked 
|  36|0x00000000c5400000, 0x00000000c5400000, 0x00000000c5500000|  0%| F|  |TAMS 0x00000000c5400000, 0x00000000c5400000| Untracked 
|  37|0x00000000c5500000, 0x00000000c5500000, 0x00000000c5600000|  0%| F|  |TAMS 0x00000000c5500000, 0x00000000c5500000| Untracked 
|  38|0x00000000c5600000, 0x00000000c5600000, 0x00000000c5700000|  0%| F|  |TAMS 0x00000000c5600000, 0x00000000c5600000| Untracked 
|  39|0x00000000c5700000, 0x00000000c5700000, 0x00000000c5800000|  0%| F|  |TAMS 0x00000000c5700000, 0x00000000c5700000| Untracked 
|  40|0x00000000c5800000, 0x00000000c5800000, 0x00000000c5900000|  0%| F|  |TAMS 0x00000000c5800000, 0x00000000c5800000| Untracked 
|  41|0x00000000c5900000, 0x00000000c5900000, 0x00000000c5a00000|  0%| F|  |TAMS 0x00000000c5900000, 0x00000000c5900000| Untracked 
|  42|0x00000000c5a00000, 0x00000000c5a00000, 0x00000000c5b00000|  0%| F|  |TAMS 0x00000000c5a00000, 0x00000000c5a00000| Untracked 
|  43|0x00000000c5b00000, 0x00000000c5b00000, 0x00000000c5c00000|  0%| F|  |TAMS 0x00000000c5b00000, 0x00000000c5b00000| Untracked 
|  44|0x00000000c5c00000, 0x00000000c5c00000, 0x00000000c5d00000|  0%| F|  |TAMS 0x00000000c5c00000, 0x00000000c5c00000| Untracked 
|  45|0x00000000c5d00000, 0x00000000c5d00000, 0x00000000c5e00000|  0%| F|  |TAMS 0x00000000c5d00000, 0x00000000c5d00000| Untracked 
|  46|0x00000000c5e00000, 0x00000000c5e00000, 0x00000000c5f00000|  0%| F|  |TAMS 0x00000000c5e00000, 0x00000000c5e00000| Untracked 
|  47|0x00000000c5f00000, 0x00000000c5f00000, 0x00000000c6000000|  0%| F|  |TAMS 0x00000000c5f00000, 0x00000000c5f00000| Untracked 
|  48|0x00000000c6000000, 0x00000000c6000000, 0x00000000c6100000|  0%| F|  |TAMS 0x00000000c6000000, 0x00000000c6000000| Untracked 
|  49|0x00000000c6100000, 0x00000000c6100000, 0x00000000c6200000|  0%| F|  |TAMS 0x00000000c6100000, 0x00000000c6100000| Untracked 
|  50|0x00000000c6200000, 0x00000000c6200000, 0x00000000c6300000|  0%| F|  |TAMS 0x00000000c6200000, 0x00000000c6200000| Untracked 
|  51|0x00000000c6300000, 0x00000000c6300000, 0x00000000c6400000|  0%| F|  |TAMS 0x00000000c6300000, 0x00000000c6300000| Untracked 
|  52|0x00000000c6400000, 0x00000000c6400000, 0x00000000c6500000|  0%| F|  |TAMS 0x00000000c6400000, 0x00000000c6400000| Untracked 
|  53|0x00000000c6500000, 0x00000000c6500000, 0x00000000c6600000|  0%| F|  |TAMS 0x00000000c6500000, 0x00000000c6500000| Untracked 
|  54|0x00000000c6600000, 0x00000000c6700000, 0x00000000c6700000|100%| S|CS|TAMS 0x00000000c6600000, 0x00000000c6600000| Complete 
|  55|0x00000000c6700000, 0x00000000c6700000, 0x00000000c6800000|  0%| F|  |TAMS 0x00000000c6700000, 0x00000000c6700000| Untracked 
|  56|0x00000000c6800000, 0x00000000c6800000, 0x00000000c6900000|  0%| F|  |TAMS 0x00000000c6800000, 0x00000000c6800000| Untracked 
|  57|0x00000000c6900000, 0x00000000c6a00000, 0x00000000c6a00000|100%| E|  |TAMS 0x00000000c6900000, 0x00000000c6900000| Complete 
|  58|0x00000000c6a00000, 0x00000000c6b00000, 0x00000000c6b00000|100%| E|CS|TAMS 0x00000000c6a00000, 0x00000000c6a00000| Complete 
|  59|0x00000000c6b00000, 0x00000000c6c00000, 0x00000000c6c00000|100%| E|CS|TAMS 0x00000000c6b00000, 0x00000000c6b00000| Complete 
|  60|0x00000000c6c00000, 0x00000000c6d00000, 0x00000000c6d00000|100%| E|CS|TAMS 0x00000000c6c00000, 0x00000000c6c00000| Complete 
|  61|0x00000000c6d00000, 0x00000000c6e00000, 0x00000000c6e00000|100%| E|CS|TAMS 0x00000000c6d00000, 0x00000000c6d00000| Complete 
| 974|0x00000000ffe00000, 0x00000000ffe47000, 0x00000000fff00000| 27%|OA|  |TAMS 0x00000000ffe00000, 0x00000000ffe00000| Untracked 
| 975|0x00000000fff00000, 0x00000000fff6b000, 0x0000000100000000| 41%|CA|  |TAMS 0x00000000fff00000, 0x00000000fff00000| Untracked 

Card table byte_map: [0x00007f1d6770a000,0x00007f1d678f2000] _byte_map_base: 0x00007f1d670f2000

Marking Bits (Prev, Next): (CMBitMap*) 0x00007f1d80045388, (CMBitMap*) 0x00007f1d800453c0
 Prev Bits: [0x00007f1d665e2000, 0x00007f1d67522000)
 Next Bits: [0x00007f1d656a2000, 0x00007f1d665e2000)

Polling page: 0x00007f1d876a8000

Metaspace:

Usage:
  Non-class:      5.85 MB capacity,     3.38 MB ( 58%) used,     2.46 MB ( 42%) free+waste,    11.31 KB ( <1%) overhead. 
      Class:    733.00 KB capacity,   431.17 KB ( 59%) used,   295.70 KB ( 40%) free+waste,     6.12 KB ( <1%) overhead. 
       Both:      6.56 MB capacity,     3.80 MB ( 58%) used,     2.75 MB ( 42%) free+waste,    17.44 KB ( <1%) overhead. 

Virtual space:
  Non-class space:        8.00 MB reserved,       6.00 MB ( 75%) committed 
      Class space:        1.00 GB reserved,     768.00 KB ( <1%) committed 
             Both:        1.01 GB reserved,       6.75 MB ( <1%) committed 

Chunk freelists:
   Non-Class:  0 bytes
       Class:  3.00 KB
        Both:  3.00 KB

MaxMetaspaceSize: unlimited
CompressedClassSpaceSize: 1.00 GB
Initial GC threshold: 20.80 MB
Current GC threshold: 20.80 MB
CDS: on

CodeHeap 'non-profiled nmethods': size=120036Kb used=255Kb max_used=255Kb free=119780Kb
 bounds [0x00007f1d6fa7b000, 0x00007f1d6fceb000, 0x00007f1d76fb4000]
CodeHeap 'profiled nmethods': size=120032Kb used=1564Kb max_used=1564Kb free=118467Kb
 bounds [0x00007f1d68543000, 0x00007f1d687b3000, 0x00007f1d6fa7b000]
CodeHeap 'non-nmethods': size=5692Kb used=1154Kb max_used=1170Kb free=4537Kb
 bounds [0x00007f1d67fb4000, 0x00007f1d68224000, 0x00007f1d68543000]
 total_blobs=1271 nmethods=856 adapters=329
 compilation: enabled
              stopped_count=0, restarted_count=0
 full_count=0

Compilation events (20 events):
Event: 0.484 Thread 0x00007f1d800c6000 nmethod 851 0x00007f1d686c3390 code [0x00007f1d686c3600, 0x00007f1d686c4100]
Event: 0.484 Thread 0x00007f1d800c6000  846       3       java.lang.invoke.InvokerBytecodeGenerator::getInternalName (98 bytes)
Event: 0.484 Thread 0x00007f1d800c4000  849       4       java.util.concurrent.ConcurrentHashMap::get (162 bytes)
Event: 0.484 Thread 0x00007f1d800c6000 nmethod 846 0x00007f1d686c4690 code [0x00007f1d686c48a0, 0x00007f1d686c4d70]
Event: 0.484 Thread 0x00007f1d800c6000  847       3       java.lang.invoke.MemberName::isMethod (7 bytes)
Event: 0.484 Thread 0x00007f1d800c6000 nmethod 847 0x00007f1d686c4e90 code [0x00007f1d686c5040, 0x00007f1d686c5290]
Event: 0.484 Thread 0x00007f1d800c6000  848       3       java.lang.invoke.MethodType::insertParameterTypes (121 bytes)
Event: 0.485 Thread 0x00007f1d800c6000 nmethod 848 0x00007f1d686c5390 code [0x00007f1d686c5680, 0x00007f1d686c6510]
Event: 0.485 Thread 0x00007f1d800c6000  850       3       java.lang.invoke.InvokerBytecodeGenerator::emitReferenceCast (185 bytes)
Event: 0.486 Thread 0x00007f1d800c6000 nmethod 850 0x00007f1d686c6a90 code [0x00007f1d686c6d80, 0x00007f1d686c7ce0]
Event: 0.486 Thread 0x00007f1d800c6000  842       3       jdk.internal.org.objectweb.asm.ByteVector::enlarge (51 bytes)
Event: 0.486 Thread 0x00007f1d800c6000 nmethod 842 0x00007f1d686c8110 code [0x00007f1d686c82e0, 0x00007f1d686c8600]
Event: 0.486 Thread 0x00007f1d800c6000  845       3       java.lang.invoke.LambdaForm::forceInterpretation (14 bytes)
Event: 0.486 Thread 0x00007f1d800c4000 nmethod 849 0x00007f1d6fab8e90 code [0x00007f1d6fab9040, 0x00007f1d6fab9318]
Event: 0.486 Thread 0x00007f1d800c4000  854       4       jdk.internal.org.objectweb.asm.Item::set (219 bytes)
Event: 0.486 Thread 0x00007f1d800c6000 nmethod 845 0x00007f1d686c8710 code [0x00007f1d686c88c0, 0x00007f1d686c8a30]
Event: 0.486 Thread 0x00007f1d800c6000  841       3       java.lang.invoke.LambdaForm::uncustomize (57 bytes)
Event: 0.486 Thread 0x00007f1d800c6000 nmethod 841 0x00007f1d686c8a90 code [0x00007f1d686c8c60, 0x00007f1d686c8f80]
Event: 0.486 Thread 0x00007f1d800c6000  836       3       java.lang.invoke.MemberName::<init> (47 bytes)
Event: 0.486 Thread 0x00007f1d800c6000 nmethod 836 0x00007f1d686c9090 code [0x00007f1d686c9280, 0x00007f1d686c95b0]

GC Heap History (2 events):
Event: 0.310 GC heap before
{Heap before GC invocations=0 (full 0):
 garbage-first heap   total 65536K, used 7880K [0x00000000c3000000, 0x0000000100000000)
  region size 1024K, 7 young (7168K), 0 survivors (0K)
 Metaspace       used 2760K, capacity 6259K, committed 6528K, reserved 1056768K
  class space    used 274K, capacity 620K, committed 640K, reserved 1048576K
}
Event: 0.315 GC heap after
{Heap after GC invocations=1 (full 0):
 garbage-first heap   total 65536K, used 2214K [0x00000000c3000000, 0x0000000100000000)
  region size 1024K, 1 young (1024K), 1 survivors (1024K)
 Metaspace       used 2760K, capacity 6259K, committed 6528K, reserved 1056768K
  class space    used 274K, capacity 620K, committed 640K, reserved 1048576K
}

Deoptimization events (20 events):
Event: 0.350 Thread 0x00007f1d80017000 DEOPT PACKING pc=0x00007f1d6faa8f90 sp=0x00007f1d87690570
Event: 0.350 Thread 0x00007f1d80017000 DEOPT UNPACKING pc=0x00007f1d67ffdea5 sp=0x00007f1d876904f0 mode 2
Event: 0.350 Thread 0x00007f1d80017000 Uncommon trap: trap_request=0xffffffbe fr.pc=0x00007f1d6faa8f90 relative=0x0000000000000350
Event: 0.350 Thread 0x00007f1d80017000 Uncommon trap: reason=profile_predicate action=maybe_recompile pc=0x00007f1d6faa8f90 method=java.lang.StringLatin1.indexOf([BI[BII)I @ 18 c2
Event: 0.350 Thread 0x00007f1d80017000 DEOPT PACKING pc=0x00007f1d6faa8f90 sp=0x00007f1d87690160
Event: 0.350 Thread 0x00007f1d80017000 DEOPT UNPACKING pc=0x00007f1d67ffdea5 sp=0x00007f1d876900e0 mode 2
Event: 0.350 Thread 0x00007f1d80017000 Uncommon trap: trap_request=0xffffffbe fr.pc=0x00007f1d6faa8f90 relative=0x0000000000000350
Event: 0.350 Thread 0x00007f1d80017000 Uncommon trap: reason=profile_predicate action=maybe_recompile pc=0x00007f1d6faa8f90 method=java.lang.StringLatin1.indexOf([BI[BII)I @ 18 c2
Event: 0.350 Thread 0x00007f1d80017000 DEOPT PACKING pc=0x00007f1d6faa8f90 sp=0x00007f1d87690090
Event: 0.350 Thread 0x00007f1d80017000 DEOPT UNPACKING pc=0x00007f1d67ffdea5 sp=0x00007f1d87690010 mode 2
Event: 0.350 Thread 0x00007f1d80017000 Uncommon trap: trap_request=0xffffffbe fr.pc=0x00007f1d6faa8f90 relative=0x0000000000000350
Event: 0.350 Thread 0x00007f1d80017000 Uncommon trap: reason=profile_predicate action=maybe_recompile pc=0x00007f1d6faa8f90 method=java.lang.StringLatin1.indexOf([BI[BII)I @ 18 c2
Event: 0.350 Thread 0x00007f1d80017000 DEOPT PACKING pc=0x00007f1d6faa8f90 sp=0x00007f1d87690090
Event: 0.350 Thread 0x00007f1d80017000 DEOPT UNPACKING pc=0x00007f1d67ffdea5 sp=0x00007f1d87690010 mode 2
Event: 0.371 Thread 0x00007f1d80017000 DEOPT PACKING pc=0x00007f1d685f59dd sp=0x00007f1d87690a20
Event: 0.371 Thread 0x00007f1d80017000 DEOPT UNPACKING pc=0x00007f1d67ffe64a sp=0x00007f1d8768fec0 mode 0
Event: 0.374 Thread 0x00007f1d80017000 DEOPT PACKING pc=0x00007f1d686260c2 sp=0x00007f1d876906c0
Event: 0.374 Thread 0x00007f1d80017000 DEOPT UNPACKING pc=0x00007f1d67ffe64a sp=0x00007f1d8768fb48 mode 0
Event: 0.385 Thread 0x00007f1d80017000 DEOPT PACKING pc=0x00007f1d685848cf sp=0x00007f1d87690670
Event: 0.385 Thread 0x00007f1d80017000 DEOPT UNPACKING pc=0x00007f1d67ffe64a sp=0x00007f1d8768fb18 mode 0

Classes redefined (0 events):
No events

Internal exceptions (20 events):
Event: 0.281 Thread 0x00007f1d80017000 Exception <a 'java/security/PrivilegedActionException'{0x00000000c68a9108}> (0x00000000c68a9108) thrown at [src/hotspot/share/prims/jvm.cpp, line 1306]
Event: 0.281 Thread 0x00007f1d80017000 Exception <a 'java/security/PrivilegedActionException'{0x00000000c68a93d8}> (0x00000000c68a93d8) thrown at [src/hotspot/share/prims/jvm.cpp, line 1306]
Event: 0.281 Thread 0x00007f1d80017000 Exception <a 'java/security/PrivilegedActionException'{0x00000000c68a9d48}> (0x00000000c68a9d48) thrown at [src/hotspot/share/prims/jvm.cpp, line 1306]
Event: 0.281 Thread 0x00007f1d80017000 Exception <a 'java/security/PrivilegedActionException'{0x00000000c68aa018}> (0x00000000c68aa018) thrown at [src/hotspot/share/prims/jvm.cpp, line 1306]
Event: 0.281 Thread 0x00007f1d80017000 Exception <a 'java/security/PrivilegedActionException'{0x00000000c68aa9a0}> (0x00000000c68aa9a0) thrown at [src/hotspot/share/prims/jvm.cpp, line 1306]
Event: 0.281 Thread 0x00007f1d80017000 Exception <a 'java/security/PrivilegedActionException'{0x00000000c68aac70}> (0x00000000c68aac70) thrown at [src/hotspot/share/prims/jvm.cpp, line 1306]
Event: 0.281 Thread 0x00007f1d80017000 Exception <a 'java/security/PrivilegedActionException'{0x00000000c68ab5f8}> (0x00000000c68ab5f8) thrown at [src/hotspot/share/prims/jvm.cpp, line 1306]
Event: 0.281 Thread 0x00007f1d80017000 Exception <a 'java/security/PrivilegedActionException'{0x00000000c68ab8c8}> (0x00000000c68ab8c8) thrown at [src/hotspot/share/prims/jvm.cpp, line 1306]
Event: 0.281 Thread 0x00007f1d80017000 Exception <a 'java/security/PrivilegedActionException'{0x00000000c68ac250}> (0x00000000c68ac250) thrown at [src/hotspot/share/prims/jvm.cpp, line 1306]
Event: 0.281 Thread 0x00007f1d80017000 Exception <a 'java/security/PrivilegedActionException'{0x00000000c68ac520}> (0x00000000c68ac520) thrown at [src/hotspot/share/prims/jvm.cpp, line 1306]
Event: 0.281 Thread 0x00007f1d80017000 Exception <a 'java/security/PrivilegedActionException'{0x00000000c68ace90}> (0x00000000c68ace90) thrown at [src/hotspot/share/prims/jvm.cpp, line 1306]
Event: 0.281 Thread 0x00007f1d80017000 Exception <a 'java/security/PrivilegedActionException'{0x00000000c68ad160}> (0x00000000c68ad160) thrown at [src/hotspot/share/prims/jvm.cpp, line 1306]
Event: 0.281 Thread 0x00007f1d80017000 Exception <a 'java/security/PrivilegedActionException'{0x00000000c68adae8}> (0x00000000c68adae8) thrown at [src/hotspot/share/prims/jvm.cpp, line 1306]
Event: 0.281 Thread 0x00007f1d80017000 Exception <a 'java/security/PrivilegedActionException'{0x00000000c68addb8}> (0x00000000c68addb8) thrown at [src/hotspot/share/prims/jvm.cpp, line 1306]
Event: 0.283 Thread 0x00007f1d80017000 Exception <a 'java/security/PrivilegedActionException'{0x00000000c68bbb68}> (0x00000000c68bbb68) thrown at [src/hotspot/share/prims/jvm.cpp, line 1306]
Event: 0.283 Thread 0x00007f1d80017000 Exception <a 'java/security/PrivilegedActionException'{0x00000000c68bbe38}> (0x00000000c68bbe38) thrown at [src/hotspot/share/prims/jvm.cpp, line 1306]
Event: 0.304 Thread 0x00007f1d80017000 Exception <a 'java/lang/NoSuchMethodError'{0x00000000c67c48c8}: 'int java.lang.invoke.DirectMethodHandle$Holder.invokeStaticInit(java.lang.Object, java.lang.Object, java.lang.Object, java.lang.Object)'> (0x00000000c67c48c8) thrown at [src/hotspot/share/interpreter/linkResolver.cpp, line 773]
Event: 0.305 Thread 0x00007f1d80017000 Exception <a 'java/lang/IncompatibleClassChangeError'{0x00000000c67ce300}: Found class java.lang.Object, but interface was expected> (0x00000000c67ce300) thrown at [src/hotspot/share/interpreter/linkResolver.cpp, line 839]
Event: 0.305 Thread 0x00007f1d80017000 Exception <a 'java/lang/NoSuchMethodError'{0x00000000c67d1550}: 'void java.lang.invoke.DirectMethodHandle$Holder.invokeStaticInit(java.lang.Object, java.lang.Object)'> (0x00000000c67d1550) thrown at [src/hotspot/share/interpreter/linkResolver.cpp, line 773]
Event: 0.306 Thread 0x00007f1d80017000 Exception <a 'java/lang/NoSuchMethodError'{0x00000000c67d6f88}: 'int java.lang.invoke.DirectMethodHandle$Holder.invokeStaticInit(java.lang.Object, java.lang.Object)'> (0x00000000c67d6f88) thrown at [src/hotspot/share/interpreter/linkResolver.cpp, line 773]

Events (20 events):
Event: 0.470 loading class org/bytedeco/llvm/LLVM/LLVMObjectFileRef
Event: 0.470 loading class org/bytedeco/llvm/LLVM/LLVMObjectFileRef done
Event: 0.471 loading class org/bytedeco/llvm/LLVM/LLVMTargetRef
Event: 0.471 loading class org/bytedeco/llvm/LLVM/LLVMTargetRef done
Event: 0.473 loading class org/bytedeco/llvm/LLVM/LLVMPassManagerBuilderRef
Event: 0.473 loading class org/bytedeco/llvm/LLVM/LLVMPassManagerBuilderRef done
Event: 0.473 loading class org/bytedeco/llvm/LLVM/LLVMPassBuilderOptionsRef
Event: 0.473 loading class org/bytedeco/llvm/LLVM/LLVMPassBuilderOptionsRef done
Event: 0.474 loading class org/bytedeco/llvm/LLVM/Pass
Event: 0.474 loading class org/bytedeco/llvm/LLVM/Pass done
Event: 0.476 loading class org/bytedeco/llvm/LLVM/LLVMNamedMDNodeRef
Event: 0.476 loading class org/bytedeco/llvm/LLVM/LLVMNamedMDNodeRef done
Event: 0.476 loading class org/bytedeco/llvm/LLVM/LLVMUseRef
Event: 0.476 loading class org/bytedeco/llvm/LLVM/LLVMUseRef done
Event: 0.481 loading class org/bytedeco/javacpp/PointerScope
Event: 0.481 loading class org/bytedeco/javacpp/PointerScope done
Event: 0.481 loading class org/bytedeco/javacpp/PointerScope$1
Event: 0.481 loading class org/bytedeco/javacpp/PointerScope$1 done
Event: 0.483 loading class java/lang/invoke/BoundMethodHandle$Species_LLLLLLIIL
Event: 0.483 loading class java/lang/invoke/BoundMethodHandle$Species_LLLLLLIIL done


Dynamic libraries:
c3000000-c6e00000 rw-p 00000000 00:00 0 
c6e00000-ffe00000 ---p 00000000 00:00 0 
ffe00000-ffe47000 rw-p 00b0a000 08:01 926690                             /usr/lib/jvm/java-11-openjdk-amd64/lib/server/classes.jsa
ffe47000-fff00000 rw-p 00000000 00:00 0 
fff00000-fff6b000 rw-p 00a9f000 08:01 926690                             /usr/lib/jvm/java-11-openjdk-amd64/lib/server/classes.jsa
fff6b000-100000000 rw-p 00000000 00:00 0 
800000000-800002000 rwxp 00001000 08:01 926690                           /usr/lib/jvm/java-11-openjdk-amd64/lib/server/classes.jsa
800002000-8003cc000 rw-p 00003000 08:01 926690                           /usr/lib/jvm/java-11-openjdk-amd64/lib/server/classes.jsa
8003cc000-800a9d000 r--p 003cd000 08:01 926690                           /usr/lib/jvm/java-11-openjdk-amd64/lib/server/classes.jsa
800a9d000-800a9e000 rw-p 00a9e000 08:01 926690                           /usr/lib/jvm/java-11-openjdk-amd64/lib/server/classes.jsa
840000000-8400c0000 rw-p 00000000 00:00 0 
8400c0000-880000000 ---p 00000000 00:00 0 
55d8f1d5f000-55d8f1d60000 r-xp 00000000 08:01 926076                     /usr/lib/jvm/java-11-openjdk-amd64/bin/java
55d8f1f60000-55d8f1f61000 r--p 00001000 08:01 926076                     /usr/lib/jvm/java-11-openjdk-amd64/bin/java
55d8f1f61000-55d8f1f62000 rw-p 00002000 08:01 926076                     /usr/lib/jvm/java-11-openjdk-amd64/bin/java
55d8f2d61000-55d8f2d82000 rw-p 00000000 00:00 0                          [heap]
7f1d2152c000-7f1d21e52000 r--p 00000000 08:01 6297972                    /home/syd/.javacpp/cache/llvm-13.0.1-1.5.7-linux-x86_64.jar/org/bytedeco/llvm/linux-x86_64/libLLVM-13.so
7f1d21e52000-7f1d25815000 r-xp 00926000 08:01 6297972                    /home/syd/.javacpp/cache/llvm-13.0.1-1.5.7-linux-x86_64.jar/org/bytedeco/llvm/linux-x86_64/libLLVM-13.so
7f1d25815000-7f1d27a6a000 r--p 042e9000 08:01 6297972                    /home/syd/.javacpp/cache/llvm-13.0.1-1.5.7-linux-x86_64.jar/org/bytedeco/llvm/linux-x86_64/libLLVM-13.so
7f1d27a6a000-7f1d27f7f000 r--p 0653d000 08:01 6297972                    /home/syd/.javacpp/cache/llvm-13.0.1-1.5.7-linux-x86_64.jar/org/bytedeco/llvm/linux-x86_64/libLLVM-13.so
7f1d27f7f000-7f1d27f8a000 rw-p 06a52000 08:01 6297972                    /home/syd/.javacpp/cache/llvm-13.0.1-1.5.7-linux-x86_64.jar/org/bytedeco/llvm/linux-x86_64/libLLVM-13.so
7f1d27f8a000-7f1d28000000 rw-p 00000000 00:00 0 
7f1d28000000-7f1d28021000 rw-p 00000000 00:00 0 
7f1d28021000-7f1d2c000000 ---p 00000000 00:00 0 
7f1d2c000000-7f1d2c021000 rw-p 00000000 00:00 0 
7f1d2c021000-7f1d30000000 ---p 00000000 00:00 0 
7f1d30000000-7f1d30330000 rw-p 00000000 00:00 0 
7f1d30330000-7f1d34000000 ---p 00000000 00:00 0 
7f1d34000000-7f1d343ec000 rw-p 00000000 00:00 0 
7f1d343ec000-7f1d38000000 ---p 00000000 00:00 0 
7f1d38000000-7f1d38021000 rw-p 00000000 00:00 0 
7f1d38021000-7f1d3c000000 ---p 00000000 00:00 0 
7f1d3c000000-7f1d3c021000 rw-p 00000000 00:00 0 
7f1d3c021000-7f1d40000000 ---p 00000000 00:00 0 
7f1d40000000-7f1d40021000 rw-p 00000000 00:00 0 
7f1d40021000-7f1d44000000 ---p 00000000 00:00 0 
7f1d44000000-7f1d44021000 rw-p 00000000 00:00 0 
7f1d44021000-7f1d48000000 ---p 00000000 00:00 0 
7f1d48000000-7f1d48021000 rw-p 00000000 00:00 0 
7f1d48021000-7f1d4c000000 ---p 00000000 00:00 0 
7f1d4c000000-7f1d4c021000 rw-p 00000000 00:00 0 
7f1d4c021000-7f1d50000000 ---p 00000000 00:00 0 
7f1d50000000-7f1d50021000 rw-p 00000000 00:00 0 
7f1d50021000-7f1d54000000 ---p 00000000 00:00 0 
7f1d551c8000-7f1d5522d000 r--p 00000000 08:01 6297977                    /home/syd/.javacpp/cache/llvm-13.0.1-1.5.7-linux-x86_64.jar/org/bytedeco/llvm/linux-x86_64/libjniLLVM.so
7f1d5522d000-7f1d5529b000 r-xp 00065000 08:01 6297977                    /home/syd/.javacpp/cache/llvm-13.0.1-1.5.7-linux-x86_64.jar/org/bytedeco/llvm/linux-x86_64/libjniLLVM.so
7f1d5529b000-7f1d552c6000 r--p 000d3000 08:01 6297977                    /home/syd/.javacpp/cache/llvm-13.0.1-1.5.7-linux-x86_64.jar/org/bytedeco/llvm/linux-x86_64/libjniLLVM.so
7f1d552c6000-7f1d552c9000 r--p 000fd000 08:01 6297977                    /home/syd/.javacpp/cache/llvm-13.0.1-1.5.7-linux-x86_64.jar/org/bytedeco/llvm/linux-x86_64/libjniLLVM.so
7f1d552c9000-7f1d552cc000 rw-p 00100000 08:01 6297977                    /home/syd/.javacpp/cache/llvm-13.0.1-1.5.7-linux-x86_64.jar/org/bytedeco/llvm/linux-x86_64/libjniLLVM.so
7f1d552cc000-7f1d552ce000 rw-p 00000000 00:00 0 
7f1d552ce000-7f1d552d2000 ---p 00000000 00:00 0 
7f1d552d2000-7f1d553cf000 rw-p 00000000 00:00 0 
7f1d553cf000-7f1d553d0000 ---p 00000000 00:00 0 
7f1d553d0000-7f1d554d1000 rw-p 00000000 00:00 0 
7f1d554d1000-7f1d554e6000 r-xp 00000000 08:01 926225                     /usr/lib/jvm/java-11-openjdk-amd64/lib/libnet.so
7f1d554e6000-7f1d556e5000 ---p 00015000 08:01 926225                     /usr/lib/jvm/java-11-openjdk-amd64/lib/libnet.so
7f1d556e5000-7f1d556e6000 r--p 00014000 08:01 926225                     /usr/lib/jvm/java-11-openjdk-amd64/lib/libnet.so
7f1d556e6000-7f1d556e7000 rw-p 00015000 08:01 926225                     /usr/lib/jvm/java-11-openjdk-amd64/lib/libnet.so
7f1d556e7000-7f1d556f7000 r-xp 00000000 08:01 926226                     /usr/lib/jvm/java-11-openjdk-amd64/lib/libnio.so
7f1d556f7000-7f1d558f6000 ---p 00010000 08:01 926226                     /usr/lib/jvm/java-11-openjdk-amd64/lib/libnio.so
7f1d558f6000-7f1d558f7000 r--p 0000f000 08:01 926226                     /usr/lib/jvm/java-11-openjdk-amd64/lib/libnio.so
7f1d558f7000-7f1d558f8000 rw-p 00010000 08:01 926226                     /usr/lib/jvm/java-11-openjdk-amd64/lib/libnio.so
7f1d558f8000-7f1d558fc000 ---p 00000000 00:00 0 
7f1d558fc000-7f1d559f9000 rw-p 00000000 00:00 0 
7f1d559f9000-7f1d559fa000 ---p 00000000 00:00 0 
7f1d559fa000-7f1d55afb000 rw-p 00000000 00:00 0 
7f1d55afb000-7f1d55aff000 ---p 00000000 00:00 0 
7f1d55aff000-7f1d55bfc000 rw-p 00000000 00:00 0 
7f1d55bfc000-7f1d55c00000 ---p 00000000 00:00 0 
7f1d55c00000-7f1d55cfd000 rw-p 00000000 00:00 0 
7f1d55cfd000-7f1d55d01000 ---p 00000000 00:00 0 
7f1d55d01000-7f1d55dfe000 rw-p 00000000 00:00 0 
7f1d55dfe000-7f1d55e02000 ---p 00000000 00:00 0 
7f1d55e02000-7f1d55eff000 rw-p 00000000 00:00 0 
7f1d55eff000-7f1d55f03000 ---p 00000000 00:00 0 
7f1d55f03000-7f1d58000000 rw-p 00000000 00:00 0 
7f1d58000000-7f1d58021000 rw-p 00000000 00:00 0 
7f1d58021000-7f1d5c000000 ---p 00000000 00:00 0 
7f1d5c000000-7f1d5c021000 rw-p 00000000 00:00 0 
7f1d5c021000-7f1d60000000 ---p 00000000 00:00 0 
7f1d60000000-7f1d60021000 rw-p 00000000 00:00 0 
7f1d60021000-7f1d64000000 ---p 00000000 00:00 0 
7f1d64024000-7f1d644b8000 r--p 00000000 08:01 666827                     /usr/lib/locale/locale-archive
7f1d644b8000-7f1d644bc000 ---p 00000000 00:00 0 
7f1d644bc000-7f1d645b9000 rw-p 00000000 00:00 0 
7f1d645b9000-7f1d645bd000 ---p 00000000 00:00 0 
7f1d645bd000-7f1d646ba000 rw-p 00000000 00:00 0 
7f1d646ba000-7f1d646bb000 ---p 00000000 00:00 0 
7f1d646bb000-7f1d64e98000 rw-p 00000000 00:00 0 
7f1d64e98000-7f1d65098000 ---p 00000000 00:00 0 
7f1d65098000-7f1d65099000 ---p 00000000 00:00 0 
7f1d65099000-7f1d6519a000 rw-p 00000000 00:00 0 
7f1d6519a000-7f1d6519b000 ---p 00000000 00:00 0 
7f1d6519b000-7f1d6549e000 rw-p 00000000 00:00 0 
7f1d6549e000-7f1d6549f000 ---p 00000000 00:00 0 
7f1d6549f000-7f1d655a0000 rw-p 00000000 00:00 0 
7f1d655a0000-7f1d655a1000 ---p 00000000 00:00 0 
7f1d655a1000-7f1d6579a000 rw-p 00000000 00:00 0 
7f1d6579a000-7f1d665da000 ---p 00000000 00:00 0 
7f1d665da000-7f1d666da000 rw-p 00000000 00:00 0 
7f1d666da000-7f1d6751a000 ---p 00000000 00:00 0 
7f1d6751a000-7f1d67541000 rw-p 00000000 00:00 0 
7f1d67541000-7f1d67709000 ---p 00000000 00:00 0 
7f1d67709000-7f1d67729000 rw-p 00000000 00:00 0 
7f1d67729000-7f1d678f1000 ---p 00000000 00:00 0 
7f1d678f1000-7f1d67911000 rw-p 00000000 00:00 0 
7f1d67911000-7f1d67ad9000 ---p 00000000 00:00 0 
7f1d67ad9000-7f1d67cdc000 rw-p 00000000 00:00 0 
7f1d67cdc000-7f1d67cdd000 ---p 00000000 00:00 0 
7f1d67cdd000-7f1d67de3000 rw-p 00000000 00:00 0 
7f1d67de3000-7f1d67ec9000 ---p 00000000 00:00 0 
7f1d67ec9000-7f1d67ece000 rw-p 00000000 00:00 0 
7f1d67ece000-7f1d67fb4000 ---p 00000000 00:00 0 
7f1d67fb4000-7f1d68224000 rwxp 00000000 00:00 0 
7f1d68224000-7f1d68543000 ---p 00000000 00:00 0 
7f1d68543000-7f1d687b3000 rwxp 00000000 00:00 0 
7f1d687b3000-7f1d6fa7b000 ---p 00000000 00:00 0 
7f1d6fa7b000-7f1d6fceb000 rwxp 00000000 00:00 0 
7f1d6fceb000-7f1d76fb4000 ---p 00000000 00:00 0 
7f1d76fb4000-7f1d7f7bf000 r--s 00000000 08:01 926235                     /usr/lib/jvm/java-11-openjdk-amd64/lib/modules
7f1d7f7bf000-7f1d7f7c6000 r-xp 00000000 08:01 926234                     /usr/lib/jvm/java-11-openjdk-amd64/lib/libzip.so
7f1d7f7c6000-7f1d7f9c6000 ---p 00007000 08:01 926234                     /usr/lib/jvm/java-11-openjdk-amd64/lib/libzip.so
7f1d7f9c6000-7f1d7f9c7000 r--p 00007000 08:01 926234                     /usr/lib/jvm/java-11-openjdk-amd64/lib/libzip.so
7f1d7f9c7000-7f1d7f9c8000 rw-p 00008000 08:01 926234                     /usr/lib/jvm/java-11-openjdk-amd64/lib/libzip.so
7f1d7f9c8000-7f1d7f9d3000 r-xp 00000000 08:01 1709194                    /lib/x86_64-linux-gnu/libnss_files-2.27.so
7f1d7f9d3000-7f1d7fbd2000 ---p 0000b000 08:01 1709194                    /lib/x86_64-linux-gnu/libnss_files-2.27.so
7f1d7fbd2000-7f1d7fbd3000 r--p 0000a000 08:01 1709194                    /lib/x86_64-linux-gnu/libnss_files-2.27.so
7f1d7fbd3000-7f1d7fbd4000 rw-p 0000b000 08:01 1709194                    /lib/x86_64-linux-gnu/libnss_files-2.27.so
7f1d7fbd4000-7f1d7fbda000 rw-p 00000000 00:00 0 
7f1d7fbda000-7f1d7fbf1000 r-xp 00000000 08:01 1709191                    /lib/x86_64-linux-gnu/libnsl-2.27.so
7f1d7fbf1000-7f1d7fdf0000 ---p 00017000 08:01 1709191                    /lib/x86_64-linux-gnu/libnsl-2.27.so
7f1d7fdf0000-7f1d7fdf1000 r--p 00016000 08:01 1709191                    /lib/x86_64-linux-gnu/libnsl-2.27.so
7f1d7fdf1000-7f1d7fdf2000 rw-p 00017000 08:01 1709191                    /lib/x86_64-linux-gnu/libnsl-2.27.so
7f1d7fdf2000-7f1d7fdf4000 rw-p 00000000 00:00 0 
7f1d7fdf4000-7f1d7fdff000 r-xp 00000000 08:01 1709196                    /lib/x86_64-linux-gnu/libnss_nis-2.27.so
7f1d7fdff000-7f1d7fffe000 ---p 0000b000 08:01 1709196                    /lib/x86_64-linux-gnu/libnss_nis-2.27.so
7f1d7fffe000-7f1d7ffff000 r--p 0000a000 08:01 1709196                    /lib/x86_64-linux-gnu/libnss_nis-2.27.so
7f1d7ffff000-7f1d80000000 rw-p 0000b000 08:01 1709196                    /lib/x86_64-linux-gnu/libnss_nis-2.27.so
7f1d80000000-7f1d80358000 rw-p 00000000 00:00 0 
7f1d80358000-7f1d84000000 ---p 00000000 00:00 0 
7f1d84041000-7f1d84048000 r--p 00000000 08:01 6297973                    /home/syd/.javacpp/cache/llvm-13.0.1-1.5.7-linux-x86_64.jar/org/bytedeco/llvm/linux-x86_64/libLTO.so.13
7f1d84048000-7f1d84050000 r-xp 00007000 08:01 6297973                    /home/syd/.javacpp/cache/llvm-13.0.1-1.5.7-linux-x86_64.jar/org/bytedeco/llvm/linux-x86_64/libLTO.so.13
7f1d84050000-7f1d84052000 r--p 0000f000 08:01 6297973                    /home/syd/.javacpp/cache/llvm-13.0.1-1.5.7-linux-x86_64.jar/org/bytedeco/llvm/linux-x86_64/libLTO.so.13
7f1d84052000-7f1d84053000 r--p 00010000 08:01 6297973                    /home/syd/.javacpp/cache/llvm-13.0.1-1.5.7-linux-x86_64.jar/org/bytedeco/llvm/linux-x86_64/libLTO.so.13
7f1d84053000-7f1d84054000 rw-p 00011000 08:01 6297973                    /home/syd/.javacpp/cache/llvm-13.0.1-1.5.7-linux-x86_64.jar/org/bytedeco/llvm/linux-x86_64/libLTO.so.13
7f1d84054000-7f1d8405c000 r-xp 00000000 08:01 1709192                    /lib/x86_64-linux-gnu/libnss_compat-2.27.so
7f1d8405c000-7f1d8425c000 ---p 00008000 08:01 1709192                    /lib/x86_64-linux-gnu/libnss_compat-2.27.so
7f1d8425c000-7f1d8425d000 r--p 00008000 08:01 1709192                    /lib/x86_64-linux-gnu/libnss_compat-2.27.so
7f1d8425d000-7f1d8425e000 rw-p 00009000 08:01 1709192                    /lib/x86_64-linux-gnu/libnss_compat-2.27.so
7f1d8425e000-7f1d84263000 r-xp 00000000 08:01 926217                     /usr/lib/jvm/java-11-openjdk-amd64/lib/libjimage.so
7f1d84263000-7f1d84462000 ---p 00005000 08:01 926217                     /usr/lib/jvm/java-11-openjdk-amd64/lib/libjimage.so
7f1d84462000-7f1d84463000 r--p 00004000 08:01 926217                     /usr/lib/jvm/java-11-openjdk-amd64/lib/libjimage.so
7f1d84463000-7f1d84464000 rw-p 00005000 08:01 926217                     /usr/lib/jvm/java-11-openjdk-amd64/lib/libjimage.so
7f1d84464000-7f1d8448d000 r-xp 00000000 08:01 926214                     /usr/lib/jvm/java-11-openjdk-amd64/lib/libjava.so
7f1d8448d000-7f1d8468c000 ---p 00029000 08:01 926214                     /usr/lib/jvm/java-11-openjdk-amd64/lib/libjava.so
7f1d8468c000-7f1d8468d000 r--p 00028000 08:01 926214                     /usr/lib/jvm/java-11-openjdk-amd64/lib/libjava.so
7f1d8468d000-7f1d8468e000 rw-p 00029000 08:01 926214                     /usr/lib/jvm/java-11-openjdk-amd64/lib/libjava.so
7f1d8468e000-7f1d8468f000 rw-p 00000000 00:00 0 
7f1d8468f000-7f1d8469c000 r-xp 00000000 08:01 926233                     /usr/lib/jvm/java-11-openjdk-amd64/lib/libverify.so
7f1d8469c000-7f1d8489b000 ---p 0000d000 08:01 926233                     /usr/lib/jvm/java-11-openjdk-amd64/lib/libverify.so
7f1d8489b000-7f1d8489d000 r--p 0000c000 08:01 926233                     /usr/lib/jvm/java-11-openjdk-amd64/lib/libverify.so
7f1d8489d000-7f1d8489e000 rw-p 0000e000 08:01 926233                     /usr/lib/jvm/java-11-openjdk-amd64/lib/libverify.so
7f1d8489e000-7f1d848a5000 r-xp 00000000 08:01 1709201                    /lib/x86_64-linux-gnu/librt-2.27.so
7f1d848a5000-7f1d84aa4000 ---p 00007000 08:01 1709201                    /lib/x86_64-linux-gnu/librt-2.27.so
7f1d84aa4000-7f1d84aa5000 r--p 00006000 08:01 1709201                    /lib/x86_64-linux-gnu/librt-2.27.so
7f1d84aa5000-7f1d84aa6000 rw-p 00007000 08:01 1709201                    /lib/x86_64-linux-gnu/librt-2.27.so
7f1d84aa6000-7f1d84abd000 r-xp 00000000 08:01 1709327                    /lib/x86_64-linux-gnu/libgcc_s.so.1
7f1d84abd000-7f1d84cbc000 ---p 00017000 08:01 1709327                    /lib/x86_64-linux-gnu/libgcc_s.so.1
7f1d84cbc000-7f1d84cbd000 r--p 00016000 08:01 1709327                    /lib/x86_64-linux-gnu/libgcc_s.so.1
7f1d84cbd000-7f1d84cbe000 rw-p 00017000 08:01 1709327                    /lib/x86_64-linux-gnu/libgcc_s.so.1
7f1d84cbe000-7f1d84e5b000 r-xp 00000000 08:01 1709188                    /lib/x86_64-linux-gnu/libm-2.27.so
7f1d84e5b000-7f1d8505a000 ---p 0019d000 08:01 1709188                    /lib/x86_64-linux-gnu/libm-2.27.so
7f1d8505a000-7f1d8505b000 r--p 0019c000 08:01 1709188                    /lib/x86_64-linux-gnu/libm-2.27.so
7f1d8505b000-7f1d8505c000 rw-p 0019d000 08:01 1709188                    /lib/x86_64-linux-gnu/libm-2.27.so
7f1d8505c000-7f1d851d5000 r-xp 00000000 08:01 664741                     /usr/lib/x86_64-linux-gnu/libstdc++.so.6.0.25
7f1d851d5000-7f1d853d5000 ---p 00179000 08:01 664741                     /usr/lib/x86_64-linux-gnu/libstdc++.so.6.0.25
7f1d853d5000-7f1d853df000 r--p 00179000 08:01 664741                     /usr/lib/x86_64-linux-gnu/libstdc++.so.6.0.25
7f1d853df000-7f1d853e1000 rw-p 00183000 08:01 664741                     /usr/lib/x86_64-linux-gnu/libstdc++.so.6.0.25
7f1d853e1000-7f1d853e5000 rw-p 00000000 00:00 0 
7f1d853e5000-7f1d864ec000 r-xp 00000000 08:01 926240                     /usr/lib/jvm/java-11-openjdk-amd64/lib/server/libjvm.so
7f1d864ec000-7f1d866ec000 ---p 01107000 08:01 926240                     /usr/lib/jvm/java-11-openjdk-amd64/lib/server/libjvm.so
7f1d866ec000-7f1d867b0000 r--p 01107000 08:01 926240                     /usr/lib/jvm/java-11-openjdk-amd64/lib/server/libjvm.so
7f1d867b0000-7f1d867eb000 rw-p 011cb000 08:01 926240                     /usr/lib/jvm/java-11-openjdk-amd64/lib/server/libjvm.so
7f1d867eb000-7f1d86842000 rw-p 00000000 00:00 0 
7f1d86842000-7f1d8685c000 r-xp 00000000 08:01 1709199                    /lib/x86_64-linux-gnu/libpthread-2.27.so
7f1d8685c000-7f1d86a5b000 ---p 0001a000 08:01 1709199                    /lib/x86_64-linux-gnu/libpthread-2.27.so
7f1d86a5b000-7f1d86a5c000 r--p 00019000 08:01 1709199                    /lib/x86_64-linux-gnu/libpthread-2.27.so
7f1d86a5c000-7f1d86a5d000 rw-p 0001a000 08:01 1709199                    /lib/x86_64-linux-gnu/libpthread-2.27.so
7f1d86a5d000-7f1d86a61000 rw-p 00000000 00:00 0 
7f1d86a61000-7f1d86a64000 r-xp 00000000 08:01 1709187                    /lib/x86_64-linux-gnu/libdl-2.27.so
7f1d86a64000-7f1d86c63000 ---p 00003000 08:01 1709187                    /lib/x86_64-linux-gnu/libdl-2.27.so
7f1d86c63000-7f1d86c64000 r--p 00002000 08:01 1709187                    /lib/x86_64-linux-gnu/libdl-2.27.so
7f1d86c64000-7f1d86c65000 rw-p 00003000 08:01 1709187                    /lib/x86_64-linux-gnu/libdl-2.27.so
7f1d86c65000-7f1d86c81000 r-xp 00000000 08:01 1704012                    /lib/x86_64-linux-gnu/libz.so.1.2.11
7f1d86c81000-7f1d86e80000 ---p 0001c000 08:01 1704012                    /lib/x86_64-linux-gnu/libz.so.1.2.11
7f1d86e80000-7f1d86e81000 r--p 0001b000 08:01 1704012                    /lib/x86_64-linux-gnu/libz.so.1.2.11
7f1d86e81000-7f1d86e82000 rw-p 0001c000 08:01 1704012                    /lib/x86_64-linux-gnu/libz.so.1.2.11
7f1d86e82000-7f1d87069000 r-xp 00000000 08:01 1709184                    /lib/x86_64-linux-gnu/libc-2.27.so
7f1d87069000-7f1d87269000 ---p 001e7000 08:01 1709184                    /lib/x86_64-linux-gnu/libc-2.27.so
7f1d87269000-7f1d8726d000 r--p 001e7000 08:01 1709184                    /lib/x86_64-linux-gnu/libc-2.27.so
7f1d8726d000-7f1d8726f000 rw-p 001eb000 08:01 1709184                    /lib/x86_64-linux-gnu/libc-2.27.so
7f1d8726f000-7f1d87273000 rw-p 00000000 00:00 0 
7f1d87273000-7f1d87282000 r-xp 00000000 08:01 926199                     /usr/lib/jvm/java-11-openjdk-amd64/lib/jli/libjli.so
7f1d87282000-7f1d87481000 ---p 0000f000 08:01 926199                     /usr/lib/jvm/java-11-openjdk-amd64/lib/jli/libjli.so
7f1d87481000-7f1d87482000 r--p 0000e000 08:01 926199                     /usr/lib/jvm/java-11-openjdk-amd64/lib/jli/libjli.so
7f1d87482000-7f1d87483000 rw-p 0000f000 08:01 926199                     /usr/lib/jvm/java-11-openjdk-amd64/lib/jli/libjli.so
7f1d87483000-7f1d874ac000 r-xp 00000000 08:01 1703942                    /lib/x86_64-linux-gnu/ld-2.27.so
7f1d874b2000-7f1d874b9000 r--s 00000000 08:01 920620                     /usr/lib/x86_64-linux-gnu/gconv/gconv-modules.cache
7f1d874b9000-7f1d874bd000 r--p 00000000 08:01 6297966                    /home/syd/.javacpp/cache/javacpp-1.5.7-linux-x86_64.jar/org/bytedeco/javacpp/linux-x86_64/libjnijavacpp.so
7f1d874bd000-7f1d874c4000 r-xp 00004000 08:01 6297966                    /home/syd/.javacpp/cache/javacpp-1.5.7-linux-x86_64.jar/org/bytedeco/javacpp/linux-x86_64/libjnijavacpp.so
7f1d874c4000-7f1d874c8000 r--p 0000b000 08:01 6297966                    /home/syd/.javacpp/cache/javacpp-1.5.7-linux-x86_64.jar/org/bytedeco/javacpp/linux-x86_64/libjnijavacpp.so
7f1d874c8000-7f1d874c9000 r--p 0000e000 08:01 6297966                    /home/syd/.javacpp/cache/javacpp-1.5.7-linux-x86_64.jar/org/bytedeco/javacpp/linux-x86_64/libjnijavacpp.so
7f1d874c9000-7f1d874ca000 rw-p 0000f000 08:01 6297966                    /home/syd/.javacpp/cache/javacpp-1.5.7-linux-x86_64.jar/org/bytedeco/javacpp/linux-x86_64/libjnijavacpp.so
7f1d874ca000-7f1d8758b000 rw-p 00000000 00:00 0 
7f1d8758b000-7f1d87592000 ---p 00000000 00:00 0 
7f1d87592000-7f1d87596000 ---p 00000000 00:00 0 
7f1d87596000-7f1d87695000 rw-p 00000000 00:00 0 
7f1d8769b000-7f1d8769c000 r--p 00000000 08:01 6297975                    /home/syd/.javacpp/cache/llvm-13.0.1-1.5.7-linux-x86_64.jar/org/bytedeco/llvm/linux-x86_64/libRemarks.so.13
7f1d8769c000-7f1d8769d000 r-xp 00001000 08:01 6297975                    /home/syd/.javacpp/cache/llvm-13.0.1-1.5.7-linux-x86_64.jar/org/bytedeco/llvm/linux-x86_64/libRemarks.so.13
7f1d8769d000-7f1d8769e000 r--p 00002000 08:01 6297975                    /home/syd/.javacpp/cache/llvm-13.0.1-1.5.7-linux-x86_64.jar/org/bytedeco/llvm/linux-x86_64/libRemarks.so.13
7f1d8769e000-7f1d8769f000 r--p 00002000 08:01 6297975                    /home/syd/.javacpp/cache/llvm-13.0.1-1.5.7-linux-x86_64.jar/org/bytedeco/llvm/linux-x86_64/libRemarks.so.13
7f1d8769f000-7f1d876a0000 rw-p 00003000 08:01 6297975                    /home/syd/.javacpp/cache/llvm-13.0.1-1.5.7-linux-x86_64.jar/org/bytedeco/llvm/linux-x86_64/libRemarks.so.13
7f1d876a0000-7f1d876a8000 rw-s 00000000 08:01 6424125                    /tmp/hsperfdata_syd/12897
7f1d876a8000-7f1d876a9000 ---p 00000000 00:00 0 
7f1d876a9000-7f1d876aa000 r--p 00000000 00:00 0 
7f1d876aa000-7f1d876ac000 rw-p 00000000 00:00 0 
7f1d876ac000-7f1d876ad000 r--p 00029000 08:01 1703942                    /lib/x86_64-linux-gnu/ld-2.27.so
7f1d876ad000-7f1d876ae000 rw-p 0002a000 08:01 1703942                    /lib/x86_64-linux-gnu/ld-2.27.so
7f1d876ae000-7f1d876af000 rw-p 00000000 00:00 0 
7ffda389e000-7ffda38c0000 rw-p 00000000 00:00 0                          [stack]
7ffda3928000-7ffda392b000 r--p 00000000 00:00 0                          [vvar]
7ffda392b000-7ffda392d000 r-xp 00000000 00:00 0                          [vdso]
ffffffffff600000-ffffffffff601000 --xp 00000000 00:00 0                  [vsyscall]


VM Arguments:
java_command: Main /mnt/hgfs/CompilationPrincipleLAB/Lab/src/code.txt /mnt/hgfs/CompilationPrincipleLAB/Lab/src/IRtarget.txt
java_class_path (initial): ./classes:/usr/local/lib/antlr-4.9.1-complete.jar:/usr/local/lib/llvm-13.0.1-1.5.7-linux-x86_64.jar:/usr/local/lib/llvm-platform-13.0.1-1.5.7.jar:/usr/local/lib/llvm-13.0.1-1.5.7.jar:/usr/local/lib/javacpp-1.5.7-linux-x86_64.jar:/usr/local/lib/javacpp-1.5.7.jar
Launcher Type: SUN_STANDARD

[Global flags]
     intx CICompilerCount                          = 2                                         {product} {ergonomic}
     uint ConcGCThreads                            = 1                                         {product} {ergonomic}
     uint G1ConcRefinementThreads                  = 2                                         {product} {ergonomic}
   size_t G1HeapRegionSize                         = 1048576                                   {product} {ergonomic}
    uintx GCDrainStackTargetSize                   = 64                                        {product} {ergonomic}
   size_t InitialHeapSize                          = 65011712                                  {product} {ergonomic}
   size_t MarkStackSize                            = 4194304                                   {product} {ergonomic}
   size_t MaxHeapSize                              = 1023410176                                {product} {ergonomic}
   size_t MaxNewSize                               = 613416960                                 {product} {ergonomic}
   size_t MinHeapDeltaBytes                        = 1048576                                   {product} {ergonomic}
    uintx NonNMethodCodeHeapSize                   = 5825164                                {pd product} {ergonomic}
    uintx NonProfiledCodeHeapSize                  = 122916538                              {pd product} {ergonomic}
    uintx ProfiledCodeHeapSize                     = 122916538                              {pd product} {ergonomic}
    uintx ReservedCodeCacheSize                    = 251658240                              {pd product} {ergonomic}
     bool SegmentedCodeCache                       = true                                      {product} {ergonomic}
     bool UseCompressedClassPointers               = true                                 {lp64_product} {ergonomic}
     bool UseCompressedOops                        = true                                 {lp64_product} {ergonomic}
     bool UseG1GC                                  = true                                      {product} {ergonomic}

Logging:
Log output configuration:
 #0: stdout all=warning uptime,level,tags
 #1: stderr all=off uptime,level,tags

Environment Variables:
CLASSPATH=/usr/local/lib/antlr-4.9.1-complete.jar:/usr/local/lib/llvm-13.0.1-1.5.7-linux-x86_64.jar:/usr/local/lib/llvm-platform-13.0.1-1.5.7.jar:/usr/local/lib/llvm-13.0.1-1.5.7.jar:/usr/local/lib/javacpp-1.5.7-linux-x86_64.jar:/usr/local/lib/javacpp-1.5.7.jar
PATH=/usr/local/sbin:/usr/local/bin:/usr/sbin:/usr/bin:/sbin:/bin:/usr/games:/usr/local/games:/snap/bin
USERNAME=syd
SHELL=/bin/bash
DISPLAY=:0
LANG=zh_CN.UTF-8
LC_NUMERIC=zh_CN.UTF-8
LC_TIME=zh_CN.UTF-8
TERM=xterm-256color

Signal Handlers:
SIGSEGV: [libjvm.so+0xe356a0], sa_mask[0]=11111111011111111101111111111110, sa_flags=SA_RESTART|SA_SIGINFO
SIGBUS: [libjvm.so+0xe356a0], sa_mask[0]=11111111011111111101111111111110, sa_flags=SA_RESTART|SA_SIGINFO
SIGFPE: [libjvm.so+0xe356a0], sa_mask[0]=11111111011111111101111111111110, sa_flags=SA_RESTART|SA_SIGINFO
SIGPIPE: [libjvm.so+0xb89cc0], sa_mask[0]=11111111011111111101111111111110, sa_flags=SA_RESTART|SA_SIGINFO
SIGXFSZ: [libjvm.so+0xb89cc0], sa_mask[0]=11111111011111111101111111111110, sa_flags=SA_RESTART|SA_SIGINFO
SIGILL: [libjvm.so+0xe356a0], sa_mask[0]=11111111011111111101111111111110, sa_flags=SA_RESTART|SA_SIGINFO
SIGUSR2: [libjvm.so+0xb89b50], sa_mask[0]=00000000000000000000000000000000, sa_flags=SA_RESTART|SA_SIGINFO
SIGHUP: [libjvm.so+0xb8a220], sa_mask[0]=11111111011111111101111111111110, sa_flags=SA_RESTART|SA_SIGINFO
SIGINT: [libjvm.so+0xb8a220], sa_mask[0]=11111111011111111101111111111110, sa_flags=SA_RESTART|SA_SIGINFO
SIGTERM: [libjvm.so+0xb8a220], sa_mask[0]=11111111011111111101111111111110, sa_flags=SA_RESTART|SA_SIGINFO
SIGQUIT: [libjvm.so+0xb8a220], sa_mask[0]=11111111011111111101111111111110, sa_flags=SA_RESTART|SA_SIGINFO


---------------  S Y S T E M  ---------------

OS:DISTRIB_ID=Ubuntu
DISTRIB_RELEASE=18.04
DISTRIB_CODENAME=bionic
DISTRIB_DESCRIPTION="Ubuntu 18.04.6 LTS"
uname:Linux 5.4.0-150-generic #167~18.04.1-Ubuntu SMP Wed May 24 00:51:42 UTC 2023 x86_64
OS uptime: 0 days 2:44 hours
libc:glibc 2.27 NPTL 2.27 
rlimit (soft/hard): STACK 8192k/infinity , CORE 0k/infinity , NPROC 15400/15400 , NOFILE 1048576/1048576 , AS infinity/infinity , CPU infinity/infinity , DATA infinity/infinity , FSIZE infinity/infinity , MEMLOCK 65536k/65536k
load average:0.62 0.39 0.34

/proc/meminfo:
MemTotal:        3994712 kB
MemFree:          168736 kB
MemAvailable:     284756 kB
Buffers:           25184 kB
Cached:           256180 kB
SwapCached:        14104 kB
Active:          2385724 kB
Inactive:         669408 kB
Active(anon):    2224820 kB
Inactive(anon):   566684 kB
Active(file):     160904 kB
Inactive(file):   102724 kB
Unevictable:          16 kB
Mlocked:              16 kB
SwapTotal:       2097148 kB
SwapFree:        1771004 kB
Dirty:                56 kB
Writeback:             0 kB
AnonPages:       2765312 kB
Mapped:           157472 kB
Shmem:             17712 kB
KReclaimable:     114500 kB
Slab:             200668 kB
SReclaimable:     114500 kB
SUnreclaim:        86168 kB
KernelStack:       13712 kB
PageTables:        50196 kB
NFS_Unstable:          0 kB
Bounce:                0 kB
WritebackTmp:          0 kB
CommitLimit:     4094504 kB
Committed_AS:    6691248 kB
VmallocTotal:   34359738367 kB
VmallocUsed:       29868 kB
VmallocChunk:          0 kB
Percpu:            50176 kB
HardwareCorrupted:     0 kB
AnonHugePages:         0 kB
ShmemHugePages:        0 kB
ShmemPmdMapped:        0 kB
FileHugePages:         0 kB
FilePmdMapped:         0 kB
CmaTotal:              0 kB
CmaFree:               0 kB
HugePages_Total:       0
HugePages_Free:        0
HugePages_Rsvd:        0
HugePages_Surp:        0
Hugepagesize:       2048 kB
Hugetlb:               0 kB
DirectMap4k:      255808 kB
DirectMap2M:     3938304 kB
DirectMap1G:     2097152 kB

/sys/kernel/mm/transparent_hugepage/enabled:
always [madvise] never
/sys/kernel/mm/transparent_hugepage/defrag (defrag/compaction efforts parameter):
always defer defer+madvise [madvise] never

Process Memory:
Virtual Size: 3713228K (peak: 12418976K)
Resident Set Size: 89684K (peak: 90148K) (anon: 36492K, file: 53192K, shmem: 0K)
Swapped out: 0K
C-Heap outstanding allocations: 15059K, retained: 2392K
glibc malloc tunables: (default)

/proc/sys/kernel/threads-max (system-wide limit on the number of threads):
30800
/proc/sys/vm/max_map_count (maximum number of memory map areas a process may have):
65530
/proc/sys/kernel/pid_max (system-wide limit on number of process identifiers):
131072

container (cgroup) information:
container_type: cgroupv1
cpu_cpuset_cpus: 0-1
cpu_memory_nodes: 0
active_processor_count: 2
cpu_quota: no quota
cpu_period: 100000
cpu_shares: no shares
memory_limit_in_bytes: unlimited
memory_and_swap_limit_in_bytes: not supported
memory_soft_limit_in_bytes: unlimited
memory_usage_in_bytes: 3052868 k
memory_max_usage_in_bytes: 48560 k
kernel_memory_usage_in_bytes: unlimited
kernel_memory_max_usage_in_bytes: unlimited
kernel_memory_limit_in_bytes: unlimited
maximum number of tasks: unlimited
current number of tasks: 224

VMWare virtualization detected
Steal ticks since vm start: 0
Steal ticks percentage since vm start:  0.000

CPU:total 2 (initial active 2) (1 cores per cpu, 1 threads per core) family 6 model 154 stepping 3 microcode 0xffffffff, cmov, cx8, fxsr, mmx, sse, sse2, sse3, ssse3, sse4.1, sse4.2, popcnt, avx, avx2, aes, clmul, erms, 3dnowpref, lzcnt, tsc, tscinvbit, bmi1, bmi2, adx, sha, fma
CPU Model and flags from /proc/cpuinfo:
model name	: 12th Gen Intel(R) Core(TM) i5-12500H
flags		: fpu vme de pse tsc msr pae mce cx8 apic sep mtrr pge mca cmov pat pse36 clflush mmx fxsr sse sse2 ss syscall nx pdpe1gb rdtscp lm constant_tsc arch_perfmon rep_good nopl xtopology tsc_reliable nonstop_tsc cpuid pni pclmulqdq ssse3 fma cx16 pcid sse4_1 sse4_2 x2apic movbe popcnt aes xsave avx f16c rdrand hypervisor lahf_lm abm 3dnowprefetch invpcid_single pti ssbd ibrs ibpb stibp fsgsbase tsc_adjust bmi1 avx2 smep bmi2 erms invpcid rdseed adx smap clflushopt clwb sha_ni xsaveopt xsavec xgetbv1 xsaves arat umip gfni vaes vpclmulqdq rdpid movdiri movdir64b md_clear flush_l1d arch_capabilities
Online cpus:
0-1
Offline cpus:
2-127
BIOS frequency limitation:
<Not Available>
Frequency switch latency (ns):
<Not Available>
Available cpu frequencies:
<Not Available>
Current governor:
<Not Available>
Core performance/turbo boost:
<Not Available>

Memory: 4k page, physical 3994712k(168736k free), swap 2097148k(1771004k free)

vm_info: OpenJDK 64-Bit Server VM (11.0.19+7-post-Ubuntu-0ubuntu118.04.1) for linux-amd64 JRE (11.0.19+7-post-Ubuntu-0ubuntu118.04.1), built on May 10 2023 00:54:54 by "unknown" with gcc 8.4.0

END.
