#
# A fatal error has been detected by the Java Runtime Environment:
#
#  SIGSEGV (0xb) at pc=0x00007f2fda15c178, pid=14704, tid=14705
#
# JRE version: OpenJDK Runtime Environment (11.0.19+7) (build 11.0.19+7-post-Ubuntu-0ubuntu118.04.1)
# Java VM: OpenJDK 64-Bit Server VM (11.0.19+7-post-Ubuntu-0ubuntu118.04.1, mixed mode, sharing, tiered, compressed oops, g1 gc, linux-amd64)
# Problematic frame:
# C  [libLLVM-13.so+0xc30178]  LLVMBuildCall2+0x138
#
# Core dump will be written. Default location: Core dumps may be processed with "/usr/share/apport/apport -p%p -s%s -c%c -d%d -P%P -u%u -g%g -- %E" (or dumping to /mnt/hgfs/CompilationPrincipleLAB/Lab/core.14704)
#
# If you would like to submit a bug report, please visit:
#   https://bugs.launchpad.net/ubuntu/+source/openjdk-lts
# The crash happened outside the Java Virtual Machine in native code.
# See problematic frame for where to report the bug.
#

---------------  S U M M A R Y ------------

Command Line: Main /mnt/hgfs/CompilationPrincipleLAB/Lab/src/code.txt /mnt/hgfs/CompilationPrincipleLAB/Lab/src/IRtarget.txt

Host: 12th Gen Intel(R) Core(TM) i5-12500H, 2 cores, 3G, Ubuntu 18.04.6 LTS
Time: Mon May 27 01:50:04 2024 PDT elapsed time: 0.581604 seconds (0d 0h 0m 0s)

---------------  T H R E A D  ---------------

Current thread (0x00007f3038017000):  JavaThread "main" [_thread_in_native, id=14705, stack(0x00007f303f5fe000,0x00007f303f6ff000)]

Stack: [0x00007f303f5fe000,0x00007f303f6ff000],  sp=0x00007f303f6fcc90,  free space=1019k
Native frames: (J=compiled Java code, A=aot compiled Java code, j=interpreted, Vv=VM code, C=native code)
C  [libLLVM-13.so+0xc30178]  LLVMBuildCall2+0x138
C  0x0000000000000005

Java frames: (J=compiled Java code, j=interpreted, Vv=VM code)
j  org.bytedeco.llvm.global.LLVM.LLVMBuildCall2(Lorg/bytedeco/llvm/LLVM/LLVMBuilderRef;Lorg/bytedeco/llvm/LLVM/LLVMTypeRef;Lorg/bytedeco/llvm/LLVM/LLVMValueRef;Lorg/bytedeco/javacpp/PointerPointer;ILjava/lang/String;)Lorg/bytedeco/llvm/LLVM/LLVMValueRef;+0
j  MyLLVMIRVisitor.visitExp(LSysYParser$ExpContext;)Lorg/bytedeco/llvm/LLVM/LLVMValueRef;+426
j  MyLLVMIRVisitor.visitStmt(LSysYParser$StmtContext;)Lorg/bytedeco/llvm/LLVM/LLVMValueRef;+19
j  MyLLVMIRVisitor.visitStmt(LSysYParser$StmtContext;)Ljava/lang/Object;+2
j  SysYParser$StmtContext.accept(Lorg/antlr/v4/runtime/tree/ParseTreeVisitor;)Ljava/lang/Object;+12
j  org.antlr.v4.runtime.tree.AbstractParseTreeVisitor.visitChildren(Lorg/antlr/v4/runtime/tree/RuleNode;)Ljava/lang/Object;+46
j  SysYParserBaseVisitor.visitBlockItem(LSysYParser$BlockItemContext;)Ljava/lang/Object;+2
j  SysYParser$BlockItemContext.accept(Lorg/antlr/v4/runtime/tree/ParseTreeVisitor;)Ljava/lang/Object;+12
j  org.antlr.v4.runtime.tree.AbstractParseTreeVisitor.visitChildren(Lorg/antlr/v4/runtime/tree/RuleNode;)Ljava/lang/Object;+46
j  SysYParserBaseVisitor.visitBlock(LSysYParser$BlockContext;)Ljava/lang/Object;+2
j  SysYParser$BlockContext.accept(Lorg/antlr/v4/runtime/tree/ParseTreeVisitor;)Ljava/lang/Object;+12
j  org.antlr.v4.runtime.tree.AbstractParseTreeVisitor.visitChildren(Lorg/antlr/v4/runtime/tree/RuleNode;)Ljava/lang/Object;+46
j  SysYParserBaseVisitor.visitFuncDef(LSysYParser$FuncDefContext;)Ljava/lang/Object;+2
j  MyLLVMIRVisitor.visitFuncDef(LSysYParser$FuncDefContext;)Lorg/bytedeco/llvm/LLVM/LLVMValueRef;+252
j  MyLLVMIRVisitor.visitFuncDef(LSysYParser$FuncDefContext;)Ljava/lang/Object;+2
j  SysYParser$FuncDefContext.accept(Lorg/antlr/v4/runtime/tree/ParseTreeVisitor;)Ljava/lang/Object;+12
j  org.antlr.v4.runtime.tree.AbstractParseTreeVisitor.visitChildren(Lorg/antlr/v4/runtime/tree/RuleNode;)Ljava/lang/Object;+46
j  SysYParserBaseVisitor.visitCompUnit(LSysYParser$CompUnitContext;)Ljava/lang/Object;+2
j  SysYParser$CompUnitContext.accept(Lorg/antlr/v4/runtime/tree/ParseTreeVisitor;)Ljava/lang/Object;+12
j  org.antlr.v4.runtime.tree.AbstractParseTreeVisitor.visitChildren(Lorg/antlr/v4/runtime/tree/RuleNode;)Ljava/lang/Object;+46
j  SysYParserBaseVisitor.visitProgram(LSysYParser$ProgramContext;)Ljava/lang/Object;+2
j  MyLLVMIRVisitor.visitProgram(LSysYParser$ProgramContext;)Lorg/bytedeco/llvm/LLVM/LLVMValueRef;+2
j  MyLLVMIRVisitor.visitProgram(LSysYParser$ProgramContext;)Ljava/lang/Object;+2
j  SysYParser$ProgramContext.accept(Lorg/antlr/v4/runtime/tree/ParseTreeVisitor;)Ljava/lang/Object;+12
j  org.antlr.v4.runtime.tree.AbstractParseTreeVisitor.visit(Lorg/antlr/v4/runtime/tree/ParseTree;)Ljava/lang/Object;+2
j  Main.main([Ljava/lang/String;)V+220
v  ~StubRoutines::call_stub

siginfo: si_signo: 11 (SIGSEGV), si_code: 1 (SEGV_MAPERR), si_addr: 0x0000000000000000

Register to memory mapping:

RAX=0x0000000000000001 is an unknown value
RBX=0x00007f303830ecc0 points into unknown readable memory: 0x00007f303830ecd0 | d0 ec 30 38 30 7f 00 00
RCX=0x0 is NULL
RDX=0x00007f303833c240 points into unknown readable memory: 0x0000000000000000 | 00 00 00 00 00 00 00 00
RSP=0x00007f303f6fcc90 is pointing into the stack for thread: 0x00007f3038017000
RBP=0x00007f303f6fccf0 is pointing into the stack for thread: 0x00007f3038017000
RSI=0x0 is NULL
RDI=0x00007f303833c260 points into unknown readable memory: 0x564c4c5f6d766c6c | 6c 6c 76 6d 5f 4c 4c 56
R8 =0x0000000000000002 is an unknown value
R9 =0x0 is NULL
R10=0x000000000000000d is an unknown value
R11=0x0 is NULL
R12=0x00007f303833c260 points into unknown readable memory: 0x564c4c5f6d766c6c | 6c 6c 76 6d 5f 4c 4c 56
R13=0x00007f3038334928 points into unknown readable memory: 0x00007f303831f330 | 30 f3 31 38 30 7f 00 00
R14=0x0 is NULL
R15=0x0 is NULL


Registers:
RAX=0x0000000000000001, RBX=0x00007f303830ecc0, RCX=0x0000000000000000, RDX=0x00007f303833c240
RSP=0x00007f303f6fcc90, RBP=0x00007f303f6fccf0, RSI=0x0000000000000000, RDI=0x00007f303833c260
R8 =0x0000000000000002, R9 =0x0000000000000000, R10=0x000000000000000d, R11=0x0000000000000000
R12=0x00007f303833c260, R13=0x00007f3038334928, R14=0x0000000000000000, R15=0x0000000000000000
RIP=0x00007f2fda15c178, EFLAGS=0x0000000000010246, CSGSFS=0x002b000000000033, ERR=0x0000000000000004
  TRAPNO=0x000000000000000e

Top of Stack: (sp=0x00007f303f6fcc90)
0x00007f303f6fcc90:   00007f303830ede8 00007f303833c790
0x00007f303f6fcca0:   0000000000000001 0000000000000000
0x00007f303f6fccb0:   0000000000000001 00007f303833c8c0
0x00007f303f6fccc0:   00007f303833c8c0 00007f3038017000 

Instructions: (pc=0x00007f2fda15c178)
0x00007f2fda15c078:   50 03 4c 8b 5b 70 b9 01 01 00 00 48 8b 6b 68 45
0x00007f2fda15c088:   89 c1 66 89 8c 24 80 00 00 00 4c 89 d9 48 c1 e1
0x00007f2fda15c098:   05 48 01 e9 48 39 e9 0f 84 7b 02 00 00 48 89 ea
0x00007f2fda15c0a8:   31 f6 66 0f 1f 44 00 00 48 8b 42 10 48 2b 42 08
0x00007f2fda15c0b8:   48 83 c2 20 48 c1 f8 03 01 c6 48 39 d1 75 e9 41
0x00007f2fda15c0c8:   83 c0 01 44 89 da bf 50 00 00 00 49 89 ee 44 01
0x00007f2fda15c0d8:   c6 c1 e2 04 4c 89 4c 24 28 48 89 4c 24 20 4c 89
0x00007f2fda15c0e8:   5c 24 18 44 89 44 24 10 e8 ab d3 12 00 4c 8b 4c
0x00007f2fda15c0f8:   24 28 48 89 ee 31 ff 4c 8b 5c 24 18 48 8b 4c 24
0x00007f2fda15c108:   20 49 89 c4 44 8b 44 24 10 4c 89 c8 4d 89 df 66
0x00007f2fda15c118:   0f 1f 84 00 00 00 00 00 48 8b 56 10 48 2b 56 08
0x00007f2fda15c128:   48 83 c6 20 48 c1 fa 03 01 d7 48 39 f1 75 e9 41
0x00007f2fda15c138:   01 f8 31 f6 0f 1f 40 00 48 8b 55 10 48 2b 55 08
0x00007f2fda15c148:   48 83 c5 20 48 c1 fa 03 01 d6 48 39 e9 75 e9 49
0x00007f2fda15c158:   01 f1 49 8b 75 10 49 c1 e1 05 4c 89 e2 4c 89 e7
0x00007f2fda15c168:   4c 29 ca 45 31 c9 48 89 44 24 10 48 8d 6c 24 60
0x00007f2fda15c178:   48 8b 36 48 8d 4a e0 ba 38 00 00 00 e8 27 88 08
0x00007f2fda15c188:   00 49 89 e9 4c 89 ee 4c 89 e7 49 c7 44 24 40 00
0x00007f2fda15c198:   00 00 00 41 57 41 56 48 8b 44 24 20 48 8b 4c 24
0x00007f2fda15c1a8:   18 48 8b 54 24 10 49 89 c0 e8 1a dc 08 00 80 7b
0x00007f2fda15c1b8:   64 00 58 5a 0f 85 06 01 00 00 41 0f b6 44 24 10
0x00007f2fda15c1c8:   3c 19 0f 86 37 01 00 00 83 e8 1a 83 e8 0c 83 f8
0x00007f2fda15c1d8:   2d 77 62 48 8d 15 e2 d0 6c 03 48 63 04 82 48 01
0x00007f2fda15c1e8:   d0 ff e0 0f 1f 44 00 00 49 8b 14 24 0f b6 42 08
0x00007f2fda15c1f8:   3c 11 0f 84 a0 00 00 00 0f b6 c8 83 e9 12 83 f9
0x00007f2fda15c208:   01 77 0b 48 8b 42 10 48 8b 00 0f b6 40 08 3c 06
0x00007f2fda15c218:   77 23 48 8b 53 58 8b 6b 60 48 85 d2 74 0d be 03
0x00007f2fda15c228:   00 00 00 4c 89 e7 e8 0d dc 0d 00 89 ee 4c 89 e7
0x00007f2fda15c238:   e8 53 8f 08 00 48 8b 7b 50 48 8b 4b 30 48 8d 54
0x00007f2fda15c248:   24 30 4c 89 e6 4c 8b 43 38 48 8b 07 ff 50 10 8b
0x00007f2fda15c258:   6b 08 48 8b 03 48 c1 e5 04 48 89 c3 48 01 c5 48
0x00007f2fda15c268:   39 e8 74 1b 0f 1f 40 00 48 8b 53 08 8b 33 4c 89 


Stack slot to memory mapping:
stack at sp + 0 slots: 0x00007f303830ede8 points into unknown readable memory: 0x00007f3038337630 | 30 76 33 38 30 7f 00 00
stack at sp + 1 slots: 0x00007f303833c790 points into unknown readable memory: 0x00007f303833c3e0 | e0 c3 33 38 30 7f 00 00
stack at sp + 2 slots: 0x0000000000000001 is an unknown value
stack at sp + 3 slots: 0x0 is NULL
stack at sp + 4 slots: 0x0000000000000001 is an unknown value
stack at sp + 5 slots: 0x00007f303833c8c0 points into unknown readable memory: 0x0000006f6c6c6568 | 68 65 6c 6c 6f 00 00 00
stack at sp + 6 slots: 0x00007f303833c8c0 points into unknown readable memory: 0x0000006f6c6c6568 | 68 65 6c 6c 6f 00 00 00
stack at sp + 7 slots: 0x00007f3038017000 is a thread


---------------  P R O C E S S  ---------------

Threads class SMR info:
_java_thread_list=0x00007f3038252570, length=10, elements={
0x00007f3038017000, 0x00007f30380b8000, 0x00007f30380ba000, 0x00007f30380bf800,
0x00007f30380c2000, 0x00007f30380c4000, 0x00007f30380c6000, 0x00007f30380c8000,
0x00007f3038103800, 0x00007f30382aa000
}

Java Threads: ( => current thread )
=>0x00007f3038017000 JavaThread "main" [_thread_in_native, id=14705, stack(0x00007f303f5fe000,0x00007f303f6ff000)]
  0x00007f30380b8000 JavaThread "Reference Handler" daemon [_thread_blocked, id=14713, stack(0x00007f301c614000,0x00007f301c715000)]
  0x00007f30380ba000 JavaThread "Finalizer" daemon [_thread_blocked, id=14714, stack(0x00007f301c513000,0x00007f301c614000)]
  0x00007f30380bf800 JavaThread "Signal Dispatcher" daemon [_thread_blocked, id=14715, stack(0x00007f300deff000,0x00007f300e000000)]
  0x00007f30380c2000 JavaThread "Service Thread" daemon [_thread_blocked, id=14716, stack(0x00007f300ddfe000,0x00007f300deff000)]
  0x00007f30380c4000 JavaThread "C2 CompilerThread0" daemon [_thread_blocked, id=14717, stack(0x00007f300dcfd000,0x00007f300ddfe000)]
  0x00007f30380c6000 JavaThread "C1 CompilerThread0" daemon [_thread_blocked, id=14718, stack(0x00007f300dbfc000,0x00007f300dcfd000)]
  0x00007f30380c8000 JavaThread "Sweeper thread" daemon [_thread_blocked, id=14719, stack(0x00007f300dafb000,0x00007f300dbfc000)]
  0x00007f3038103800 JavaThread "Common-Cleaner" daemon [_thread_blocked, id=14721, stack(0x00007f300d8f8000,0x00007f300d9f9000)]
  0x00007f30382aa000 JavaThread "JavaCPP Deallocator" daemon [_thread_blocked, id=14724, stack(0x00007f300d2ce000,0x00007f300d3cf000)]

Other Threads:
  0x00007f30380b5000 VMThread "VM Thread" [stack: 0x00007f301c717000,0x00007f301c817000] [id=14712]
  0x00007f3038101000 WatcherThread [stack: 0x00007f300d9fb000,0x00007f300dafb000] [id=14720]
  0x00007f303802f000 GCTaskThread "GC Thread#0" [stack: 0x00007f301fcde000,0x00007f301fdde000] [id=14707]
  0x00007f3004001000 GCTaskThread "GC Thread#1" [stack: 0x00007f300d3d1000,0x00007f300d4d1000] [id=14723]
  0x00007f303804a000 ConcurrentGCThread "G1 Main Marker" [stack: 0x00007f301d5a2000,0x00007f301d6a2000] [id=14708]
  0x00007f303804c000 ConcurrentGCThread "G1 Conc#0" [stack: 0x00007f301d4a0000,0x00007f301d5a0000] [id=14709]
  0x00007f3038087000 ConcurrentGCThread "G1 Refine#0" [stack: 0x00007f301d19c000,0x00007f301d29c000] [id=14710]
  0x00007f3038089000 ConcurrentGCThread "G1 Young RemSet Sampling" [stack: 0x00007f301d09a000,0x00007f301d19a000] [id=14711]

Threads with active compile tasks:

VM state:not at safepoint (normal execution)

VM Mutex/Monitor currently owned by a thread: None

Heap address: 0x00000000c3000000, size: 976 MB, Compressed Oops mode: 32-bit
Narrow klass base: 0x0000000800000000, Narrow klass shift: 3
Compressed class space size: 1073741824 Address: 0x0000000840000000

Heap:
 garbage-first heap   total 65536K, used 6402K [0x00000000c3000000, 0x0000000100000000)
  region size 1024K, 6 young (6144K), 1 survivors (1024K)
 Metaspace       used 3860K, capacity 6722K, committed 6912K, reserved 1056768K
  class space    used 428K, capacity 733K, committed 768K, reserved 1048576K
Heap Regions: E=young(eden), S=young(survivor), O=old, HS=humongous(starts), HC=humongous(continues), CS=collection set, F=free, A=archive, TAMS=top-at-mark-start (previous, next)
|   0|0x00000000c3000000, 0x00000000c308e800, 0x00000000c3100000| 55%| O|  |TAMS 0x00000000c3000000, 0x00000000c3000000| Untracked 
|   1|0x00000000c3100000, 0x00000000c3100000, 0x00000000c3200000|  0%| F|  |TAMS 0x00000000c3100000, 0x00000000c3100000| Untracked 
|   2|0x00000000c3200000, 0x00000000c3200000, 0x00000000c3300000|  0%| F|  |TAMS 0x00000000c3200000, 0x00000000c3200000| Untracked 
|   3|0x00000000c3300000, 0x00000000c3300000, 0x00000000c3400000|  0%| F|  |TAMS 0x00000000c3300000, 0x00000000c3300000| Untracked 
|   4|0x00000000c3400000, 0x00000000c3400000, 0x00000000c3500000|  0%| F|  |TAMS 0x00000000c3400000, 0x00000000c3400000| Untracked 
|   5|0x00000000c3500000, 0x00000000c3500000, 0x00000000c3600000|  0%| F|  |TAMS 0x00000000c3500000, 0x00000000c3500000| Untracked 
|   6|0x00000000c3600000, 0x00000000c3600000, 0x00000000c3700000|  0%| F|  |TAMS 0x00000000c3600000, 0x00000000c3600000| Untracked 
|   7|0x00000000c3700000, 0x00000000c3700000, 0x00000000c3800000|  0%| F|  |TAMS 0x00000000c3700000, 0x00000000c3700000| Untracked 
|   8|0x00000000c3800000, 0x00000000c3800000, 0x00000000c3900000|  0%| F|  |TAMS 0x00000000c3800000, 0x00000000c3800000| Untracked 
|   9|0x00000000c3900000, 0x00000000c3900000, 0x00000000c3a00000|  0%| F|  |TAMS 0x00000000c3900000, 0x00000000c3900000| Untracked 
|  10|0x00000000c3a00000, 0x00000000c3a00000, 0x00000000c3b00000|  0%| F|  |TAMS 0x00000000c3a00000, 0x00000000c3a00000| Untracked 
|  11|0x00000000c3b00000, 0x00000000c3b00000, 0x00000000c3c00000|  0%| F|  |TAMS 0x00000000c3b00000, 0x00000000c3b00000| Untracked 
|  12|0x00000000c3c00000, 0x00000000c3c00000, 0x00000000c3d00000|  0%| F|  |TAMS 0x00000000c3c00000, 0x00000000c3c00000| Untracked 
|  13|0x00000000c3d00000, 0x00000000c3d00000, 0x00000000c3e00000|  0%| F|  |TAMS 0x00000000c3d00000, 0x00000000c3d00000| Untracked 
|  14|0x00000000c3e00000, 0x00000000c3e00000, 0x00000000c3f00000|  0%| F|  |TAMS 0x00000000c3e00000, 0x00000000c3e00000| Untracked 
|  15|0x00000000c3f00000, 0x00000000c3f00000, 0x00000000c4000000|  0%| F|  |TAMS 0x00000000c3f00000, 0x00000000c3f00000| Untracked 
|  16|0x00000000c4000000, 0x00000000c4000000, 0x00000000c4100000|  0%| F|  |TAMS 0x00000000c4000000, 0x00000000c4000000| Untracked 
|  17|0x00000000c4100000, 0x00000000c4100000, 0x00000000c4200000|  0%| F|  |TAMS 0x00000000c4100000, 0x00000000c4100000| Untracked 
|  18|0x00000000c4200000, 0x00000000c4200000, 0x00000000c4300000|  0%| F|  |TAMS 0x00000000c4200000, 0x00000000c4200000| Untracked 
|  19|0x00000000c4300000, 0x00000000c4300000, 0x00000000c4400000|  0%| F|  |TAMS 0x00000000c4300000, 0x00000000c4300000| Untracked 
|  20|0x00000000c4400000, 0x00000000c4400000, 0x00000000c4500000|  0%| F|  |TAMS 0x00000000c4400000, 0x00000000c4400000| Untracked 
|  21|0x00000000c4500000, 0x00000000c4500000, 0x00000000c4600000|  0%| F|  |TAMS 0x00000000c4500000, 0x00000000c4500000| Untracked 
|  22|0x00000000c4600000, 0x00000000c4600000, 0x00000000c4700000|  0%| F|  |TAMS 0x00000000c4600000, 0x00000000c4600000| Untracked 
|  23|0x00000000c4700000, 0x00000000c4700000, 0x00000000c4800000|  0%| F|  |TAMS 0x00000000c4700000, 0x00000000c4700000| Untracked 
|  24|0x00000000c4800000, 0x00000000c4800000, 0x00000000c4900000|  0%| F|  |TAMS 0x00000000c4800000, 0x00000000c4800000| Untracked 
|  25|0x00000000c4900000, 0x00000000c4900000, 0x00000000c4a00000|  0%| F|  |TAMS 0x00000000c4900000, 0x00000000c4900000| Untracked 
|  26|0x00000000c4a00000, 0x00000000c4a00000, 0x00000000c4b00000|  0%| F|  |TAMS 0x00000000c4a00000, 0x00000000c4a00000| Untracked 
|  27|0x00000000c4b00000, 0x00000000c4b00000, 0x00000000c4c00000|  0%| F|  |TAMS 0x00000000c4b00000, 0x00000000c4b00000| Untracked 
|  28|0x00000000c4c00000, 0x00000000c4c00000, 0x00000000c4d00000|  0%| F|  |TAMS 0x00000000c4c00000, 0x00000000c4c00000| Untracked 
|  29|0x00000000c4d00000, 0x00000000c4d00000, 0x00000000c4e00000|  0%| F|  |TAMS 0x00000000c4d00000, 0x00000000c4d00000| Untracked 
|  30|0x00000000c4e00000, 0x00000000c4e00000, 0x00000000c4f00000|  0%| F|  |TAMS 0x00000000c4e00000, 0x00000000c4e00000| Untracked 
|  31|0x00000000c4f00000, 0x00000000c4f00000, 0x00000000c5000000|  0%| F|  |TAMS 0x00000000c4f00000, 0x00000000c4f00000| Untracked 
|  32|0x00000000c5000000, 0x00000000c5000000, 0x00000000c5100000|  0%| F|  |TAMS 0x00000000c5000000, 0x00000000c5000000| Untracked 
|  33|0x00000000c5100000, 0x00000000c5100000, 0x00000000c5200000|  0%| F|  |TAMS 0x00000000c5100000, 0x00000000c5100000| Untracked 
|  34|0x00000000c5200000, 0x00000000c5200000, 0x00000000c5300000|  0%| F|  |TAMS 0x00000000c5200000, 0x00000000c5200000| Untracked 
|  35|0x00000000c5300000, 0x00000000c5300000, 0x00000000c5400000|  0%| F|  |TAMS 0x00000000c5300000, 0x00000000c5300000| Untracked 
|  36|0x00000000c5400000, 0x00000000c5400000, 0x00000000c5500000|  0%| F|  |TAMS 0x00000000c5400000, 0x00000000c5400000| Untracked 
|  37|0x00000000c5500000, 0x00000000c5500000, 0x00000000c5600000|  0%| F|  |TAMS 0x00000000c5500000, 0x00000000c5500000| Untracked 
|  38|0x00000000c5600000, 0x00000000c5600000, 0x00000000c5700000|  0%| F|  |TAMS 0x00000000c5600000, 0x00000000c5600000| Untracked 
|  39|0x00000000c5700000, 0x00000000c5700000, 0x00000000c5800000|  0%| F|  |TAMS 0x00000000c5700000, 0x00000000c5700000| Untracked 
|  40|0x00000000c5800000, 0x00000000c5800000, 0x00000000c5900000|  0%| F|  |TAMS 0x00000000c5800000, 0x00000000c5800000| Untracked 
|  41|0x00000000c5900000, 0x00000000c5900000, 0x00000000c5a00000|  0%| F|  |TAMS 0x00000000c5900000, 0x00000000c5900000| Untracked 
|  42|0x00000000c5a00000, 0x00000000c5a00000, 0x00000000c5b00000|  0%| F|  |TAMS 0x00000000c5a00000, 0x00000000c5a00000| Untracked 
|  43|0x00000000c5b00000, 0x00000000c5b00000, 0x00000000c5c00000|  0%| F|  |TAMS 0x00000000c5b00000, 0x00000000c5b00000| Untracked 
|  44|0x00000000c5c00000, 0x00000000c5c00000, 0x00000000c5d00000|  0%| F|  |TAMS 0x00000000c5c00000, 0x00000000c5c00000| Untracked 
|  45|0x00000000c5d00000, 0x00000000c5d00000, 0x00000000c5e00000|  0%| F|  |TAMS 0x00000000c5d00000, 0x00000000c5d00000| Untracked 
|  46|0x00000000c5e00000, 0x00000000c5e00000, 0x00000000c5f00000|  0%| F|  |TAMS 0x00000000c5e00000, 0x00000000c5e00000| Untracked 
|  47|0x00000000c5f00000, 0x00000000c5f00000, 0x00000000c6000000|  0%| F|  |TAMS 0x00000000c5f00000, 0x00000000c5f00000| Untracked 
|  48|0x00000000c6000000, 0x00000000c6000000, 0x00000000c6100000|  0%| F|  |TAMS 0x00000000c6000000, 0x00000000c6000000| Untracked 
|  49|0x00000000c6100000, 0x00000000c6100000, 0x00000000c6200000|  0%| F|  |TAMS 0x00000000c6100000, 0x00000000c6100000| Untracked 
|  50|0x00000000c6200000, 0x00000000c6200000, 0x00000000c6300000|  0%| F|  |TAMS 0x00000000c6200000, 0x00000000c6200000| Untracked 
|  51|0x00000000c6300000, 0x00000000c6300000, 0x00000000c6400000|  0%| F|  |TAMS 0x00000000c6300000, 0x00000000c6300000| Untracked 
|  52|0x00000000c6400000, 0x00000000c6400000, 0x00000000c6500000|  0%| F|  |TAMS 0x00000000c6400000, 0x00000000c6400000| Untracked 
|  53|0x00000000c6500000, 0x00000000c6500000, 0x00000000c6600000|  0%| F|  |TAMS 0x00000000c6500000, 0x00000000c6500000| Untracked 
|  54|0x00000000c6600000, 0x00000000c6700000, 0x00000000c6700000|100%| S|CS|TAMS 0x00000000c6600000, 0x00000000c6600000| Complete 
|  55|0x00000000c6700000, 0x00000000c6700000, 0x00000000c6800000|  0%| F|  |TAMS 0x00000000c6700000, 0x00000000c6700000| Untracked 
|  56|0x00000000c6800000, 0x00000000c6800000, 0x00000000c6900000|  0%| F|  |TAMS 0x00000000c6800000, 0x00000000c6800000| Untracked 
|  57|0x00000000c6900000, 0x00000000c6a00000, 0x00000000c6a00000|100%| E|  |TAMS 0x00000000c6900000, 0x00000000c6900000| Complete 
|  58|0x00000000c6a00000, 0x00000000c6b00000, 0x00000000c6b00000|100%| E|CS|TAMS 0x00000000c6a00000, 0x00000000c6a00000| Complete 
|  59|0x00000000c6b00000, 0x00000000c6c00000, 0x00000000c6c00000|100%| E|CS|TAMS 0x00000000c6b00000, 0x00000000c6b00000| Complete 
|  60|0x00000000c6c00000, 0x00000000c6d00000, 0x00000000c6d00000|100%| E|CS|TAMS 0x00000000c6c00000, 0x00000000c6c00000| Complete 
|  61|0x00000000c6d00000, 0x00000000c6e00000, 0x00000000c6e00000|100%| E|CS|TAMS 0x00000000c6d00000, 0x00000000c6d00000| Complete 
| 974|0x00000000ffe00000, 0x00000000ffe47000, 0x00000000fff00000| 27%|OA|  |TAMS 0x00000000ffe00000, 0x00000000ffe00000| Untracked 
| 975|0x00000000fff00000, 0x00000000fff6b000, 0x0000000100000000| 41%|CA|  |TAMS 0x00000000fff00000, 0x00000000fff00000| Untracked 

Card table byte_map: [0x00007f301f70a000,0x00007f301f8f2000] _byte_map_base: 0x00007f301f0f2000

Marking Bits (Prev, Next): (CMBitMap*) 0x00007f3038045388, (CMBitMap*) 0x00007f30380453c0
 Prev Bits: [0x00007f301e5e2000, 0x00007f301f522000)
 Next Bits: [0x00007f301d6a2000, 0x00007f301e5e2000)

Polling page: 0x00007f303f714000

Metaspace:

Usage:
  Non-class:      5.85 MB capacity,     3.35 MB ( 57%) used,     2.49 MB ( 43%) free+waste,    11.31 KB ( <1%) overhead. 
      Class:    733.00 KB capacity,   428.85 KB ( 59%) used,   298.02 KB ( 41%) free+waste,     6.12 KB ( <1%) overhead. 
       Both:      6.56 MB capacity,     3.77 MB ( 57%) used,     2.78 MB ( 42%) free+waste,    17.44 KB ( <1%) overhead. 

Virtual space:
  Non-class space:        8.00 MB reserved,       6.00 MB ( 75%) committed 
      Class space:        1.00 GB reserved,     768.00 KB ( <1%) committed 
             Both:        1.01 GB reserved,       6.75 MB ( <1%) committed 

Chunk freelists:
   Non-Class:  0 bytes
       Class:  3.00 KB
        Both:  3.00 KB

MaxMetaspaceSize: unlimited
CompressedClassSpaceSize: 1.00 GB
Initial GC threshold: 20.80 MB
Current GC threshold: 20.80 MB
CDS: on

CodeHeap 'non-profiled nmethods': size=120036Kb used=254Kb max_used=254Kb free=119781Kb
 bounds [0x00007f3027a7b000, 0x00007f3027ceb000, 0x00007f302efb4000]
CodeHeap 'profiled nmethods': size=120032Kb used=1549Kb max_used=1549Kb free=118482Kb
 bounds [0x00007f3020543000, 0x00007f30207b3000, 0x00007f3027a7b000]
CodeHeap 'non-nmethods': size=5692Kb used=1153Kb max_used=1167Kb free=4538Kb
 bounds [0x00007f301ffb4000, 0x00007f3020224000, 0x00007f3020543000]
 total_blobs=1267 nmethods=852 adapters=329
 compilation: enabled
              stopped_count=0, restarted_count=0
 full_count=0

Compilation events (20 events):
Event: 0.566 Thread 0x00007f30380c6000  841       3       jdk.internal.org.objectweb.asm.Frame::set (65 bytes)
Event: 0.566 Thread 0x00007f30380c6000 nmethod 841 0x00007f30206c0810 code [0x00007f30206c0a00, 0x00007f30206c0f40]
Event: 0.566 Thread 0x00007f30380c6000  837       3       java.lang.invoke.MethodTypeForm::canonicalize (64 bytes)
Event: 0.566 Thread 0x00007f30380c6000 nmethod 837 0x00007f30206c1110 code [0x00007f30206c1300, 0x00007f30206c15e0]
Event: 0.566 Thread 0x00007f30380c6000  838       3       java.lang.invoke.MethodType$ConcurrentWeakInternSet::add (66 bytes)
Event: 0.566 Thread 0x00007f30380c6000 nmethod 838 0x00007f30206c1710 code [0x00007f30206c19a0, 0x00007f30206c28c0]
Event: 0.566 Thread 0x00007f30380c6000  839       3       java.lang.invoke.LambdaForm::forceInterpretation (14 bytes)
Event: 0.567 Thread 0x00007f30380c6000 nmethod 839 0x00007f30206c2d10 code [0x00007f30206c2ec0, 0x00007f30206c3030]
Event: 0.567 Thread 0x00007f30380c6000  834       3       java.lang.invoke.MemberName::<init> (47 bytes)
Event: 0.567 Thread 0x00007f30380c6000 nmethod 834 0x00007f30206c3090 code [0x00007f30206c3280, 0x00007f30206c35b0]
Event: 0.568 Thread 0x00007f30380c6000  844       3       java.lang.invoke.LambdaFormBuffer::indexOf (33 bytes)
Event: 0.568 Thread 0x00007f30380c4000  845       4       java.util.concurrent.ConcurrentHashMap::get (162 bytes)
Event: 0.568 Thread 0x00007f30380c6000 nmethod 844 0x00007f30206c3710 code [0x00007f30206c38e0, 0x00007f30206c3c90]
Event: 0.568 Thread 0x00007f30380c6000  842       3       java.lang.invoke.LambdaForm::lastUseIndex (76 bytes)
Event: 0.569 Thread 0x00007f30380c6000 nmethod 842 0x00007f30206c3d90 code [0x00007f30206c3f60, 0x00007f30206c4280]
Event: 0.569 Thread 0x00007f30380c6000  843       3       java.lang.invoke.MemberName::isMethod (7 bytes)
Event: 0.569 Thread 0x00007f30380c6000 nmethod 843 0x00007f30206c4410 code [0x00007f30206c45c0, 0x00007f30206c4810]
Event: 0.569 Thread 0x00007f30380c6000  846       3       java.lang.invoke.MemberName$Factory::resolveOrFail (53 bytes)
Event: 0.569 Thread 0x00007f30380c6000 nmethod 846 0x00007f30206c4910 code [0x00007f30206c4b40, 0x00007f30206c5250]
Event: 0.569 Thread 0x00007f30380c6000  848       3       java.lang.invoke.LambdaFormBuffer::changeName (149 bytes)

GC Heap History (2 events):
Event: 0.444 GC heap before
{Heap before GC invocations=0 (full 0):
 garbage-first heap   total 65536K, used 7880K [0x00000000c3000000, 0x0000000100000000)
  region size 1024K, 7 young (7168K), 0 survivors (0K)
 Metaspace       used 2894K, capacity 6259K, committed 6528K, reserved 1056768K
  class space    used 280K, capacity 620K, committed 640K, reserved 1048576K
}
Event: 0.448 GC heap after
{Heap after GC invocations=1 (full 0):
 garbage-first heap   total 65536K, used 2306K [0x00000000c3000000, 0x0000000100000000)
  region size 1024K, 1 young (1024K), 1 survivors (1024K)
 Metaspace       used 2894K, capacity 6259K, committed 6528K, reserved 1056768K
  class space    used 280K, capacity 620K, committed 640K, reserved 1048576K
}

Deoptimization events (20 events):
Event: 0.440 Thread 0x00007f3038017000 Uncommon trap: trap_request=0xffffffbe fr.pc=0x00007f3027aa4c94 relative=0x00000000000003d4
Event: 0.440 Thread 0x00007f3038017000 Uncommon trap: reason=profile_predicate action=maybe_recompile pc=0x00007f3027aa4c94 method=java.lang.StringLatin1.indexOf([BI[BII)I @ 18 c2
Event: 0.440 Thread 0x00007f3038017000 DEOPT PACKING pc=0x00007f3027aa4c94 sp=0x00007f303f6fc320
Event: 0.440 Thread 0x00007f3038017000 DEOPT UNPACKING pc=0x00007f301fffdea5 sp=0x00007f303f6fc2a0 mode 2
Event: 0.443 Thread 0x00007f3038017000 DEOPT PACKING pc=0x00007f302058f4a4 sp=0x00007f303f6fc190
Event: 0.443 Thread 0x00007f3038017000 DEOPT UNPACKING pc=0x00007f301fffe64a sp=0x00007f303f6fb620 mode 0
Event: 0.470 Thread 0x00007f3038017000 Uncommon trap: trap_request=0xffffff4d fr.pc=0x00007f3027aaaf34 relative=0x00000000000003f4
Event: 0.470 Thread 0x00007f3038017000 Uncommon trap: reason=unstable_if action=reinterpret pc=0x00007f3027aaaf34 method=java.lang.StringLatin1.indexOf([BI[BII)I @ 91 c2
Event: 0.470 Thread 0x00007f3038017000 DEOPT PACKING pc=0x00007f3027aaaf34 sp=0x00007f303f6fc2a0
Event: 0.470 Thread 0x00007f3038017000 DEOPT UNPACKING pc=0x00007f301fffdea5 sp=0x00007f303f6fc220 mode 2
Event: 0.480 Thread 0x00007f3038017000 DEOPT PACKING pc=0x00007f302065b188 sp=0x00007f303f6f7c30
Event: 0.480 Thread 0x00007f3038017000 DEOPT UNPACKING pc=0x00007f301fffe64a sp=0x00007f303f6f70a0 mode 0
Event: 0.485 Thread 0x00007f3038017000 DEOPT PACKING pc=0x00007f302061e25d sp=0x00007f303f6fc980
Event: 0.485 Thread 0x00007f3038017000 DEOPT UNPACKING pc=0x00007f301fffe64a sp=0x00007f303f6fbe20 mode 0
Event: 0.488 Thread 0x00007f3038017000 DEOPT PACKING pc=0x00007f3020620dc2 sp=0x00007f303f6fc6c0
Event: 0.488 Thread 0x00007f3038017000 DEOPT UNPACKING pc=0x00007f301fffe64a sp=0x00007f303f6fbb48 mode 0
Event: 0.499 Thread 0x00007f3038017000 DEOPT PACKING pc=0x00007f302058b3cf sp=0x00007f303f6fc670
Event: 0.499 Thread 0x00007f3038017000 DEOPT UNPACKING pc=0x00007f301fffe64a sp=0x00007f303f6fbb18 mode 0
Event: 0.503 Thread 0x00007f3038017000 DEOPT PACKING pc=0x00007f302065b188 sp=0x00007f303f6fc360
Event: 0.503 Thread 0x00007f3038017000 DEOPT UNPACKING pc=0x00007f301fffe64a sp=0x00007f303f6fb7d0 mode 0

Classes redefined (0 events):
No events

Internal exceptions (20 events):
Event: 0.412 Thread 0x00007f3038017000 Exception <a 'java/security/PrivilegedActionException'{0x00000000c689ebc0}> (0x00000000c689ebc0) thrown at [src/hotspot/share/prims/jvm.cpp, line 1306]
Event: 0.412 Thread 0x00007f3038017000 Exception <a 'java/security/PrivilegedActionException'{0x00000000c689ee90}> (0x00000000c689ee90) thrown at [src/hotspot/share/prims/jvm.cpp, line 1306]
Event: 0.412 Thread 0x00007f3038017000 Exception <a 'java/security/PrivilegedActionException'{0x00000000c689f800}> (0x00000000c689f800) thrown at [src/hotspot/share/prims/jvm.cpp, line 1306]
Event: 0.412 Thread 0x00007f3038017000 Exception <a 'java/security/PrivilegedActionException'{0x00000000c689fad0}> (0x00000000c689fad0) thrown at [src/hotspot/share/prims/jvm.cpp, line 1306]
Event: 0.413 Thread 0x00007f3038017000 Exception <a 'java/security/PrivilegedActionException'{0x00000000c68a0458}> (0x00000000c68a0458) thrown at [src/hotspot/share/prims/jvm.cpp, line 1306]
Event: 0.415 Thread 0x00007f3038017000 Exception <a 'java/security/PrivilegedActionException'{0x00000000c68a0728}> (0x00000000c68a0728) thrown at [src/hotspot/share/prims/jvm.cpp, line 1306]
Event: 0.415 Thread 0x00007f3038017000 Exception <a 'java/security/PrivilegedActionException'{0x00000000c68a10b0}> (0x00000000c68a10b0) thrown at [src/hotspot/share/prims/jvm.cpp, line 1306]
Event: 0.415 Thread 0x00007f3038017000 Exception <a 'java/security/PrivilegedActionException'{0x00000000c68a1380}> (0x00000000c68a1380) thrown at [src/hotspot/share/prims/jvm.cpp, line 1306]
Event: 0.415 Thread 0x00007f3038017000 Exception <a 'java/security/PrivilegedActionException'{0x00000000c68a1d08}> (0x00000000c68a1d08) thrown at [src/hotspot/share/prims/jvm.cpp, line 1306]
Event: 0.415 Thread 0x00007f3038017000 Exception <a 'java/security/PrivilegedActionException'{0x00000000c68a1fd8}> (0x00000000c68a1fd8) thrown at [src/hotspot/share/prims/jvm.cpp, line 1306]
Event: 0.415 Thread 0x00007f3038017000 Exception <a 'java/security/PrivilegedActionException'{0x00000000c68a2948}> (0x00000000c68a2948) thrown at [src/hotspot/share/prims/jvm.cpp, line 1306]
Event: 0.415 Thread 0x00007f3038017000 Exception <a 'java/security/PrivilegedActionException'{0x00000000c68a2c18}> (0x00000000c68a2c18) thrown at [src/hotspot/share/prims/jvm.cpp, line 1306]
Event: 0.415 Thread 0x00007f3038017000 Exception <a 'java/security/PrivilegedActionException'{0x00000000c68a35a0}> (0x00000000c68a35a0) thrown at [src/hotspot/share/prims/jvm.cpp, line 1306]
Event: 0.415 Thread 0x00007f3038017000 Exception <a 'java/security/PrivilegedActionException'{0x00000000c68a3870}> (0x00000000c68a3870) thrown at [src/hotspot/share/prims/jvm.cpp, line 1306]
Event: 0.416 Thread 0x00007f3038017000 Exception <a 'java/security/PrivilegedActionException'{0x00000000c68b1620}> (0x00000000c68b1620) thrown at [src/hotspot/share/prims/jvm.cpp, line 1306]
Event: 0.416 Thread 0x00007f3038017000 Exception <a 'java/security/PrivilegedActionException'{0x00000000c68b18f0}> (0x00000000c68b18f0) thrown at [src/hotspot/share/prims/jvm.cpp, line 1306]
Event: 0.435 Thread 0x00007f3038017000 Exception <a 'java/lang/NoSuchMethodError'{0x00000000c67ba878}: 'int java.lang.invoke.DirectMethodHandle$Holder.invokeStaticInit(java.lang.Object, java.lang.Object, java.lang.Object, java.lang.Object)'> (0x00000000c67ba878) thrown at [src/hotspot/share/interpreter/linkResolver.cpp, line 773]
Event: 0.436 Thread 0x00007f3038017000 Exception <a 'java/lang/IncompatibleClassChangeError'{0x00000000c67c42c8}: Found class java.lang.Object, but interface was expected> (0x00000000c67c42c8) thrown at [src/hotspot/share/interpreter/linkResolver.cpp, line 839]
Event: 0.436 Thread 0x00007f3038017000 Exception <a 'java/lang/NoSuchMethodError'{0x00000000c67c7518}: 'void java.lang.invoke.DirectMethodHandle$Holder.invokeStaticInit(java.lang.Object, java.lang.Object)'> (0x00000000c67c7518) thrown at [src/hotspot/share/interpreter/linkResolver.cpp, line 773]
Event: 0.437 Thread 0x00007f3038017000 Exception <a 'java/lang/NoSuchMethodError'{0x00000000c67ccf30}: 'int java.lang.invoke.DirectMethodHandle$Holder.invokeStaticInit(java.lang.Object, java.lang.Object)'> (0x00000000c67ccf30) thrown at [src/hotspot/share/interpreter/linkResolver.cpp, line 773]

Events (20 events):
Event: 0.558 loading class org/bytedeco/llvm/LLVM/LLVMObjectFileRef
Event: 0.558 loading class org/bytedeco/llvm/LLVM/LLVMObjectFileRef done
Event: 0.558 loading class org/bytedeco/llvm/LLVM/LLVMTargetRef
Event: 0.558 loading class org/bytedeco/llvm/LLVM/LLVMTargetRef done
Event: 0.558 loading class org/bytedeco/llvm/LLVM/LLVMPassManagerBuilderRef
Event: 0.558 loading class org/bytedeco/llvm/LLVM/LLVMPassManagerBuilderRef done
Event: 0.558 loading class org/bytedeco/llvm/LLVM/LLVMPassBuilderOptionsRef
Event: 0.558 loading class org/bytedeco/llvm/LLVM/LLVMPassBuilderOptionsRef done
Event: 0.559 loading class org/bytedeco/llvm/LLVM/Pass
Event: 0.559 loading class org/bytedeco/llvm/LLVM/Pass done
Event: 0.559 loading class org/bytedeco/llvm/LLVM/LLVMNamedMDNodeRef
Event: 0.559 loading class org/bytedeco/llvm/LLVM/LLVMNamedMDNodeRef done
Event: 0.559 loading class org/bytedeco/llvm/LLVM/LLVMUseRef
Event: 0.559 loading class org/bytedeco/llvm/LLVM/LLVMUseRef done
Event: 0.562 loading class org/bytedeco/javacpp/PointerScope
Event: 0.562 loading class org/bytedeco/javacpp/PointerScope done
Event: 0.562 loading class org/bytedeco/javacpp/PointerScope$1
Event: 0.562 loading class org/bytedeco/javacpp/PointerScope$1 done
Event: 0.567 loading class java/lang/invoke/BoundMethodHandle$Species_LLLLLLIIL
Event: 0.567 loading class java/lang/invoke/BoundMethodHandle$Species_LLLLLLIIL done


Dynamic libraries:
c3000000-c6e00000 rw-p 00000000 00:00 0 
c6e00000-ffe00000 ---p 00000000 00:00 0 
ffe00000-ffe47000 rw-p 00b0a000 08:01 926690                             /usr/lib/jvm/java-11-openjdk-amd64/lib/server/classes.jsa
ffe47000-fff00000 rw-p 00000000 00:00 0 
fff00000-fff6b000 rw-p 00a9f000 08:01 926690                             /usr/lib/jvm/java-11-openjdk-amd64/lib/server/classes.jsa
fff6b000-100000000 rw-p 00000000 00:00 0 
800000000-800002000 rwxp 00001000 08:01 926690                           /usr/lib/jvm/java-11-openjdk-amd64/lib/server/classes.jsa
800002000-8003cc000 rw-p 00003000 08:01 926690                           /usr/lib/jvm/java-11-openjdk-amd64/lib/server/classes.jsa
8003cc000-800a9d000 r--p 003cd000 08:01 926690                           /usr/lib/jvm/java-11-openjdk-amd64/lib/server/classes.jsa
800a9d000-800a9e000 rw-p 00a9e000 08:01 926690                           /usr/lib/jvm/java-11-openjdk-amd64/lib/server/classes.jsa
840000000-8400c0000 rw-p 00000000 00:00 0 
8400c0000-880000000 ---p 00000000 00:00 0 
55bdbf98c000-55bdbf98d000 r-xp 00000000 08:01 926076                     /usr/lib/jvm/java-11-openjdk-amd64/bin/java
55bdbfb8d000-55bdbfb8e000 r--p 00001000 08:01 926076                     /usr/lib/jvm/java-11-openjdk-amd64/bin/java
55bdbfb8e000-55bdbfb8f000 rw-p 00002000 08:01 926076                     /usr/lib/jvm/java-11-openjdk-amd64/bin/java
55bdbfc2b000-55bdbfc4c000 rw-p 00000000 00:00 0                          [heap]
7f2fd952c000-7f2fd9e52000 r--p 00000000 08:01 6297972                    /home/syd/.javacpp/cache/llvm-13.0.1-1.5.7-linux-x86_64.jar/org/bytedeco/llvm/linux-x86_64/libLLVM-13.so
7f2fd9e52000-7f2fdd815000 r-xp 00926000 08:01 6297972                    /home/syd/.javacpp/cache/llvm-13.0.1-1.5.7-linux-x86_64.jar/org/bytedeco/llvm/linux-x86_64/libLLVM-13.so
7f2fdd815000-7f2fdfa6a000 r--p 042e9000 08:01 6297972                    /home/syd/.javacpp/cache/llvm-13.0.1-1.5.7-linux-x86_64.jar/org/bytedeco/llvm/linux-x86_64/libLLVM-13.so
7f2fdfa6a000-7f2fdff7f000 r--p 0653d000 08:01 6297972                    /home/syd/.javacpp/cache/llvm-13.0.1-1.5.7-linux-x86_64.jar/org/bytedeco/llvm/linux-x86_64/libLLVM-13.so
7f2fdff7f000-7f2fdff8a000 rw-p 06a52000 08:01 6297972                    /home/syd/.javacpp/cache/llvm-13.0.1-1.5.7-linux-x86_64.jar/org/bytedeco/llvm/linux-x86_64/libLLVM-13.so
7f2fdff8a000-7f2fe0000000 rw-p 00000000 00:00 0 
7f2fe0000000-7f2fe0021000 rw-p 00000000 00:00 0 
7f2fe0021000-7f2fe4000000 ---p 00000000 00:00 0 
7f2fe4000000-7f2fe4021000 rw-p 00000000 00:00 0 
7f2fe4021000-7f2fe8000000 ---p 00000000 00:00 0 
7f2fe8000000-7f2fe8268000 rw-p 00000000 00:00 0 
7f2fe8268000-7f2fec000000 ---p 00000000 00:00 0 
7f2fec000000-7f2fec542000 rw-p 00000000 00:00 0 
7f2fec542000-7f2ff0000000 ---p 00000000 00:00 0 
7f2ff0000000-7f2ff0021000 rw-p 00000000 00:00 0 
7f2ff0021000-7f2ff4000000 ---p 00000000 00:00 0 
7f2ff4000000-7f2ff4021000 rw-p 00000000 00:00 0 
7f2ff4021000-7f2ff8000000 ---p 00000000 00:00 0 
7f2ff8000000-7f2ff8021000 rw-p 00000000 00:00 0 
7f2ff8021000-7f2ffc000000 ---p 00000000 00:00 0 
7f2ffc000000-7f2ffc021000 rw-p 00000000 00:00 0 
7f2ffc021000-7f3000000000 ---p 00000000 00:00 0 
7f3000000000-7f3000021000 rw-p 00000000 00:00 0 
7f3000021000-7f3004000000 ---p 00000000 00:00 0 
7f3004000000-7f3004021000 rw-p 00000000 00:00 0 
7f3004021000-7f3008000000 ---p 00000000 00:00 0 
7f3008000000-7f3008021000 rw-p 00000000 00:00 0 
7f3008021000-7f300c000000 ---p 00000000 00:00 0 
7f300d1c8000-7f300d22d000 r--p 00000000 08:01 6297977                    /home/syd/.javacpp/cache/llvm-13.0.1-1.5.7-linux-x86_64.jar/org/bytedeco/llvm/linux-x86_64/libjniLLVM.so
7f300d22d000-7f300d29b000 r-xp 00065000 08:01 6297977                    /home/syd/.javacpp/cache/llvm-13.0.1-1.5.7-linux-x86_64.jar/org/bytedeco/llvm/linux-x86_64/libjniLLVM.so
7f300d29b000-7f300d2c6000 r--p 000d3000 08:01 6297977                    /home/syd/.javacpp/cache/llvm-13.0.1-1.5.7-linux-x86_64.jar/org/bytedeco/llvm/linux-x86_64/libjniLLVM.so
7f300d2c6000-7f300d2c9000 r--p 000fd000 08:01 6297977                    /home/syd/.javacpp/cache/llvm-13.0.1-1.5.7-linux-x86_64.jar/org/bytedeco/llvm/linux-x86_64/libjniLLVM.so
7f300d2c9000-7f300d2cc000 rw-p 00100000 08:01 6297977                    /home/syd/.javacpp/cache/llvm-13.0.1-1.5.7-linux-x86_64.jar/org/bytedeco/llvm/linux-x86_64/libjniLLVM.so
7f300d2cc000-7f300d2ce000 rw-p 00000000 00:00 0 
7f300d2ce000-7f300d2d2000 ---p 00000000 00:00 0 
7f300d2d2000-7f300d3cf000 rw-p 00000000 00:00 0 
7f300d3cf000-7f300d3d0000 ---p 00000000 00:00 0 
7f300d3d0000-7f300d4d1000 rw-p 00000000 00:00 0 
7f300d4d1000-7f300d4e6000 r-xp 00000000 08:01 926225                     /usr/lib/jvm/java-11-openjdk-amd64/lib/libnet.so
7f300d4e6000-7f300d6e5000 ---p 00015000 08:01 926225                     /usr/lib/jvm/java-11-openjdk-amd64/lib/libnet.so
7f300d6e5000-7f300d6e6000 r--p 00014000 08:01 926225                     /usr/lib/jvm/java-11-openjdk-amd64/lib/libnet.so
7f300d6e6000-7f300d6e7000 rw-p 00015000 08:01 926225                     /usr/lib/jvm/java-11-openjdk-amd64/lib/libnet.so
7f300d6e7000-7f300d6f7000 r-xp 00000000 08:01 926226                     /usr/lib/jvm/java-11-openjdk-amd64/lib/libnio.so
7f300d6f7000-7f300d8f6000 ---p 00010000 08:01 926226                     /usr/lib/jvm/java-11-openjdk-amd64/lib/libnio.so
7f300d8f6000-7f300d8f7000 r--p 0000f000 08:01 926226                     /usr/lib/jvm/java-11-openjdk-amd64/lib/libnio.so
7f300d8f7000-7f300d8f8000 rw-p 00010000 08:01 926226                     /usr/lib/jvm/java-11-openjdk-amd64/lib/libnio.so
7f300d8f8000-7f300d8fc000 ---p 00000000 00:00 0 
7f300d8fc000-7f300d9f9000 rw-p 00000000 00:00 0 
7f300d9f9000-7f300d9fa000 ---p 00000000 00:00 0 
7f300d9fa000-7f300dafb000 rw-p 00000000 00:00 0 
7f300dafb000-7f300daff000 ---p 00000000 00:00 0 
7f300daff000-7f300dbfc000 rw-p 00000000 00:00 0 
7f300dbfc000-7f300dc00000 ---p 00000000 00:00 0 
7f300dc00000-7f300dcfd000 rw-p 00000000 00:00 0 
7f300dcfd000-7f300dd01000 ---p 00000000 00:00 0 
7f300dd01000-7f300ddfe000 rw-p 00000000 00:00 0 
7f300ddfe000-7f300de02000 ---p 00000000 00:00 0 
7f300de02000-7f300deff000 rw-p 00000000 00:00 0 
7f300deff000-7f300df03000 ---p 00000000 00:00 0 
7f300df03000-7f3010000000 rw-p 00000000 00:00 0 
7f3010000000-7f3010021000 rw-p 00000000 00:00 0 
7f3010021000-7f3014000000 ---p 00000000 00:00 0 
7f3014000000-7f3014021000 rw-p 00000000 00:00 0 
7f3014021000-7f3018000000 ---p 00000000 00:00 0 
7f3018000000-7f3018021000 rw-p 00000000 00:00 0 
7f3018021000-7f301c000000 ---p 00000000 00:00 0 
7f301c07f000-7f301c513000 r--p 00000000 08:01 666827                     /usr/lib/locale/locale-archive
7f301c513000-7f301c517000 ---p 00000000 00:00 0 
7f301c517000-7f301c614000 rw-p 00000000 00:00 0 
7f301c614000-7f301c618000 ---p 00000000 00:00 0 
7f301c618000-7f301c715000 rw-p 00000000 00:00 0 
7f301c715000-7f301c716000 ---p 00000000 00:00 0 
7f301c716000-7f301ce98000 rw-p 00000000 00:00 0 
7f301ce98000-7f301d098000 ---p 00000000 00:00 0 
7f301d098000-7f301d099000 ---p 00000000 00:00 0 
7f301d099000-7f301d19a000 rw-p 00000000 00:00 0 
7f301d19a000-7f301d19b000 ---p 00000000 00:00 0 
7f301d19b000-7f301d49e000 rw-p 00000000 00:00 0 
7f301d49e000-7f301d49f000 ---p 00000000 00:00 0 
7f301d49f000-7f301d5a0000 rw-p 00000000 00:00 0 
7f301d5a0000-7f301d5a1000 ---p 00000000 00:00 0 
7f301d5a1000-7f301d79a000 rw-p 00000000 00:00 0 
7f301d79a000-7f301e5da000 ---p 00000000 00:00 0 
7f301e5da000-7f301e6da000 rw-p 00000000 00:00 0 
7f301e6da000-7f301f51a000 ---p 00000000 00:00 0 
7f301f51a000-7f301f541000 rw-p 00000000 00:00 0 
7f301f541000-7f301f709000 ---p 00000000 00:00 0 
7f301f709000-7f301f729000 rw-p 00000000 00:00 0 
7f301f729000-7f301f8f1000 ---p 00000000 00:00 0 
7f301f8f1000-7f301f911000 rw-p 00000000 00:00 0 
7f301f911000-7f301fad9000 ---p 00000000 00:00 0 
7f301fad9000-7f301fcdc000 rw-p 00000000 00:00 0 
7f301fcdc000-7f301fcdd000 ---p 00000000 00:00 0 
7f301fcdd000-7f301fde3000 rw-p 00000000 00:00 0 
7f301fde3000-7f301fec9000 ---p 00000000 00:00 0 
7f301fec9000-7f301fece000 rw-p 00000000 00:00 0 
7f301fece000-7f301ffb4000 ---p 00000000 00:00 0 
7f301ffb4000-7f3020224000 rwxp 00000000 00:00 0 
7f3020224000-7f3020543000 ---p 00000000 00:00 0 
7f3020543000-7f30207b3000 rwxp 00000000 00:00 0 
7f30207b3000-7f3027a7b000 ---p 00000000 00:00 0 
7f3027a7b000-7f3027ceb000 rwxp 00000000 00:00 0 
7f3027ceb000-7f302efb4000 ---p 00000000 00:00 0 
7f302efb4000-7f30377bf000 r--s 00000000 08:01 926235                     /usr/lib/jvm/java-11-openjdk-amd64/lib/modules
7f30377bf000-7f30377c6000 r-xp 00000000 08:01 926234                     /usr/lib/jvm/java-11-openjdk-amd64/lib/libzip.so
7f30377c6000-7f30379c6000 ---p 00007000 08:01 926234                     /usr/lib/jvm/java-11-openjdk-amd64/lib/libzip.so
7f30379c6000-7f30379c7000 r--p 00007000 08:01 926234                     /usr/lib/jvm/java-11-openjdk-amd64/lib/libzip.so
7f30379c7000-7f30379c8000 rw-p 00008000 08:01 926234                     /usr/lib/jvm/java-11-openjdk-amd64/lib/libzip.so
7f30379c8000-7f30379d3000 r-xp 00000000 08:01 1709194                    /lib/x86_64-linux-gnu/libnss_files-2.27.so
7f30379d3000-7f3037bd2000 ---p 0000b000 08:01 1709194                    /lib/x86_64-linux-gnu/libnss_files-2.27.so
7f3037bd2000-7f3037bd3000 r--p 0000a000 08:01 1709194                    /lib/x86_64-linux-gnu/libnss_files-2.27.so
7f3037bd3000-7f3037bd4000 rw-p 0000b000 08:01 1709194                    /lib/x86_64-linux-gnu/libnss_files-2.27.so
7f3037bd4000-7f3037bda000 rw-p 00000000 00:00 0 
7f3037bda000-7f3037bf1000 r-xp 00000000 08:01 1709191                    /lib/x86_64-linux-gnu/libnsl-2.27.so
7f3037bf1000-7f3037df0000 ---p 00017000 08:01 1709191                    /lib/x86_64-linux-gnu/libnsl-2.27.so
7f3037df0000-7f3037df1000 r--p 00016000 08:01 1709191                    /lib/x86_64-linux-gnu/libnsl-2.27.so
7f3037df1000-7f3037df2000 rw-p 00017000 08:01 1709191                    /lib/x86_64-linux-gnu/libnsl-2.27.so
7f3037df2000-7f3037df4000 rw-p 00000000 00:00 0 
7f3037df4000-7f3037dff000 r-xp 00000000 08:01 1709196                    /lib/x86_64-linux-gnu/libnss_nis-2.27.so
7f3037dff000-7f3037ffe000 ---p 0000b000 08:01 1709196                    /lib/x86_64-linux-gnu/libnss_nis-2.27.so
7f3037ffe000-7f3037fff000 r--p 0000a000 08:01 1709196                    /lib/x86_64-linux-gnu/libnss_nis-2.27.so
7f3037fff000-7f3038000000 rw-p 0000b000 08:01 1709196                    /lib/x86_64-linux-gnu/libnss_nis-2.27.so
7f3038000000-7f303833e000 rw-p 00000000 00:00 0 
7f303833e000-7f303c000000 ---p 00000000 00:00 0 
7f303c052000-7f303c059000 r--p 00000000 08:01 6297973                    /home/syd/.javacpp/cache/llvm-13.0.1-1.5.7-linux-x86_64.jar/org/bytedeco/llvm/linux-x86_64/libLTO.so.13
7f303c059000-7f303c061000 r-xp 00007000 08:01 6297973                    /home/syd/.javacpp/cache/llvm-13.0.1-1.5.7-linux-x86_64.jar/org/bytedeco/llvm/linux-x86_64/libLTO.so.13
7f303c061000-7f303c063000 r--p 0000f000 08:01 6297973                    /home/syd/.javacpp/cache/llvm-13.0.1-1.5.7-linux-x86_64.jar/org/bytedeco/llvm/linux-x86_64/libLTO.so.13
7f303c063000-7f303c064000 r--p 00010000 08:01 6297973                    /home/syd/.javacpp/cache/llvm-13.0.1-1.5.7-linux-x86_64.jar/org/bytedeco/llvm/linux-x86_64/libLTO.so.13
7f303c064000-7f303c065000 rw-p 00011000 08:01 6297973                    /home/syd/.javacpp/cache/llvm-13.0.1-1.5.7-linux-x86_64.jar/org/bytedeco/llvm/linux-x86_64/libLTO.so.13
7f303c065000-7f303c0c0000 rw-p 00000000 00:00 0 
7f303c0c0000-7f303c0c8000 r-xp 00000000 08:01 1709192                    /lib/x86_64-linux-gnu/libnss_compat-2.27.so
7f303c0c8000-7f303c2c8000 ---p 00008000 08:01 1709192                    /lib/x86_64-linux-gnu/libnss_compat-2.27.so
7f303c2c8000-7f303c2c9000 r--p 00008000 08:01 1709192                    /lib/x86_64-linux-gnu/libnss_compat-2.27.so
7f303c2c9000-7f303c2ca000 rw-p 00009000 08:01 1709192                    /lib/x86_64-linux-gnu/libnss_compat-2.27.so
7f303c2ca000-7f303c2cf000 r-xp 00000000 08:01 926217                     /usr/lib/jvm/java-11-openjdk-amd64/lib/libjimage.so
7f303c2cf000-7f303c4ce000 ---p 00005000 08:01 926217                     /usr/lib/jvm/java-11-openjdk-amd64/lib/libjimage.so
7f303c4ce000-7f303c4cf000 r--p 00004000 08:01 926217                     /usr/lib/jvm/java-11-openjdk-amd64/lib/libjimage.so
7f303c4cf000-7f303c4d0000 rw-p 00005000 08:01 926217                     /usr/lib/jvm/java-11-openjdk-amd64/lib/libjimage.so
7f303c4d0000-7f303c4f9000 r-xp 00000000 08:01 926214                     /usr/lib/jvm/java-11-openjdk-amd64/lib/libjava.so
7f303c4f9000-7f303c6f8000 ---p 00029000 08:01 926214                     /usr/lib/jvm/java-11-openjdk-amd64/lib/libjava.so
7f303c6f8000-7f303c6f9000 r--p 00028000 08:01 926214                     /usr/lib/jvm/java-11-openjdk-amd64/lib/libjava.so
7f303c6f9000-7f303c6fa000 rw-p 00029000 08:01 926214                     /usr/lib/jvm/java-11-openjdk-amd64/lib/libjava.so
7f303c6fa000-7f303c6fb000 rw-p 00000000 00:00 0 
7f303c6fb000-7f303c708000 r-xp 00000000 08:01 926233                     /usr/lib/jvm/java-11-openjdk-amd64/lib/libverify.so
7f303c708000-7f303c907000 ---p 0000d000 08:01 926233                     /usr/lib/jvm/java-11-openjdk-amd64/lib/libverify.so
7f303c907000-7f303c909000 r--p 0000c000 08:01 926233                     /usr/lib/jvm/java-11-openjdk-amd64/lib/libverify.so
7f303c909000-7f303c90a000 rw-p 0000e000 08:01 926233                     /usr/lib/jvm/java-11-openjdk-amd64/lib/libverify.so
7f303c90a000-7f303c911000 r-xp 00000000 08:01 1709201                    /lib/x86_64-linux-gnu/librt-2.27.so
7f303c911000-7f303cb10000 ---p 00007000 08:01 1709201                    /lib/x86_64-linux-gnu/librt-2.27.so
7f303cb10000-7f303cb11000 r--p 00006000 08:01 1709201                    /lib/x86_64-linux-gnu/librt-2.27.so
7f303cb11000-7f303cb12000 rw-p 00007000 08:01 1709201                    /lib/x86_64-linux-gnu/librt-2.27.so
7f303cb12000-7f303cb29000 r-xp 00000000 08:01 1709327                    /lib/x86_64-linux-gnu/libgcc_s.so.1
7f303cb29000-7f303cd28000 ---p 00017000 08:01 1709327                    /lib/x86_64-linux-gnu/libgcc_s.so.1
7f303cd28000-7f303cd29000 r--p 00016000 08:01 1709327                    /lib/x86_64-linux-gnu/libgcc_s.so.1
7f303cd29000-7f303cd2a000 rw-p 00017000 08:01 1709327                    /lib/x86_64-linux-gnu/libgcc_s.so.1
7f303cd2a000-7f303cec7000 r-xp 00000000 08:01 1709188                    /lib/x86_64-linux-gnu/libm-2.27.so
7f303cec7000-7f303d0c6000 ---p 0019d000 08:01 1709188                    /lib/x86_64-linux-gnu/libm-2.27.so
7f303d0c6000-7f303d0c7000 r--p 0019c000 08:01 1709188                    /lib/x86_64-linux-gnu/libm-2.27.so
7f303d0c7000-7f303d0c8000 rw-p 0019d000 08:01 1709188                    /lib/x86_64-linux-gnu/libm-2.27.so
7f303d0c8000-7f303d241000 r-xp 00000000 08:01 664741                     /usr/lib/x86_64-linux-gnu/libstdc++.so.6.0.25
7f303d241000-7f303d441000 ---p 00179000 08:01 664741                     /usr/lib/x86_64-linux-gnu/libstdc++.so.6.0.25
7f303d441000-7f303d44b000 r--p 00179000 08:01 664741                     /usr/lib/x86_64-linux-gnu/libstdc++.so.6.0.25
7f303d44b000-7f303d44d000 rw-p 00183000 08:01 664741                     /usr/lib/x86_64-linux-gnu/libstdc++.so.6.0.25
7f303d44d000-7f303d451000 rw-p 00000000 00:00 0 
7f303d451000-7f303e558000 r-xp 00000000 08:01 926240                     /usr/lib/jvm/java-11-openjdk-amd64/lib/server/libjvm.so
7f303e558000-7f303e758000 ---p 01107000 08:01 926240                     /usr/lib/jvm/java-11-openjdk-amd64/lib/server/libjvm.so
7f303e758000-7f303e81c000 r--p 01107000 08:01 926240                     /usr/lib/jvm/java-11-openjdk-amd64/lib/server/libjvm.so
7f303e81c000-7f303e857000 rw-p 011cb000 08:01 926240                     /usr/lib/jvm/java-11-openjdk-amd64/lib/server/libjvm.so
7f303e857000-7f303e8ae000 rw-p 00000000 00:00 0 
7f303e8ae000-7f303e8c8000 r-xp 00000000 08:01 1709199                    /lib/x86_64-linux-gnu/libpthread-2.27.so
7f303e8c8000-7f303eac7000 ---p 0001a000 08:01 1709199                    /lib/x86_64-linux-gnu/libpthread-2.27.so
7f303eac7000-7f303eac8000 r--p 00019000 08:01 1709199                    /lib/x86_64-linux-gnu/libpthread-2.27.so
7f303eac8000-7f303eac9000 rw-p 0001a000 08:01 1709199                    /lib/x86_64-linux-gnu/libpthread-2.27.so
7f303eac9000-7f303eacd000 rw-p 00000000 00:00 0 
7f303eacd000-7f303ead0000 r-xp 00000000 08:01 1709187                    /lib/x86_64-linux-gnu/libdl-2.27.so
7f303ead0000-7f303eccf000 ---p 00003000 08:01 1709187                    /lib/x86_64-linux-gnu/libdl-2.27.so
7f303eccf000-7f303ecd0000 r--p 00002000 08:01 1709187                    /lib/x86_64-linux-gnu/libdl-2.27.so
7f303ecd0000-7f303ecd1000 rw-p 00003000 08:01 1709187                    /lib/x86_64-linux-gnu/libdl-2.27.so
7f303ecd1000-7f303eced000 r-xp 00000000 08:01 1704012                    /lib/x86_64-linux-gnu/libz.so.1.2.11
7f303eced000-7f303eeec000 ---p 0001c000 08:01 1704012                    /lib/x86_64-linux-gnu/libz.so.1.2.11
7f303eeec000-7f303eeed000 r--p 0001b000 08:01 1704012                    /lib/x86_64-linux-gnu/libz.so.1.2.11
7f303eeed000-7f303eeee000 rw-p 0001c000 08:01 1704012                    /lib/x86_64-linux-gnu/libz.so.1.2.11
7f303eeee000-7f303f0d5000 r-xp 00000000 08:01 1709184                    /lib/x86_64-linux-gnu/libc-2.27.so
7f303f0d5000-7f303f2d5000 ---p 001e7000 08:01 1709184                    /lib/x86_64-linux-gnu/libc-2.27.so
7f303f2d5000-7f303f2d9000 r--p 001e7000 08:01 1709184                    /lib/x86_64-linux-gnu/libc-2.27.so
7f303f2d9000-7f303f2db000 rw-p 001eb000 08:01 1709184                    /lib/x86_64-linux-gnu/libc-2.27.so
7f303f2db000-7f303f2df000 rw-p 00000000 00:00 0 
7f303f2df000-7f303f2ee000 r-xp 00000000 08:01 926199                     /usr/lib/jvm/java-11-openjdk-amd64/lib/jli/libjli.so
7f303f2ee000-7f303f4ed000 ---p 0000f000 08:01 926199                     /usr/lib/jvm/java-11-openjdk-amd64/lib/jli/libjli.so
7f303f4ed000-7f303f4ee000 r--p 0000e000 08:01 926199                     /usr/lib/jvm/java-11-openjdk-amd64/lib/jli/libjli.so
7f303f4ee000-7f303f4ef000 rw-p 0000f000 08:01 926199                     /usr/lib/jvm/java-11-openjdk-amd64/lib/jli/libjli.so
7f303f4ef000-7f303f518000 r-xp 00000000 08:01 1703942                    /lib/x86_64-linux-gnu/ld-2.27.so
7f303f51e000-7f303f525000 r--s 00000000 08:01 920620                     /usr/lib/x86_64-linux-gnu/gconv/gconv-modules.cache
7f303f525000-7f303f529000 r--p 00000000 08:01 6297966                    /home/syd/.javacpp/cache/javacpp-1.5.7-linux-x86_64.jar/org/bytedeco/javacpp/linux-x86_64/libjnijavacpp.so
7f303f529000-7f303f530000 r-xp 00004000 08:01 6297966                    /home/syd/.javacpp/cache/javacpp-1.5.7-linux-x86_64.jar/org/bytedeco/javacpp/linux-x86_64/libjnijavacpp.so
7f303f530000-7f303f534000 r--p 0000b000 08:01 6297966                    /home/syd/.javacpp/cache/javacpp-1.5.7-linux-x86_64.jar/org/bytedeco/javacpp/linux-x86_64/libjnijavacpp.so
7f303f534000-7f303f535000 r--p 0000e000 08:01 6297966                    /home/syd/.javacpp/cache/javacpp-1.5.7-linux-x86_64.jar/org/bytedeco/javacpp/linux-x86_64/libjnijavacpp.so
7f303f535000-7f303f536000 rw-p 0000f000 08:01 6297966                    /home/syd/.javacpp/cache/javacpp-1.5.7-linux-x86_64.jar/org/bytedeco/javacpp/linux-x86_64/libjnijavacpp.so
7f303f536000-7f303f5f7000 rw-p 00000000 00:00 0 
7f303f5f7000-7f303f5fe000 ---p 00000000 00:00 0 
7f303f5fe000-7f303f602000 ---p 00000000 00:00 0 
7f303f602000-7f303f701000 rw-p 00000000 00:00 0 
7f303f707000-7f303f708000 r--p 00000000 08:01 6297975                    /home/syd/.javacpp/cache/llvm-13.0.1-1.5.7-linux-x86_64.jar/org/bytedeco/llvm/linux-x86_64/libRemarks.so.13
7f303f708000-7f303f709000 r-xp 00001000 08:01 6297975                    /home/syd/.javacpp/cache/llvm-13.0.1-1.5.7-linux-x86_64.jar/org/bytedeco/llvm/linux-x86_64/libRemarks.so.13
7f303f709000-7f303f70a000 r--p 00002000 08:01 6297975                    /home/syd/.javacpp/cache/llvm-13.0.1-1.5.7-linux-x86_64.jar/org/bytedeco/llvm/linux-x86_64/libRemarks.so.13
7f303f70a000-7f303f70b000 r--p 00002000 08:01 6297975                    /home/syd/.javacpp/cache/llvm-13.0.1-1.5.7-linux-x86_64.jar/org/bytedeco/llvm/linux-x86_64/libRemarks.so.13
7f303f70b000-7f303f70c000 rw-p 00003000 08:01 6297975                    /home/syd/.javacpp/cache/llvm-13.0.1-1.5.7-linux-x86_64.jar/org/bytedeco/llvm/linux-x86_64/libRemarks.so.13
7f303f70c000-7f303f714000 rw-s 00000000 08:01 6424125                    /tmp/hsperfdata_syd/14704
7f303f714000-7f303f715000 ---p 00000000 00:00 0 
7f303f715000-7f303f716000 r--p 00000000 00:00 0 
7f303f716000-7f303f718000 rw-p 00000000 00:00 0 
7f303f718000-7f303f719000 r--p 00029000 08:01 1703942                    /lib/x86_64-linux-gnu/ld-2.27.so
7f303f719000-7f303f71a000 rw-p 0002a000 08:01 1703942                    /lib/x86_64-linux-gnu/ld-2.27.so
7f303f71a000-7f303f71b000 rw-p 00000000 00:00 0 
7ffd1b0c7000-7ffd1b0e9000 rw-p 00000000 00:00 0                          [stack]
7ffd1b1e4000-7ffd1b1e7000 r--p 00000000 00:00 0                          [vvar]
7ffd1b1e7000-7ffd1b1e9000 r-xp 00000000 00:00 0                          [vdso]
ffffffffff600000-ffffffffff601000 --xp 00000000 00:00 0                  [vsyscall]


VM Arguments:
java_command: Main /mnt/hgfs/CompilationPrincipleLAB/Lab/src/code.txt /mnt/hgfs/CompilationPrincipleLAB/Lab/src/IRtarget.txt
java_class_path (initial): ./classes:/usr/local/lib/antlr-4.9.1-complete.jar:/usr/local/lib/llvm-13.0.1-1.5.7-linux-x86_64.jar:/usr/local/lib/llvm-platform-13.0.1-1.5.7.jar:/usr/local/lib/llvm-13.0.1-1.5.7.jar:/usr/local/lib/javacpp-1.5.7-linux-x86_64.jar:/usr/local/lib/javacpp-1.5.7.jar
Launcher Type: SUN_STANDARD

[Global flags]
     intx CICompilerCount                          = 2                                         {product} {ergonomic}
     uint ConcGCThreads                            = 1                                         {product} {ergonomic}
     uint G1ConcRefinementThreads                  = 2                                         {product} {ergonomic}
   size_t G1HeapRegionSize                         = 1048576                                   {product} {ergonomic}
    uintx GCDrainStackTargetSize                   = 64                                        {product} {ergonomic}
   size_t InitialHeapSize                          = 65011712                                  {product} {ergonomic}
   size_t MarkStackSize                            = 4194304                                   {product} {ergonomic}
   size_t MaxHeapSize                              = 1023410176                                {product} {ergonomic}
   size_t MaxNewSize                               = 613416960                                 {product} {ergonomic}
   size_t MinHeapDeltaBytes                        = 1048576                                   {product} {ergonomic}
    uintx NonNMethodCodeHeapSize                   = 5825164                                {pd product} {ergonomic}
    uintx NonProfiledCodeHeapSize                  = 122916538                              {pd product} {ergonomic}
    uintx ProfiledCodeHeapSize                     = 122916538                              {pd product} {ergonomic}
    uintx ReservedCodeCacheSize                    = 251658240                              {pd product} {ergonomic}
     bool SegmentedCodeCache                       = true                                      {product} {ergonomic}
     bool UseCompressedClassPointers               = true                                 {lp64_product} {ergonomic}
     bool UseCompressedOops                        = true                                 {lp64_product} {ergonomic}
     bool UseG1GC                                  = true                                      {product} {ergonomic}

Logging:
Log output configuration:
 #0: stdout all=warning uptime,level,tags
 #1: stderr all=off uptime,level,tags

Environment Variables:
CLASSPATH=/usr/local/lib/antlr-4.9.1-complete.jar:/usr/local/lib/llvm-13.0.1-1.5.7-linux-x86_64.jar:/usr/local/lib/llvm-platform-13.0.1-1.5.7.jar:/usr/local/lib/llvm-13.0.1-1.5.7.jar:/usr/local/lib/javacpp-1.5.7-linux-x86_64.jar:/usr/local/lib/javacpp-1.5.7.jar
PATH=/usr/local/sbin:/usr/local/bin:/usr/sbin:/usr/bin:/sbin:/bin:/usr/games:/usr/local/games:/snap/bin
USERNAME=syd
SHELL=/bin/bash
DISPLAY=:0
LANG=zh_CN.UTF-8
LC_NUMERIC=zh_CN.UTF-8
LC_TIME=zh_CN.UTF-8
TERM=xterm-256color

Signal Handlers:
SIGSEGV: [libjvm.so+0xe356a0], sa_mask[0]=11111111011111111101111111111110, sa_flags=SA_RESTART|SA_SIGINFO
SIGBUS: [libjvm.so+0xe356a0], sa_mask[0]=11111111011111111101111111111110, sa_flags=SA_RESTART|SA_SIGINFO
SIGFPE: [libjvm.so+0xe356a0], sa_mask[0]=11111111011111111101111111111110, sa_flags=SA_RESTART|SA_SIGINFO
SIGPIPE: [libjvm.so+0xb89cc0], sa_mask[0]=11111111011111111101111111111110, sa_flags=SA_RESTART|SA_SIGINFO
SIGXFSZ: [libjvm.so+0xb89cc0], sa_mask[0]=11111111011111111101111111111110, sa_flags=SA_RESTART|SA_SIGINFO
SIGILL: [libjvm.so+0xe356a0], sa_mask[0]=11111111011111111101111111111110, sa_flags=SA_RESTART|SA_SIGINFO
SIGUSR2: [libjvm.so+0xb89b50], sa_mask[0]=00000000000000000000000000000000, sa_flags=SA_RESTART|SA_SIGINFO
SIGHUP: [libjvm.so+0xb8a220], sa_mask[0]=11111111011111111101111111111110, sa_flags=SA_RESTART|SA_SIGINFO
SIGINT: [libjvm.so+0xb8a220], sa_mask[0]=11111111011111111101111111111110, sa_flags=SA_RESTART|SA_SIGINFO
SIGTERM: [libjvm.so+0xb8a220], sa_mask[0]=11111111011111111101111111111110, sa_flags=SA_RESTART|SA_SIGINFO
SIGQUIT: [libjvm.so+0xb8a220], sa_mask[0]=11111111011111111101111111111110, sa_flags=SA_RESTART|SA_SIGINFO


---------------  S Y S T E M  ---------------

OS:DISTRIB_ID=Ubuntu
DISTRIB_RELEASE=18.04
DISTRIB_CODENAME=bionic
DISTRIB_DESCRIPTION="Ubuntu 18.04.6 LTS"
uname:Linux 5.4.0-150-generic #167~18.04.1-Ubuntu SMP Wed May 24 00:51:42 UTC 2023 x86_64
OS uptime: 0 days 2:51 hours
libc:glibc 2.27 NPTL 2.27 
rlimit (soft/hard): STACK 8192k/infinity , CORE 0k/infinity , NPROC 15400/15400 , NOFILE 1048576/1048576 , AS infinity/infinity , CPU infinity/infinity , DATA infinity/infinity , FSIZE infinity/infinity , MEMLOCK 65536k/65536k
load average:1.41 0.94 0.59

/proc/meminfo:
MemTotal:        3994712 kB
MemFree:          170132 kB
MemAvailable:     285812 kB
Buffers:           23024 kB
Cached:           265692 kB
SwapCached:        15720 kB
Active:          2394416 kB
Inactive:         672496 kB
Active(anon):    2227064 kB
Inactive(anon):   568932 kB
Active(file):     167352 kB
Inactive(file):   103564 kB
Unevictable:          16 kB
Mlocked:              16 kB
SwapTotal:       2097148 kB
SwapFree:        1759996 kB
Dirty:                44 kB
Writeback:             0 kB
AnonPages:       2769220 kB
Mapped:           165268 kB
Shmem:             17784 kB
KReclaimable:      99244 kB
Slab:             185520 kB
SReclaimable:      99244 kB
SUnreclaim:        86276 kB
KernelStack:       13904 kB
PageTables:        50228 kB
NFS_Unstable:          0 kB
Bounce:                0 kB
WritebackTmp:          0 kB
CommitLimit:     4094504 kB
Committed_AS:    6707248 kB
VmallocTotal:   34359738367 kB
VmallocUsed:       30076 kB
VmallocChunk:          0 kB
Percpu:            50176 kB
HardwareCorrupted:     0 kB
AnonHugePages:         0 kB
ShmemHugePages:        0 kB
ShmemPmdMapped:        0 kB
FileHugePages:         0 kB
FilePmdMapped:         0 kB
CmaTotal:              0 kB
CmaFree:               0 kB
HugePages_Total:       0
HugePages_Free:        0
HugePages_Rsvd:        0
HugePages_Surp:        0
Hugepagesize:       2048 kB
Hugetlb:               0 kB
DirectMap4k:      255808 kB
DirectMap2M:     3938304 kB
DirectMap1G:     2097152 kB

/sys/kernel/mm/transparent_hugepage/enabled:
always [madvise] never
/sys/kernel/mm/transparent_hugepage/defrag (defrag/compaction efforts parameter):
always defer defer+madvise [madvise] never

Process Memory:
Virtual Size: 3713228K (peak: 12418976K)
Resident Set Size: 91120K (peak: 91120K) (anon: 37212K, file: 53908K, shmem: 0K)
Swapped out: 0K
C-Heap outstanding allocations: 15567K, retained: 2348K
glibc malloc tunables: (default)

/proc/sys/kernel/threads-max (system-wide limit on the number of threads):
30800
/proc/sys/vm/max_map_count (maximum number of memory map areas a process may have):
65530
/proc/sys/kernel/pid_max (system-wide limit on number of process identifiers):
131072

container (cgroup) information:
container_type: cgroupv1
cpu_cpuset_cpus: 0-1
cpu_memory_nodes: 0
active_processor_count: 2
cpu_quota: no quota
cpu_period: 100000
cpu_shares: no shares
memory_limit_in_bytes: unlimited
memory_and_swap_limit_in_bytes: not supported
memory_soft_limit_in_bytes: unlimited
memory_usage_in_bytes: 3064412 k
memory_max_usage_in_bytes: 48560 k
kernel_memory_usage_in_bytes: unlimited
kernel_memory_max_usage_in_bytes: unlimited
kernel_memory_limit_in_bytes: unlimited
maximum number of tasks: unlimited
current number of tasks: 237

VMWare virtualization detected
Steal ticks since vm start: 0
Steal ticks percentage since vm start:  0.000

CPU:total 2 (initial active 2) (1 cores per cpu, 1 threads per core) family 6 model 154 stepping 3 microcode 0xffffffff, cmov, cx8, fxsr, mmx, sse, sse2, sse3, ssse3, sse4.1, sse4.2, popcnt, avx, avx2, aes, clmul, erms, 3dnowpref, lzcnt, tsc, tscinvbit, bmi1, bmi2, adx, sha, fma
CPU Model and flags from /proc/cpuinfo:
model name	: 12th Gen Intel(R) Core(TM) i5-12500H
flags		: fpu vme de pse tsc msr pae mce cx8 apic sep mtrr pge mca cmov pat pse36 clflush mmx fxsr sse sse2 ss syscall nx pdpe1gb rdtscp lm constant_tsc arch_perfmon rep_good nopl xtopology tsc_reliable nonstop_tsc cpuid pni pclmulqdq ssse3 fma cx16 pcid sse4_1 sse4_2 x2apic movbe popcnt aes xsave avx f16c rdrand hypervisor lahf_lm abm 3dnowprefetch invpcid_single pti ssbd ibrs ibpb stibp fsgsbase tsc_adjust bmi1 avx2 smep bmi2 erms invpcid rdseed adx smap clflushopt clwb sha_ni xsaveopt xsavec xgetbv1 xsaves arat umip gfni vaes vpclmulqdq rdpid movdiri movdir64b md_clear flush_l1d arch_capabilities
Online cpus:
0-1
Offline cpus:
2-127
BIOS frequency limitation:
<Not Available>
Frequency switch latency (ns):
<Not Available>
Available cpu frequencies:
<Not Available>
Current governor:
<Not Available>
Core performance/turbo boost:
<Not Available>

Memory: 4k page, physical 3994712k(170132k free), swap 2097148k(1759996k free)

vm_info: OpenJDK 64-Bit Server VM (11.0.19+7-post-Ubuntu-0ubuntu118.04.1) for linux-amd64 JRE (11.0.19+7-post-Ubuntu-0ubuntu118.04.1), built on May 10 2023 00:54:54 by "unknown" with gcc 8.4.0

END.
