#
# A fatal error has been detected by the Java Runtime Environment:
#
#  SIGSEGV (0xb) at pc=0x00007f914215c178, pid=15007, tid=15008
#
# JRE version: OpenJDK Runtime Environment (11.0.19+7) (build 11.0.19+7-post-Ubuntu-0ubuntu118.04.1)
# Java VM: OpenJDK 64-Bit Server VM (11.0.19+7-post-Ubuntu-0ubuntu118.04.1, mixed mode, sharing, tiered, compressed oops, g1 gc, linux-amd64)
# Problematic frame:
# C  [libLLVM-13.so+0xc30178]  LLVMBuildCall2+0x138
#
# Core dump will be written. Default location: Core dumps may be processed with "/usr/share/apport/apport -p%p -s%s -c%c -d%d -P%P -u%u -g%g -- %E" (or dumping to /mnt/hgfs/CompilationPrincipleLAB/Lab/core.15007)
#
# If you would like to submit a bug report, please visit:
#   https://bugs.launchpad.net/ubuntu/+source/openjdk-lts
# The crash happened outside the Java Virtual Machine in native code.
# See problematic frame for where to report the bug.
#

---------------  S U M M A R Y ------------

Command Line: Main /mnt/hgfs/CompilationPrincipleLAB/Lab/src/code.txt /mnt/hgfs/CompilationPrincipleLAB/Lab/src/IRtarget.txt

Host: 12th Gen Intel(R) Core(TM) i5-12500H, 2 cores, 3G, Ubuntu 18.04.6 LTS
Time: Mon May 27 01:52:35 2024 PDT elapsed time: 0.604754 seconds (0d 0h 0m 0s)

---------------  T H R E A D  ---------------

Current thread (0x00007f91a0017000):  JavaThread "main" [_thread_in_native, id=15008, stack(0x00007f91a7153000,0x00007f91a7254000)]

Stack: [0x00007f91a7153000,0x00007f91a7254000],  sp=0x00007f91a7251c80,  free space=1019k
Native frames: (J=compiled Java code, A=aot compiled Java code, j=interpreted, Vv=VM code, C=native code)
C  [libLLVM-13.so+0xc30178]  LLVMBuildCall2+0x138
C  0x0000000000000005

Java frames: (J=compiled Java code, j=interpreted, Vv=VM code)
j  org.bytedeco.llvm.global.LLVM.LLVMBuildCall2(Lorg/bytedeco/llvm/LLVM/LLVMBuilderRef;Lorg/bytedeco/llvm/LLVM/LLVMTypeRef;Lorg/bytedeco/llvm/LLVM/LLVMValueRef;Lorg/bytedeco/javacpp/PointerPointer;ILjava/lang/String;)Lorg/bytedeco/llvm/LLVM/LLVMValueRef;+0
j  MyLLVMIRVisitor.visitExp(LSysYParser$ExpContext;)Lorg/bytedeco/llvm/LLVM/LLVMValueRef;+430
j  MyLLVMIRVisitor.visitStmt(LSysYParser$StmtContext;)Lorg/bytedeco/llvm/LLVM/LLVMValueRef;+19
j  MyLLVMIRVisitor.visitStmt(LSysYParser$StmtContext;)Ljava/lang/Object;+2
j  SysYParser$StmtContext.accept(Lorg/antlr/v4/runtime/tree/ParseTreeVisitor;)Ljava/lang/Object;+12
j  org.antlr.v4.runtime.tree.AbstractParseTreeVisitor.visitChildren(Lorg/antlr/v4/runtime/tree/RuleNode;)Ljava/lang/Object;+46
j  SysYParserBaseVisitor.visitBlockItem(LSysYParser$BlockItemContext;)Ljava/lang/Object;+2
j  SysYParser$BlockItemContext.accept(Lorg/antlr/v4/runtime/tree/ParseTreeVisitor;)Ljava/lang/Object;+12
j  org.antlr.v4.runtime.tree.AbstractParseTreeVisitor.visitChildren(Lorg/antlr/v4/runtime/tree/RuleNode;)Ljava/lang/Object;+46
j  SysYParserBaseVisitor.visitBlock(LSysYParser$BlockContext;)Ljava/lang/Object;+2
j  SysYParser$BlockContext.accept(Lorg/antlr/v4/runtime/tree/ParseTreeVisitor;)Ljava/lang/Object;+12
j  org.antlr.v4.runtime.tree.AbstractParseTreeVisitor.visitChildren(Lorg/antlr/v4/runtime/tree/RuleNode;)Ljava/lang/Object;+46
j  SysYParserBaseVisitor.visitFuncDef(LSysYParser$FuncDefContext;)Ljava/lang/Object;+2
j  MyLLVMIRVisitor.visitFuncDef(LSysYParser$FuncDefContext;)Lorg/bytedeco/llvm/LLVM/LLVMValueRef;+252
j  MyLLVMIRVisitor.visitFuncDef(LSysYParser$FuncDefContext;)Ljava/lang/Object;+2
j  SysYParser$FuncDefContext.accept(Lorg/antlr/v4/runtime/tree/ParseTreeVisitor;)Ljava/lang/Object;+12
j  org.antlr.v4.runtime.tree.AbstractParseTreeVisitor.visitChildren(Lorg/antlr/v4/runtime/tree/RuleNode;)Ljava/lang/Object;+46
j  SysYParserBaseVisitor.visitCompUnit(LSysYParser$CompUnitContext;)Ljava/lang/Object;+2
j  SysYParser$CompUnitContext.accept(Lorg/antlr/v4/runtime/tree/ParseTreeVisitor;)Ljava/lang/Object;+12
j  org.antlr.v4.runtime.tree.AbstractParseTreeVisitor.visitChildren(Lorg/antlr/v4/runtime/tree/RuleNode;)Ljava/lang/Object;+46
j  SysYParserBaseVisitor.visitProgram(LSysYParser$ProgramContext;)Ljava/lang/Object;+2
j  MyLLVMIRVisitor.visitProgram(LSysYParser$ProgramContext;)Lorg/bytedeco/llvm/LLVM/LLVMValueRef;+2
j  MyLLVMIRVisitor.visitProgram(LSysYParser$ProgramContext;)Ljava/lang/Object;+2
j  SysYParser$ProgramContext.accept(Lorg/antlr/v4/runtime/tree/ParseTreeVisitor;)Ljava/lang/Object;+12
j  org.antlr.v4.runtime.tree.AbstractParseTreeVisitor.visit(Lorg/antlr/v4/runtime/tree/ParseTree;)Ljava/lang/Object;+2
j  Main.main([Ljava/lang/String;)V+220
v  ~StubRoutines::call_stub

siginfo: si_signo: 11 (SIGSEGV), si_code: 1 (SEGV_MAPERR), si_addr: 0x0000000000000000

Register to memory mapping:

RAX=0x0000000000000001 is an unknown value
RBX=0x00007f91a0317360 points into unknown readable memory: 0x00007f91a0317370 | 70 73 31 a0 91 7f 00 00
RCX=0x0 is NULL
RDX=0x00007f91a0344ae0 points into unknown readable memory: 0x0000000000000000 | 00 00 00 00 00 00 00 00
RSP=0x00007f91a7251c80 is pointing into the stack for thread: 0x00007f91a0017000
RBP=0x00007f91a7251ce0 is pointing into the stack for thread: 0x00007f91a0017000
RSI=0x0 is NULL
RDI=0x00007f91a0344b00 points into unknown readable memory: 0x564c4c5f6d766c6c | 6c 6c 76 6d 5f 4c 4c 56
R8 =0x0000000000000002 is an unknown value
R9 =0x0 is NULL
R10=0x000000000000000d is an unknown value
R11=0x0 is NULL
R12=0x00007f91a0344b00 points into unknown readable memory: 0x564c4c5f6d766c6c | 6c 6c 76 6d 5f 4c 4c 56
R13=0x00007f91a033d028 points into unknown readable memory: 0x00007f91a03279a0 | a0 79 32 a0 91 7f 00 00
R14=0x0 is NULL
R15=0x0 is NULL


Registers:
RAX=0x0000000000000001, RBX=0x00007f91a0317360, RCX=0x0000000000000000, RDX=0x00007f91a0344ae0
RSP=0x00007f91a7251c80, RBP=0x00007f91a7251ce0, RSI=0x0000000000000000, RDI=0x00007f91a0344b00
R8 =0x0000000000000002, R9 =0x0000000000000000, R10=0x000000000000000d, R11=0x0000000000000000
R12=0x00007f91a0344b00, R13=0x00007f91a033d028, R14=0x0000000000000000, R15=0x0000000000000000
RIP=0x00007f914215c178, EFLAGS=0x0000000000010246, CSGSFS=0x002b000000000033, ERR=0x0000000000000004
  TRAPNO=0x000000000000000e

Top of Stack: (sp=0x00007f91a7251c80)
0x00007f91a7251c80:   00007f91a0317488 00007f91a03452b0
0x00007f91a7251c90:   0000000000000001 0000000000000000
0x00007f91a7251ca0:   0000000000000001 00007f91a03453e0
0x00007f91a7251cb0:   00007f91a03453e0 00007f91a0017000 

Instructions: (pc=0x00007f914215c178)
0x00007f914215c078:   50 03 4c 8b 5b 70 b9 01 01 00 00 48 8b 6b 68 45
0x00007f914215c088:   89 c1 66 89 8c 24 80 00 00 00 4c 89 d9 48 c1 e1
0x00007f914215c098:   05 48 01 e9 48 39 e9 0f 84 7b 02 00 00 48 89 ea
0x00007f914215c0a8:   31 f6 66 0f 1f 44 00 00 48 8b 42 10 48 2b 42 08
0x00007f914215c0b8:   48 83 c2 20 48 c1 f8 03 01 c6 48 39 d1 75 e9 41
0x00007f914215c0c8:   83 c0 01 44 89 da bf 50 00 00 00 49 89 ee 44 01
0x00007f914215c0d8:   c6 c1 e2 04 4c 89 4c 24 28 48 89 4c 24 20 4c 89
0x00007f914215c0e8:   5c 24 18 44 89 44 24 10 e8 ab d3 12 00 4c 8b 4c
0x00007f914215c0f8:   24 28 48 89 ee 31 ff 4c 8b 5c 24 18 48 8b 4c 24
0x00007f914215c108:   20 49 89 c4 44 8b 44 24 10 4c 89 c8 4d 89 df 66
0x00007f914215c118:   0f 1f 84 00 00 00 00 00 48 8b 56 10 48 2b 56 08
0x00007f914215c128:   48 83 c6 20 48 c1 fa 03 01 d7 48 39 f1 75 e9 41
0x00007f914215c138:   01 f8 31 f6 0f 1f 40 00 48 8b 55 10 48 2b 55 08
0x00007f914215c148:   48 83 c5 20 48 c1 fa 03 01 d6 48 39 e9 75 e9 49
0x00007f914215c158:   01 f1 49 8b 75 10 49 c1 e1 05 4c 89 e2 4c 89 e7
0x00007f914215c168:   4c 29 ca 45 31 c9 48 89 44 24 10 48 8d 6c 24 60
0x00007f914215c178:   48 8b 36 48 8d 4a e0 ba 38 00 00 00 e8 27 88 08
0x00007f914215c188:   00 49 89 e9 4c 89 ee 4c 89 e7 49 c7 44 24 40 00
0x00007f914215c198:   00 00 00 41 57 41 56 48 8b 44 24 20 48 8b 4c 24
0x00007f914215c1a8:   18 48 8b 54 24 10 49 89 c0 e8 1a dc 08 00 80 7b
0x00007f914215c1b8:   64 00 58 5a 0f 85 06 01 00 00 41 0f b6 44 24 10
0x00007f914215c1c8:   3c 19 0f 86 37 01 00 00 83 e8 1a 83 e8 0c 83 f8
0x00007f914215c1d8:   2d 77 62 48 8d 15 e2 d0 6c 03 48 63 04 82 48 01
0x00007f914215c1e8:   d0 ff e0 0f 1f 44 00 00 49 8b 14 24 0f b6 42 08
0x00007f914215c1f8:   3c 11 0f 84 a0 00 00 00 0f b6 c8 83 e9 12 83 f9
0x00007f914215c208:   01 77 0b 48 8b 42 10 48 8b 00 0f b6 40 08 3c 06
0x00007f914215c218:   77 23 48 8b 53 58 8b 6b 60 48 85 d2 74 0d be 03
0x00007f914215c228:   00 00 00 4c 89 e7 e8 0d dc 0d 00 89 ee 4c 89 e7
0x00007f914215c238:   e8 53 8f 08 00 48 8b 7b 50 48 8b 4b 30 48 8d 54
0x00007f914215c248:   24 30 4c 89 e6 4c 8b 43 38 48 8b 07 ff 50 10 8b
0x00007f914215c258:   6b 08 48 8b 03 48 c1 e5 04 48 89 c3 48 01 c5 48
0x00007f914215c268:   39 e8 74 1b 0f 1f 40 00 48 8b 53 08 8b 33 4c 89 


Stack slot to memory mapping:
stack at sp + 0 slots: 0x00007f91a0317488 points into unknown readable memory: 0x00007f91a033fd70 | 70 fd 33 a0 91 7f 00 00
stack at sp + 1 slots: 0x00007f91a03452b0 points into unknown readable memory: 0x00007f91a0344c80 | 80 4c 34 a0 91 7f 00 00
stack at sp + 2 slots: 0x0000000000000001 is an unknown value
stack at sp + 3 slots: 0x0 is NULL
stack at sp + 4 slots: 0x0000000000000001 is an unknown value
stack at sp + 5 slots: 0x00007f91a03453e0 points into unknown readable memory: 0x0000006f6c6c6568 | 68 65 6c 6c 6f 00 00 00
stack at sp + 6 slots: 0x00007f91a03453e0 points into unknown readable memory: 0x0000006f6c6c6568 | 68 65 6c 6c 6f 00 00 00
stack at sp + 7 slots: 0x00007f91a0017000 is a thread


---------------  P R O C E S S  ---------------

Threads class SMR info:
_java_thread_list=0x00007f91a02a3f90, length=10, elements={
0x00007f91a0017000, 0x00007f91a00b8000, 0x00007f91a00ba000, 0x00007f91a00bf800,
0x00007f91a00c1800, 0x00007f91a00c4000, 0x00007f91a00c6000, 0x00007f91a00c8000,
0x00007f91a00fb800, 0x00007f91a029f800
}

Java Threads: ( => current thread )
=>0x00007f91a0017000 JavaThread "main" [_thread_in_native, id=15008, stack(0x00007f91a7153000,0x00007f91a7254000)]
  0x00007f91a00b8000 JavaThread "Reference Handler" daemon [_thread_blocked, id=15015, stack(0x00007f91841a9000,0x00007f91842aa000)]
  0x00007f91a00ba000 JavaThread "Finalizer" daemon [_thread_blocked, id=15016, stack(0x00007f91840a8000,0x00007f91841a9000)]
  0x00007f91a00bf800 JavaThread "Signal Dispatcher" daemon [_thread_blocked, id=15017, stack(0x00007f9175a6b000,0x00007f9175b6c000)]
  0x00007f91a00c1800 JavaThread "Service Thread" daemon [_thread_blocked, id=15018, stack(0x00007f917596a000,0x00007f9175a6b000)]
  0x00007f91a00c4000 JavaThread "C2 CompilerThread0" daemon [_thread_blocked, id=15019, stack(0x00007f9175869000,0x00007f917596a000)]
  0x00007f91a00c6000 JavaThread "C1 CompilerThread0" daemon [_thread_blocked, id=15020, stack(0x00007f9175768000,0x00007f9175869000)]
  0x00007f91a00c8000 JavaThread "Sweeper thread" daemon [_thread_blocked, id=15021, stack(0x00007f9175667000,0x00007f9175768000)]
  0x00007f91a00fb800 JavaThread "Common-Cleaner" daemon [_thread_blocked, id=15023, stack(0x00007f9175464000,0x00007f9175565000)]
  0x00007f91a029f800 JavaThread "JavaCPP Deallocator" daemon [_thread_blocked, id=15025, stack(0x00007f9174e3a000,0x00007f9174f3b000)]

Other Threads:
  0x00007f91a00b5000 VMThread "VM Thread" [stack: 0x00007f91842ac000,0x00007f91843ac000] [id=15014]
  0x00007f91a00f9000 WatcherThread [stack: 0x00007f9175567000,0x00007f9175667000] [id=15022]
  0x00007f91a002f000 GCTaskThread "GC Thread#0" [stack: 0x00007f91878ce000,0x00007f91879ce000] [id=15009]
  0x00007f916c001000 GCTaskThread "GC Thread#1" [stack: 0x00007f9174f3d000,0x00007f917503d000] [id=15024]
  0x00007f91a004a000 ConcurrentGCThread "G1 Main Marker" [stack: 0x00007f9185192000,0x00007f9185292000] [id=15010]
  0x00007f91a004c000 ConcurrentGCThread "G1 Conc#0" [stack: 0x00007f9185090000,0x00007f9185190000] [id=15011]
  0x00007f91a0087000 ConcurrentGCThread "G1 Refine#0" [stack: 0x00007f9184d8c000,0x00007f9184e8c000] [id=15012]
  0x00007f91a0089000 ConcurrentGCThread "G1 Young RemSet Sampling" [stack: 0x00007f9184c8a000,0x00007f9184d8a000] [id=15013]

Threads with active compile tasks:

VM state:not at safepoint (normal execution)

VM Mutex/Monitor currently owned by a thread: None

Heap address: 0x00000000c3000000, size: 976 MB, Compressed Oops mode: 32-bit
Narrow klass base: 0x0000000800000000, Narrow klass shift: 3
Compressed class space size: 1073741824 Address: 0x0000000840000000

Heap:
 garbage-first heap   total 65536K, used 6288K [0x00000000c3000000, 0x0000000100000000)
  region size 1024K, 6 young (6144K), 1 survivors (1024K)
 Metaspace       used 3883K, capacity 6722K, committed 6912K, reserved 1056768K
  class space    used 428K, capacity 733K, committed 768K, reserved 1048576K
Heap Regions: E=young(eden), S=young(survivor), O=old, HS=humongous(starts), HC=humongous(continues), CS=collection set, F=free, A=archive, TAMS=top-at-mark-start (previous, next)
|   0|0x00000000c3000000, 0x00000000c3072200, 0x00000000c3100000| 44%| O|  |TAMS 0x00000000c3000000, 0x00000000c3000000| Untracked 
|   1|0x00000000c3100000, 0x00000000c3100000, 0x00000000c3200000|  0%| F|  |TAMS 0x00000000c3100000, 0x00000000c3100000| Untracked 
|   2|0x00000000c3200000, 0x00000000c3200000, 0x00000000c3300000|  0%| F|  |TAMS 0x00000000c3200000, 0x00000000c3200000| Untracked 
|   3|0x00000000c3300000, 0x00000000c3300000, 0x00000000c3400000|  0%| F|  |TAMS 0x00000000c3300000, 0x00000000c3300000| Untracked 
|   4|0x00000000c3400000, 0x00000000c3400000, 0x00000000c3500000|  0%| F|  |TAMS 0x00000000c3400000, 0x00000000c3400000| Untracked 
|   5|0x00000000c3500000, 0x00000000c3500000, 0x00000000c3600000|  0%| F|  |TAMS 0x00000000c3500000, 0x00000000c3500000| Untracked 
|   6|0x00000000c3600000, 0x00000000c3600000, 0x00000000c3700000|  0%| F|  |TAMS 0x00000000c3600000, 0x00000000c3600000| Untracked 
|   7|0x00000000c3700000, 0x00000000c3700000, 0x00000000c3800000|  0%| F|  |TAMS 0x00000000c3700000, 0x00000000c3700000| Untracked 
|   8|0x00000000c3800000, 0x00000000c3800000, 0x00000000c3900000|  0%| F|  |TAMS 0x00000000c3800000, 0x00000000c3800000| Untracked 
|   9|0x00000000c3900000, 0x00000000c3900000, 0x00000000c3a00000|  0%| F|  |TAMS 0x00000000c3900000, 0x00000000c3900000| Untracked 
|  10|0x00000000c3a00000, 0x00000000c3a00000, 0x00000000c3b00000|  0%| F|  |TAMS 0x00000000c3a00000, 0x00000000c3a00000| Untracked 
|  11|0x00000000c3b00000, 0x00000000c3b00000, 0x00000000c3c00000|  0%| F|  |TAMS 0x00000000c3b00000, 0x00000000c3b00000| Untracked 
|  12|0x00000000c3c00000, 0x00000000c3c00000, 0x00000000c3d00000|  0%| F|  |TAMS 0x00000000c3c00000, 0x00000000c3c00000| Untracked 
|  13|0x00000000c3d00000, 0x00000000c3d00000, 0x00000000c3e00000|  0%| F|  |TAMS 0x00000000c3d00000, 0x00000000c3d00000| Untracked 
|  14|0x00000000c3e00000, 0x00000000c3e00000, 0x00000000c3f00000|  0%| F|  |TAMS 0x00000000c3e00000, 0x00000000c3e00000| Untracked 
|  15|0x00000000c3f00000, 0x00000000c3f00000, 0x00000000c4000000|  0%| F|  |TAMS 0x00000000c3f00000, 0x00000000c3f00000| Untracked 
|  16|0x00000000c4000000, 0x00000000c4000000, 0x00000000c4100000|  0%| F|  |TAMS 0x00000000c4000000, 0x00000000c4000000| Untracked 
|  17|0x00000000c4100000, 0x00000000c4100000, 0x00000000c4200000|  0%| F|  |TAMS 0x00000000c4100000, 0x00000000c4100000| Untracked 
|  18|0x00000000c4200000, 0x00000000c4200000, 0x00000000c4300000|  0%| F|  |TAMS 0x00000000c4200000, 0x00000000c4200000| Untracked 
|  19|0x00000000c4300000, 0x00000000c4300000, 0x00000000c4400000|  0%| F|  |TAMS 0x00000000c4300000, 0x00000000c4300000| Untracked 
|  20|0x00000000c4400000, 0x00000000c4400000, 0x00000000c4500000|  0%| F|  |TAMS 0x00000000c4400000, 0x00000000c4400000| Untracked 
|  21|0x00000000c4500000, 0x00000000c4500000, 0x00000000c4600000|  0%| F|  |TAMS 0x00000000c4500000, 0x00000000c4500000| Untracked 
|  22|0x00000000c4600000, 0x00000000c4600000, 0x00000000c4700000|  0%| F|  |TAMS 0x00000000c4600000, 0x00000000c4600000| Untracked 
|  23|0x00000000c4700000, 0x00000000c4700000, 0x00000000c4800000|  0%| F|  |TAMS 0x00000000c4700000, 0x00000000c4700000| Untracked 
|  24|0x00000000c4800000, 0x00000000c4800000, 0x00000000c4900000|  0%| F|  |TAMS 0x00000000c4800000, 0x00000000c4800000| Untracked 
|  25|0x00000000c4900000, 0x00000000c4900000, 0x00000000c4a00000|  0%| F|  |TAMS 0x00000000c4900000, 0x00000000c4900000| Untracked 
|  26|0x00000000c4a00000, 0x00000000c4a00000, 0x00000000c4b00000|  0%| F|  |TAMS 0x00000000c4a00000, 0x00000000c4a00000| Untracked 
|  27|0x00000000c4b00000, 0x00000000c4b00000, 0x00000000c4c00000|  0%| F|  |TAMS 0x00000000c4b00000, 0x00000000c4b00000| Untracked 
|  28|0x00000000c4c00000, 0x00000000c4c00000, 0x00000000c4d00000|  0%| F|  |TAMS 0x00000000c4c00000, 0x00000000c4c00000| Untracked 
|  29|0x00000000c4d00000, 0x00000000c4d00000, 0x00000000c4e00000|  0%| F|  |TAMS 0x00000000c4d00000, 0x00000000c4d00000| Untracked 
|  30|0x00000000c4e00000, 0x00000000c4e00000, 0x00000000c4f00000|  0%| F|  |TAMS 0x00000000c4e00000, 0x00000000c4e00000| Untracked 
|  31|0x00000000c4f00000, 0x00000000c4f00000, 0x00000000c5000000|  0%| F|  |TAMS 0x00000000c4f00000, 0x00000000c4f00000| Untracked 
|  32|0x00000000c5000000, 0x00000000c5000000, 0x00000000c5100000|  0%| F|  |TAMS 0x00000000c5000000, 0x00000000c5000000| Untracked 
|  33|0x00000000c5100000, 0x00000000c5100000, 0x00000000c5200000|  0%| F|  |TAMS 0x00000000c5100000, 0x00000000c5100000| Untracked 
|  34|0x00000000c5200000, 0x00000000c5200000, 0x00000000c5300000|  0%| F|  |TAMS 0x00000000c5200000, 0x00000000c5200000| Untracked 
|  35|0x00000000c5300000, 0x00000000c5300000, 0x00000000c5400000|  0%| F|  |TAMS 0x00000000c5300000, 0x00000000c5300000| Untracked 
|  36|0x00000000c5400000, 0x00000000c5400000, 0x00000000c5500000|  0%| F|  |TAMS 0x00000000c5400000, 0x00000000c5400000| Untracked 
|  37|0x00000000c5500000, 0x00000000c5500000, 0x00000000c5600000|  0%| F|  |TAMS 0x00000000c5500000, 0x00000000c5500000| Untracked 
|  38|0x00000000c5600000, 0x00000000c5600000, 0x00000000c5700000|  0%| F|  |TAMS 0x00000000c5600000, 0x00000000c5600000| Untracked 
|  39|0x00000000c5700000, 0x00000000c5700000, 0x00000000c5800000|  0%| F|  |TAMS 0x00000000c5700000, 0x00000000c5700000| Untracked 
|  40|0x00000000c5800000, 0x00000000c5800000, 0x00000000c5900000|  0%| F|  |TAMS 0x00000000c5800000, 0x00000000c5800000| Untracked 
|  41|0x00000000c5900000, 0x00000000c5900000, 0x00000000c5a00000|  0%| F|  |TAMS 0x00000000c5900000, 0x00000000c5900000| Untracked 
|  42|0x00000000c5a00000, 0x00000000c5a00000, 0x00000000c5b00000|  0%| F|  |TAMS 0x00000000c5a00000, 0x00000000c5a00000| Untracked 
|  43|0x00000000c5b00000, 0x00000000c5b00000, 0x00000000c5c00000|  0%| F|  |TAMS 0x00000000c5b00000, 0x00000000c5b00000| Untracked 
|  44|0x00000000c5c00000, 0x00000000c5c00000, 0x00000000c5d00000|  0%| F|  |TAMS 0x00000000c5c00000, 0x00000000c5c00000| Untracked 
|  45|0x00000000c5d00000, 0x00000000c5d00000, 0x00000000c5e00000|  0%| F|  |TAMS 0x00000000c5d00000, 0x00000000c5d00000| Untracked 
|  46|0x00000000c5e00000, 0x00000000c5e00000, 0x00000000c5f00000|  0%| F|  |TAMS 0x00000000c5e00000, 0x00000000c5e00000| Untracked 
|  47|0x00000000c5f00000, 0x00000000c5f00000, 0x00000000c6000000|  0%| F|  |TAMS 0x00000000c5f00000, 0x00000000c5f00000| Untracked 
|  48|0x00000000c6000000, 0x00000000c6000000, 0x00000000c6100000|  0%| F|  |TAMS 0x00000000c6000000, 0x00000000c6000000| Untracked 
|  49|0x00000000c6100000, 0x00000000c6100000, 0x00000000c6200000|  0%| F|  |TAMS 0x00000000c6100000, 0x00000000c6100000| Untracked 
|  50|0x00000000c6200000, 0x00000000c6200000, 0x00000000c6300000|  0%| F|  |TAMS 0x00000000c6200000, 0x00000000c6200000| Untracked 
|  51|0x00000000c6300000, 0x00000000c6300000, 0x00000000c6400000|  0%| F|  |TAMS 0x00000000c6300000, 0x00000000c6300000| Untracked 
|  52|0x00000000c6400000, 0x00000000c6400000, 0x00000000c6500000|  0%| F|  |TAMS 0x00000000c6400000, 0x00000000c6400000| Untracked 
|  53|0x00000000c6500000, 0x00000000c6500000, 0x00000000c6600000|  0%| F|  |TAMS 0x00000000c6500000, 0x00000000c6500000| Untracked 
|  54|0x00000000c6600000, 0x00000000c6700000, 0x00000000c6700000|100%| S|CS|TAMS 0x00000000c6600000, 0x00000000c6600000| Complete 
|  55|0x00000000c6700000, 0x00000000c6700000, 0x00000000c6800000|  0%| F|  |TAMS 0x00000000c6700000, 0x00000000c6700000| Untracked 
|  56|0x00000000c6800000, 0x00000000c6800000, 0x00000000c6900000|  0%| F|  |TAMS 0x00000000c6800000, 0x00000000c6800000| Untracked 
|  57|0x00000000c6900000, 0x00000000c6a00000, 0x00000000c6a00000|100%| E|  |TAMS 0x00000000c6900000, 0x00000000c6900000| Complete 
|  58|0x00000000c6a00000, 0x00000000c6b00000, 0x00000000c6b00000|100%| E|CS|TAMS 0x00000000c6a00000, 0x00000000c6a00000| Complete 
|  59|0x00000000c6b00000, 0x00000000c6c00000, 0x00000000c6c00000|100%| E|CS|TAMS 0x00000000c6b00000, 0x00000000c6b00000| Complete 
|  60|0x00000000c6c00000, 0x00000000c6d00000, 0x00000000c6d00000|100%| E|CS|TAMS 0x00000000c6c00000, 0x00000000c6c00000| Complete 
|  61|0x00000000c6d00000, 0x00000000c6e00000, 0x00000000c6e00000|100%| E|CS|TAMS 0x00000000c6d00000, 0x00000000c6d00000| Complete 
| 974|0x00000000ffe00000, 0x00000000ffe47000, 0x00000000fff00000| 27%|OA|  |TAMS 0x00000000ffe00000, 0x00000000ffe00000| Untracked 
| 975|0x00000000fff00000, 0x00000000fff6b000, 0x0000000100000000| 41%|CA|  |TAMS 0x00000000fff00000, 0x00000000fff00000| Untracked 

Card table byte_map: [0x00007f91872fa000,0x00007f91874e2000] _byte_map_base: 0x00007f9186ce2000

Marking Bits (Prev, Next): (CMBitMap*) 0x00007f91a0045388, (CMBitMap*) 0x00007f91a00453c0
 Prev Bits: [0x00007f91861d2000, 0x00007f9187112000)
 Next Bits: [0x00007f9185292000, 0x00007f91861d2000)

Polling page: 0x00007f91a7269000

Metaspace:

Usage:
  Non-class:      5.85 MB capacity,     3.37 MB ( 58%) used,     2.46 MB ( 42%) free+waste,    11.31 KB ( <1%) overhead. 
      Class:    733.00 KB capacity,   428.85 KB ( 59%) used,   298.02 KB ( 41%) free+waste,     6.12 KB ( <1%) overhead. 
       Both:      6.56 MB capacity,     3.79 MB ( 58%) used,     2.75 MB ( 42%) free+waste,    17.44 KB ( <1%) overhead. 

Virtual space:
  Non-class space:        8.00 MB reserved,       6.00 MB ( 75%) committed 
      Class space:        1.00 GB reserved,     768.00 KB ( <1%) committed 
             Both:        1.01 GB reserved,       6.75 MB ( <1%) committed 

Chunk freelists:
   Non-Class:  0 bytes
       Class:  3.00 KB
        Both:  3.00 KB

MaxMetaspaceSize: unlimited
CompressedClassSpaceSize: 1.00 GB
Initial GC threshold: 20.80 MB
Current GC threshold: 20.80 MB
CDS: on

CodeHeap 'non-profiled nmethods': size=120036Kb used=250Kb max_used=250Kb free=119785Kb
 bounds [0x00007f918f66b000, 0x00007f918f8db000, 0x00007f9196ba4000]
CodeHeap 'profiled nmethods': size=120032Kb used=1473Kb max_used=1473Kb free=118558Kb
 bounds [0x00007f9188133000, 0x00007f91883a3000, 0x00007f918f66b000]
CodeHeap 'non-nmethods': size=5692Kb used=1155Kb max_used=1169Kb free=4536Kb
 bounds [0x00007f9187ba4000, 0x00007f9187e14000, 0x00007f9188133000]
 total_blobs=1241 nmethods=826 adapters=329
 compilation: enabled
              stopped_count=0, restarted_count=0
 full_count=0

Compilation events (20 events):
Event: 0.551 Thread 0x00007f91a00c6000 nmethod 801 0x00007f9188293890 code [0x00007f9188293a60, 0x00007f9188293d80]
Event: 0.552 Thread 0x00007f91a00c6000  802       3       jdk.internal.org.objectweb.asm.ByteVector::enlarge (51 bytes)
Event: 0.552 Thread 0x00007f91a00c6000 nmethod 802 0x00007f9188293e90 code [0x00007f9188294060, 0x00007f9188294380]
Event: 0.552 Thread 0x00007f91a00c6000  803       3       jdk.internal.org.objectweb.asm.MethodWriter::visitTypeInsn (120 bytes)
Event: 0.552 Thread 0x00007f91a00c6000 nmethod 803 0x00007f9188294490 code [0x00007f9188294680, 0x00007f9188294a40]
Event: 0.552 Thread 0x00007f91a00c6000  804       3       jdk.internal.org.objectweb.asm.ClassWriter::newNameType (10 bytes)
Event: 0.552 Thread 0x00007f91a00c6000 nmethod 804 0x00007f9188294c10 code [0x00007f9188294dc0, 0x00007f9188294f00]
Event: 0.552 Thread 0x00007f91a00c6000  805       3       jdk.internal.org.objectweb.asm.ClassWriter::newNameTypeItem (71 bytes)
Event: 0.553 Thread 0x00007f91a00c6000 nmethod 805 0x00007f9188295010 code [0x00007f9188295240, 0x00007f91882956b0]
Event: 0.553 Thread 0x00007f91a00c6000  806       3       java.lang.invoke.LambdaForm$Name::<init> (44 bytes)
Event: 0.553 Thread 0x00007f91a00c6000 nmethod 806 0x00007f9188295910 code [0x00007f9188295b40, 0x00007f9188296100]
Event: 0.553 Thread 0x00007f91a00c6000  807       3       java.lang.invoke.LambdaForm$NamedFunction::returnType (11 bytes)
Event: 0.553 Thread 0x00007f91a00c6000 nmethod 807 0x00007f9188296410 code [0x00007f9188296620, 0x00007f9188296aa0]
Event: 0.553 Thread 0x00007f91a00c6000  808       3       java.lang.invoke.LambdaForm$Name::withConstraint (20 bytes)
Event: 0.553 Thread 0x00007f91a00c6000 nmethod 808 0x00007f9188296c90 code [0x00007f9188296e60, 0x00007f9188297080]
Event: 0.555 Thread 0x00007f91a00c6000  822       3       java.lang.AbstractStringBuilder::appendChars (130 bytes)
Event: 0.555 Thread 0x00007f91a00c6000 nmethod 822 0x00007f9188297190 code [0x00007f9188297400, 0x00007f9188297f00]
Event: 0.555 Thread 0x00007f91a00c6000  815       3       java.lang.invoke.InvokerBytecodeGenerator::getInternalName (98 bytes)
Event: 0.556 Thread 0x00007f91a00c6000 nmethod 815 0x00007f9188298490 code [0x00007f91882986a0, 0x00007f9188298b70]
Event: 0.556 Thread 0x00007f91a00c6000  819   !   3       java.lang.invoke.MemberName::getFieldType (177 bytes)

GC Heap History (2 events):
Event: 0.283 GC heap before
{Heap before GC invocations=0 (full 0):
 garbage-first heap   total 65536K, used 7880K [0x00000000c3000000, 0x0000000100000000)
  region size 1024K, 7 young (7168K), 0 survivors (0K)
 Metaspace       used 2735K, capacity 6255K, committed 6528K, reserved 1056768K
  class space    used 270K, capacity 619K, committed 640K, reserved 1048576K
}
Event: 0.289 GC heap after
{Heap after GC invocations=1 (full 0):
 garbage-first heap   total 65536K, used 2192K [0x00000000c3000000, 0x0000000100000000)
  region size 1024K, 1 young (1024K), 1 survivors (1024K)
 Metaspace       used 2735K, capacity 6255K, committed 6528K, reserved 1056768K
  class space    used 270K, capacity 619K, committed 640K, reserved 1048576K
}

Deoptimization events (20 events):
Event: 0.302 Thread 0x00007f91a0017000 Uncommon trap: trap_request=0xffffffbe fr.pc=0x00007f918f692e14 relative=0x00000000000003d4
Event: 0.302 Thread 0x00007f91a0017000 Uncommon trap: reason=profile_predicate action=maybe_recompile pc=0x00007f918f692e14 method=java.lang.StringLatin1.indexOf([BI[BII)I @ 18 c2
Event: 0.302 Thread 0x00007f91a0017000 DEOPT PACKING pc=0x00007f918f692e14 sp=0x00007f91a7251310
Event: 0.302 Thread 0x00007f91a0017000 DEOPT UNPACKING pc=0x00007f9187bedea5 sp=0x00007f91a7251290 mode 2
Event: 0.302 Thread 0x00007f91a0017000 Uncommon trap: trap_request=0xffffffbe fr.pc=0x00007f918f692e14 relative=0x00000000000003d4
Event: 0.302 Thread 0x00007f91a0017000 Uncommon trap: reason=profile_predicate action=maybe_recompile pc=0x00007f918f692e14 method=java.lang.StringLatin1.indexOf([BI[BII)I @ 18 c2
Event: 0.302 Thread 0x00007f91a0017000 DEOPT PACKING pc=0x00007f918f692e14 sp=0x00007f91a7251310
Event: 0.302 Thread 0x00007f91a0017000 DEOPT UNPACKING pc=0x00007f9187bedea5 sp=0x00007f91a7251290 mode 2
Event: 0.302 Thread 0x00007f91a0017000 Uncommon trap: trap_request=0xffffffbe fr.pc=0x00007f918f692e14 relative=0x00000000000003d4
Event: 0.302 Thread 0x00007f91a0017000 Uncommon trap: reason=profile_predicate action=maybe_recompile pc=0x00007f918f692e14 method=java.lang.StringLatin1.indexOf([BI[BII)I @ 18 c2
Event: 0.302 Thread 0x00007f91a0017000 DEOPT PACKING pc=0x00007f918f692e14 sp=0x00007f91a7251310
Event: 0.302 Thread 0x00007f91a0017000 DEOPT UNPACKING pc=0x00007f9187bedea5 sp=0x00007f91a7251290 mode 2
Event: 0.335 Thread 0x00007f91a0017000 DEOPT PACKING pc=0x00007f91881dd124 sp=0x00007f91a7250ab0
Event: 0.335 Thread 0x00007f91a0017000 DEOPT UNPACKING pc=0x00007f9187bee64a sp=0x00007f91a724ff28 mode 0
Event: 0.352 Thread 0x00007f91a0017000 DEOPT PACKING pc=0x00007f91881df442 sp=0x00007f91a724fda0
Event: 0.352 Thread 0x00007f91a0017000 DEOPT UNPACKING pc=0x00007f9187bee64a sp=0x00007f91a724f228 mode 0
Event: 0.364 Thread 0x00007f91a0017000 DEOPT PACKING pc=0x00007f918822415d sp=0x00007f91a72518d0
Event: 0.364 Thread 0x00007f91a0017000 DEOPT UNPACKING pc=0x00007f9187bee64a sp=0x00007f91a7250d50 mode 0
Event: 0.371 Thread 0x00007f91a0017000 DEOPT PACKING pc=0x00007f918817414f sp=0x00007f91a7251770
Event: 0.371 Thread 0x00007f91a0017000 DEOPT UNPACKING pc=0x00007f9187bee64a sp=0x00007f91a7250c18 mode 0

Classes redefined (0 events):
No events

Internal exceptions (20 events):
Event: 0.263 Thread 0x00007f91a0017000 Exception <a 'java/security/PrivilegedActionException'{0x00000000c6863620}> (0x00000000c6863620) thrown at [src/hotspot/share/prims/jvm.cpp, line 1306]
Event: 0.263 Thread 0x00007f91a0017000 Exception <a 'java/security/PrivilegedActionException'{0x00000000c68638f0}> (0x00000000c68638f0) thrown at [src/hotspot/share/prims/jvm.cpp, line 1306]
Event: 0.263 Thread 0x00007f91a0017000 Exception <a 'java/security/PrivilegedActionException'{0x00000000c6864260}> (0x00000000c6864260) thrown at [src/hotspot/share/prims/jvm.cpp, line 1306]
Event: 0.263 Thread 0x00007f91a0017000 Exception <a 'java/security/PrivilegedActionException'{0x00000000c6864530}> (0x00000000c6864530) thrown at [src/hotspot/share/prims/jvm.cpp, line 1306]
Event: 0.263 Thread 0x00007f91a0017000 Exception <a 'java/security/PrivilegedActionException'{0x00000000c6864eb8}> (0x00000000c6864eb8) thrown at [src/hotspot/share/prims/jvm.cpp, line 1306]
Event: 0.263 Thread 0x00007f91a0017000 Exception <a 'java/security/PrivilegedActionException'{0x00000000c6865188}> (0x00000000c6865188) thrown at [src/hotspot/share/prims/jvm.cpp, line 1306]
Event: 0.263 Thread 0x00007f91a0017000 Exception <a 'java/security/PrivilegedActionException'{0x00000000c6865b10}> (0x00000000c6865b10) thrown at [src/hotspot/share/prims/jvm.cpp, line 1306]
Event: 0.263 Thread 0x00007f91a0017000 Exception <a 'java/security/PrivilegedActionException'{0x00000000c6865de0}> (0x00000000c6865de0) thrown at [src/hotspot/share/prims/jvm.cpp, line 1306]
Event: 0.263 Thread 0x00007f91a0017000 Exception <a 'java/security/PrivilegedActionException'{0x00000000c6866768}> (0x00000000c6866768) thrown at [src/hotspot/share/prims/jvm.cpp, line 1306]
Event: 0.263 Thread 0x00007f91a0017000 Exception <a 'java/security/PrivilegedActionException'{0x00000000c6866a38}> (0x00000000c6866a38) thrown at [src/hotspot/share/prims/jvm.cpp, line 1306]
Event: 0.263 Thread 0x00007f91a0017000 Exception <a 'java/security/PrivilegedActionException'{0x00000000c68673a8}> (0x00000000c68673a8) thrown at [src/hotspot/share/prims/jvm.cpp, line 1306]
Event: 0.263 Thread 0x00007f91a0017000 Exception <a 'java/security/PrivilegedActionException'{0x00000000c6867678}> (0x00000000c6867678) thrown at [src/hotspot/share/prims/jvm.cpp, line 1306]
Event: 0.263 Thread 0x00007f91a0017000 Exception <a 'java/security/PrivilegedActionException'{0x00000000c6868000}> (0x00000000c6868000) thrown at [src/hotspot/share/prims/jvm.cpp, line 1306]
Event: 0.263 Thread 0x00007f91a0017000 Exception <a 'java/security/PrivilegedActionException'{0x00000000c68682d0}> (0x00000000c68682d0) thrown at [src/hotspot/share/prims/jvm.cpp, line 1306]
Event: 0.263 Thread 0x00007f91a0017000 Exception <a 'java/security/PrivilegedActionException'{0x00000000c68d4810}> (0x00000000c68d4810) thrown at [src/hotspot/share/prims/jvm.cpp, line 1306]
Event: 0.263 Thread 0x00007f91a0017000 Exception <a 'java/security/PrivilegedActionException'{0x00000000c68d4ae0}> (0x00000000c68d4ae0) thrown at [src/hotspot/share/prims/jvm.cpp, line 1306]
Event: 0.280 Thread 0x00007f91a0017000 Exception <a 'java/lang/NoSuchMethodError'{0x00000000c67dd6a0}: 'int java.lang.invoke.DirectMethodHandle$Holder.invokeStaticInit(java.lang.Object, java.lang.Object, java.lang.Object, java.lang.Object)'> (0x00000000c67dd6a0) thrown at [src/hotspot/share/interpreter/linkResolver.cpp, line 773]
Event: 0.281 Thread 0x00007f91a0017000 Exception <a 'java/lang/IncompatibleClassChangeError'{0x00000000c67e7080}: Found class java.lang.Object, but interface was expected> (0x00000000c67e7080) thrown at [src/hotspot/share/interpreter/linkResolver.cpp, line 839]
Event: 0.281 Thread 0x00007f91a0017000 Exception <a 'java/lang/NoSuchMethodError'{0x00000000c67ea2d0}: 'void java.lang.invoke.DirectMethodHandle$Holder.invokeStaticInit(java.lang.Object, java.lang.Object)'> (0x00000000c67ea2d0) thrown at [src/hotspot/share/interpreter/linkResolver.cpp, line 773]
Event: 0.281 Thread 0x00007f91a0017000 Exception <a 'java/lang/NoSuchMethodError'{0x00000000c67efd08}: 'int java.lang.invoke.DirectMethodHandle$Holder.invokeStaticInit(java.lang.Object, java.lang.Object)'> (0x00000000c67efd08) thrown at [src/hotspot/share/interpreter/linkResolver.cpp, line 773]

Events (20 events):
Event: 0.528 loading class org/bytedeco/llvm/LLVM/LLVMObjectFileRef
Event: 0.528 loading class org/bytedeco/llvm/LLVM/LLVMObjectFileRef done
Event: 0.529 loading class org/bytedeco/llvm/LLVM/LLVMTargetRef
Event: 0.529 loading class org/bytedeco/llvm/LLVM/LLVMTargetRef done
Event: 0.529 loading class org/bytedeco/llvm/LLVM/LLVMPassManagerBuilderRef
Event: 0.529 loading class org/bytedeco/llvm/LLVM/LLVMPassManagerBuilderRef done
Event: 0.530 loading class org/bytedeco/llvm/LLVM/LLVMPassBuilderOptionsRef
Event: 0.530 loading class org/bytedeco/llvm/LLVM/LLVMPassBuilderOptionsRef done
Event: 0.530 loading class org/bytedeco/llvm/LLVM/Pass
Event: 0.530 loading class org/bytedeco/llvm/LLVM/Pass done
Event: 0.530 loading class org/bytedeco/llvm/LLVM/LLVMNamedMDNodeRef
Event: 0.530 loading class org/bytedeco/llvm/LLVM/LLVMNamedMDNodeRef done
Event: 0.531 loading class org/bytedeco/llvm/LLVM/LLVMUseRef
Event: 0.531 loading class org/bytedeco/llvm/LLVM/LLVMUseRef done
Event: 0.545 loading class org/bytedeco/javacpp/PointerScope
Event: 0.545 loading class org/bytedeco/javacpp/PointerScope done
Event: 0.546 loading class org/bytedeco/javacpp/PointerScope$1
Event: 0.546 loading class org/bytedeco/javacpp/PointerScope$1 done
Event: 0.555 loading class java/lang/invoke/BoundMethodHandle$Species_LLLLLLIIL
Event: 0.555 loading class java/lang/invoke/BoundMethodHandle$Species_LLLLLLIIL done


Dynamic libraries:
c3000000-c6e00000 rw-p 00000000 00:00 0 
c6e00000-ffe00000 ---p 00000000 00:00 0 
ffe00000-ffe47000 rw-p 00b0a000 08:01 926690                             /usr/lib/jvm/java-11-openjdk-amd64/lib/server/classes.jsa
ffe47000-fff00000 rw-p 00000000 00:00 0 
fff00000-fff6b000 rw-p 00a9f000 08:01 926690                             /usr/lib/jvm/java-11-openjdk-amd64/lib/server/classes.jsa
fff6b000-100000000 rw-p 00000000 00:00 0 
800000000-800002000 rwxp 00001000 08:01 926690                           /usr/lib/jvm/java-11-openjdk-amd64/lib/server/classes.jsa
800002000-8003cc000 rw-p 00003000 08:01 926690                           /usr/lib/jvm/java-11-openjdk-amd64/lib/server/classes.jsa
8003cc000-800a9d000 r--p 003cd000 08:01 926690                           /usr/lib/jvm/java-11-openjdk-amd64/lib/server/classes.jsa
800a9d000-800a9e000 rw-p 00a9e000 08:01 926690                           /usr/lib/jvm/java-11-openjdk-amd64/lib/server/classes.jsa
840000000-8400c0000 rw-p 00000000 00:00 0 
8400c0000-880000000 ---p 00000000 00:00 0 
557c14d5b000-557c14d5c000 r-xp 00000000 08:01 926076                     /usr/lib/jvm/java-11-openjdk-amd64/bin/java
557c14f5c000-557c14f5d000 r--p 00001000 08:01 926076                     /usr/lib/jvm/java-11-openjdk-amd64/bin/java
557c14f5d000-557c14f5e000 rw-p 00002000 08:01 926076                     /usr/lib/jvm/java-11-openjdk-amd64/bin/java
557c16d4f000-557c16d70000 rw-p 00000000 00:00 0                          [heap]
7f914152c000-7f9141e52000 r--p 00000000 08:01 6297972                    /home/syd/.javacpp/cache/llvm-13.0.1-1.5.7-linux-x86_64.jar/org/bytedeco/llvm/linux-x86_64/libLLVM-13.so
7f9141e52000-7f9145815000 r-xp 00926000 08:01 6297972                    /home/syd/.javacpp/cache/llvm-13.0.1-1.5.7-linux-x86_64.jar/org/bytedeco/llvm/linux-x86_64/libLLVM-13.so
7f9145815000-7f9147a6a000 r--p 042e9000 08:01 6297972                    /home/syd/.javacpp/cache/llvm-13.0.1-1.5.7-linux-x86_64.jar/org/bytedeco/llvm/linux-x86_64/libLLVM-13.so
7f9147a6a000-7f9147f7f000 r--p 0653d000 08:01 6297972                    /home/syd/.javacpp/cache/llvm-13.0.1-1.5.7-linux-x86_64.jar/org/bytedeco/llvm/linux-x86_64/libLLVM-13.so
7f9147f7f000-7f9147f8a000 rw-p 06a52000 08:01 6297972                    /home/syd/.javacpp/cache/llvm-13.0.1-1.5.7-linux-x86_64.jar/org/bytedeco/llvm/linux-x86_64/libLLVM-13.so
7f9147f8a000-7f9148000000 rw-p 00000000 00:00 0 
7f9148000000-7f9148021000 rw-p 00000000 00:00 0 
7f9148021000-7f914c000000 ---p 00000000 00:00 0 
7f914c000000-7f914c021000 rw-p 00000000 00:00 0 
7f914c021000-7f9150000000 ---p 00000000 00:00 0 
7f9150000000-7f9150297000 rw-p 00000000 00:00 0 
7f9150297000-7f9154000000 ---p 00000000 00:00 0 
7f9154000000-7f91544e0000 rw-p 00000000 00:00 0 
7f91544e0000-7f9158000000 ---p 00000000 00:00 0 
7f9158000000-7f9158021000 rw-p 00000000 00:00 0 
7f9158021000-7f915c000000 ---p 00000000 00:00 0 
7f915c000000-7f915c021000 rw-p 00000000 00:00 0 
7f915c021000-7f9160000000 ---p 00000000 00:00 0 
7f9160000000-7f9160021000 rw-p 00000000 00:00 0 
7f9160021000-7f9164000000 ---p 00000000 00:00 0 
7f9164000000-7f9164021000 rw-p 00000000 00:00 0 
7f9164021000-7f9168000000 ---p 00000000 00:00 0 
7f9168000000-7f9168021000 rw-p 00000000 00:00 0 
7f9168021000-7f916c000000 ---p 00000000 00:00 0 
7f916c000000-7f916c021000 rw-p 00000000 00:00 0 
7f916c021000-7f9170000000 ---p 00000000 00:00 0 
7f9170000000-7f9170021000 rw-p 00000000 00:00 0 
7f9170021000-7f9174000000 ---p 00000000 00:00 0 
7f9174d34000-7f9174d99000 r--p 00000000 08:01 6297977                    /home/syd/.javacpp/cache/llvm-13.0.1-1.5.7-linux-x86_64.jar/org/bytedeco/llvm/linux-x86_64/libjniLLVM.so
7f9174d99000-7f9174e07000 r-xp 00065000 08:01 6297977                    /home/syd/.javacpp/cache/llvm-13.0.1-1.5.7-linux-x86_64.jar/org/bytedeco/llvm/linux-x86_64/libjniLLVM.so
7f9174e07000-7f9174e32000 r--p 000d3000 08:01 6297977                    /home/syd/.javacpp/cache/llvm-13.0.1-1.5.7-linux-x86_64.jar/org/bytedeco/llvm/linux-x86_64/libjniLLVM.so
7f9174e32000-7f9174e35000 r--p 000fd000 08:01 6297977                    /home/syd/.javacpp/cache/llvm-13.0.1-1.5.7-linux-x86_64.jar/org/bytedeco/llvm/linux-x86_64/libjniLLVM.so
7f9174e35000-7f9174e38000 rw-p 00100000 08:01 6297977                    /home/syd/.javacpp/cache/llvm-13.0.1-1.5.7-linux-x86_64.jar/org/bytedeco/llvm/linux-x86_64/libjniLLVM.so
7f9174e38000-7f9174e3a000 rw-p 00000000 00:00 0 
7f9174e3a000-7f9174e3e000 ---p 00000000 00:00 0 
7f9174e3e000-7f9174f3b000 rw-p 00000000 00:00 0 
7f9174f3b000-7f9174f3c000 ---p 00000000 00:00 0 
7f9174f3c000-7f917503d000 rw-p 00000000 00:00 0 
7f917503d000-7f9175052000 r-xp 00000000 08:01 926225                     /usr/lib/jvm/java-11-openjdk-amd64/lib/libnet.so
7f9175052000-7f9175251000 ---p 00015000 08:01 926225                     /usr/lib/jvm/java-11-openjdk-amd64/lib/libnet.so
7f9175251000-7f9175252000 r--p 00014000 08:01 926225                     /usr/lib/jvm/java-11-openjdk-amd64/lib/libnet.so
7f9175252000-7f9175253000 rw-p 00015000 08:01 926225                     /usr/lib/jvm/java-11-openjdk-amd64/lib/libnet.so
7f9175253000-7f9175263000 r-xp 00000000 08:01 926226                     /usr/lib/jvm/java-11-openjdk-amd64/lib/libnio.so
7f9175263000-7f9175462000 ---p 00010000 08:01 926226                     /usr/lib/jvm/java-11-openjdk-amd64/lib/libnio.so
7f9175462000-7f9175463000 r--p 0000f000 08:01 926226                     /usr/lib/jvm/java-11-openjdk-amd64/lib/libnio.so
7f9175463000-7f9175464000 rw-p 00010000 08:01 926226                     /usr/lib/jvm/java-11-openjdk-amd64/lib/libnio.so
7f9175464000-7f9175468000 ---p 00000000 00:00 0 
7f9175468000-7f9175565000 rw-p 00000000 00:00 0 
7f9175565000-7f9175566000 ---p 00000000 00:00 0 
7f9175566000-7f9175667000 rw-p 00000000 00:00 0 
7f9175667000-7f917566b000 ---p 00000000 00:00 0 
7f917566b000-7f9175768000 rw-p 00000000 00:00 0 
7f9175768000-7f917576c000 ---p 00000000 00:00 0 
7f917576c000-7f9175869000 rw-p 00000000 00:00 0 
7f9175869000-7f917586d000 ---p 00000000 00:00 0 
7f917586d000-7f917596a000 rw-p 00000000 00:00 0 
7f917596a000-7f917596e000 ---p 00000000 00:00 0 
7f917596e000-7f9175a6b000 rw-p 00000000 00:00 0 
7f9175a6b000-7f9175a6f000 ---p 00000000 00:00 0 
7f9175a6f000-7f9175b6c000 rw-p 00000000 00:00 0 
7f9175b6c000-7f9176000000 r--p 00000000 08:01 666827                     /usr/lib/locale/locale-archive
7f9176000000-7f9178000000 rw-p 00000000 00:00 0 
7f9178000000-7f9178021000 rw-p 00000000 00:00 0 
7f9178021000-7f917c000000 ---p 00000000 00:00 0 
7f917c000000-7f917c021000 rw-p 00000000 00:00 0 
7f917c021000-7f9180000000 ---p 00000000 00:00 0 
7f9180000000-7f9180021000 rw-p 00000000 00:00 0 
7f9180021000-7f9184000000 ---p 00000000 00:00 0 
7f91840a8000-7f91840ac000 ---p 00000000 00:00 0 
7f91840ac000-7f91841a9000 rw-p 00000000 00:00 0 
7f91841a9000-7f91841ad000 ---p 00000000 00:00 0 
7f91841ad000-7f91842aa000 rw-p 00000000 00:00 0 
7f91842aa000-7f91842ab000 ---p 00000000 00:00 0 
7f91842ab000-7f9184a88000 rw-p 00000000 00:00 0 
7f9184a88000-7f9184c88000 ---p 00000000 00:00 0 
7f9184c88000-7f9184c89000 ---p 00000000 00:00 0 
7f9184c89000-7f9184d8a000 rw-p 00000000 00:00 0 
7f9184d8a000-7f9184d8b000 ---p 00000000 00:00 0 
7f9184d8b000-7f918508e000 rw-p 00000000 00:00 0 
7f918508e000-7f918508f000 ---p 00000000 00:00 0 
7f918508f000-7f9185190000 rw-p 00000000 00:00 0 
7f9185190000-7f9185191000 ---p 00000000 00:00 0 
7f9185191000-7f918538a000 rw-p 00000000 00:00 0 
7f918538a000-7f91861ca000 ---p 00000000 00:00 0 
7f91861ca000-7f91862ca000 rw-p 00000000 00:00 0 
7f91862ca000-7f918710a000 ---p 00000000 00:00 0 
7f918710a000-7f9187131000 rw-p 00000000 00:00 0 
7f9187131000-7f91872f9000 ---p 00000000 00:00 0 
7f91872f9000-7f9187319000 rw-p 00000000 00:00 0 
7f9187319000-7f91874e1000 ---p 00000000 00:00 0 
7f91874e1000-7f9187501000 rw-p 00000000 00:00 0 
7f9187501000-7f91876c9000 ---p 00000000 00:00 0 
7f91876c9000-7f91878cc000 rw-p 00000000 00:00 0 
7f91878cc000-7f91878cd000 ---p 00000000 00:00 0 
7f91878cd000-7f91879d3000 rw-p 00000000 00:00 0 
7f91879d3000-7f9187ab9000 ---p 00000000 00:00 0 
7f9187ab9000-7f9187abe000 rw-p 00000000 00:00 0 
7f9187abe000-7f9187ba4000 ---p 00000000 00:00 0 
7f9187ba4000-7f9187e14000 rwxp 00000000 00:00 0 
7f9187e14000-7f9188133000 ---p 00000000 00:00 0 
7f9188133000-7f91883a3000 rwxp 00000000 00:00 0 
7f91883a3000-7f918f66b000 ---p 00000000 00:00 0 
7f918f66b000-7f918f8db000 rwxp 00000000 00:00 0 
7f918f8db000-7f9196ba4000 ---p 00000000 00:00 0 
7f9196ba4000-7f919f3af000 r--s 00000000 08:01 926235                     /usr/lib/jvm/java-11-openjdk-amd64/lib/modules
7f919f3af000-7f919f3b6000 r-xp 00000000 08:01 926234                     /usr/lib/jvm/java-11-openjdk-amd64/lib/libzip.so
7f919f3b6000-7f919f5b6000 ---p 00007000 08:01 926234                     /usr/lib/jvm/java-11-openjdk-amd64/lib/libzip.so
7f919f5b6000-7f919f5b7000 r--p 00007000 08:01 926234                     /usr/lib/jvm/java-11-openjdk-amd64/lib/libzip.so
7f919f5b7000-7f919f5b8000 rw-p 00008000 08:01 926234                     /usr/lib/jvm/java-11-openjdk-amd64/lib/libzip.so
7f919f5b8000-7f919f5c3000 r-xp 00000000 08:01 1709194                    /lib/x86_64-linux-gnu/libnss_files-2.27.so
7f919f5c3000-7f919f7c2000 ---p 0000b000 08:01 1709194                    /lib/x86_64-linux-gnu/libnss_files-2.27.so
7f919f7c2000-7f919f7c3000 r--p 0000a000 08:01 1709194                    /lib/x86_64-linux-gnu/libnss_files-2.27.so
7f919f7c3000-7f919f7c4000 rw-p 0000b000 08:01 1709194                    /lib/x86_64-linux-gnu/libnss_files-2.27.so
7f919f7c4000-7f919f7ca000 rw-p 00000000 00:00 0 
7f919f7ca000-7f919f7e1000 r-xp 00000000 08:01 1709191                    /lib/x86_64-linux-gnu/libnsl-2.27.so
7f919f7e1000-7f919f9e0000 ---p 00017000 08:01 1709191                    /lib/x86_64-linux-gnu/libnsl-2.27.so
7f919f9e0000-7f919f9e1000 r--p 00016000 08:01 1709191                    /lib/x86_64-linux-gnu/libnsl-2.27.so
7f919f9e1000-7f919f9e2000 rw-p 00017000 08:01 1709191                    /lib/x86_64-linux-gnu/libnsl-2.27.so
7f919f9e2000-7f919f9e4000 rw-p 00000000 00:00 0 
7f919f9e4000-7f919f9ef000 r-xp 00000000 08:01 1709196                    /lib/x86_64-linux-gnu/libnss_nis-2.27.so
7f919f9ef000-7f919fbee000 ---p 0000b000 08:01 1709196                    /lib/x86_64-linux-gnu/libnss_nis-2.27.so
7f919fbee000-7f919fbef000 r--p 0000a000 08:01 1709196                    /lib/x86_64-linux-gnu/libnss_nis-2.27.so
7f919fbef000-7f919fbf0000 rw-p 0000b000 08:01 1709196                    /lib/x86_64-linux-gnu/libnss_nis-2.27.so
7f919fbf0000-7f919fbf8000 r-xp 00000000 08:01 1709192                    /lib/x86_64-linux-gnu/libnss_compat-2.27.so
7f919fbf8000-7f919fdf8000 ---p 00008000 08:01 1709192                    /lib/x86_64-linux-gnu/libnss_compat-2.27.so
7f919fdf8000-7f919fdf9000 r--p 00008000 08:01 1709192                    /lib/x86_64-linux-gnu/libnss_compat-2.27.so
7f919fdf9000-7f919fdfa000 rw-p 00009000 08:01 1709192                    /lib/x86_64-linux-gnu/libnss_compat-2.27.so
7f919fdfa000-7f919fdff000 r-xp 00000000 08:01 926217                     /usr/lib/jvm/java-11-openjdk-amd64/lib/libjimage.so
7f919fdff000-7f919fffe000 ---p 00005000 08:01 926217                     /usr/lib/jvm/java-11-openjdk-amd64/lib/libjimage.so
7f919fffe000-7f919ffff000 r--p 00004000 08:01 926217                     /usr/lib/jvm/java-11-openjdk-amd64/lib/libjimage.so
7f919ffff000-7f91a0000000 rw-p 00005000 08:01 926217                     /usr/lib/jvm/java-11-openjdk-amd64/lib/libjimage.so
7f91a0000000-7f91a0347000 rw-p 00000000 00:00 0 
7f91a0347000-7f91a4000000 ---p 00000000 00:00 0 
7f91a4012000-7f91a4019000 r--p 00000000 08:01 6297973                    /home/syd/.javacpp/cache/llvm-13.0.1-1.5.7-linux-x86_64.jar/org/bytedeco/llvm/linux-x86_64/libLTO.so.13
7f91a4019000-7f91a4021000 r-xp 00007000 08:01 6297973                    /home/syd/.javacpp/cache/llvm-13.0.1-1.5.7-linux-x86_64.jar/org/bytedeco/llvm/linux-x86_64/libLTO.so.13
7f91a4021000-7f91a4023000 r--p 0000f000 08:01 6297973                    /home/syd/.javacpp/cache/llvm-13.0.1-1.5.7-linux-x86_64.jar/org/bytedeco/llvm/linux-x86_64/libLTO.so.13
7f91a4023000-7f91a4024000 r--p 00010000 08:01 6297973                    /home/syd/.javacpp/cache/llvm-13.0.1-1.5.7-linux-x86_64.jar/org/bytedeco/llvm/linux-x86_64/libLTO.so.13
7f91a4024000-7f91a4025000 rw-p 00011000 08:01 6297973                    /home/syd/.javacpp/cache/llvm-13.0.1-1.5.7-linux-x86_64.jar/org/bytedeco/llvm/linux-x86_64/libLTO.so.13
7f91a4025000-7f91a404e000 r-xp 00000000 08:01 926214                     /usr/lib/jvm/java-11-openjdk-amd64/lib/libjava.so
7f91a404e000-7f91a424d000 ---p 00029000 08:01 926214                     /usr/lib/jvm/java-11-openjdk-amd64/lib/libjava.so
7f91a424d000-7f91a424e000 r--p 00028000 08:01 926214                     /usr/lib/jvm/java-11-openjdk-amd64/lib/libjava.so
7f91a424e000-7f91a424f000 rw-p 00029000 08:01 926214                     /usr/lib/jvm/java-11-openjdk-amd64/lib/libjava.so
7f91a424f000-7f91a4250000 rw-p 00000000 00:00 0 
7f91a4250000-7f91a425d000 r-xp 00000000 08:01 926233                     /usr/lib/jvm/java-11-openjdk-amd64/lib/libverify.so
7f91a425d000-7f91a445c000 ---p 0000d000 08:01 926233                     /usr/lib/jvm/java-11-openjdk-amd64/lib/libverify.so
7f91a445c000-7f91a445e000 r--p 0000c000 08:01 926233                     /usr/lib/jvm/java-11-openjdk-amd64/lib/libverify.so
7f91a445e000-7f91a445f000 rw-p 0000e000 08:01 926233                     /usr/lib/jvm/java-11-openjdk-amd64/lib/libverify.so
7f91a445f000-7f91a4466000 r-xp 00000000 08:01 1709201                    /lib/x86_64-linux-gnu/librt-2.27.so
7f91a4466000-7f91a4665000 ---p 00007000 08:01 1709201                    /lib/x86_64-linux-gnu/librt-2.27.so
7f91a4665000-7f91a4666000 r--p 00006000 08:01 1709201                    /lib/x86_64-linux-gnu/librt-2.27.so
7f91a4666000-7f91a4667000 rw-p 00007000 08:01 1709201                    /lib/x86_64-linux-gnu/librt-2.27.so
7f91a4667000-7f91a467e000 r-xp 00000000 08:01 1709327                    /lib/x86_64-linux-gnu/libgcc_s.so.1
7f91a467e000-7f91a487d000 ---p 00017000 08:01 1709327                    /lib/x86_64-linux-gnu/libgcc_s.so.1
7f91a487d000-7f91a487e000 r--p 00016000 08:01 1709327                    /lib/x86_64-linux-gnu/libgcc_s.so.1
7f91a487e000-7f91a487f000 rw-p 00017000 08:01 1709327                    /lib/x86_64-linux-gnu/libgcc_s.so.1
7f91a487f000-7f91a4a1c000 r-xp 00000000 08:01 1709188                    /lib/x86_64-linux-gnu/libm-2.27.so
7f91a4a1c000-7f91a4c1b000 ---p 0019d000 08:01 1709188                    /lib/x86_64-linux-gnu/libm-2.27.so
7f91a4c1b000-7f91a4c1c000 r--p 0019c000 08:01 1709188                    /lib/x86_64-linux-gnu/libm-2.27.so
7f91a4c1c000-7f91a4c1d000 rw-p 0019d000 08:01 1709188                    /lib/x86_64-linux-gnu/libm-2.27.so
7f91a4c1d000-7f91a4d96000 r-xp 00000000 08:01 664741                     /usr/lib/x86_64-linux-gnu/libstdc++.so.6.0.25
7f91a4d96000-7f91a4f96000 ---p 00179000 08:01 664741                     /usr/lib/x86_64-linux-gnu/libstdc++.so.6.0.25
7f91a4f96000-7f91a4fa0000 r--p 00179000 08:01 664741                     /usr/lib/x86_64-linux-gnu/libstdc++.so.6.0.25
7f91a4fa0000-7f91a4fa2000 rw-p 00183000 08:01 664741                     /usr/lib/x86_64-linux-gnu/libstdc++.so.6.0.25
7f91a4fa2000-7f91a4fa6000 rw-p 00000000 00:00 0 
7f91a4fa6000-7f91a60ad000 r-xp 00000000 08:01 926240                     /usr/lib/jvm/java-11-openjdk-amd64/lib/server/libjvm.so
7f91a60ad000-7f91a62ad000 ---p 01107000 08:01 926240                     /usr/lib/jvm/java-11-openjdk-amd64/lib/server/libjvm.so
7f91a62ad000-7f91a6371000 r--p 01107000 08:01 926240                     /usr/lib/jvm/java-11-openjdk-amd64/lib/server/libjvm.so
7f91a6371000-7f91a63ac000 rw-p 011cb000 08:01 926240                     /usr/lib/jvm/java-11-openjdk-amd64/lib/server/libjvm.so
7f91a63ac000-7f91a6403000 rw-p 00000000 00:00 0 
7f91a6403000-7f91a641d000 r-xp 00000000 08:01 1709199                    /lib/x86_64-linux-gnu/libpthread-2.27.so
7f91a641d000-7f91a661c000 ---p 0001a000 08:01 1709199                    /lib/x86_64-linux-gnu/libpthread-2.27.so
7f91a661c000-7f91a661d000 r--p 00019000 08:01 1709199                    /lib/x86_64-linux-gnu/libpthread-2.27.so
7f91a661d000-7f91a661e000 rw-p 0001a000 08:01 1709199                    /lib/x86_64-linux-gnu/libpthread-2.27.so
7f91a661e000-7f91a6622000 rw-p 00000000 00:00 0 
7f91a6622000-7f91a6625000 r-xp 00000000 08:01 1709187                    /lib/x86_64-linux-gnu/libdl-2.27.so
7f91a6625000-7f91a6824000 ---p 00003000 08:01 1709187                    /lib/x86_64-linux-gnu/libdl-2.27.so
7f91a6824000-7f91a6825000 r--p 00002000 08:01 1709187                    /lib/x86_64-linux-gnu/libdl-2.27.so
7f91a6825000-7f91a6826000 rw-p 00003000 08:01 1709187                    /lib/x86_64-linux-gnu/libdl-2.27.so
7f91a6826000-7f91a6842000 r-xp 00000000 08:01 1704012                    /lib/x86_64-linux-gnu/libz.so.1.2.11
7f91a6842000-7f91a6a41000 ---p 0001c000 08:01 1704012                    /lib/x86_64-linux-gnu/libz.so.1.2.11
7f91a6a41000-7f91a6a42000 r--p 0001b000 08:01 1704012                    /lib/x86_64-linux-gnu/libz.so.1.2.11
7f91a6a42000-7f91a6a43000 rw-p 0001c000 08:01 1704012                    /lib/x86_64-linux-gnu/libz.so.1.2.11
7f91a6a43000-7f91a6c2a000 r-xp 00000000 08:01 1709184                    /lib/x86_64-linux-gnu/libc-2.27.so
7f91a6c2a000-7f91a6e2a000 ---p 001e7000 08:01 1709184                    /lib/x86_64-linux-gnu/libc-2.27.so
7f91a6e2a000-7f91a6e2e000 r--p 001e7000 08:01 1709184                    /lib/x86_64-linux-gnu/libc-2.27.so
7f91a6e2e000-7f91a6e30000 rw-p 001eb000 08:01 1709184                    /lib/x86_64-linux-gnu/libc-2.27.so
7f91a6e30000-7f91a6e34000 rw-p 00000000 00:00 0 
7f91a6e34000-7f91a6e43000 r-xp 00000000 08:01 926199                     /usr/lib/jvm/java-11-openjdk-amd64/lib/jli/libjli.so
7f91a6e43000-7f91a7042000 ---p 0000f000 08:01 926199                     /usr/lib/jvm/java-11-openjdk-amd64/lib/jli/libjli.so
7f91a7042000-7f91a7043000 r--p 0000e000 08:01 926199                     /usr/lib/jvm/java-11-openjdk-amd64/lib/jli/libjli.so
7f91a7043000-7f91a7044000 rw-p 0000f000 08:01 926199                     /usr/lib/jvm/java-11-openjdk-amd64/lib/jli/libjli.so
7f91a7044000-7f91a706d000 r-xp 00000000 08:01 1703942                    /lib/x86_64-linux-gnu/ld-2.27.so
7f91a7073000-7f91a707a000 r--s 00000000 08:01 920620                     /usr/lib/x86_64-linux-gnu/gconv/gconv-modules.cache
7f91a707a000-7f91a707e000 r--p 00000000 08:01 6297966                    /home/syd/.javacpp/cache/javacpp-1.5.7-linux-x86_64.jar/org/bytedeco/javacpp/linux-x86_64/libjnijavacpp.so
7f91a707e000-7f91a7085000 r-xp 00004000 08:01 6297966                    /home/syd/.javacpp/cache/javacpp-1.5.7-linux-x86_64.jar/org/bytedeco/javacpp/linux-x86_64/libjnijavacpp.so
7f91a7085000-7f91a7089000 r--p 0000b000 08:01 6297966                    /home/syd/.javacpp/cache/javacpp-1.5.7-linux-x86_64.jar/org/bytedeco/javacpp/linux-x86_64/libjnijavacpp.so
7f91a7089000-7f91a708a000 r--p 0000e000 08:01 6297966                    /home/syd/.javacpp/cache/javacpp-1.5.7-linux-x86_64.jar/org/bytedeco/javacpp/linux-x86_64/libjnijavacpp.so
7f91a708a000-7f91a708b000 rw-p 0000f000 08:01 6297966                    /home/syd/.javacpp/cache/javacpp-1.5.7-linux-x86_64.jar/org/bytedeco/javacpp/linux-x86_64/libjnijavacpp.so
7f91a708b000-7f91a714c000 rw-p 00000000 00:00 0 
7f91a714c000-7f91a7153000 ---p 00000000 00:00 0 
7f91a7153000-7f91a7157000 ---p 00000000 00:00 0 
7f91a7157000-7f91a7256000 rw-p 00000000 00:00 0 
7f91a725c000-7f91a725d000 r--p 00000000 08:01 6297975                    /home/syd/.javacpp/cache/llvm-13.0.1-1.5.7-linux-x86_64.jar/org/bytedeco/llvm/linux-x86_64/libRemarks.so.13
7f91a725d000-7f91a725e000 r-xp 00001000 08:01 6297975                    /home/syd/.javacpp/cache/llvm-13.0.1-1.5.7-linux-x86_64.jar/org/bytedeco/llvm/linux-x86_64/libRemarks.so.13
7f91a725e000-7f91a725f000 r--p 00002000 08:01 6297975                    /home/syd/.javacpp/cache/llvm-13.0.1-1.5.7-linux-x86_64.jar/org/bytedeco/llvm/linux-x86_64/libRemarks.so.13
7f91a725f000-7f91a7260000 r--p 00002000 08:01 6297975                    /home/syd/.javacpp/cache/llvm-13.0.1-1.5.7-linux-x86_64.jar/org/bytedeco/llvm/linux-x86_64/libRemarks.so.13
7f91a7260000-7f91a7261000 rw-p 00003000 08:01 6297975                    /home/syd/.javacpp/cache/llvm-13.0.1-1.5.7-linux-x86_64.jar/org/bytedeco/llvm/linux-x86_64/libRemarks.so.13
7f91a7261000-7f91a7269000 rw-s 00000000 08:01 6424125                    /tmp/hsperfdata_syd/15007
7f91a7269000-7f91a726a000 ---p 00000000 00:00 0 
7f91a726a000-7f91a726b000 r--p 00000000 00:00 0 
7f91a726b000-7f91a726d000 rw-p 00000000 00:00 0 
7f91a726d000-7f91a726e000 r--p 00029000 08:01 1703942                    /lib/x86_64-linux-gnu/ld-2.27.so
7f91a726e000-7f91a726f000 rw-p 0002a000 08:01 1703942                    /lib/x86_64-linux-gnu/ld-2.27.so
7f91a726f000-7f91a7270000 rw-p 00000000 00:00 0 
7fffba857000-7fffba879000 rw-p 00000000 00:00 0                          [stack]
7fffba96a000-7fffba96d000 r--p 00000000 00:00 0                          [vvar]
7fffba96d000-7fffba96f000 r-xp 00000000 00:00 0                          [vdso]
ffffffffff600000-ffffffffff601000 --xp 00000000 00:00 0                  [vsyscall]


VM Arguments:
java_command: Main /mnt/hgfs/CompilationPrincipleLAB/Lab/src/code.txt /mnt/hgfs/CompilationPrincipleLAB/Lab/src/IRtarget.txt
java_class_path (initial): ./classes:/usr/local/lib/antlr-4.9.1-complete.jar:/usr/local/lib/llvm-13.0.1-1.5.7-linux-x86_64.jar:/usr/local/lib/llvm-platform-13.0.1-1.5.7.jar:/usr/local/lib/llvm-13.0.1-1.5.7.jar:/usr/local/lib/javacpp-1.5.7-linux-x86_64.jar:/usr/local/lib/javacpp-1.5.7.jar
Launcher Type: SUN_STANDARD

[Global flags]
     intx CICompilerCount                          = 2                                         {product} {ergonomic}
     uint ConcGCThreads                            = 1                                         {product} {ergonomic}
     uint G1ConcRefinementThreads                  = 2                                         {product} {ergonomic}
   size_t G1HeapRegionSize                         = 1048576                                   {product} {ergonomic}
    uintx GCDrainStackTargetSize                   = 64                                        {product} {ergonomic}
   size_t InitialHeapSize                          = 65011712                                  {product} {ergonomic}
   size_t MarkStackSize                            = 4194304                                   {product} {ergonomic}
   size_t MaxHeapSize                              = 1023410176                                {product} {ergonomic}
   size_t MaxNewSize                               = 613416960                                 {product} {ergonomic}
   size_t MinHeapDeltaBytes                        = 1048576                                   {product} {ergonomic}
    uintx NonNMethodCodeHeapSize                   = 5825164                                {pd product} {ergonomic}
    uintx NonProfiledCodeHeapSize                  = 122916538                              {pd product} {ergonomic}
    uintx ProfiledCodeHeapSize                     = 122916538                              {pd product} {ergonomic}
    uintx ReservedCodeCacheSize                    = 251658240                              {pd product} {ergonomic}
     bool SegmentedCodeCache                       = true                                      {product} {ergonomic}
     bool UseCompressedClassPointers               = true                                 {lp64_product} {ergonomic}
     bool UseCompressedOops                        = true                                 {lp64_product} {ergonomic}
     bool UseG1GC                                  = true                                      {product} {ergonomic}

Logging:
Log output configuration:
 #0: stdout all=warning uptime,level,tags
 #1: stderr all=off uptime,level,tags

Environment Variables:
CLASSPATH=/usr/local/lib/antlr-4.9.1-complete.jar:/usr/local/lib/llvm-13.0.1-1.5.7-linux-x86_64.jar:/usr/local/lib/llvm-platform-13.0.1-1.5.7.jar:/usr/local/lib/llvm-13.0.1-1.5.7.jar:/usr/local/lib/javacpp-1.5.7-linux-x86_64.jar:/usr/local/lib/javacpp-1.5.7.jar
PATH=/usr/local/sbin:/usr/local/bin:/usr/sbin:/usr/bin:/sbin:/bin:/usr/games:/usr/local/games:/snap/bin
USERNAME=syd
SHELL=/bin/bash
DISPLAY=:0
LANG=zh_CN.UTF-8
LC_NUMERIC=zh_CN.UTF-8
LC_TIME=zh_CN.UTF-8
TERM=xterm-256color

Signal Handlers:
SIGSEGV: [libjvm.so+0xe356a0], sa_mask[0]=11111111011111111101111111111110, sa_flags=SA_RESTART|SA_SIGINFO
SIGBUS: [libjvm.so+0xe356a0], sa_mask[0]=11111111011111111101111111111110, sa_flags=SA_RESTART|SA_SIGINFO
SIGFPE: [libjvm.so+0xe356a0], sa_mask[0]=11111111011111111101111111111110, sa_flags=SA_RESTART|SA_SIGINFO
SIGPIPE: [libjvm.so+0xb89cc0], sa_mask[0]=11111111011111111101111111111110, sa_flags=SA_RESTART|SA_SIGINFO
SIGXFSZ: [libjvm.so+0xb89cc0], sa_mask[0]=11111111011111111101111111111110, sa_flags=SA_RESTART|SA_SIGINFO
SIGILL: [libjvm.so+0xe356a0], sa_mask[0]=11111111011111111101111111111110, sa_flags=SA_RESTART|SA_SIGINFO
SIGUSR2: [libjvm.so+0xb89b50], sa_mask[0]=00000000000000000000000000000000, sa_flags=SA_RESTART|SA_SIGINFO
SIGHUP: [libjvm.so+0xb8a220], sa_mask[0]=11111111011111111101111111111110, sa_flags=SA_RESTART|SA_SIGINFO
SIGINT: [libjvm.so+0xb8a220], sa_mask[0]=11111111011111111101111111111110, sa_flags=SA_RESTART|SA_SIGINFO
SIGTERM: [libjvm.so+0xb8a220], sa_mask[0]=11111111011111111101111111111110, sa_flags=SA_RESTART|SA_SIGINFO
SIGQUIT: [libjvm.so+0xb8a220], sa_mask[0]=11111111011111111101111111111110, sa_flags=SA_RESTART|SA_SIGINFO


---------------  S Y S T E M  ---------------

OS:DISTRIB_ID=Ubuntu
DISTRIB_RELEASE=18.04
DISTRIB_CODENAME=bionic
DISTRIB_DESCRIPTION="Ubuntu 18.04.6 LTS"
uname:Linux 5.4.0-150-generic #167~18.04.1-Ubuntu SMP Wed May 24 00:51:42 UTC 2023 x86_64
OS uptime: 0 days 2:53 hours
libc:glibc 2.27 NPTL 2.27 
rlimit (soft/hard): STACK 8192k/infinity , CORE 0k/infinity , NPROC 15400/15400 , NOFILE 1048576/1048576 , AS infinity/infinity , CPU infinity/infinity , DATA infinity/infinity , FSIZE infinity/infinity , MEMLOCK 65536k/65536k
load average:0.49 0.86 0.62

/proc/meminfo:
MemTotal:        3994712 kB
MemFree:          121648 kB
MemAvailable:     166428 kB
Buffers:           10804 kB
Cached:           216896 kB
SwapCached:        16240 kB
Active:          2458276 kB
Inactive:         677716 kB
Active(anon):    2338264 kB
Inactive(anon):   587792 kB
Active(file):     120012 kB
Inactive(file):    89924 kB
Unevictable:          16 kB
Mlocked:              16 kB
SwapTotal:       2097148 kB
SwapFree:        1725436 kB
Dirty:                44 kB
Writeback:             0 kB
AnonPages:       2898792 kB
Mapped:           137704 kB
Shmem:             17760 kB
KReclaimable:      79404 kB
Slab:             165680 kB
SReclaimable:      79404 kB
SUnreclaim:        86276 kB
KernelStack:       13648 kB
PageTables:        50516 kB
NFS_Unstable:          0 kB
Bounce:                0 kB
WritebackTmp:          0 kB
CommitLimit:     4094504 kB
Committed_AS:    6708308 kB
VmallocTotal:   34359738367 kB
VmallocUsed:       29788 kB
VmallocChunk:          0 kB
Percpu:            50176 kB
HardwareCorrupted:     0 kB
AnonHugePages:         0 kB
ShmemHugePages:        0 kB
ShmemPmdMapped:        0 kB
FileHugePages:         0 kB
FilePmdMapped:         0 kB
CmaTotal:              0 kB
CmaFree:               0 kB
HugePages_Total:       0
HugePages_Free:        0
HugePages_Rsvd:        0
HugePages_Surp:        0
Hugepagesize:       2048 kB
Hugetlb:               0 kB
DirectMap4k:      255808 kB
DirectMap2M:     3938304 kB
DirectMap1G:     2097152 kB

/sys/kernel/mm/transparent_hugepage/enabled:
always [madvise] never
/sys/kernel/mm/transparent_hugepage/defrag (defrag/compaction efforts parameter):
always defer defer+madvise [madvise] never

Process Memory:
Virtual Size: 3713228K (peak: 12418976K)
Resident Set Size: 91716K (peak: 91716K) (anon: 37028K, file: 54688K, shmem: 0K)
Swapped out: 0K
C-Heap outstanding allocations: 15406K, retained: 2337K
glibc malloc tunables: (default)

/proc/sys/kernel/threads-max (system-wide limit on the number of threads):
30800
/proc/sys/vm/max_map_count (maximum number of memory map areas a process may have):
65530
/proc/sys/kernel/pid_max (system-wide limit on number of process identifiers):
131072

container (cgroup) information:
container_type: cgroupv1
cpu_cpuset_cpus: 0-1
cpu_memory_nodes: 0
active_processor_count: 2
cpu_quota: no quota
cpu_period: 100000
cpu_shares: no shares
memory_limit_in_bytes: unlimited
memory_and_swap_limit_in_bytes: not supported
memory_soft_limit_in_bytes: unlimited
memory_usage_in_bytes: 3133412 k
memory_max_usage_in_bytes: 48560 k
kernel_memory_usage_in_bytes: unlimited
kernel_memory_max_usage_in_bytes: unlimited
kernel_memory_limit_in_bytes: unlimited
maximum number of tasks: unlimited
current number of tasks: 220

VMWare virtualization detected
Steal ticks since vm start: 0
Steal ticks percentage since vm start:  0.000

CPU:total 2 (initial active 2) (1 cores per cpu, 1 threads per core) family 6 model 154 stepping 3 microcode 0xffffffff, cmov, cx8, fxsr, mmx, sse, sse2, sse3, ssse3, sse4.1, sse4.2, popcnt, avx, avx2, aes, clmul, erms, 3dnowpref, lzcnt, tsc, tscinvbit, bmi1, bmi2, adx, sha, fma
CPU Model and flags from /proc/cpuinfo:
model name	: 12th Gen Intel(R) Core(TM) i5-12500H
flags		: fpu vme de pse tsc msr pae mce cx8 apic sep mtrr pge mca cmov pat pse36 clflush mmx fxsr sse sse2 ss syscall nx pdpe1gb rdtscp lm constant_tsc arch_perfmon rep_good nopl xtopology tsc_reliable nonstop_tsc cpuid pni pclmulqdq ssse3 fma cx16 pcid sse4_1 sse4_2 x2apic movbe popcnt aes xsave avx f16c rdrand hypervisor lahf_lm abm 3dnowprefetch invpcid_single pti ssbd ibrs ibpb stibp fsgsbase tsc_adjust bmi1 avx2 smep bmi2 erms invpcid rdseed adx smap clflushopt clwb sha_ni xsaveopt xsavec xgetbv1 xsaves arat umip gfni vaes vpclmulqdq rdpid movdiri movdir64b md_clear flush_l1d arch_capabilities
Online cpus:
0-1
Offline cpus:
2-127
BIOS frequency limitation:
<Not Available>
Frequency switch latency (ns):
<Not Available>
Available cpu frequencies:
<Not Available>
Current governor:
<Not Available>
Core performance/turbo boost:
<Not Available>

Memory: 4k page, physical 3994712k(121616k free), swap 2097148k(1725436k free)

vm_info: OpenJDK 64-Bit Server VM (11.0.19+7-post-Ubuntu-0ubuntu118.04.1) for linux-amd64 JRE (11.0.19+7-post-Ubuntu-0ubuntu118.04.1), built on May 10 2023 00:54:54 by "unknown" with gcc 8.4.0

END.
