#
# A fatal error has been detected by the Java Runtime Environment:
#
#  SIGSEGV (0xb) at pc=0x00007f7132119e80, pid=16955, tid=16956
#
# JRE version: OpenJDK Runtime Environment (11.0.19+7) (build 11.0.19+7-post-Ubuntu-0ubuntu118.04.1)
# Java VM: OpenJDK 64-Bit Server VM (11.0.19+7-post-Ubuntu-0ubuntu118.04.1, mixed mode, sharing, tiered, compressed oops, g1 gc, linux-amd64)
# Problematic frame:
# C  [libLLVM-13.so+0xbede80]  llvm::BasicBlock::getModule() const+0x0
#
# Core dump will be written. Default location: Core dumps may be processed with "/usr/share/apport/apport -p%p -s%s -c%c -d%d -P%P -u%u -g%g -- %E" (or dumping to /mnt/hgfs/CompilationPrincipleLAB/Lab/core.16955)
#
# If you would like to submit a bug report, please visit:
#   https://bugs.launchpad.net/ubuntu/+source/openjdk-lts
# The crash happened outside the Java Virtual Machine in native code.
# See problematic frame for where to report the bug.
#

---------------  S U M M A R Y ------------

Command Line: Main /mnt/hgfs/CompilationPrincipleLAB/Lab/src/code.txt /mnt/hgfs/CompilationPrincipleLAB/Lab/src/code.txt

Host: 12th Gen Intel(R) Core(TM) i5-12500H, 2 cores, 3G, Ubuntu 18.04.6 LTS
Time: Sun May 19 06:51:36 2024 PDT elapsed time: 0.724493 seconds (0d 0h 0m 0s)

---------------  T H R E A D  ---------------

Current thread (0x00007f7190017000):  JavaThread "main" [_thread_in_native, id=16956, stack(0x00007f7196d19000,0x00007f7196e1a000)]

Stack: [0x00007f7196d19000,0x00007f7196e1a000],  sp=0x00007f7196e17ff8,  free space=1019k
Native frames: (J=compiled Java code, A=aot compiled Java code, j=interpreted, Vv=VM code, C=native code)
C  [libLLVM-13.so+0xbede80]  llvm::BasicBlock::getModule() const+0x0

Java frames: (J=compiled Java code, j=interpreted, Vv=VM code)
j  org.bytedeco.llvm.global.LLVM.LLVMBuildAlloca(Lorg/bytedeco/llvm/LLVM/LLVMBuilderRef;Lorg/bytedeco/llvm/LLVM/LLVMTypeRef;Ljava/lang/String;)Lorg/bytedeco/llvm/LLVM/LLVMValueRef;+0
j  MyLLVMIRVisitor.visitVarDef(LSysYParser$VarDefContext;)Lorg/bytedeco/llvm/LLVM/LLVMValueRef;+17
j  MyLLVMIRVisitor.visitVarDef(LSysYParser$VarDefContext;)Ljava/lang/Object;+2
j  SysYParser$VarDefContext.accept(Lorg/antlr/v4/runtime/tree/ParseTreeVisitor;)Ljava/lang/Object;+12
j  org.antlr.v4.runtime.tree.AbstractParseTreeVisitor.visitChildren(Lorg/antlr/v4/runtime/tree/RuleNode;)Ljava/lang/Object;+46
j  SysYParserBaseVisitor.visitVarDecl(LSysYParser$VarDeclContext;)Ljava/lang/Object;+2
j  SysYParser$VarDeclContext.accept(Lorg/antlr/v4/runtime/tree/ParseTreeVisitor;)Ljava/lang/Object;+12
j  org.antlr.v4.runtime.tree.AbstractParseTreeVisitor.visitChildren(Lorg/antlr/v4/runtime/tree/RuleNode;)Ljava/lang/Object;+46
j  SysYParserBaseVisitor.visitDecl(LSysYParser$DeclContext;)Ljava/lang/Object;+2
j  SysYParser$DeclContext.accept(Lorg/antlr/v4/runtime/tree/ParseTreeVisitor;)Ljava/lang/Object;+12
j  org.antlr.v4.runtime.tree.AbstractParseTreeVisitor.visitChildren(Lorg/antlr/v4/runtime/tree/RuleNode;)Ljava/lang/Object;+46
j  SysYParserBaseVisitor.visitCompUnit(LSysYParser$CompUnitContext;)Ljava/lang/Object;+2
j  SysYParser$CompUnitContext.accept(Lorg/antlr/v4/runtime/tree/ParseTreeVisitor;)Ljava/lang/Object;+12
j  org.antlr.v4.runtime.tree.AbstractParseTreeVisitor.visitChildren(Lorg/antlr/v4/runtime/tree/RuleNode;)Ljava/lang/Object;+46
j  SysYParserBaseVisitor.visitProgram(LSysYParser$ProgramContext;)Ljava/lang/Object;+2
j  MyLLVMIRVisitor.visitProgram(LSysYParser$ProgramContext;)Lorg/bytedeco/llvm/LLVM/LLVMValueRef;+2
j  MyLLVMIRVisitor.visitProgram(LSysYParser$ProgramContext;)Ljava/lang/Object;+2
j  SysYParser$ProgramContext.accept(Lorg/antlr/v4/runtime/tree/ParseTreeVisitor;)Ljava/lang/Object;+12
j  org.antlr.v4.runtime.tree.AbstractParseTreeVisitor.visit(Lorg/antlr/v4/runtime/tree/ParseTree;)Ljava/lang/Object;+2
j  Main.main([Ljava/lang/String;)V+225
v  ~StubRoutines::call_stub

siginfo: si_signo: 11 (SIGSEGV), si_code: 1 (SEGV_MAPERR), si_addr: 0x0000000000000038

Register to memory mapping:

RAX=0x00007f719032e120 points into unknown readable memory: 0x0000007261765f67 | 67 5f 76 61 72 00 00 00
RBX={method} {0x00007f71745784c0} 'LLVMBuildAlloca' '(Lorg/bytedeco/llvm/LLVM/LLVMBuilderRef;Lorg/bytedeco/llvm/LLVM/LLVMTypeRef;Ljava/lang/String;)Lorg/bytedeco/llvm/LLVM/LLVMValueRef;' in 'org/bytedeco/llvm/global/LLVM'
RCX=0x000000007261765f is an unknown value
RDX=0x00007f719032e120 points into unknown readable memory: 0x0000007261765f67 | 67 5f 76 61 72 00 00 00
RSP=0x00007f7196e17ff8 is pointing into the stack for thread: 0x00007f7190017000
RBP=0x00007f7190307190 points into unknown readable memory: 0x00007f71903071a0 | a0 71 30 90 71 7f 00 00
RSI=0x0000000000000101 is an unknown value
RDI=0x0 is NULL
R8 =0x0000000000000010 is an unknown value
R9 =0x0 is NULL
R10=0x000000000000000d is an unknown value
R11=0x00007f7132158610: LLVMBuildAlloca+0x0000000000000000 in /home/syd/.javacpp/cache/llvm-13.0.1-1.5.7-linux-x86_64.jar/org/bytedeco/llvm/linux-x86_64/libLLVM-13.so at 0x00007f713152c000
R12=0x0 is NULL
R13=0x00007f719032cd18 points into unknown readable memory: 0x00007f7190317800 | 00 78 31 90 71 7f 00 00
R14=0x00007f719032e120 points into unknown readable memory: 0x0000007261765f67 | 67 5f 76 61 72 00 00 00
R15=0x00007f7190017000 is a thread


Registers:
RAX=0x00007f719032e120, RBX=0x00007f71745784c0, RCX=0x000000007261765f, RDX=0x00007f719032e120
RSP=0x00007f7196e17ff8, RBP=0x00007f7190307190, RSI=0x0000000000000101, RDI=0x0000000000000000
R8 =0x0000000000000010, R9 =0x0000000000000000, R10=0x000000000000000d, R11=0x00007f7132158610
R12=0x0000000000000000, R13=0x00007f719032cd18, R14=0x00007f719032e120, R15=0x00007f7190017000
RIP=0x00007f7132119e80, EFLAGS=0x0000000000010202, CSGSFS=0x002b000000000033, ERR=0x0000000000000004
  TRAPNO=0x000000000000000e

Top of Stack: (sp=0x00007f7196e17ff8)
0x00007f7196e17ff8:   00007f7132158645 00007f719032e120
0x00007f7196e18008:   00007f7190017000 00007f7190017000
0x00007f7196e18018:   0000000000000000 00007f7196e10103
0x00007f7196e18028:   0000000000000005 00007f7196e18060 

Instructions: (pc=0x00007f7132119e80)
0x00007f7132119d80:   ff 66 0f ef c0 48 89 02 48 89 50 08 41 0f 11 45
0x00007f7132119d90:   00 e8 5a 4b 17 00 4c 39 f3 75 c5 4d 8b 6c 24 30
0x00007f7132119da0:   4c 39 ed 74 3b 0f 1f 00 4c 89 eb 48 89 ef 4d 8b
0x00007f7132119db0:   6d 08 4c 8d 73 e8 4c 89 f6 e8 42 fd ff ff 48 8b
0x00007f7132119dc0:   03 48 8b 53 08 66 0f ef c9 4c 89 f7 48 89 02 48
0x00007f7132119dd0:   89 50 08 0f 11 0b e8 15 4b 17 00 4c 39 ed 75 c8
0x00007f7132119de0:   48 83 c4 08 4c 89 e7 5b 5d 41 5c 41 5d 41 5e 41
0x00007f7132119df0:   5f e9 fa 48 17 00 66 2e 0f 1f 84 00 00 00 00 00
0x00007f7132119e00:   48 8d 4b e8 48 89 c8 48 29 d0 e9 11 ff ff ff 90
0x00007f7132119e10:   48 8b 07 48 8b 38 e8 45 13 16 00 31 d2 be 01 00
0x00007f7132119e20:   00 00 48 89 c7 e8 b6 2a 02 00 48 89 c3 49 8b 44
0x00007f7132119e30:   24 08 48 85 c0 0f 84 a2 fe ff ff 0f 1f 44 00 00
0x00007f7132119e40:   48 8b 68 18 31 d2 48 89 df 48 8b 75 00 e8 ae bc
0x00007f7132119e50:   02 00 48 89 ef 48 89 c6 e8 63 65 17 00 48 89 ef
0x00007f7132119e60:   e8 4b 81 02 00 49 8b 44 24 08 48 85 c0 75 d1 e9
0x00007f7132119e70:   69 fe ff ff 66 2e 0f 1f 84 00 00 00 00 00 66 90
0x00007f7132119e80:   48 8b 47 38 48 8b 40 28 c3 0f 1f 80 00 00 00 00
0x00007f7132119e90:   48 8b 47 28 48 83 c7 28 48 39 f8 74 2b 48 85 c0
0x00007f7132119ea0:   0f 84 9e 9d d3 ff 4c 8d 40 e8 0f b6 40 f8 83 e8
0x00007f7132119eb0:   1b 83 f8 0b b8 00 00 00 00 4c 0f 43 c0 4c 89 c0
0x00007f7132119ec0:   c3 0f 1f 80 00 00 00 00 45 31 c0 eb f0 0f 1f 00
0x00007f7132119ed0:   48 8b 47 28 48 8d 57 28 48 39 d0 0f 84 af 00 00
0x00007f7132119ee0:   00 48 85 c0 0f 84 64 9d d3 ff 45 31 c0 80 78 f8
0x00007f7132119ef0:   1b 75 23 48 8b 57 30 48 8d 48 e8 48 85 d2 74 09
0x00007f7132119f00:   48 83 ea 18 48 39 d1 74 0d 48 8b 50 10 45 31 c0
0x00007f7132119f10:   48 39 42 30 75 0a 4c 89 c0 c3 66 0f 1f 44 00 00
0x00007f7132119f20:   4c 8b 00 4d 85 c0 74 ee 8b 50 fc 49 8d 48 e8 81
0x00007f7132119f30:   e2 ff ff ff 07 74 3e 89 d2 48 f7 da 48 c1 e2 05
0x00007f7132119f40:   48 8b 44 10 e8 48 85 c0 74 2b 48 39 c1 75 41 41
0x00007f7132119f50:   80 78 f8 4b 75 1f 49 8b 40 10 4c 39 40 30 74 30
0x00007f7132119f60:   49 8b 48 c8 4d 8b 00 4d 85 c0 74 aa 49 83 e8 18
0x00007f7132119f70:   4c 39 c1 75 1b 45 31 c0 80 79 10 52 75 98 0f b7 


Stack slot to memory mapping:
stack at sp + 0 slots: 0x00007f7132158645: LLVMBuildAlloca+0x0000000000000035 in /home/syd/.javacpp/cache/llvm-13.0.1-1.5.7-linux-x86_64.jar/org/bytedeco/llvm/linux-x86_64/libLLVM-13.so at 0x00007f713152c000
stack at sp + 1 slots: 0x00007f719032e120 points into unknown readable memory: 0x0000007261765f67 | 67 5f 76 61 72 00 00 00
stack at sp + 2 slots: 0x00007f7190017000 is a thread
stack at sp + 3 slots: 0x00007f7190017000 is a thread
stack at sp + 4 slots: 0x0 is NULL
stack at sp + 5 slots: 0x00007f7196e10103 is pointing into the stack for thread: 0x00007f7190017000
stack at sp + 6 slots: 0x0000000000000005 is an unknown value
stack at sp + 7 slots: 0x00007f7196e18060 is pointing into the stack for thread: 0x00007f7190017000


---------------  P R O C E S S  ---------------

Threads class SMR info:
_java_thread_list=0x00007f7190237720, length=10, elements={
0x00007f7190017000, 0x00007f71900b8000, 0x00007f71900ba000, 0x00007f71900bf800,
0x00007f71900c2000, 0x00007f71900c4000, 0x00007f71900c6000, 0x00007f71900c8000,
0x00007f71900fb000, 0x00007f7190225800
}

Java Threads: ( => current thread )
=>0x00007f7190017000 JavaThread "main" [_thread_in_native, id=16956, stack(0x00007f7196d19000,0x00007f7196e1a000)]
  0x00007f71900b8000 JavaThread "Reference Handler" daemon [_thread_blocked, id=16963, stack(0x00007f7165d21000,0x00007f7165e22000)]
  0x00007f71900ba000 JavaThread "Finalizer" daemon [_thread_blocked, id=16964, stack(0x00007f7165c20000,0x00007f7165d21000)]
  0x00007f71900bf800 JavaThread "Signal Dispatcher" daemon [_thread_blocked, id=16965, stack(0x00007f716568b000,0x00007f716578c000)]
  0x00007f71900c2000 JavaThread "Service Thread" daemon [_thread_blocked, id=16966, stack(0x00007f716558a000,0x00007f716568b000)]
  0x00007f71900c4000 JavaThread "C2 CompilerThread0" daemon [_thread_blocked, id=16967, stack(0x00007f7165489000,0x00007f716558a000)]
  0x00007f71900c6000 JavaThread "C1 CompilerThread0" daemon [_thread_blocked, id=16968, stack(0x00007f7165388000,0x00007f7165489000)]
  0x00007f71900c8000 JavaThread "Sweeper thread" daemon [_thread_blocked, id=16969, stack(0x00007f7165287000,0x00007f7165388000)]
  0x00007f71900fb000 JavaThread "Common-Cleaner" daemon [_thread_blocked, id=16971, stack(0x00007f7165084000,0x00007f7165185000)]
  0x00007f7190225800 JavaThread "JavaCPP Deallocator" daemon [_thread_blocked, id=16973, stack(0x00007f7164a5a000,0x00007f7164b5b000)]

Other Threads:
  0x00007f71900b5000 VMThread "VM Thread" [stack: 0x00007f7165e24000,0x00007f7165f24000] [id=16962]
  0x00007f71900f8800 WatcherThread [stack: 0x00007f7165187000,0x00007f7165287000] [id=16970]
  0x00007f719002f000 GCTaskThread "GC Thread#0" [stack: 0x00007f7177494000,0x00007f7177594000] [id=16957]
  0x00007f715c001000 GCTaskThread "GC Thread#1" [stack: 0x00007f7164b5d000,0x00007f7164c5d000] [id=16972]
  0x00007f719004a000 ConcurrentGCThread "G1 Main Marker" [stack: 0x00007f7174d58000,0x00007f7174e58000] [id=16958]
  0x00007f719004c000 ConcurrentGCThread "G1 Conc#0" [stack: 0x00007f7174c56000,0x00007f7174d56000] [id=16959]
  0x00007f7190087000 ConcurrentGCThread "G1 Refine#0" [stack: 0x00007f7174952000,0x00007f7174a52000] [id=16960]
  0x00007f7190089000 ConcurrentGCThread "G1 Young RemSet Sampling" [stack: 0x00007f7174850000,0x00007f7174950000] [id=16961]

Threads with active compile tasks:

VM state:not at safepoint (normal execution)

VM Mutex/Monitor currently owned by a thread: None

Heap address: 0x00000000c3000000, size: 976 MB, Compressed Oops mode: 32-bit
Narrow klass base: 0x0000000800000000, Narrow klass shift: 3
Compressed class space size: 1073741824 Address: 0x0000000840000000

Heap:
 garbage-first heap   total 65536K, used 6328K [0x00000000c3000000, 0x0000000100000000)
  region size 1024K, 6 young (6144K), 1 survivors (1024K)
 Metaspace       used 3807K, capacity 6690K, committed 6912K, reserved 1056768K
  class space    used 422K, capacity 721K, committed 768K, reserved 1048576K
Heap Regions: E=young(eden), S=young(survivor), O=old, HS=humongous(starts), HC=humongous(continues), CS=collection set, F=free, A=archive, TAMS=top-at-mark-start (previous, next)
|   0|0x00000000c3000000, 0x00000000c307c200, 0x00000000c3100000| 48%| O|  |TAMS 0x00000000c3000000, 0x00000000c3000000| Untracked 
|   1|0x00000000c3100000, 0x00000000c3100000, 0x00000000c3200000|  0%| F|  |TAMS 0x00000000c3100000, 0x00000000c3100000| Untracked 
|   2|0x00000000c3200000, 0x00000000c3200000, 0x00000000c3300000|  0%| F|  |TAMS 0x00000000c3200000, 0x00000000c3200000| Untracked 
|   3|0x00000000c3300000, 0x00000000c3300000, 0x00000000c3400000|  0%| F|  |TAMS 0x00000000c3300000, 0x00000000c3300000| Untracked 
|   4|0x00000000c3400000, 0x00000000c3400000, 0x00000000c3500000|  0%| F|  |TAMS 0x00000000c3400000, 0x00000000c3400000| Untracked 
|   5|0x00000000c3500000, 0x00000000c3500000, 0x00000000c3600000|  0%| F|  |TAMS 0x00000000c3500000, 0x00000000c3500000| Untracked 
|   6|0x00000000c3600000, 0x00000000c3600000, 0x00000000c3700000|  0%| F|  |TAMS 0x00000000c3600000, 0x00000000c3600000| Untracked 
|   7|0x00000000c3700000, 0x00000000c3700000, 0x00000000c3800000|  0%| F|  |TAMS 0x00000000c3700000, 0x00000000c3700000| Untracked 
|   8|0x00000000c3800000, 0x00000000c3800000, 0x00000000c3900000|  0%| F|  |TAMS 0x00000000c3800000, 0x00000000c3800000| Untracked 
|   9|0x00000000c3900000, 0x00000000c3900000, 0x00000000c3a00000|  0%| F|  |TAMS 0x00000000c3900000, 0x00000000c3900000| Untracked 
|  10|0x00000000c3a00000, 0x00000000c3a00000, 0x00000000c3b00000|  0%| F|  |TAMS 0x00000000c3a00000, 0x00000000c3a00000| Untracked 
|  11|0x00000000c3b00000, 0x00000000c3b00000, 0x00000000c3c00000|  0%| F|  |TAMS 0x00000000c3b00000, 0x00000000c3b00000| Untracked 
|  12|0x00000000c3c00000, 0x00000000c3c00000, 0x00000000c3d00000|  0%| F|  |TAMS 0x00000000c3c00000, 0x00000000c3c00000| Untracked 
|  13|0x00000000c3d00000, 0x00000000c3d00000, 0x00000000c3e00000|  0%| F|  |TAMS 0x00000000c3d00000, 0x00000000c3d00000| Untracked 
|  14|0x00000000c3e00000, 0x00000000c3e00000, 0x00000000c3f00000|  0%| F|  |TAMS 0x00000000c3e00000, 0x00000000c3e00000| Untracked 
|  15|0x00000000c3f00000, 0x00000000c3f00000, 0x00000000c4000000|  0%| F|  |TAMS 0x00000000c3f00000, 0x00000000c3f00000| Untracked 
|  16|0x00000000c4000000, 0x00000000c4000000, 0x00000000c4100000|  0%| F|  |TAMS 0x00000000c4000000, 0x00000000c4000000| Untracked 
|  17|0x00000000c4100000, 0x00000000c4100000, 0x00000000c4200000|  0%| F|  |TAMS 0x00000000c4100000, 0x00000000c4100000| Untracked 
|  18|0x00000000c4200000, 0x00000000c4200000, 0x00000000c4300000|  0%| F|  |TAMS 0x00000000c4200000, 0x00000000c4200000| Untracked 
|  19|0x00000000c4300000, 0x00000000c4300000, 0x00000000c4400000|  0%| F|  |TAMS 0x00000000c4300000, 0x00000000c4300000| Untracked 
|  20|0x00000000c4400000, 0x00000000c4400000, 0x00000000c4500000|  0%| F|  |TAMS 0x00000000c4400000, 0x00000000c4400000| Untracked 
|  21|0x00000000c4500000, 0x00000000c4500000, 0x00000000c4600000|  0%| F|  |TAMS 0x00000000c4500000, 0x00000000c4500000| Untracked 
|  22|0x00000000c4600000, 0x00000000c4600000, 0x00000000c4700000|  0%| F|  |TAMS 0x00000000c4600000, 0x00000000c4600000| Untracked 
|  23|0x00000000c4700000, 0x00000000c4700000, 0x00000000c4800000|  0%| F|  |TAMS 0x00000000c4700000, 0x00000000c4700000| Untracked 
|  24|0x00000000c4800000, 0x00000000c4800000, 0x00000000c4900000|  0%| F|  |TAMS 0x00000000c4800000, 0x00000000c4800000| Untracked 
|  25|0x00000000c4900000, 0x00000000c4900000, 0x00000000c4a00000|  0%| F|  |TAMS 0x00000000c4900000, 0x00000000c4900000| Untracked 
|  26|0x00000000c4a00000, 0x00000000c4a00000, 0x00000000c4b00000|  0%| F|  |TAMS 0x00000000c4a00000, 0x00000000c4a00000| Untracked 
|  27|0x00000000c4b00000, 0x00000000c4b00000, 0x00000000c4c00000|  0%| F|  |TAMS 0x00000000c4b00000, 0x00000000c4b00000| Untracked 
|  28|0x00000000c4c00000, 0x00000000c4c00000, 0x00000000c4d00000|  0%| F|  |TAMS 0x00000000c4c00000, 0x00000000c4c00000| Untracked 
|  29|0x00000000c4d00000, 0x00000000c4d00000, 0x00000000c4e00000|  0%| F|  |TAMS 0x00000000c4d00000, 0x00000000c4d00000| Untracked 
|  30|0x00000000c4e00000, 0x00000000c4e00000, 0x00000000c4f00000|  0%| F|  |TAMS 0x00000000c4e00000, 0x00000000c4e00000| Untracked 
|  31|0x00000000c4f00000, 0x00000000c4f00000, 0x00000000c5000000|  0%| F|  |TAMS 0x00000000c4f00000, 0x00000000c4f00000| Untracked 
|  32|0x00000000c5000000, 0x00000000c5000000, 0x00000000c5100000|  0%| F|  |TAMS 0x00000000c5000000, 0x00000000c5000000| Untracked 
|  33|0x00000000c5100000, 0x00000000c5100000, 0x00000000c5200000|  0%| F|  |TAMS 0x00000000c5100000, 0x00000000c5100000| Untracked 
|  34|0x00000000c5200000, 0x00000000c5200000, 0x00000000c5300000|  0%| F|  |TAMS 0x00000000c5200000, 0x00000000c5200000| Untracked 
|  35|0x00000000c5300000, 0x00000000c5300000, 0x00000000c5400000|  0%| F|  |TAMS 0x00000000c5300000, 0x00000000c5300000| Untracked 
|  36|0x00000000c5400000, 0x00000000c5400000, 0x00000000c5500000|  0%| F|  |TAMS 0x00000000c5400000, 0x00000000c5400000| Untracked 
|  37|0x00000000c5500000, 0x00000000c5500000, 0x00000000c5600000|  0%| F|  |TAMS 0x00000000c5500000, 0x00000000c5500000| Untracked 
|  38|0x00000000c5600000, 0x00000000c5600000, 0x00000000c5700000|  0%| F|  |TAMS 0x00000000c5600000, 0x00000000c5600000| Untracked 
|  39|0x00000000c5700000, 0x00000000c5700000, 0x00000000c5800000|  0%| F|  |TAMS 0x00000000c5700000, 0x00000000c5700000| Untracked 
|  40|0x00000000c5800000, 0x00000000c5800000, 0x00000000c5900000|  0%| F|  |TAMS 0x00000000c5800000, 0x00000000c5800000| Untracked 
|  41|0x00000000c5900000, 0x00000000c5900000, 0x00000000c5a00000|  0%| F|  |TAMS 0x00000000c5900000, 0x00000000c5900000| Untracked 
|  42|0x00000000c5a00000, 0x00000000c5a00000, 0x00000000c5b00000|  0%| F|  |TAMS 0x00000000c5a00000, 0x00000000c5a00000| Untracked 
|  43|0x00000000c5b00000, 0x00000000c5b00000, 0x00000000c5c00000|  0%| F|  |TAMS 0x00000000c5b00000, 0x00000000c5b00000| Untracked 
|  44|0x00000000c5c00000, 0x00000000c5c00000, 0x00000000c5d00000|  0%| F|  |TAMS 0x00000000c5c00000, 0x00000000c5c00000| Untracked 
|  45|0x00000000c5d00000, 0x00000000c5d00000, 0x00000000c5e00000|  0%| F|  |TAMS 0x00000000c5d00000, 0x00000000c5d00000| Untracked 
|  46|0x00000000c5e00000, 0x00000000c5e00000, 0x00000000c5f00000|  0%| F|  |TAMS 0x00000000c5e00000, 0x00000000c5e00000| Untracked 
|  47|0x00000000c5f00000, 0x00000000c5f00000, 0x00000000c6000000|  0%| F|  |TAMS 0x00000000c5f00000, 0x00000000c5f00000| Untracked 
|  48|0x00000000c6000000, 0x00000000c6000000, 0x00000000c6100000|  0%| F|  |TAMS 0x00000000c6000000, 0x00000000c6000000| Untracked 
|  49|0x00000000c6100000, 0x00000000c6100000, 0x00000000c6200000|  0%| F|  |TAMS 0x00000000c6100000, 0x00000000c6100000| Untracked 
|  50|0x00000000c6200000, 0x00000000c6200000, 0x00000000c6300000|  0%| F|  |TAMS 0x00000000c6200000, 0x00000000c6200000| Untracked 
|  51|0x00000000c6300000, 0x00000000c6300000, 0x00000000c6400000|  0%| F|  |TAMS 0x00000000c6300000, 0x00000000c6300000| Untracked 
|  52|0x00000000c6400000, 0x00000000c6400000, 0x00000000c6500000|  0%| F|  |TAMS 0x00000000c6400000, 0x00000000c6400000| Untracked 
|  53|0x00000000c6500000, 0x00000000c6500000, 0x00000000c6600000|  0%| F|  |TAMS 0x00000000c6500000, 0x00000000c6500000| Untracked 
|  54|0x00000000c6600000, 0x00000000c6700000, 0x00000000c6700000|100%| S|CS|TAMS 0x00000000c6600000, 0x00000000c6600000| Complete 
|  55|0x00000000c6700000, 0x00000000c6700000, 0x00000000c6800000|  0%| F|  |TAMS 0x00000000c6700000, 0x00000000c6700000| Untracked 
|  56|0x00000000c6800000, 0x00000000c6800000, 0x00000000c6900000|  0%| F|  |TAMS 0x00000000c6800000, 0x00000000c6800000| Untracked 
|  57|0x00000000c6900000, 0x00000000c6980800, 0x00000000c6a00000| 50%| E|  |TAMS 0x00000000c6900000, 0x00000000c6900000| Complete 
|  58|0x00000000c6a00000, 0x00000000c6b00000, 0x00000000c6b00000|100%| E|CS|TAMS 0x00000000c6a00000, 0x00000000c6a00000| Complete 
|  59|0x00000000c6b00000, 0x00000000c6c00000, 0x00000000c6c00000|100%| E|CS|TAMS 0x00000000c6b00000, 0x00000000c6b00000| Complete 
|  60|0x00000000c6c00000, 0x00000000c6d00000, 0x00000000c6d00000|100%| E|CS|TAMS 0x00000000c6c00000, 0x00000000c6c00000| Complete 
|  61|0x00000000c6d00000, 0x00000000c6e00000, 0x00000000c6e00000|100%| E|CS|TAMS 0x00000000c6d00000, 0x00000000c6d00000| Complete 
| 974|0x00000000ffe00000, 0x00000000ffe47000, 0x00000000fff00000| 27%|OA|  |TAMS 0x00000000ffe00000, 0x00000000ffe00000| Untracked 
| 975|0x00000000fff00000, 0x00000000fff6b000, 0x0000000100000000| 41%|CA|  |TAMS 0x00000000fff00000, 0x00000000fff00000| Untracked 

Card table byte_map: [0x00007f7176ec0000,0x00007f71770a8000] _byte_map_base: 0x00007f71768a8000

Marking Bits (Prev, Next): (CMBitMap*) 0x00007f71900453e8, (CMBitMap*) 0x00007f7190045420
 Prev Bits: [0x00007f7175d98000, 0x00007f7176cd8000)
 Next Bits: [0x00007f7174e58000, 0x00007f7175d98000)

Polling page: 0x00007f7196e2f000

Metaspace:

Usage:
  Non-class:      5.83 MB capacity,     3.31 MB ( 57%) used,     2.51 MB ( 43%) free+waste,    10.06 KB ( <1%) overhead. 
      Class:    721.00 KB capacity,   422.91 KB ( 59%) used,   292.71 KB ( 41%) free+waste,     5.38 KB ( <1%) overhead. 
       Both:      6.53 MB capacity,     3.72 MB ( 57%) used,     2.80 MB ( 43%) free+waste,    15.44 KB ( <1%) overhead. 

Virtual space:
  Non-class space:        8.00 MB reserved,       6.00 MB ( 75%) committed 
      Class space:        1.00 GB reserved,     768.00 KB ( <1%) committed 
             Both:        1.01 GB reserved,       6.75 MB ( <1%) committed 

Chunk freelists:
   Non-Class:  55.00 KB
       Class:  15.00 KB
        Both:  70.00 KB

MaxMetaspaceSize: unlimited
CompressedClassSpaceSize: 1.00 GB
Initial GC threshold: 20.80 MB
Current GC threshold: 20.80 MB
CDS: on

CodeHeap 'non-profiled nmethods': size=120036Kb used=248Kb max_used=248Kb free=119787Kb
 bounds [0x00007f717f231000, 0x00007f717f4a1000, 0x00007f718676a000]
CodeHeap 'profiled nmethods': size=120032Kb used=1512Kb max_used=1512Kb free=118519Kb
 bounds [0x00007f7177cf9000, 0x00007f7177f69000, 0x00007f717f231000]
CodeHeap 'non-nmethods': size=5692Kb used=1152Kb max_used=1166Kb free=4539Kb
 bounds [0x00007f717776a000, 0x00007f71779da000, 0x00007f7177cf9000]
 total_blobs=1230 nmethods=816 adapters=328
 compilation: enabled
              stopped_count=0, restarted_count=0
 full_count=0

Compilation events (20 events):
Event: 0.688 Thread 0x00007f71900c6000 nmethod 805 0x00007f7177e63a10 code [0x00007f7177e63c00, 0x00007f7177e63f80]
Event: 0.688 Thread 0x00007f71900c6000  806   !   3       java.util.zip.ZipFile$ZipFileInputStream::read (135 bytes)
Event: 0.689 Thread 0x00007f71900c6000 nmethod 806 0x00007f7177e64110 code [0x00007f7177e64340, 0x00007f7177e64ab0]
Event: 0.689 Thread 0x00007f71900c6000  807       3       sun.net.www.protocol.jar.Handler::parseURL (212 bytes)
Event: 0.691 Thread 0x00007f71900c6000 nmethod 807 0x00007f7177e64e10 code [0x00007f7177e651a0, 0x00007f7177e66540]
Event: 0.691 Thread 0x00007f71900c6000  809       3       java.util.zip.ZipFile$ZipFileInputStream::<init> (96 bytes)
Event: 0.692 Thread 0x00007f71900c6000 nmethod 809 0x00007f7177e66d90 code [0x00007f7177e66fe0, 0x00007f7177e67a40]
Event: 0.692 Thread 0x00007f71900c6000  808   !   3       java.util.zip.ZipFile::getInputStream (323 bytes)
Event: 0.693 Thread 0x00007f71900c6000 nmethod 808 0x00007f7177e67e90 code [0x00007f7177e68200, 0x00007f7177e69bd0]
Event: 0.693 Thread 0x00007f71900c6000  810       1       java.util.zip.ZipEntry::getName (5 bytes)
Event: 0.693 Thread 0x00007f71900c6000 nmethod 810 0x00007f717f26ea90 code [0x00007f717f26ec40, 0x00007f717f26ed10]
Event: 0.695 Thread 0x00007f71900c4000  811       4       java.lang.AbstractStringBuilder::<init> (39 bytes)
Event: 0.697 Thread 0x00007f71900c4000 nmethod 811 0x00007f717f26ed90 code [0x00007f717f26ef20, 0x00007f717f26f118]
Event: 0.697 Thread 0x00007f71900c6000  812       3       java.util.jar.JarFile::getManifestFromReference (151 bytes)
Event: 0.700 Thread 0x00007f71900c6000 nmethod 812 0x00007f7177e6a990 code [0x00007f7177e6ac80, 0x00007f7177e6be20]
Event: 0.700 Thread 0x00007f71900c6000  813  s    3       java.util.jar.JarFile::getInputStream (72 bytes)
Event: 0.701 Thread 0x00007f71900c6000 nmethod 813 0x00007f7177e6c390 code [0x00007f7177e6c5c0, 0x00007f7177e6cc10]
Event: 0.702 Thread 0x00007f71900c6000  814       3       java.util.zip.ZipFile::getZipEntry (325 bytes)
Event: 0.705 Thread 0x00007f71900c6000 nmethod 814 0x00007f7177e6ce10 code [0x00007f7177e6d1c0, 0x00007f7177e6f060]
Event: 0.705 Thread 0x00007f71900c6000  815       3       sun.net.util.URLUtil::urlNoFragString (114 bytes)

GC Heap History (2 events):
Event: 0.464 GC heap before
{Heap before GC invocations=0 (full 0):
 garbage-first heap   total 65536K, used 6856K [0x00000000c3000000, 0x0000000100000000)
  region size 1024K, 7 young (7168K), 0 survivors (0K)
 Metaspace       used 2890K, capacity 6259K, committed 6528K, reserved 1056768K
  class space    used 282K, capacity 620K, committed 640K, reserved 1048576K
}
Event: 0.470 GC heap after
{Heap after GC invocations=1 (full 0):
 garbage-first heap   total 65536K, used 2232K [0x00000000c3000000, 0x0000000100000000)
  region size 1024K, 1 young (1024K), 1 survivors (1024K)
 Metaspace       used 2890K, capacity 6259K, committed 6528K, reserved 1056768K
  class space    used 282K, capacity 620K, committed 640K, reserved 1048576K
}

Deoptimization events (20 events):
Event: 0.454 Thread 0x00007f7190017000 Uncommon trap: trap_request=0xffffffbe fr.pc=0x00007f717f23ef08 relative=0x00000000000003c8
Event: 0.454 Thread 0x00007f7190017000 Uncommon trap: reason=profile_predicate action=maybe_recompile pc=0x00007f717f23ef08 method=java.lang.StringLatin1.indexOf([BI[BII)I @ 18 c2
Event: 0.454 Thread 0x00007f7190017000 DEOPT PACKING pc=0x00007f717f23ef08 sp=0x00007f7196e17330
Event: 0.454 Thread 0x00007f7190017000 DEOPT UNPACKING pc=0x00007f71777b3ea5 sp=0x00007f7196e172b0 mode 2
Event: 0.482 Thread 0x00007f7190017000 DEOPT PACKING pc=0x00007f7177d43fa4 sp=0x00007f7196e14a30
Event: 0.482 Thread 0x00007f7190017000 DEOPT UNPACKING pc=0x00007f71777b464a sp=0x00007f7196e13ec0 mode 0
Event: 0.513 Thread 0x00007f7190017000 Uncommon trap: trap_request=0xffffff4d fr.pc=0x00007f717f260314 relative=0x00000000000003d4
Event: 0.513 Thread 0x00007f7190017000 Uncommon trap: reason=unstable_if action=reinterpret pc=0x00007f717f260314 method=java.lang.StringLatin1.indexOf([BI[BII)I @ 91 c2
Event: 0.513 Thread 0x00007f7190017000 DEOPT PACKING pc=0x00007f717f260314 sp=0x00007f7196e172b0
Event: 0.513 Thread 0x00007f7190017000 DEOPT UNPACKING pc=0x00007f71777b3ea5 sp=0x00007f7196e17230 mode 2
Event: 0.531 Thread 0x00007f7190017000 DEOPT PACKING pc=0x00007f7177dd86c2 sp=0x00007f7196e15db0
Event: 0.531 Thread 0x00007f7190017000 DEOPT UNPACKING pc=0x00007f71777b464a sp=0x00007f7196e15238 mode 0
Event: 0.545 Thread 0x00007f7190017000 DEOPT PACKING pc=0x00007f7177e10b08 sp=0x00007f7196e174f0
Event: 0.545 Thread 0x00007f7190017000 DEOPT UNPACKING pc=0x00007f71777b464a sp=0x00007f7196e16960 mode 0
Event: 0.546 Thread 0x00007f7190017000 DEOPT PACKING pc=0x00007f7177dd49dd sp=0x00007f7196e17a30
Event: 0.546 Thread 0x00007f7190017000 DEOPT UNPACKING pc=0x00007f71777b464a sp=0x00007f7196e16ed0 mode 0
Event: 0.554 Thread 0x00007f7190017000 DEOPT PACKING pc=0x00007f7177d3f14f sp=0x00007f7196e17680
Event: 0.554 Thread 0x00007f7190017000 DEOPT UNPACKING pc=0x00007f71777b464a sp=0x00007f7196e16b28 mode 0
Event: 0.594 Thread 0x00007f7190017000 DEOPT PACKING pc=0x00007f7177e10b08 sp=0x00007f7196e173a0
Event: 0.594 Thread 0x00007f7190017000 DEOPT UNPACKING pc=0x00007f71777b464a sp=0x00007f7196e16810 mode 0

Classes redefined (0 events):
No events

Internal exceptions (20 events):
Event: 0.406 Thread 0x00007f7190017000 Exception <a 'java/security/PrivilegedActionException'{0x00000000c6849110}> (0x00000000c6849110) thrown at [src/hotspot/share/prims/jvm.cpp, line 1306]
Event: 0.406 Thread 0x00007f7190017000 Exception <a 'java/security/PrivilegedActionException'{0x00000000c68493e0}> (0x00000000c68493e0) thrown at [src/hotspot/share/prims/jvm.cpp, line 1306]
Event: 0.406 Thread 0x00007f7190017000 Exception <a 'java/security/PrivilegedActionException'{0x00000000c68a7e20}> (0x00000000c68a7e20) thrown at [src/hotspot/share/prims/jvm.cpp, line 1306]
Event: 0.406 Thread 0x00007f7190017000 Exception <a 'java/security/PrivilegedActionException'{0x00000000c68a80f0}> (0x00000000c68a80f0) thrown at [src/hotspot/share/prims/jvm.cpp, line 1306]
Event: 0.407 Thread 0x00007f7190017000 Exception <a 'java/security/PrivilegedActionException'{0x00000000c68a8a78}> (0x00000000c68a8a78) thrown at [src/hotspot/share/prims/jvm.cpp, line 1306]
Event: 0.407 Thread 0x00007f7190017000 Exception <a 'java/security/PrivilegedActionException'{0x00000000c68a8d48}> (0x00000000c68a8d48) thrown at [src/hotspot/share/prims/jvm.cpp, line 1306]
Event: 0.407 Thread 0x00007f7190017000 Exception <a 'java/security/PrivilegedActionException'{0x00000000c68a96d0}> (0x00000000c68a96d0) thrown at [src/hotspot/share/prims/jvm.cpp, line 1306]
Event: 0.407 Thread 0x00007f7190017000 Exception <a 'java/security/PrivilegedActionException'{0x00000000c68a99a0}> (0x00000000c68a99a0) thrown at [src/hotspot/share/prims/jvm.cpp, line 1306]
Event: 0.408 Thread 0x00007f7190017000 Exception <a 'java/security/PrivilegedActionException'{0x00000000c68aa328}> (0x00000000c68aa328) thrown at [src/hotspot/share/prims/jvm.cpp, line 1306]
Event: 0.408 Thread 0x00007f7190017000 Exception <a 'java/security/PrivilegedActionException'{0x00000000c68aa5f8}> (0x00000000c68aa5f8) thrown at [src/hotspot/share/prims/jvm.cpp, line 1306]
Event: 0.408 Thread 0x00007f7190017000 Exception <a 'java/security/PrivilegedActionException'{0x00000000c68aaf68}> (0x00000000c68aaf68) thrown at [src/hotspot/share/prims/jvm.cpp, line 1306]
Event: 0.408 Thread 0x00007f7190017000 Exception <a 'java/security/PrivilegedActionException'{0x00000000c68ab238}> (0x00000000c68ab238) thrown at [src/hotspot/share/prims/jvm.cpp, line 1306]
Event: 0.408 Thread 0x00007f7190017000 Exception <a 'java/security/PrivilegedActionException'{0x00000000c68abbc0}> (0x00000000c68abbc0) thrown at [src/hotspot/share/prims/jvm.cpp, line 1306]
Event: 0.408 Thread 0x00007f7190017000 Exception <a 'java/security/PrivilegedActionException'{0x00000000c68abe90}> (0x00000000c68abe90) thrown at [src/hotspot/share/prims/jvm.cpp, line 1306]
Event: 0.418 Thread 0x00007f7190017000 Exception <a 'java/security/PrivilegedActionException'{0x00000000c6744450}> (0x00000000c6744450) thrown at [src/hotspot/share/prims/jvm.cpp, line 1306]
Event: 0.418 Thread 0x00007f7190017000 Exception <a 'java/security/PrivilegedActionException'{0x00000000c67449c8}> (0x00000000c67449c8) thrown at [src/hotspot/share/prims/jvm.cpp, line 1306]
Event: 0.444 Thread 0x00007f7190017000 Exception <a 'java/lang/NoSuchMethodError'{0x00000000c67ab420}: 'int java.lang.invoke.DirectMethodHandle$Holder.invokeStaticInit(java.lang.Object, java.lang.Object, java.lang.Object, java.lang.Object)'> (0x00000000c67ab420) thrown at [src/hotspot/share/interpreter/linkResolver.cpp, line 773]
Event: 0.445 Thread 0x00007f7190017000 Exception <a 'java/lang/IncompatibleClassChangeError'{0x00000000c67b4df8}: Found class java.lang.Object, but interface was expected> (0x00000000c67b4df8) thrown at [src/hotspot/share/interpreter/linkResolver.cpp, line 839]
Event: 0.446 Thread 0x00007f7190017000 Exception <a 'java/lang/NoSuchMethodError'{0x00000000c67b8048}: 'void java.lang.invoke.DirectMethodHandle$Holder.invokeStaticInit(java.lang.Object, java.lang.Object)'> (0x00000000c67b8048) thrown at [src/hotspot/share/interpreter/linkResolver.cpp, line 773]
Event: 0.447 Thread 0x00007f7190017000 Exception <a 'java/lang/NoSuchMethodError'{0x00000000c67bdaa0}: 'int java.lang.invoke.DirectMethodHandle$Holder.invokeStaticInit(java.lang.Object, java.lang.Object)'> (0x00000000c67bdaa0) thrown at [src/hotspot/share/interpreter/linkResolver.cpp, line 773]

Events (20 events):
Event: 0.700 loading class org/bytedeco/llvm/LLVM/LLVMSectionIteratorRef
Event: 0.700 loading class org/bytedeco/llvm/LLVM/LLVMSectionIteratorRef done
Event: 0.700 loading class org/bytedeco/llvm/LLVM/LLVMSymbolIteratorRef
Event: 0.700 loading class org/bytedeco/llvm/LLVM/LLVMSymbolIteratorRef done
Event: 0.701 loading class org/bytedeco/llvm/LLVM/LLVMRelocationIteratorRef
Event: 0.701 loading class org/bytedeco/llvm/LLVM/LLVMRelocationIteratorRef done
Event: 0.702 loading class org/bytedeco/llvm/LLVM/LLVMObjectFileRef
Event: 0.702 loading class org/bytedeco/llvm/LLVM/LLVMObjectFileRef done
Event: 0.702 loading class org/bytedeco/llvm/LLVM/LLVMTargetRef
Event: 0.702 loading class org/bytedeco/llvm/LLVM/LLVMTargetRef done
Event: 0.703 loading class org/bytedeco/llvm/LLVM/LLVMPassManagerBuilderRef
Event: 0.703 loading class org/bytedeco/llvm/LLVM/LLVMPassManagerBuilderRef done
Event: 0.703 loading class org/bytedeco/llvm/LLVM/LLVMPassBuilderOptionsRef
Event: 0.703 loading class org/bytedeco/llvm/LLVM/LLVMPassBuilderOptionsRef done
Event: 0.703 loading class org/bytedeco/llvm/LLVM/Pass
Event: 0.703 loading class org/bytedeco/llvm/LLVM/Pass done
Event: 0.704 loading class org/bytedeco/llvm/LLVM/LLVMNamedMDNodeRef
Event: 0.704 loading class org/bytedeco/llvm/LLVM/LLVMNamedMDNodeRef done
Event: 0.704 loading class org/bytedeco/llvm/LLVM/LLVMUseRef
Event: 0.704 loading class org/bytedeco/llvm/LLVM/LLVMUseRef done


Dynamic libraries:
c3000000-c6e00000 rw-p 00000000 00:00 0 
c6e00000-ffe00000 ---p 00000000 00:00 0 
ffe00000-ffe47000 rw-p 00b0a000 08:01 926690                             /usr/lib/jvm/java-11-openjdk-amd64/lib/server/classes.jsa
ffe47000-fff00000 rw-p 00000000 00:00 0 
fff00000-fff6b000 rw-p 00a9f000 08:01 926690                             /usr/lib/jvm/java-11-openjdk-amd64/lib/server/classes.jsa
fff6b000-100000000 rw-p 00000000 00:00 0 
800000000-800002000 rwxp 00001000 08:01 926690                           /usr/lib/jvm/java-11-openjdk-amd64/lib/server/classes.jsa
800002000-8003cc000 rw-p 00003000 08:01 926690                           /usr/lib/jvm/java-11-openjdk-amd64/lib/server/classes.jsa
8003cc000-800a9d000 r--p 003cd000 08:01 926690                           /usr/lib/jvm/java-11-openjdk-amd64/lib/server/classes.jsa
800a9d000-800a9e000 rw-p 00a9e000 08:01 926690                           /usr/lib/jvm/java-11-openjdk-amd64/lib/server/classes.jsa
840000000-8400c0000 rw-p 00000000 00:00 0 
8400c0000-880000000 ---p 00000000 00:00 0 
560dce0f6000-560dce0f7000 r-xp 00000000 08:01 926076                     /usr/lib/jvm/java-11-openjdk-amd64/bin/java
560dce2f7000-560dce2f8000 r--p 00001000 08:01 926076                     /usr/lib/jvm/java-11-openjdk-amd64/bin/java
560dce2f8000-560dce2f9000 rw-p 00002000 08:01 926076                     /usr/lib/jvm/java-11-openjdk-amd64/bin/java
560dce367000-560dce388000 rw-p 00000000 00:00 0                          [heap]
7f713152c000-7f7131e52000 r--p 00000000 08:01 6297972                    /home/syd/.javacpp/cache/llvm-13.0.1-1.5.7-linux-x86_64.jar/org/bytedeco/llvm/linux-x86_64/libLLVM-13.so
7f7131e52000-7f7135815000 r-xp 00926000 08:01 6297972                    /home/syd/.javacpp/cache/llvm-13.0.1-1.5.7-linux-x86_64.jar/org/bytedeco/llvm/linux-x86_64/libLLVM-13.so
7f7135815000-7f7137a6a000 r--p 042e9000 08:01 6297972                    /home/syd/.javacpp/cache/llvm-13.0.1-1.5.7-linux-x86_64.jar/org/bytedeco/llvm/linux-x86_64/libLLVM-13.so
7f7137a6a000-7f7137f7f000 r--p 0653d000 08:01 6297972                    /home/syd/.javacpp/cache/llvm-13.0.1-1.5.7-linux-x86_64.jar/org/bytedeco/llvm/linux-x86_64/libLLVM-13.so
7f7137f7f000-7f7137f8a000 rw-p 06a52000 08:01 6297972                    /home/syd/.javacpp/cache/llvm-13.0.1-1.5.7-linux-x86_64.jar/org/bytedeco/llvm/linux-x86_64/libLLVM-13.so
7f7137f8a000-7f7138000000 rw-p 00000000 00:00 0 
7f7138000000-7f7138021000 rw-p 00000000 00:00 0 
7f7138021000-7f713c000000 ---p 00000000 00:00 0 
7f713c000000-7f713c021000 rw-p 00000000 00:00 0 
7f713c021000-7f7140000000 ---p 00000000 00:00 0 
7f7140000000-7f71402ec000 rw-p 00000000 00:00 0 
7f71402ec000-7f7144000000 ---p 00000000 00:00 0 
7f7144000000-7f71444ba000 rw-p 00000000 00:00 0 
7f71444ba000-7f7148000000 ---p 00000000 00:00 0 
7f7148000000-7f7148021000 rw-p 00000000 00:00 0 
7f7148021000-7f714c000000 ---p 00000000 00:00 0 
7f714c000000-7f714c021000 rw-p 00000000 00:00 0 
7f714c021000-7f7150000000 ---p 00000000 00:00 0 
7f7150000000-7f7150021000 rw-p 00000000 00:00 0 
7f7150021000-7f7154000000 ---p 00000000 00:00 0 
7f7154000000-7f7154021000 rw-p 00000000 00:00 0 
7f7154021000-7f7158000000 ---p 00000000 00:00 0 
7f7158000000-7f7158021000 rw-p 00000000 00:00 0 
7f7158021000-7f715c000000 ---p 00000000 00:00 0 
7f715c000000-7f715c021000 rw-p 00000000 00:00 0 
7f715c021000-7f7160000000 ---p 00000000 00:00 0 
7f7160000000-7f7160021000 rw-p 00000000 00:00 0 
7f7160021000-7f7164000000 ---p 00000000 00:00 0 
7f7164954000-7f71649b9000 r--p 00000000 08:01 6297977                    /home/syd/.javacpp/cache/llvm-13.0.1-1.5.7-linux-x86_64.jar/org/bytedeco/llvm/linux-x86_64/libjniLLVM.so
7f71649b9000-7f7164a27000 r-xp 00065000 08:01 6297977                    /home/syd/.javacpp/cache/llvm-13.0.1-1.5.7-linux-x86_64.jar/org/bytedeco/llvm/linux-x86_64/libjniLLVM.so
7f7164a27000-7f7164a52000 r--p 000d3000 08:01 6297977                    /home/syd/.javacpp/cache/llvm-13.0.1-1.5.7-linux-x86_64.jar/org/bytedeco/llvm/linux-x86_64/libjniLLVM.so
7f7164a52000-7f7164a55000 r--p 000fd000 08:01 6297977                    /home/syd/.javacpp/cache/llvm-13.0.1-1.5.7-linux-x86_64.jar/org/bytedeco/llvm/linux-x86_64/libjniLLVM.so
7f7164a55000-7f7164a58000 rw-p 00100000 08:01 6297977                    /home/syd/.javacpp/cache/llvm-13.0.1-1.5.7-linux-x86_64.jar/org/bytedeco/llvm/linux-x86_64/libjniLLVM.so
7f7164a58000-7f7164a5a000 rw-p 00000000 00:00 0 
7f7164a5a000-7f7164a5e000 ---p 00000000 00:00 0 
7f7164a5e000-7f7164b5b000 rw-p 00000000 00:00 0 
7f7164b5b000-7f7164b5c000 ---p 00000000 00:00 0 
7f7164b5c000-7f7164c5d000 rw-p 00000000 00:00 0 
7f7164c5d000-7f7164c72000 r-xp 00000000 08:01 926225                     /usr/lib/jvm/java-11-openjdk-amd64/lib/libnet.so
7f7164c72000-7f7164e71000 ---p 00015000 08:01 926225                     /usr/lib/jvm/java-11-openjdk-amd64/lib/libnet.so
7f7164e71000-7f7164e72000 r--p 00014000 08:01 926225                     /usr/lib/jvm/java-11-openjdk-amd64/lib/libnet.so
7f7164e72000-7f7164e73000 rw-p 00015000 08:01 926225                     /usr/lib/jvm/java-11-openjdk-amd64/lib/libnet.so
7f7164e73000-7f7164e83000 r-xp 00000000 08:01 926226                     /usr/lib/jvm/java-11-openjdk-amd64/lib/libnio.so
7f7164e83000-7f7165082000 ---p 00010000 08:01 926226                     /usr/lib/jvm/java-11-openjdk-amd64/lib/libnio.so
7f7165082000-7f7165083000 r--p 0000f000 08:01 926226                     /usr/lib/jvm/java-11-openjdk-amd64/lib/libnio.so
7f7165083000-7f7165084000 rw-p 00010000 08:01 926226                     /usr/lib/jvm/java-11-openjdk-amd64/lib/libnio.so
7f7165084000-7f7165088000 ---p 00000000 00:00 0 
7f7165088000-7f7165185000 rw-p 00000000 00:00 0 
7f7165185000-7f7165186000 ---p 00000000 00:00 0 
7f7165186000-7f7165287000 rw-p 00000000 00:00 0 
7f7165287000-7f716528b000 ---p 00000000 00:00 0 
7f716528b000-7f7165388000 rw-p 00000000 00:00 0 
7f7165388000-7f716538c000 ---p 00000000 00:00 0 
7f716538c000-7f7165489000 rw-p 00000000 00:00 0 
7f7165489000-7f716548d000 ---p 00000000 00:00 0 
7f716548d000-7f716558a000 rw-p 00000000 00:00 0 
7f716558a000-7f716558e000 ---p 00000000 00:00 0 
7f716558e000-7f716568b000 rw-p 00000000 00:00 0 
7f716568b000-7f716568f000 ---p 00000000 00:00 0 
7f716568f000-7f716578c000 rw-p 00000000 00:00 0 
7f716578c000-7f7165c20000 r--p 00000000 08:01 666827                     /usr/lib/locale/locale-archive
7f7165c20000-7f7165c24000 ---p 00000000 00:00 0 
7f7165c24000-7f7165d21000 rw-p 00000000 00:00 0 
7f7165d21000-7f7165d25000 ---p 00000000 00:00 0 
7f7165d25000-7f7165e22000 rw-p 00000000 00:00 0 
7f7165e22000-7f7165e23000 ---p 00000000 00:00 0 
7f7165e23000-7f7168000000 rw-p 00000000 00:00 0 
7f7168000000-7f7168021000 rw-p 00000000 00:00 0 
7f7168021000-7f716c000000 ---p 00000000 00:00 0 
7f716c000000-7f716c021000 rw-p 00000000 00:00 0 
7f716c021000-7f7170000000 ---p 00000000 00:00 0 
7f7170000000-7f7170021000 rw-p 00000000 00:00 0 
7f7170021000-7f7174000000 ---p 00000000 00:00 0 
7f717404e000-7f717464e000 rw-p 00000000 00:00 0 
7f717464e000-7f717484e000 ---p 00000000 00:00 0 
7f717484e000-7f717484f000 ---p 00000000 00:00 0 
7f717484f000-7f7174950000 rw-p 00000000 00:00 0 
7f7174950000-7f7174951000 ---p 00000000 00:00 0 
7f7174951000-7f7174c54000 rw-p 00000000 00:00 0 
7f7174c54000-7f7174c55000 ---p 00000000 00:00 0 
7f7174c55000-7f7174d56000 rw-p 00000000 00:00 0 
7f7174d56000-7f7174d57000 ---p 00000000 00:00 0 
7f7174d57000-7f7174f50000 rw-p 00000000 00:00 0 
7f7174f50000-7f7175d90000 ---p 00000000 00:00 0 
7f7175d90000-7f7175e90000 rw-p 00000000 00:00 0 
7f7175e90000-7f7176cd0000 ---p 00000000 00:00 0 
7f7176cd0000-7f7176cf7000 rw-p 00000000 00:00 0 
7f7176cf7000-7f7176ebf000 ---p 00000000 00:00 0 
7f7176ebf000-7f7176edf000 rw-p 00000000 00:00 0 
7f7176edf000-7f71770a7000 ---p 00000000 00:00 0 
7f71770a7000-7f71770c7000 rw-p 00000000 00:00 0 
7f71770c7000-7f717728f000 ---p 00000000 00:00 0 
7f717728f000-7f7177492000 rw-p 00000000 00:00 0 
7f7177492000-7f7177493000 ---p 00000000 00:00 0 
7f7177493000-7f7177599000 rw-p 00000000 00:00 0 
7f7177599000-7f717767f000 ---p 00000000 00:00 0 
7f717767f000-7f7177684000 rw-p 00000000 00:00 0 
7f7177684000-7f717776a000 ---p 00000000 00:00 0 
7f717776a000-7f71779da000 rwxp 00000000 00:00 0 
7f71779da000-7f7177cf9000 ---p 00000000 00:00 0 
7f7177cf9000-7f7177f69000 rwxp 00000000 00:00 0 
7f7177f69000-7f717f231000 ---p 00000000 00:00 0 
7f717f231000-7f717f4a1000 rwxp 00000000 00:00 0 
7f717f4a1000-7f718676a000 ---p 00000000 00:00 0 
7f718676a000-7f718ef75000 r--s 00000000 08:01 926235                     /usr/lib/jvm/java-11-openjdk-amd64/lib/modules
7f718ef75000-7f718ef7c000 r-xp 00000000 08:01 926234                     /usr/lib/jvm/java-11-openjdk-amd64/lib/libzip.so
7f718ef7c000-7f718f17c000 ---p 00007000 08:01 926234                     /usr/lib/jvm/java-11-openjdk-amd64/lib/libzip.so
7f718f17c000-7f718f17d000 r--p 00007000 08:01 926234                     /usr/lib/jvm/java-11-openjdk-amd64/lib/libzip.so
7f718f17d000-7f718f17e000 rw-p 00008000 08:01 926234                     /usr/lib/jvm/java-11-openjdk-amd64/lib/libzip.so
7f718f17e000-7f718f189000 r-xp 00000000 08:01 1709194                    /lib/x86_64-linux-gnu/libnss_files-2.27.so
7f718f189000-7f718f388000 ---p 0000b000 08:01 1709194                    /lib/x86_64-linux-gnu/libnss_files-2.27.so
7f718f388000-7f718f389000 r--p 0000a000 08:01 1709194                    /lib/x86_64-linux-gnu/libnss_files-2.27.so
7f718f389000-7f718f38a000 rw-p 0000b000 08:01 1709194                    /lib/x86_64-linux-gnu/libnss_files-2.27.so
7f718f38a000-7f718f390000 rw-p 00000000 00:00 0 
7f718f390000-7f718f3a7000 r-xp 00000000 08:01 1709191                    /lib/x86_64-linux-gnu/libnsl-2.27.so
7f718f3a7000-7f718f5a6000 ---p 00017000 08:01 1709191                    /lib/x86_64-linux-gnu/libnsl-2.27.so
7f718f5a6000-7f718f5a7000 r--p 00016000 08:01 1709191                    /lib/x86_64-linux-gnu/libnsl-2.27.so
7f718f5a7000-7f718f5a8000 rw-p 00017000 08:01 1709191                    /lib/x86_64-linux-gnu/libnsl-2.27.so
7f718f5a8000-7f718f5aa000 rw-p 00000000 00:00 0 
7f718f5aa000-7f718f5b5000 r-xp 00000000 08:01 1709196                    /lib/x86_64-linux-gnu/libnss_nis-2.27.so
7f718f5b5000-7f718f7b4000 ---p 0000b000 08:01 1709196                    /lib/x86_64-linux-gnu/libnss_nis-2.27.so
7f718f7b4000-7f718f7b5000 r--p 0000a000 08:01 1709196                    /lib/x86_64-linux-gnu/libnss_nis-2.27.so
7f718f7b5000-7f718f7b6000 rw-p 0000b000 08:01 1709196                    /lib/x86_64-linux-gnu/libnss_nis-2.27.so
7f718f7b6000-7f718f7be000 r-xp 00000000 08:01 1709192                    /lib/x86_64-linux-gnu/libnss_compat-2.27.so
7f718f7be000-7f718f9be000 ---p 00008000 08:01 1709192                    /lib/x86_64-linux-gnu/libnss_compat-2.27.so
7f718f9be000-7f718f9bf000 r--p 00008000 08:01 1709192                    /lib/x86_64-linux-gnu/libnss_compat-2.27.so
7f718f9bf000-7f718f9c0000 rw-p 00009000 08:01 1709192                    /lib/x86_64-linux-gnu/libnss_compat-2.27.so
7f718f9c0000-7f718f9c5000 r-xp 00000000 08:01 926217                     /usr/lib/jvm/java-11-openjdk-amd64/lib/libjimage.so
7f718f9c5000-7f718fbc4000 ---p 00005000 08:01 926217                     /usr/lib/jvm/java-11-openjdk-amd64/lib/libjimage.so
7f718fbc4000-7f718fbc5000 r--p 00004000 08:01 926217                     /usr/lib/jvm/java-11-openjdk-amd64/lib/libjimage.so
7f718fbc5000-7f718fbc6000 rw-p 00005000 08:01 926217                     /usr/lib/jvm/java-11-openjdk-amd64/lib/libjimage.so
7f718fbc6000-7f718fbef000 r-xp 00000000 08:01 926214                     /usr/lib/jvm/java-11-openjdk-amd64/lib/libjava.so
7f718fbef000-7f718fdee000 ---p 00029000 08:01 926214                     /usr/lib/jvm/java-11-openjdk-amd64/lib/libjava.so
7f718fdee000-7f718fdef000 r--p 00028000 08:01 926214                     /usr/lib/jvm/java-11-openjdk-amd64/lib/libjava.so
7f718fdef000-7f718fdf0000 rw-p 00029000 08:01 926214                     /usr/lib/jvm/java-11-openjdk-amd64/lib/libjava.so
7f718fdf0000-7f718fdf1000 rw-p 00000000 00:00 0 
7f718fdf1000-7f718fdfe000 r-xp 00000000 08:01 926233                     /usr/lib/jvm/java-11-openjdk-amd64/lib/libverify.so
7f718fdfe000-7f718fffd000 ---p 0000d000 08:01 926233                     /usr/lib/jvm/java-11-openjdk-amd64/lib/libverify.so
7f718fffd000-7f718ffff000 r--p 0000c000 08:01 926233                     /usr/lib/jvm/java-11-openjdk-amd64/lib/libverify.so
7f718ffff000-7f7190000000 rw-p 0000e000 08:01 926233                     /usr/lib/jvm/java-11-openjdk-amd64/lib/libverify.so
7f7190000000-7f7190330000 rw-p 00000000 00:00 0 
7f7190330000-7f7194000000 ---p 00000000 00:00 0 
7f7194012000-7f7194019000 r--p 00000000 08:01 6297973                    /home/syd/.javacpp/cache/llvm-13.0.1-1.5.7-linux-x86_64.jar/org/bytedeco/llvm/linux-x86_64/libLTO.so.13
7f7194019000-7f7194021000 r-xp 00007000 08:01 6297973                    /home/syd/.javacpp/cache/llvm-13.0.1-1.5.7-linux-x86_64.jar/org/bytedeco/llvm/linux-x86_64/libLTO.so.13
7f7194021000-7f7194023000 r--p 0000f000 08:01 6297973                    /home/syd/.javacpp/cache/llvm-13.0.1-1.5.7-linux-x86_64.jar/org/bytedeco/llvm/linux-x86_64/libLTO.so.13
7f7194023000-7f7194024000 r--p 00010000 08:01 6297973                    /home/syd/.javacpp/cache/llvm-13.0.1-1.5.7-linux-x86_64.jar/org/bytedeco/llvm/linux-x86_64/libLTO.so.13
7f7194024000-7f7194025000 rw-p 00011000 08:01 6297973                    /home/syd/.javacpp/cache/llvm-13.0.1-1.5.7-linux-x86_64.jar/org/bytedeco/llvm/linux-x86_64/libLTO.so.13
7f7194025000-7f719402c000 r-xp 00000000 08:01 1709201                    /lib/x86_64-linux-gnu/librt-2.27.so
7f719402c000-7f719422b000 ---p 00007000 08:01 1709201                    /lib/x86_64-linux-gnu/librt-2.27.so
7f719422b000-7f719422c000 r--p 00006000 08:01 1709201                    /lib/x86_64-linux-gnu/librt-2.27.so
7f719422c000-7f719422d000 rw-p 00007000 08:01 1709201                    /lib/x86_64-linux-gnu/librt-2.27.so
7f719422d000-7f7194244000 r-xp 00000000 08:01 1709327                    /lib/x86_64-linux-gnu/libgcc_s.so.1
7f7194244000-7f7194443000 ---p 00017000 08:01 1709327                    /lib/x86_64-linux-gnu/libgcc_s.so.1
7f7194443000-7f7194444000 r--p 00016000 08:01 1709327                    /lib/x86_64-linux-gnu/libgcc_s.so.1
7f7194444000-7f7194445000 rw-p 00017000 08:01 1709327                    /lib/x86_64-linux-gnu/libgcc_s.so.1
7f7194445000-7f71945e2000 r-xp 00000000 08:01 1709188                    /lib/x86_64-linux-gnu/libm-2.27.so
7f71945e2000-7f71947e1000 ---p 0019d000 08:01 1709188                    /lib/x86_64-linux-gnu/libm-2.27.so
7f71947e1000-7f71947e2000 r--p 0019c000 08:01 1709188                    /lib/x86_64-linux-gnu/libm-2.27.so
7f71947e2000-7f71947e3000 rw-p 0019d000 08:01 1709188                    /lib/x86_64-linux-gnu/libm-2.27.so
7f71947e3000-7f719495c000 r-xp 00000000 08:01 664741                     /usr/lib/x86_64-linux-gnu/libstdc++.so.6.0.25
7f719495c000-7f7194b5c000 ---p 00179000 08:01 664741                     /usr/lib/x86_64-linux-gnu/libstdc++.so.6.0.25
7f7194b5c000-7f7194b66000 r--p 00179000 08:01 664741                     /usr/lib/x86_64-linux-gnu/libstdc++.so.6.0.25
7f7194b66000-7f7194b68000 rw-p 00183000 08:01 664741                     /usr/lib/x86_64-linux-gnu/libstdc++.so.6.0.25
7f7194b68000-7f7194b6c000 rw-p 00000000 00:00 0 
7f7194b6c000-7f7195c73000 r-xp 00000000 08:01 926240                     /usr/lib/jvm/java-11-openjdk-amd64/lib/server/libjvm.so
7f7195c73000-7f7195e73000 ---p 01107000 08:01 926240                     /usr/lib/jvm/java-11-openjdk-amd64/lib/server/libjvm.so
7f7195e73000-7f7195f37000 r--p 01107000 08:01 926240                     /usr/lib/jvm/java-11-openjdk-amd64/lib/server/libjvm.so
7f7195f37000-7f7195f72000 rw-p 011cb000 08:01 926240                     /usr/lib/jvm/java-11-openjdk-amd64/lib/server/libjvm.so
7f7195f72000-7f7195fc9000 rw-p 00000000 00:00 0 
7f7195fc9000-7f7195fe3000 r-xp 00000000 08:01 1709199                    /lib/x86_64-linux-gnu/libpthread-2.27.so
7f7195fe3000-7f71961e2000 ---p 0001a000 08:01 1709199                    /lib/x86_64-linux-gnu/libpthread-2.27.so
7f71961e2000-7f71961e3000 r--p 00019000 08:01 1709199                    /lib/x86_64-linux-gnu/libpthread-2.27.so
7f71961e3000-7f71961e4000 rw-p 0001a000 08:01 1709199                    /lib/x86_64-linux-gnu/libpthread-2.27.so
7f71961e4000-7f71961e8000 rw-p 00000000 00:00 0 
7f71961e8000-7f71961eb000 r-xp 00000000 08:01 1709187                    /lib/x86_64-linux-gnu/libdl-2.27.so
7f71961eb000-7f71963ea000 ---p 00003000 08:01 1709187                    /lib/x86_64-linux-gnu/libdl-2.27.so
7f71963ea000-7f71963eb000 r--p 00002000 08:01 1709187                    /lib/x86_64-linux-gnu/libdl-2.27.so
7f71963eb000-7f71963ec000 rw-p 00003000 08:01 1709187                    /lib/x86_64-linux-gnu/libdl-2.27.so
7f71963ec000-7f7196408000 r-xp 00000000 08:01 1704012                    /lib/x86_64-linux-gnu/libz.so.1.2.11
7f7196408000-7f7196607000 ---p 0001c000 08:01 1704012                    /lib/x86_64-linux-gnu/libz.so.1.2.11
7f7196607000-7f7196608000 r--p 0001b000 08:01 1704012                    /lib/x86_64-linux-gnu/libz.so.1.2.11
7f7196608000-7f7196609000 rw-p 0001c000 08:01 1704012                    /lib/x86_64-linux-gnu/libz.so.1.2.11
7f7196609000-7f71967f0000 r-xp 00000000 08:01 1709184                    /lib/x86_64-linux-gnu/libc-2.27.so
7f71967f0000-7f71969f0000 ---p 001e7000 08:01 1709184                    /lib/x86_64-linux-gnu/libc-2.27.so
7f71969f0000-7f71969f4000 r--p 001e7000 08:01 1709184                    /lib/x86_64-linux-gnu/libc-2.27.so
7f71969f4000-7f71969f6000 rw-p 001eb000 08:01 1709184                    /lib/x86_64-linux-gnu/libc-2.27.so
7f71969f6000-7f71969fa000 rw-p 00000000 00:00 0 
7f71969fa000-7f7196a09000 r-xp 00000000 08:01 926199                     /usr/lib/jvm/java-11-openjdk-amd64/lib/jli/libjli.so
7f7196a09000-7f7196c08000 ---p 0000f000 08:01 926199                     /usr/lib/jvm/java-11-openjdk-amd64/lib/jli/libjli.so
7f7196c08000-7f7196c09000 r--p 0000e000 08:01 926199                     /usr/lib/jvm/java-11-openjdk-amd64/lib/jli/libjli.so
7f7196c09000-7f7196c0a000 rw-p 0000f000 08:01 926199                     /usr/lib/jvm/java-11-openjdk-amd64/lib/jli/libjli.so
7f7196c0a000-7f7196c33000 r-xp 00000000 08:01 1703942                    /lib/x86_64-linux-gnu/ld-2.27.so
7f7196c39000-7f7196c40000 r--s 00000000 08:01 920620                     /usr/lib/x86_64-linux-gnu/gconv/gconv-modules.cache
7f7196c40000-7f7196c44000 r--p 00000000 08:01 6297966                    /home/syd/.javacpp/cache/javacpp-1.5.7-linux-x86_64.jar/org/bytedeco/javacpp/linux-x86_64/libjnijavacpp.so
7f7196c44000-7f7196c4b000 r-xp 00004000 08:01 6297966                    /home/syd/.javacpp/cache/javacpp-1.5.7-linux-x86_64.jar/org/bytedeco/javacpp/linux-x86_64/libjnijavacpp.so
7f7196c4b000-7f7196c4f000 r--p 0000b000 08:01 6297966                    /home/syd/.javacpp/cache/javacpp-1.5.7-linux-x86_64.jar/org/bytedeco/javacpp/linux-x86_64/libjnijavacpp.so
7f7196c4f000-7f7196c50000 r--p 0000e000 08:01 6297966                    /home/syd/.javacpp/cache/javacpp-1.5.7-linux-x86_64.jar/org/bytedeco/javacpp/linux-x86_64/libjnijavacpp.so
7f7196c50000-7f7196c51000 rw-p 0000f000 08:01 6297966                    /home/syd/.javacpp/cache/javacpp-1.5.7-linux-x86_64.jar/org/bytedeco/javacpp/linux-x86_64/libjnijavacpp.so
7f7196c51000-7f7196d12000 rw-p 00000000 00:00 0 
7f7196d12000-7f7196d19000 ---p 00000000 00:00 0 
7f7196d19000-7f7196d1d000 ---p 00000000 00:00 0 
7f7196d1d000-7f7196e1c000 rw-p 00000000 00:00 0 
7f7196e22000-7f7196e23000 r--p 00000000 08:01 6297975                    /home/syd/.javacpp/cache/llvm-13.0.1-1.5.7-linux-x86_64.jar/org/bytedeco/llvm/linux-x86_64/libRemarks.so.13
7f7196e23000-7f7196e24000 r-xp 00001000 08:01 6297975                    /home/syd/.javacpp/cache/llvm-13.0.1-1.5.7-linux-x86_64.jar/org/bytedeco/llvm/linux-x86_64/libRemarks.so.13
7f7196e24000-7f7196e25000 r--p 00002000 08:01 6297975                    /home/syd/.javacpp/cache/llvm-13.0.1-1.5.7-linux-x86_64.jar/org/bytedeco/llvm/linux-x86_64/libRemarks.so.13
7f7196e25000-7f7196e26000 r--p 00002000 08:01 6297975                    /home/syd/.javacpp/cache/llvm-13.0.1-1.5.7-linux-x86_64.jar/org/bytedeco/llvm/linux-x86_64/libRemarks.so.13
7f7196e26000-7f7196e27000 rw-p 00003000 08:01 6297975                    /home/syd/.javacpp/cache/llvm-13.0.1-1.5.7-linux-x86_64.jar/org/bytedeco/llvm/linux-x86_64/libRemarks.so.13
7f7196e27000-7f7196e2f000 rw-s 00000000 08:01 6293192                    /tmp/hsperfdata_syd/16955
7f7196e2f000-7f7196e30000 ---p 00000000 00:00 0 
7f7196e30000-7f7196e31000 r--p 00000000 00:00 0 
7f7196e31000-7f7196e33000 rw-p 00000000 00:00 0 
7f7196e33000-7f7196e34000 r--p 00029000 08:01 1703942                    /lib/x86_64-linux-gnu/ld-2.27.so
7f7196e34000-7f7196e35000 rw-p 0002a000 08:01 1703942                    /lib/x86_64-linux-gnu/ld-2.27.so
7f7196e35000-7f7196e36000 rw-p 00000000 00:00 0 
7fffc2813000-7fffc2835000 rw-p 00000000 00:00 0                          [stack]
7fffc284e000-7fffc2851000 r--p 00000000 00:00 0                          [vvar]
7fffc2851000-7fffc2853000 r-xp 00000000 00:00 0                          [vdso]
ffffffffff600000-ffffffffff601000 --xp 00000000 00:00 0                  [vsyscall]


VM Arguments:
java_command: Main /mnt/hgfs/CompilationPrincipleLAB/Lab/src/code.txt /mnt/hgfs/CompilationPrincipleLAB/Lab/src/code.txt
java_class_path (initial): ./classes:/usr/local/lib/antlr-4.9.1-complete.jar:/usr/local/lib/llvm-13.0.1-1.5.7-linux-x86_64.jar:/usr/local/lib/llvm-platform-13.0.1-1.5.7.jar:/usr/local/lib/llvm-13.0.1-1.5.7.jar:/usr/local/lib/javacpp-1.5.7-linux-x86_64.jar:/usr/local/lib/javacpp-1.5.7.jar
Launcher Type: SUN_STANDARD

[Global flags]
     intx CICompilerCount                          = 2                                         {product} {ergonomic}
     uint ConcGCThreads                            = 1                                         {product} {ergonomic}
     uint G1ConcRefinementThreads                  = 2                                         {product} {ergonomic}
   size_t G1HeapRegionSize                         = 1048576                                   {product} {ergonomic}
    uintx GCDrainStackTargetSize                   = 64                                        {product} {ergonomic}
   size_t InitialHeapSize                          = 65011712                                  {product} {ergonomic}
   size_t MarkStackSize                            = 4194304                                   {product} {ergonomic}
   size_t MaxHeapSize                              = 1023410176                                {product} {ergonomic}
   size_t MaxNewSize                               = 613416960                                 {product} {ergonomic}
   size_t MinHeapDeltaBytes                        = 1048576                                   {product} {ergonomic}
    uintx NonNMethodCodeHeapSize                   = 5825164                                {pd product} {ergonomic}
    uintx NonProfiledCodeHeapSize                  = 122916538                              {pd product} {ergonomic}
    uintx ProfiledCodeHeapSize                     = 122916538                              {pd product} {ergonomic}
    uintx ReservedCodeCacheSize                    = 251658240                              {pd product} {ergonomic}
     bool SegmentedCodeCache                       = true                                      {product} {ergonomic}
     bool UseCompressedClassPointers               = true                                 {lp64_product} {ergonomic}
     bool UseCompressedOops                        = true                                 {lp64_product} {ergonomic}
     bool UseG1GC                                  = true                                      {product} {ergonomic}

Logging:
Log output configuration:
 #0: stdout all=warning uptime,level,tags
 #1: stderr all=off uptime,level,tags

Environment Variables:
CLASSPATH=/usr/local/lib/antlr-4.9.1-complete.jar:/usr/local/lib/llvm-13.0.1-1.5.7-linux-x86_64.jar:/usr/local/lib/llvm-platform-13.0.1-1.5.7.jar:/usr/local/lib/llvm-13.0.1-1.5.7.jar:/usr/local/lib/javacpp-1.5.7-linux-x86_64.jar:/usr/local/lib/javacpp-1.5.7.jar
PATH=/usr/local/sbin:/usr/local/bin:/usr/sbin:/usr/bin:/sbin:/bin:/usr/games:/usr/local/games:/snap/bin
USERNAME=syd
SHELL=/bin/bash
DISPLAY=:0
LANG=zh_CN.UTF-8
LC_NUMERIC=zh_CN.UTF-8
LC_TIME=zh_CN.UTF-8
TERM=xterm-256color

Signal Handlers:
SIGSEGV: [libjvm.so+0xe356a0], sa_mask[0]=11111111011111111101111111111110, sa_flags=SA_RESTART|SA_SIGINFO
SIGBUS: [libjvm.so+0xe356a0], sa_mask[0]=11111111011111111101111111111110, sa_flags=SA_RESTART|SA_SIGINFO
SIGFPE: [libjvm.so+0xe356a0], sa_mask[0]=11111111011111111101111111111110, sa_flags=SA_RESTART|SA_SIGINFO
SIGPIPE: [libjvm.so+0xb89cc0], sa_mask[0]=11111111011111111101111111111110, sa_flags=SA_RESTART|SA_SIGINFO
SIGXFSZ: [libjvm.so+0xb89cc0], sa_mask[0]=11111111011111111101111111111110, sa_flags=SA_RESTART|SA_SIGINFO
SIGILL: [libjvm.so+0xe356a0], sa_mask[0]=11111111011111111101111111111110, sa_flags=SA_RESTART|SA_SIGINFO
SIGUSR2: [libjvm.so+0xb89b50], sa_mask[0]=00000000000000000000000000000000, sa_flags=SA_RESTART|SA_SIGINFO
SIGHUP: [libjvm.so+0xb8a220], sa_mask[0]=11111111011111111101111111111110, sa_flags=SA_RESTART|SA_SIGINFO
SIGINT: [libjvm.so+0xb8a220], sa_mask[0]=11111111011111111101111111111110, sa_flags=SA_RESTART|SA_SIGINFO
SIGTERM: [libjvm.so+0xb8a220], sa_mask[0]=11111111011111111101111111111110, sa_flags=SA_RESTART|SA_SIGINFO
SIGQUIT: [libjvm.so+0xb8a220], sa_mask[0]=11111111011111111101111111111110, sa_flags=SA_RESTART|SA_SIGINFO


---------------  S Y S T E M  ---------------

OS:DISTRIB_ID=Ubuntu
DISTRIB_RELEASE=18.04
DISTRIB_CODENAME=bionic
DISTRIB_DESCRIPTION="Ubuntu 18.04.6 LTS"
uname:Linux 5.4.0-150-generic #167~18.04.1-Ubuntu SMP Wed May 24 00:51:42 UTC 2023 x86_64
OS uptime: 0 days 5:19 hours
libc:glibc 2.27 NPTL 2.27 
rlimit (soft/hard): STACK 8192k/infinity , CORE 0k/infinity , NPROC 15400/15400 , NOFILE 1048576/1048576 , AS infinity/infinity , CPU infinity/infinity , DATA infinity/infinity , FSIZE infinity/infinity , MEMLOCK 65536k/65536k
load average:0.61 0.54 0.41

/proc/meminfo:
MemTotal:        3994712 kB
MemFree:          183820 kB
MemAvailable:     354220 kB
Buffers:           17384 kB
Cached:           351700 kB
SwapCached:         9240 kB
Active:          2416568 kB
Inactive:         713936 kB
Active(anon):    2232900 kB
Inactive(anon):   570748 kB
Active(file):     183668 kB
Inactive(file):   143188 kB
Unevictable:          16 kB
Mlocked:              16 kB
SwapTotal:       2097148 kB
SwapFree:        1884412 kB
Dirty:                68 kB
Writeback:             0 kB
AnonPages:       2753364 kB
Mapped:           197308 kB
Shmem:             42188 kB
KReclaimable:      96808 kB
Slab:             180836 kB
SReclaimable:      96808 kB
SUnreclaim:        84028 kB
KernelStack:       13840 kB
PageTables:        50504 kB
NFS_Unstable:          0 kB
Bounce:                0 kB
WritebackTmp:          0 kB
CommitLimit:     4094504 kB
Committed_AS:    7019296 kB
VmallocTotal:   34359738367 kB
VmallocUsed:       30116 kB
VmallocChunk:          0 kB
Percpu:            49152 kB
HardwareCorrupted:     0 kB
AnonHugePages:         0 kB
ShmemHugePages:        0 kB
ShmemPmdMapped:        0 kB
FileHugePages:         0 kB
FilePmdMapped:         0 kB
CmaTotal:              0 kB
CmaFree:               0 kB
HugePages_Total:       0
HugePages_Free:        0
HugePages_Rsvd:        0
HugePages_Surp:        0
Hugepagesize:       2048 kB
Hugetlb:               0 kB
DirectMap4k:      196416 kB
DirectMap2M:     3997696 kB
DirectMap1G:     2097152 kB

/sys/kernel/mm/transparent_hugepage/enabled:
always [madvise] never
/sys/kernel/mm/transparent_hugepage/defrag (defrag/compaction efforts parameter):
always defer defer+madvise [madvise] never

Process Memory:
Virtual Size: 3713228K (peak: 12418976K)
Resident Set Size: 89560K (peak: 89560K) (anon: 37108K, file: 52452K, shmem: 0K)
Swapped out: 0K
C-Heap outstanding allocations: 15502K, retained: 2337K
glibc malloc tunables: (default)

/proc/sys/kernel/threads-max (system-wide limit on the number of threads):
30800
/proc/sys/vm/max_map_count (maximum number of memory map areas a process may have):
65530
/proc/sys/kernel/pid_max (system-wide limit on number of process identifiers):
131072

container (cgroup) information:
container_type: cgroupv1
cpu_cpuset_cpus: 0-1
cpu_memory_nodes: 0
active_processor_count: 2
cpu_quota: no quota
cpu_period: 100000
cpu_shares: no shares
memory_limit_in_bytes: unlimited
memory_and_swap_limit_in_bytes: not supported
memory_soft_limit_in_bytes: unlimited
memory_usage_in_bytes: 3129584 k
memory_max_usage_in_bytes: 63004 k
kernel_memory_usage_in_bytes: unlimited
kernel_memory_max_usage_in_bytes: unlimited
kernel_memory_limit_in_bytes: unlimited
maximum number of tasks: unlimited
current number of tasks: 226

VMWare virtualization detected
Steal ticks since vm start: 0
Steal ticks percentage since vm start:  0.000

CPU:total 2 (initial active 2) (1 cores per cpu, 1 threads per core) family 6 model 154 stepping 3 microcode 0xffffffff, cmov, cx8, fxsr, mmx, sse, sse2, sse3, ssse3, sse4.1, sse4.2, popcnt, avx, avx2, aes, clmul, erms, 3dnowpref, lzcnt, tsc, tscinvbit, bmi1, bmi2, adx, sha, fma
CPU Model and flags from /proc/cpuinfo:
model name	: 12th Gen Intel(R) Core(TM) i5-12500H
flags		: fpu vme de pse tsc msr pae mce cx8 apic sep mtrr pge mca cmov pat pse36 clflush mmx fxsr sse sse2 ss syscall nx pdpe1gb rdtscp lm constant_tsc arch_perfmon rep_good nopl xtopology tsc_reliable nonstop_tsc cpuid pni pclmulqdq ssse3 fma cx16 pcid sse4_1 sse4_2 x2apic movbe popcnt aes xsave avx f16c rdrand hypervisor lahf_lm abm 3dnowprefetch invpcid_single pti ssbd ibrs ibpb stibp fsgsbase tsc_adjust bmi1 avx2 smep bmi2 erms invpcid rdseed adx smap clflushopt clwb sha_ni xsaveopt xsavec xgetbv1 xsaves arat umip gfni vaes vpclmulqdq rdpid movdiri movdir64b md_clear flush_l1d arch_capabilities
Online cpus:
0-1
Offline cpus:
2-127
BIOS frequency limitation:
<Not Available>
Frequency switch latency (ns):
<Not Available>
Available cpu frequencies:
<Not Available>
Current governor:
<Not Available>
Core performance/turbo boost:
<Not Available>

Memory: 4k page, physical 3994712k(183568k free), swap 2097148k(1884412k free)

vm_info: OpenJDK 64-Bit Server VM (11.0.19+7-post-Ubuntu-0ubuntu118.04.1) for linux-amd64 JRE (11.0.19+7-post-Ubuntu-0ubuntu118.04.1), built on May 10 2023 00:54:54 by "unknown" with gcc 8.4.0

END.
