#
# A fatal error has been detected by the Java Runtime Environment:
#
#  SIGSEGV (0xb) at pc=0x00007fb34615c05c, pid=91071, tid=91072
#
# JRE version: OpenJDK Runtime Environment (11.0.19+7) (build 11.0.19+7-post-Ubuntu-0ubuntu118.04.1)
# Java VM: OpenJDK 64-Bit Server VM (11.0.19+7-post-Ubuntu-0ubuntu118.04.1, mixed mode, sharing, tiered, compressed oops, g1 gc, linux-amd64)
# Problematic frame:
# C  [libLLVM-13.so+0xc3005c]  LLVMBuildCall2+0x1c
#
# Core dump will be written. Default location: Core dumps may be processed with "/usr/share/apport/apport -p%p -s%s -c%c -d%d -P%P -u%u -g%g -- %E" (or dumping to /mnt/hgfs/CompilationPrincipleLAB/Lab/core.91071)
#
# If you would like to submit a bug report, please visit:
#   https://bugs.launchpad.net/ubuntu/+source/openjdk-lts
# The crash happened outside the Java Virtual Machine in native code.
# See problematic frame for where to report the bug.
#

---------------  S U M M A R Y ------------

Command Line: Main /mnt/hgfs/CompilationPrincipleLAB/Lab/src/code.txt /mnt/hgfs/CompilationPrincipleLAB/Lab/src/IRtarget.txt

Host: 12th Gen Intel(R) Core(TM) i5-12500H, 2 cores, 3G, Ubuntu 18.04.6 LTS
Time: Wed May 29 01:26:27 2024 PDT elapsed time: 0.338499 seconds (0d 0h 0m 0s)

---------------  T H R E A D  ---------------

Current thread (0x00007fb3a4017000):  JavaThread "main" [_thread_in_native, id=91072, stack(0x00007fb3ad949000,0x00007fb3ada4a000)]

Stack: [0x00007fb3ad949000,0x00007fb3ada4a000],  sp=0x00007fb3ada479b0,  free space=1018k
Native frames: (J=compiled Java code, A=aot compiled Java code, j=interpreted, Vv=VM code, C=native code)
C  [libLLVM-13.so+0xc3005c]  LLVMBuildCall2+0x1c

Java frames: (J=compiled Java code, j=interpreted, Vv=VM code)
j  org.bytedeco.llvm.global.LLVM.LLVMBuildCall2(Lorg/bytedeco/llvm/LLVM/LLVMBuilderRef;Lorg/bytedeco/llvm/LLVM/LLVMTypeRef;Lorg/bytedeco/llvm/LLVM/LLVMValueRef;Lorg/bytedeco/javacpp/PointerPointer;ILjava/lang/String;)Lorg/bytedeco/llvm/LLVM/LLVMValueRef;+0
j  MyLLVMIRVisitor.visitExp(LSysYParser$ExpContext;)Lorg/bytedeco/llvm/LLVM/LLVMValueRef;+444
j  MyLLVMIRVisitor.visitExp(LSysYParser$ExpContext;)Ljava/lang/Object;+2
j  SysYParser$ExpContext.accept(Lorg/antlr/v4/runtime/tree/ParseTreeVisitor;)Ljava/lang/Object;+12
j  org.antlr.v4.runtime.tree.AbstractParseTreeVisitor.visitChildren(Lorg/antlr/v4/runtime/tree/RuleNode;)Ljava/lang/Object;+46
j  SysYParserBaseVisitor.visitStmt(LSysYParser$StmtContext;)Ljava/lang/Object;+2
j  MyLLVMIRVisitor.visitStmt(LSysYParser$StmtContext;)Lorg/bytedeco/llvm/LLVM/LLVMValueRef;+717
j  MyLLVMIRVisitor.visitStmt(LSysYParser$StmtContext;)Ljava/lang/Object;+2
j  SysYParser$StmtContext.accept(Lorg/antlr/v4/runtime/tree/ParseTreeVisitor;)Ljava/lang/Object;+12
j  org.antlr.v4.runtime.tree.AbstractParseTreeVisitor.visitChildren(Lorg/antlr/v4/runtime/tree/RuleNode;)Ljava/lang/Object;+46
j  SysYParserBaseVisitor.visitBlockItem(LSysYParser$BlockItemContext;)Ljava/lang/Object;+2
j  SysYParser$BlockItemContext.accept(Lorg/antlr/v4/runtime/tree/ParseTreeVisitor;)Ljava/lang/Object;+12
j  org.antlr.v4.runtime.tree.AbstractParseTreeVisitor.visitChildren(Lorg/antlr/v4/runtime/tree/RuleNode;)Ljava/lang/Object;+46
j  SysYParserBaseVisitor.visitBlock(LSysYParser$BlockContext;)Ljava/lang/Object;+2
j  MyLLVMIRVisitor.visitBlock(LSysYParser$BlockContext;)Lorg/bytedeco/llvm/LLVM/LLVMValueRef;+2
j  MyLLVMIRVisitor.visitBlock(LSysYParser$BlockContext;)Ljava/lang/Object;+2
j  SysYParser$BlockContext.accept(Lorg/antlr/v4/runtime/tree/ParseTreeVisitor;)Ljava/lang/Object;+12
j  org.antlr.v4.runtime.tree.AbstractParseTreeVisitor.visitChildren(Lorg/antlr/v4/runtime/tree/RuleNode;)Ljava/lang/Object;+46
j  SysYParserBaseVisitor.visitFuncDef(LSysYParser$FuncDefContext;)Ljava/lang/Object;+2
j  MyLLVMIRVisitor.visitFuncDef(LSysYParser$FuncDefContext;)Lorg/bytedeco/llvm/LLVM/LLVMValueRef;+277
j  MyLLVMIRVisitor.visitFuncDef(LSysYParser$FuncDefContext;)Ljava/lang/Object;+2
j  SysYParser$FuncDefContext.accept(Lorg/antlr/v4/runtime/tree/ParseTreeVisitor;)Ljava/lang/Object;+12
j  org.antlr.v4.runtime.tree.AbstractParseTreeVisitor.visitChildren(Lorg/antlr/v4/runtime/tree/RuleNode;)Ljava/lang/Object;+46
j  SysYParserBaseVisitor.visitCompUnit(LSysYParser$CompUnitContext;)Ljava/lang/Object;+2
j  SysYParser$CompUnitContext.accept(Lorg/antlr/v4/runtime/tree/ParseTreeVisitor;)Ljava/lang/Object;+12
j  org.antlr.v4.runtime.tree.AbstractParseTreeVisitor.visitChildren(Lorg/antlr/v4/runtime/tree/RuleNode;)Ljava/lang/Object;+46
j  SysYParserBaseVisitor.visitProgram(LSysYParser$ProgramContext;)Ljava/lang/Object;+2
j  MyLLVMIRVisitor.visitProgram(LSysYParser$ProgramContext;)Lorg/bytedeco/llvm/LLVM/LLVMValueRef;+2
j  MyLLVMIRVisitor.visitProgram(LSysYParser$ProgramContext;)Ljava/lang/Object;+2
j  SysYParser$ProgramContext.accept(Lorg/antlr/v4/runtime/tree/ParseTreeVisitor;)Ljava/lang/Object;+12
j  org.antlr.v4.runtime.tree.AbstractParseTreeVisitor.visit(Lorg/antlr/v4/runtime/tree/ParseTree;)Ljava/lang/Object;+2
j  Main.main([Ljava/lang/String;)V+220
v  ~StubRoutines::call_stub

siginfo: si_signo: 11 (SIGSEGV), si_code: 1 (SEGV_MAPERR), si_addr: 0x0000000000000000

Register to memory mapping:

RAX=0x0 is NULL
RBX=0x00007fb3a43f3e10 points into unknown readable memory: 0x00007fb3a43f3e20 | 20 3e 3f a4 b3 7f 00 00
RCX=0x00007fb3a4421c60 points into unknown readable memory: 0x0000000000000000 | 00 00 00 00 00 00 00 00
RDX=0x00007fb3a43f3f38 points into unknown readable memory: 0x00007fb3a441cbf0 | f0 cb 41 a4 b3 7f 00 00
RSP=0x00007fb3ada479b0 is pointing into the stack for thread: 0x00007fb3a4017000
RBP=0x00007fb3a4017348 points into unknown readable memory: 0x00007fb3acb6db40 | 40 db b6 ac b3 7f 00 00
RSI=0x0000000000000101 is an unknown value
RDI=0x00007fb3a43f3e10 points into unknown readable memory: 0x00007fb3a43f3e20 | 20 3e 3f a4 b3 7f 00 00
R8 =0x0 is NULL
R9 =0x0 is NULL
R10=0x000000000000000d is an unknown value
R11=0x00007fb34615c040: LLVMBuildCall2+0x0000000000000000 in /home/syd/.javacpp/cache/llvm-13.0.1-1.5.7-linux-x86_64.jar/org/bytedeco/llvm/linux-x86_64/libLLVM-13.so at 0x00007fb34552c000
R12=0x00007fb3ada47b88 is pointing into the stack for thread: 0x00007fb3a4017000
R13=0x00007fb3a441cbd0 points into unknown readable memory: 0x00007fb3a4404480 | 80 44 40 a4 b3 7f 00 00
R14=0x00007fb3a441cbd0 points into unknown readable memory: 0x00007fb3a4404480 | 80 44 40 a4 b3 7f 00 00
R15=0x00007fb3a4421c60 points into unknown readable memory: 0x0000000000000000 | 00 00 00 00 00 00 00 00


Registers:
RAX=0x0000000000000000, RBX=0x00007fb3a43f3e10, RCX=0x00007fb3a4421c60, RDX=0x00007fb3a43f3f38
RSP=0x00007fb3ada479b0, RBP=0x00007fb3a4017348, RSI=0x0000000000000101, RDI=0x00007fb3a43f3e10
R8 =0x0000000000000000, R9 =0x0000000000000000, R10=0x000000000000000d, R11=0x00007fb34615c040
R12=0x00007fb3ada47b88, R13=0x00007fb3a441cbd0, R14=0x00007fb3a441cbd0, R15=0x00007fb3a4421c60
RIP=0x00007fb34615c05c, EFLAGS=0x0000000000010202, CSGSFS=0x002b000000000033, ERR=0x0000000000000004
  TRAPNO=0x000000000000000e

Top of Stack: (sp=0x00007fb3ada479b0)
0x00007fb3ada479b0:   0000000000000000 00007fb3a409b2e0
0x00007fb3ada479c0:   0000000000000000 0000000000000000
0x00007fb3ada479d0:   00007fb3ada47a00 0000000000000000
0x00007fb3ada479e0:   00007fb3ada47a7f 0000000000000000 

Instructions: (pc=0x00007fb34615c05c)
0x00007fb34615bf5c:   0f 1f 40 00 48 8b 52 18 0f b6 42 08 3c 11 0f 85
0x00007fb34615bf6c:   50 ff ff ff 48 8b 52 18 0f b6 42 08 3c 11 74 e4
0x00007fb34615bf7c:   e9 3f ff ff ff 0f 1f 80 00 00 00 00 49 8b 44 24
0x00007fb34615bf8c:   40 4c 89 e7 48 89 44 24 60 e8 a6 11 13 00 b9 3a
0x00007fb34615bf9c:   00 00 00 ba ff ff ff ff 48 89 ef 48 89 c6 e8 51
0x00007fb34615bfac:   6b f9 ff 48 89 44 24 60 49 89 44 24 40 41 0f b6
0x00007fb34615bfbc:   44 24 10 3c 19 0f 87 cb fe ff ff 3c 05 0f 85 2e
0x00007fb34615bfcc:   ff ff ff 41 0f b7 44 24 12 e9 bb fe ff ff 66 0f
0x00007fb34615bfdc:   1f 44 00 00 44 89 c2 8d 69 01 bf 50 00 00 00 4c
0x00007fb34615bfec:   89 54 24 20 c1 e2 04 89 ee 4c 89 4c 24 18 4d 89
0x00007fb34615bffc:   ee 4c 89 5c 24 10 4c 89 44 24 08 e8 94 d4 12 00
0x00007fb34615c00c:   4c 8b 44 24 08 4c 8b 4c 24 18 49 89 c4 4c 8b 5c
0x00007fb34615c01c:   24 10 4c 8b 54 24 20 4d 89 c7 4c 89 c8 41 89 e8
0x00007fb34615c02c:   e9 d9 fd ff ff 66 2e 0f 1f 84 00 00 00 00 00 0f
0x00007fb34615c03c:   1f 44 00 00 41 57 41 56 41 55 49 89 f5 be 01 01
0x00007fb34615c04c:   00 00 41 54 55 53 48 89 fb 48 81 ec 98 00 00 00
0x00007fb34615c05c:   41 80 39 00 48 89 14 24 48 89 4c 24 08 66 89 74
0x00007fb34615c06c:   24 50 74 0a 4c 89 4c 24 30 c6 44 24 50 03 4c 8b
0x00007fb34615c07c:   5b 70 b9 01 01 00 00 48 8b 6b 68 45 89 c1 66 89
0x00007fb34615c08c:   8c 24 80 00 00 00 4c 89 d9 48 c1 e1 05 48 01 e9
0x00007fb34615c09c:   48 39 e9 0f 84 7b 02 00 00 48 89 ea 31 f6 66 0f
0x00007fb34615c0ac:   1f 44 00 00 48 8b 42 10 48 2b 42 08 48 83 c2 20
0x00007fb34615c0bc:   48 c1 f8 03 01 c6 48 39 d1 75 e9 41 83 c0 01 44
0x00007fb34615c0cc:   89 da bf 50 00 00 00 49 89 ee 44 01 c6 c1 e2 04
0x00007fb34615c0dc:   4c 89 4c 24 28 48 89 4c 24 20 4c 89 5c 24 18 44
0x00007fb34615c0ec:   89 44 24 10 e8 ab d3 12 00 4c 8b 4c 24 28 48 89
0x00007fb34615c0fc:   ee 31 ff 4c 8b 5c 24 18 48 8b 4c 24 20 49 89 c4
0x00007fb34615c10c:   44 8b 44 24 10 4c 89 c8 4d 89 df 66 0f 1f 84 00
0x00007fb34615c11c:   00 00 00 00 48 8b 56 10 48 2b 56 08 48 83 c6 20
0x00007fb34615c12c:   48 c1 fa 03 01 d7 48 39 f1 75 e9 41 01 f8 31 f6
0x00007fb34615c13c:   0f 1f 40 00 48 8b 55 10 48 2b 55 08 48 83 c5 20
0x00007fb34615c14c:   48 c1 fa 03 01 d6 48 39 e9 75 e9 49 01 f1 49 8b 


Stack slot to memory mapping:
stack at sp + 0 slots: 0x0 is NULL
stack at sp + 1 slots: 0x00007fb3a409b2e0 points into unknown readable memory: 0x00007fb3a409b540 | 40 b5 09 a4 b3 7f 00 00
stack at sp + 2 slots: 0x0 is NULL
stack at sp + 3 slots: 0x0 is NULL
stack at sp + 4 slots: 0x00007fb3ada47a00 is pointing into the stack for thread: 0x00007fb3a4017000
stack at sp + 5 slots: 0x0 is NULL
stack at sp + 6 slots: 0x00007fb3ada47a7f is pointing into the stack for thread: 0x00007fb3a4017000
stack at sp + 7 slots: 0x0 is NULL


---------------  P R O C E S S  ---------------

Threads class SMR info:
_java_thread_list=0x00007fb3a438fa60, length=10, elements={
0x00007fb3a4017000, 0x00007fb3a40b8000, 0x00007fb3a40ba000, 0x00007fb3a40bf800,
0x00007fb3a40c2000, 0x00007fb3a40c4000, 0x00007fb3a40c6000, 0x00007fb3a40c8000,
0x00007fb3a4103800, 0x00007fb3a438e000
}

Java Threads: ( => current thread )
=>0x00007fb3a4017000 JavaThread "main" [_thread_in_native, id=91072, stack(0x00007fb3ad949000,0x00007fb3ada4a000)]
  0x00007fb3a40b8000 JavaThread "Reference Handler" daemon [_thread_blocked, id=91079, stack(0x00007fb38c0ea000,0x00007fb38c1eb000)]
  0x00007fb3a40ba000 JavaThread "Finalizer" daemon [_thread_blocked, id=91080, stack(0x00007fb3847bf000,0x00007fb3848c0000)]
  0x00007fb3a40bf800 JavaThread "Signal Dispatcher" daemon [_thread_blocked, id=91081, stack(0x00007fb38422a000,0x00007fb38432b000)]
  0x00007fb3a40c2000 JavaThread "Service Thread" daemon [_thread_blocked, id=91082, stack(0x00007fb384129000,0x00007fb38422a000)]
  0x00007fb3a40c4000 JavaThread "C2 CompilerThread0" daemon [_thread_blocked, id=91083, stack(0x00007fb384028000,0x00007fb384129000)]
  0x00007fb3a40c6000 JavaThread "C1 CompilerThread0" daemon [_thread_blocked, id=91084, stack(0x00007fb35feff000,0x00007fb360000000)]
  0x00007fb3a40c8000 JavaThread "Sweeper thread" daemon [_thread_blocked, id=91085, stack(0x00007fb35fdfe000,0x00007fb35feff000)]
  0x00007fb3a4103800 JavaThread "Common-Cleaner" daemon [_thread_blocked, id=91087, stack(0x00007fb35fbfb000,0x00007fb35fcfc000)]
  0x00007fb3a438e000 JavaThread "JavaCPP Deallocator" daemon [_thread_blocked, id=91089, stack(0x00007fb35f5d1000,0x00007fb35f6d2000)]

Other Threads:
  0x00007fb3a40b5000 VMThread "VM Thread" [stack: 0x00007fb38c1ed000,0x00007fb38c2ed000] [id=91078]
  0x00007fb3a4101000 WatcherThread [stack: 0x00007fb35fcfe000,0x00007fb35fdfe000] [id=91086]
  0x00007fb3a402f000 GCTaskThread "GC Thread#0" [stack: 0x00007fb3a98f4000,0x00007fb3a99f4000] [id=91073]
  0x00007fb374001000 GCTaskThread "GC Thread#1" [stack: 0x00007fb35f6d4000,0x00007fb35f7d4000] [id=91088]
  0x00007fb3a404a000 ConcurrentGCThread "G1 Main Marker" [stack: 0x00007fb3a80f8000,0x00007fb3a81f8000] [id=91074]
  0x00007fb3a404c000 ConcurrentGCThread "G1 Conc#0" [stack: 0x00007fb38c6f5000,0x00007fb38c7f5000] [id=91075]
  0x00007fb3a4087000 ConcurrentGCThread "G1 Refine#0" [stack: 0x00007fb38c3f1000,0x00007fb38c4f1000] [id=91076]
  0x00007fb3a4089000 ConcurrentGCThread "G1 Young RemSet Sampling" [stack: 0x00007fb38c2ef000,0x00007fb38c3ef000] [id=91077]

Threads with active compile tasks:

VM state:not at safepoint (normal execution)

VM Mutex/Monitor currently owned by a thread: None

Heap address: 0x00000000c3000000, size: 976 MB, Compressed Oops mode: 32-bit
Narrow klass base: 0x0000000800000000, Narrow klass shift: 3
Compressed class space size: 1073741824 Address: 0x0000000840000000

Heap:
 garbage-first heap   total 65536K, used 6310K [0x00000000c3000000, 0x0000000100000000)
  region size 1024K, 6 young (6144K), 1 survivors (1024K)
 Metaspace       used 3808K, capacity 6693K, committed 6912K, reserved 1056768K
  class space    used 424K, capacity 722K, committed 768K, reserved 1048576K
Heap Regions: E=young(eden), S=young(survivor), O=old, HS=humongous(starts), HC=humongous(continues), CS=collection set, F=free, A=archive, TAMS=top-at-mark-start (previous, next)
|   0|0x00000000c3000000, 0x00000000c3077a00, 0x00000000c3100000| 46%| O|  |TAMS 0x00000000c3000000, 0x00000000c3000000| Untracked 
|   1|0x00000000c3100000, 0x00000000c3100000, 0x00000000c3200000|  0%| F|  |TAMS 0x00000000c3100000, 0x00000000c3100000| Untracked 
|   2|0x00000000c3200000, 0x00000000c3200000, 0x00000000c3300000|  0%| F|  |TAMS 0x00000000c3200000, 0x00000000c3200000| Untracked 
|   3|0x00000000c3300000, 0x00000000c3300000, 0x00000000c3400000|  0%| F|  |TAMS 0x00000000c3300000, 0x00000000c3300000| Untracked 
|   4|0x00000000c3400000, 0x00000000c3400000, 0x00000000c3500000|  0%| F|  |TAMS 0x00000000c3400000, 0x00000000c3400000| Untracked 
|   5|0x00000000c3500000, 0x00000000c3500000, 0x00000000c3600000|  0%| F|  |TAMS 0x00000000c3500000, 0x00000000c3500000| Untracked 
|   6|0x00000000c3600000, 0x00000000c3600000, 0x00000000c3700000|  0%| F|  |TAMS 0x00000000c3600000, 0x00000000c3600000| Untracked 
|   7|0x00000000c3700000, 0x00000000c3700000, 0x00000000c3800000|  0%| F|  |TAMS 0x00000000c3700000, 0x00000000c3700000| Untracked 
|   8|0x00000000c3800000, 0x00000000c3800000, 0x00000000c3900000|  0%| F|  |TAMS 0x00000000c3800000, 0x00000000c3800000| Untracked 
|   9|0x00000000c3900000, 0x00000000c3900000, 0x00000000c3a00000|  0%| F|  |TAMS 0x00000000c3900000, 0x00000000c3900000| Untracked 
|  10|0x00000000c3a00000, 0x00000000c3a00000, 0x00000000c3b00000|  0%| F|  |TAMS 0x00000000c3a00000, 0x00000000c3a00000| Untracked 
|  11|0x00000000c3b00000, 0x00000000c3b00000, 0x00000000c3c00000|  0%| F|  |TAMS 0x00000000c3b00000, 0x00000000c3b00000| Untracked 
|  12|0x00000000c3c00000, 0x00000000c3c00000, 0x00000000c3d00000|  0%| F|  |TAMS 0x00000000c3c00000, 0x00000000c3c00000| Untracked 
|  13|0x00000000c3d00000, 0x00000000c3d00000, 0x00000000c3e00000|  0%| F|  |TAMS 0x00000000c3d00000, 0x00000000c3d00000| Untracked 
|  14|0x00000000c3e00000, 0x00000000c3e00000, 0x00000000c3f00000|  0%| F|  |TAMS 0x00000000c3e00000, 0x00000000c3e00000| Untracked 
|  15|0x00000000c3f00000, 0x00000000c3f00000, 0x00000000c4000000|  0%| F|  |TAMS 0x00000000c3f00000, 0x00000000c3f00000| Untracked 
|  16|0x00000000c4000000, 0x00000000c4000000, 0x00000000c4100000|  0%| F|  |TAMS 0x00000000c4000000, 0x00000000c4000000| Untracked 
|  17|0x00000000c4100000, 0x00000000c4100000, 0x00000000c4200000|  0%| F|  |TAMS 0x00000000c4100000, 0x00000000c4100000| Untracked 
|  18|0x00000000c4200000, 0x00000000c4200000, 0x00000000c4300000|  0%| F|  |TAMS 0x00000000c4200000, 0x00000000c4200000| Untracked 
|  19|0x00000000c4300000, 0x00000000c4300000, 0x00000000c4400000|  0%| F|  |TAMS 0x00000000c4300000, 0x00000000c4300000| Untracked 
|  20|0x00000000c4400000, 0x00000000c4400000, 0x00000000c4500000|  0%| F|  |TAMS 0x00000000c4400000, 0x00000000c4400000| Untracked 
|  21|0x00000000c4500000, 0x00000000c4500000, 0x00000000c4600000|  0%| F|  |TAMS 0x00000000c4500000, 0x00000000c4500000| Untracked 
|  22|0x00000000c4600000, 0x00000000c4600000, 0x00000000c4700000|  0%| F|  |TAMS 0x00000000c4600000, 0x00000000c4600000| Untracked 
|  23|0x00000000c4700000, 0x00000000c4700000, 0x00000000c4800000|  0%| F|  |TAMS 0x00000000c4700000, 0x00000000c4700000| Untracked 
|  24|0x00000000c4800000, 0x00000000c4800000, 0x00000000c4900000|  0%| F|  |TAMS 0x00000000c4800000, 0x00000000c4800000| Untracked 
|  25|0x00000000c4900000, 0x00000000c4900000, 0x00000000c4a00000|  0%| F|  |TAMS 0x00000000c4900000, 0x00000000c4900000| Untracked 
|  26|0x00000000c4a00000, 0x00000000c4a00000, 0x00000000c4b00000|  0%| F|  |TAMS 0x00000000c4a00000, 0x00000000c4a00000| Untracked 
|  27|0x00000000c4b00000, 0x00000000c4b00000, 0x00000000c4c00000|  0%| F|  |TAMS 0x00000000c4b00000, 0x00000000c4b00000| Untracked 
|  28|0x00000000c4c00000, 0x00000000c4c00000, 0x00000000c4d00000|  0%| F|  |TAMS 0x00000000c4c00000, 0x00000000c4c00000| Untracked 
|  29|0x00000000c4d00000, 0x00000000c4d00000, 0x00000000c4e00000|  0%| F|  |TAMS 0x00000000c4d00000, 0x00000000c4d00000| Untracked 
|  30|0x00000000c4e00000, 0x00000000c4e00000, 0x00000000c4f00000|  0%| F|  |TAMS 0x00000000c4e00000, 0x00000000c4e00000| Untracked 
|  31|0x00000000c4f00000, 0x00000000c4f00000, 0x00000000c5000000|  0%| F|  |TAMS 0x00000000c4f00000, 0x00000000c4f00000| Untracked 
|  32|0x00000000c5000000, 0x00000000c5000000, 0x00000000c5100000|  0%| F|  |TAMS 0x00000000c5000000, 0x00000000c5000000| Untracked 
|  33|0x00000000c5100000, 0x00000000c5100000, 0x00000000c5200000|  0%| F|  |TAMS 0x00000000c5100000, 0x00000000c5100000| Untracked 
|  34|0x00000000c5200000, 0x00000000c5200000, 0x00000000c5300000|  0%| F|  |TAMS 0x00000000c5200000, 0x00000000c5200000| Untracked 
|  35|0x00000000c5300000, 0x00000000c5300000, 0x00000000c5400000|  0%| F|  |TAMS 0x00000000c5300000, 0x00000000c5300000| Untracked 
|  36|0x00000000c5400000, 0x00000000c5400000, 0x00000000c5500000|  0%| F|  |TAMS 0x00000000c5400000, 0x00000000c5400000| Untracked 
|  37|0x00000000c5500000, 0x00000000c5500000, 0x00000000c5600000|  0%| F|  |TAMS 0x00000000c5500000, 0x00000000c5500000| Untracked 
|  38|0x00000000c5600000, 0x00000000c5600000, 0x00000000c5700000|  0%| F|  |TAMS 0x00000000c5600000, 0x00000000c5600000| Untracked 
|  39|0x00000000c5700000, 0x00000000c5700000, 0x00000000c5800000|  0%| F|  |TAMS 0x00000000c5700000, 0x00000000c5700000| Untracked 
|  40|0x00000000c5800000, 0x00000000c5800000, 0x00000000c5900000|  0%| F|  |TAMS 0x00000000c5800000, 0x00000000c5800000| Untracked 
|  41|0x00000000c5900000, 0x00000000c5900000, 0x00000000c5a00000|  0%| F|  |TAMS 0x00000000c5900000, 0x00000000c5900000| Untracked 
|  42|0x00000000c5a00000, 0x00000000c5a00000, 0x00000000c5b00000|  0%| F|  |TAMS 0x00000000c5a00000, 0x00000000c5a00000| Untracked 
|  43|0x00000000c5b00000, 0x00000000c5b00000, 0x00000000c5c00000|  0%| F|  |TAMS 0x00000000c5b00000, 0x00000000c5b00000| Untracked 
|  44|0x00000000c5c00000, 0x00000000c5c00000, 0x00000000c5d00000|  0%| F|  |TAMS 0x00000000c5c00000, 0x00000000c5c00000| Untracked 
|  45|0x00000000c5d00000, 0x00000000c5d00000, 0x00000000c5e00000|  0%| F|  |TAMS 0x00000000c5d00000, 0x00000000c5d00000| Untracked 
|  46|0x00000000c5e00000, 0x00000000c5e00000, 0x00000000c5f00000|  0%| F|  |TAMS 0x00000000c5e00000, 0x00000000c5e00000| Untracked 
|  47|0x00000000c5f00000, 0x00000000c5f00000, 0x00000000c6000000|  0%| F|  |TAMS 0x00000000c5f00000, 0x00000000c5f00000| Untracked 
|  48|0x00000000c6000000, 0x00000000c6000000, 0x00000000c6100000|  0%| F|  |TAMS 0x00000000c6000000, 0x00000000c6000000| Untracked 
|  49|0x00000000c6100000, 0x00000000c6100000, 0x00000000c6200000|  0%| F|  |TAMS 0x00000000c6100000, 0x00000000c6100000| Untracked 
|  50|0x00000000c6200000, 0x00000000c6200000, 0x00000000c6300000|  0%| F|  |TAMS 0x00000000c6200000, 0x00000000c6200000| Untracked 
|  51|0x00000000c6300000, 0x00000000c6300000, 0x00000000c6400000|  0%| F|  |TAMS 0x00000000c6300000, 0x00000000c6300000| Untracked 
|  52|0x00000000c6400000, 0x00000000c6400000, 0x00000000c6500000|  0%| F|  |TAMS 0x00000000c6400000, 0x00000000c6400000| Untracked 
|  53|0x00000000c6500000, 0x00000000c6500000, 0x00000000c6600000|  0%| F|  |TAMS 0x00000000c6500000, 0x00000000c6500000| Untracked 
|  54|0x00000000c6600000, 0x00000000c6700000, 0x00000000c6700000|100%| S|CS|TAMS 0x00000000c6600000, 0x00000000c6600000| Complete 
|  55|0x00000000c6700000, 0x00000000c6700000, 0x00000000c6800000|  0%| F|  |TAMS 0x00000000c6700000, 0x00000000c6700000| Untracked 
|  56|0x00000000c6800000, 0x00000000c6800000, 0x00000000c6900000|  0%| F|  |TAMS 0x00000000c6800000, 0x00000000c6800000| Untracked 
|  57|0x00000000c6900000, 0x00000000c6980800, 0x00000000c6a00000| 50%| E|  |TAMS 0x00000000c6900000, 0x00000000c6900000| Complete 
|  58|0x00000000c6a00000, 0x00000000c6b00000, 0x00000000c6b00000|100%| E|CS|TAMS 0x00000000c6a00000, 0x00000000c6a00000| Complete 
|  59|0x00000000c6b00000, 0x00000000c6c00000, 0x00000000c6c00000|100%| E|CS|TAMS 0x00000000c6b00000, 0x00000000c6b00000| Complete 
|  60|0x00000000c6c00000, 0x00000000c6d00000, 0x00000000c6d00000|100%| E|CS|TAMS 0x00000000c6c00000, 0x00000000c6c00000| Complete 
|  61|0x00000000c6d00000, 0x00000000c6e00000, 0x00000000c6e00000|100%| E|CS|TAMS 0x00000000c6d00000, 0x00000000c6d00000| Complete 
| 974|0x00000000ffe00000, 0x00000000ffe47000, 0x00000000fff00000| 27%|OA|  |TAMS 0x00000000ffe00000, 0x00000000ffe00000| Untracked 
| 975|0x00000000fff00000, 0x00000000fff6b000, 0x0000000100000000| 41%|CA|  |TAMS 0x00000000fff00000, 0x00000000fff00000| Untracked 

Card table byte_map: [0x00007fb3a9320000,0x00007fb3a9508000] _byte_map_base: 0x00007fb3a8d08000

Marking Bits (Prev, Next): (CMBitMap*) 0x00007fb3a4045388, (CMBitMap*) 0x00007fb3a40453c0
 Prev Bits: [0x00007fb3a81f8000, 0x00007fb3a9138000)
 Next Bits: [0x00007fb3870c0000, 0x00007fb388000000)

Polling page: 0x00007fb3ada5f000

Metaspace:

Usage:
  Non-class:      5.83 MB capacity,     3.30 MB ( 57%) used,     2.52 MB ( 43%) free+waste,    10.19 KB ( <1%) overhead. 
      Class:    722.00 KB capacity,   424.66 KB ( 59%) used,   291.91 KB ( 40%) free+waste,     5.44 KB ( <1%) overhead. 
       Both:      6.54 MB capacity,     3.72 MB ( 57%) used,     2.80 MB ( 43%) free+waste,    15.62 KB ( <1%) overhead. 

Virtual space:
  Non-class space:        8.00 MB reserved,       6.00 MB ( 75%) committed 
      Class space:        1.00 GB reserved,     768.00 KB ( <1%) committed 
             Both:        1.01 GB reserved,       6.75 MB ( <1%) committed 

Chunk freelists:
   Non-Class:  0 bytes
       Class:  14.00 KB
        Both:  14.00 KB

MaxMetaspaceSize: unlimited
CompressedClassSpaceSize: 1.00 GB
Initial GC threshold: 20.80 MB
Current GC threshold: 20.80 MB
CDS: on

CodeHeap 'non-profiled nmethods': size=120036Kb used=241Kb max_used=241Kb free=119795Kb
 bounds [0x00007fb3942bc000, 0x00007fb39452c000, 0x00007fb39b7f5000]
CodeHeap 'profiled nmethods': size=120032Kb used=1395Kb max_used=1395Kb free=118637Kb
 bounds [0x00007fb38cd84000, 0x00007fb38cff4000, 0x00007fb3942bc000]
CodeHeap 'non-nmethods': size=5692Kb used=1152Kb max_used=1168Kb free=4539Kb
 bounds [0x00007fb38c7f5000, 0x00007fb38ca65000, 0x00007fb38cd84000]
 total_blobs=1185 nmethods=771 adapters=328
 compilation: enabled
              stopped_count=0, restarted_count=0
 full_count=0

Compilation events (20 events):
Event: 0.316 Thread 0x00007fb3a40c6000  739       3       java.lang.ClassLoader::definePackage (84 bytes)
Event: 0.316 Thread 0x00007fb3a40c6000 nmethod 739 0x00007fb38ceca610 code [0x00007fb38ceca920, 0x00007fb38cecba70]
Event: 0.316 Thread 0x00007fb3a40c6000  740       3       java.lang.Package::isSealed (26 bytes)
Event: 0.317 Thread 0x00007fb3a40c6000 nmethod 740 0x00007fb38cecbf90 code [0x00007fb38cecc160, 0x00007fb38cecc490]
Event: 0.317 Thread 0x00007fb3a40c6000  741       3       sun.reflect.annotation.AnnotationInvocationHandler::invoke (178 bytes)
Event: 0.318 Thread 0x00007fb3a40c6000 nmethod 741 0x00007fb38cecc590 code [0x00007fb38cecc8a0, 0x00007fb38cecd9c0]
Event: 0.318 Thread 0x00007fb3a40c6000  745       3       java.lang.StringLatin1::inflate (34 bytes)
Event: 0.318 Thread 0x00007fb3a40c4000  744       4       java.lang.String::isLatin1 (19 bytes)
Event: 0.318 Thread 0x00007fb3a40c4000 nmethod 744 0x00007fb3942f4f90 code [0x00007fb3942f5120, 0x00007fb3942f5198]
Event: 0.319 Thread 0x00007fb3a40c6000 nmethod 745 0x00007fb38cecdf10 code [0x00007fb38cece0e0, 0x00007fb38cece2d0]
Event: 0.319 Thread 0x00007fb3a40c6000  743       3       org.bytedeco.javacpp.ClassProperties::get (30 bytes)
Event: 0.319 Thread 0x00007fb3a40c6000 nmethod 743 0x00007fb38cece410 code [0x00007fb38cece660, 0x00007fb38cecef90]
Event: 0.319 Thread 0x00007fb3a40c6000  742       3       java.lang.reflect.Method::getParameterCount (6 bytes)
Event: 0.319 Thread 0x00007fb3a40c6000 nmethod 742 0x00007fb38cecf310 code [0x00007fb38cecf4c0, 0x00007fb38cecf5f0]
Event: 0.319 Thread 0x00007fb3a40c6000  746       3       java.lang.invoke.InvokerBytecodeGenerator::isStaticallyNameable (148 bytes)
Event: 0.321 Thread 0x00007fb3a40c6000 nmethod 746 0x00007fb38cecf690 code [0x00007fb38cecfbc0, 0x00007fb38ced2530]
Event: 0.321 Thread 0x00007fb3a40c6000  749       3       jdk.internal.org.objectweb.asm.Type::getType (269 bytes)
Event: 0.321 Thread 0x00007fb3a40c4000  760       4       jdk.internal.org.objectweb.asm.ClassWriter::get (49 bytes)
Event: 0.322 Thread 0x00007fb3a40c4000 nmethod 760 0x00007fb3942f5e90 code [0x00007fb3942f6040, 0x00007fb3942f6188]
Event: 0.322 Thread 0x00007fb3a40c4000  761       4       jdk.internal.org.objectweb.asm.Item::set (219 bytes)

GC Heap History (2 events):
Event: 0.196 GC heap before
{Heap before GC invocations=0 (full 0):
 garbage-first heap   total 65536K, used 6856K [0x00000000c3000000, 0x0000000100000000)
  region size 1024K, 7 young (7168K), 0 survivors (0K)
 Metaspace       used 3101K, capacity 6242K, committed 6272K, reserved 1056768K
  class space    used 311K, capacity 613K, committed 640K, reserved 1048576K
}
Event: 0.199 GC heap after
{Heap after GC invocations=1 (full 0):
 garbage-first heap   total 65536K, used 2214K [0x00000000c3000000, 0x0000000100000000)
  region size 1024K, 1 young (1024K), 1 survivors (1024K)
 Metaspace       used 3101K, capacity 6242K, committed 6272K, reserved 1056768K
  class space    used 311K, capacity 613K, committed 640K, reserved 1048576K
}

Deoptimization events (20 events):
Event: 0.060 Thread 0x00007fb3a4017000 DEOPT PACKING pc=0x00007fb3942c1988 sp=0x00007fb3ada48460
Event: 0.060 Thread 0x00007fb3a4017000 DEOPT UNPACKING pc=0x00007fb38c83eea5 sp=0x00007fb3ada48410 mode 2
Event: 0.153 Thread 0x00007fb3a4017000 Uncommon trap: trap_request=0xffffff4d fr.pc=0x00007fb3942c957c relative=0x000000000000023c
Event: 0.153 Thread 0x00007fb3a4017000 Uncommon trap: reason=unstable_if action=reinterpret pc=0x00007fb3942c957c method=java.lang.String.startsWith(Ljava/lang/String;I)Z @ 14 c2
Event: 0.153 Thread 0x00007fb3a4017000 DEOPT PACKING pc=0x00007fb3942c957c sp=0x00007fb3ada463e0
Event: 0.153 Thread 0x00007fb3a4017000 DEOPT UNPACKING pc=0x00007fb38c83eea5 sp=0x00007fb3ada46368 mode 2
Event: 0.162 Thread 0x00007fb3a4017000 DEOPT PACKING pc=0x00007fb38cd9618b sp=0x00007fb3ada42c80
Event: 0.162 Thread 0x00007fb3a4017000 DEOPT UNPACKING pc=0x00007fb38c83f64a sp=0x00007fb3ada42140 mode 0
Event: 0.162 Thread 0x00007fb3a4017000 DEOPT PACKING pc=0x00007fb38cd9618b sp=0x00007fb3ada42c80
Event: 0.162 Thread 0x00007fb3a4017000 DEOPT UNPACKING pc=0x00007fb38c83f64a sp=0x00007fb3ada42140 mode 0
Event: 0.163 Thread 0x00007fb3a4017000 DEOPT PACKING pc=0x00007fb38cd9618b sp=0x00007fb3ada42c80
Event: 0.163 Thread 0x00007fb3a4017000 DEOPT UNPACKING pc=0x00007fb38c83f64a sp=0x00007fb3ada42140 mode 0
Event: 0.165 Thread 0x00007fb3a4017000 DEOPT PACKING pc=0x00007fb38cdcd024 sp=0x00007fb3ada45e40
Event: 0.165 Thread 0x00007fb3a4017000 DEOPT UNPACKING pc=0x00007fb38c83f64a sp=0x00007fb3ada452d0 mode 0
Event: 0.211 Thread 0x00007fb3a4017000 DEOPT PACKING pc=0x00007fb38cda4e08 sp=0x00007fb3ada459e0
Event: 0.211 Thread 0x00007fb3a4017000 DEOPT UNPACKING pc=0x00007fb38c83f64a sp=0x00007fb3ada44e50 mode 0
Event: 0.222 Thread 0x00007fb3a4017000 DEOPT PACKING pc=0x00007fb38ce6555d sp=0x00007fb3ada47980
Event: 0.222 Thread 0x00007fb3a4017000 DEOPT UNPACKING pc=0x00007fb38c83f64a sp=0x00007fb3ada46e20 mode 0
Event: 0.234 Thread 0x00007fb3a4017000 DEOPT PACKING pc=0x00007fb38ce48742 sp=0x00007fb3ada476c0
Event: 0.234 Thread 0x00007fb3a4017000 DEOPT UNPACKING pc=0x00007fb38c83f64a sp=0x00007fb3ada46b48 mode 0

Classes redefined (0 events):
No events

Internal exceptions (20 events):
Event: 0.162 Thread 0x00007fb3a4017000 Exception <a 'java/security/PrivilegedActionException'{0x00000000c6865928}> (0x00000000c6865928) thrown at [src/hotspot/share/prims/jvm.cpp, line 1306]
Event: 0.162 Thread 0x00007fb3a4017000 Exception <a 'java/security/PrivilegedActionException'{0x00000000c6865bf8}> (0x00000000c6865bf8) thrown at [src/hotspot/share/prims/jvm.cpp, line 1306]
Event: 0.162 Thread 0x00007fb3a4017000 Exception <a 'java/security/PrivilegedActionException'{0x00000000c6866568}> (0x00000000c6866568) thrown at [src/hotspot/share/prims/jvm.cpp, line 1306]
Event: 0.162 Thread 0x00007fb3a4017000 Exception <a 'java/security/PrivilegedActionException'{0x00000000c6866838}> (0x00000000c6866838) thrown at [src/hotspot/share/prims/jvm.cpp, line 1306]
Event: 0.162 Thread 0x00007fb3a4017000 Exception <a 'java/security/PrivilegedActionException'{0x00000000c68671c0}> (0x00000000c68671c0) thrown at [src/hotspot/share/prims/jvm.cpp, line 1306]
Event: 0.162 Thread 0x00007fb3a4017000 Exception <a 'java/security/PrivilegedActionException'{0x00000000c6867490}> (0x00000000c6867490) thrown at [src/hotspot/share/prims/jvm.cpp, line 1306]
Event: 0.162 Thread 0x00007fb3a4017000 Exception <a 'java/security/PrivilegedActionException'{0x00000000c6867e18}> (0x00000000c6867e18) thrown at [src/hotspot/share/prims/jvm.cpp, line 1306]
Event: 0.162 Thread 0x00007fb3a4017000 Exception <a 'java/security/PrivilegedActionException'{0x00000000c68680e8}> (0x00000000c68680e8) thrown at [src/hotspot/share/prims/jvm.cpp, line 1306]
Event: 0.162 Thread 0x00007fb3a4017000 Exception <a 'java/security/PrivilegedActionException'{0x00000000c6868a70}> (0x00000000c6868a70) thrown at [src/hotspot/share/prims/jvm.cpp, line 1306]
Event: 0.162 Thread 0x00007fb3a4017000 Exception <a 'java/security/PrivilegedActionException'{0x00000000c6868d40}> (0x00000000c6868d40) thrown at [src/hotspot/share/prims/jvm.cpp, line 1306]
Event: 0.162 Thread 0x00007fb3a4017000 Exception <a 'java/security/PrivilegedActionException'{0x00000000c68696b0}> (0x00000000c68696b0) thrown at [src/hotspot/share/prims/jvm.cpp, line 1306]
Event: 0.162 Thread 0x00007fb3a4017000 Exception <a 'java/security/PrivilegedActionException'{0x00000000c6869980}> (0x00000000c6869980) thrown at [src/hotspot/share/prims/jvm.cpp, line 1306]
Event: 0.162 Thread 0x00007fb3a4017000 Exception <a 'java/security/PrivilegedActionException'{0x00000000c686a308}> (0x00000000c686a308) thrown at [src/hotspot/share/prims/jvm.cpp, line 1306]
Event: 0.162 Thread 0x00007fb3a4017000 Exception <a 'java/security/PrivilegedActionException'{0x00000000c686a5d8}> (0x00000000c686a5d8) thrown at [src/hotspot/share/prims/jvm.cpp, line 1306]
Event: 0.162 Thread 0x00007fb3a4017000 Exception <a 'java/security/PrivilegedActionException'{0x00000000c6878388}> (0x00000000c6878388) thrown at [src/hotspot/share/prims/jvm.cpp, line 1306]
Event: 0.162 Thread 0x00007fb3a4017000 Exception <a 'java/security/PrivilegedActionException'{0x00000000c6878658}> (0x00000000c6878658) thrown at [src/hotspot/share/prims/jvm.cpp, line 1306]
Event: 0.178 Thread 0x00007fb3a4017000 Exception <a 'java/lang/NoSuchMethodError'{0x00000000c6784460}: 'int java.lang.invoke.DirectMethodHandle$Holder.invokeStaticInit(java.lang.Object, java.lang.Object, java.lang.Object, java.lang.Object)'> (0x00000000c6784460) thrown at [src/hotspot/share/interpreter/linkResolver.cpp, line 773]
Event: 0.179 Thread 0x00007fb3a4017000 Exception <a 'java/lang/IncompatibleClassChangeError'{0x00000000c678de78}: Found class java.lang.Object, but interface was expected> (0x00000000c678de78) thrown at [src/hotspot/share/interpreter/linkResolver.cpp, line 839]
Event: 0.179 Thread 0x00007fb3a4017000 Exception <a 'java/lang/NoSuchMethodError'{0x00000000c67910c8}: 'void java.lang.invoke.DirectMethodHandle$Holder.invokeStaticInit(java.lang.Object, java.lang.Object)'> (0x00000000c67910c8) thrown at [src/hotspot/share/interpreter/linkResolver.cpp, line 773]
Event: 0.179 Thread 0x00007fb3a4017000 Exception <a 'java/lang/NoSuchMethodError'{0x00000000c6796b40}: 'int java.lang.invoke.DirectMethodHandle$Holder.invokeStaticInit(java.lang.Object, java.lang.Object)'> (0x00000000c6796b40) thrown at [src/hotspot/share/interpreter/linkResolver.cpp, line 773]

Events (20 events):
Event: 0.315 loading class org/bytedeco/llvm/LLVM/LLVMPassManagerBuilderRef
Event: 0.315 loading class org/bytedeco/llvm/LLVM/LLVMPassManagerBuilderRef done
Event: 0.315 loading class org/bytedeco/llvm/LLVM/LLVMPassBuilderOptionsRef
Event: 0.315 loading class org/bytedeco/llvm/LLVM/LLVMPassBuilderOptionsRef done
Event: 0.315 loading class org/bytedeco/llvm/LLVM/Pass
Event: 0.315 loading class org/bytedeco/llvm/LLVM/Pass done
Event: 0.316 loading class org/bytedeco/llvm/LLVM/LLVMNamedMDNodeRef
Event: 0.316 loading class org/bytedeco/llvm/LLVM/LLVMNamedMDNodeRef done
Event: 0.316 loading class org/bytedeco/llvm/LLVM/LLVMUseRef
Event: 0.316 loading class org/bytedeco/llvm/LLVM/LLVMUseRef done
Event: 0.318 loading class org/bytedeco/javacpp/PointerScope
Event: 0.318 loading class org/bytedeco/javacpp/PointerScope done
Event: 0.318 loading class org/bytedeco/javacpp/PointerScope$1
Event: 0.318 loading class org/bytedeco/javacpp/PointerScope$1 done
Event: 0.321 loading class java/lang/invoke/BoundMethodHandle$Species_LLLLLLI
Event: 0.321 loading class java/lang/invoke/BoundMethodHandle$Species_LLLLLLI done
Event: 0.321 loading class java/lang/invoke/BoundMethodHandle$Species_LLLLLLII
Event: 0.321 loading class java/lang/invoke/BoundMethodHandle$Species_LLLLLLII done
Event: 0.322 loading class java/lang/invoke/BoundMethodHandle$Species_LLLLLLIIL
Event: 0.322 loading class java/lang/invoke/BoundMethodHandle$Species_LLLLLLIIL done


Dynamic libraries:
c3000000-c6e00000 rw-p 00000000 00:00 0 
c6e00000-ffe00000 ---p 00000000 00:00 0 
ffe00000-ffe47000 rw-p 00b0a000 08:01 926690                             /usr/lib/jvm/java-11-openjdk-amd64/lib/server/classes.jsa
ffe47000-fff00000 rw-p 00000000 00:00 0 
fff00000-fff6b000 rw-p 00a9f000 08:01 926690                             /usr/lib/jvm/java-11-openjdk-amd64/lib/server/classes.jsa
fff6b000-100000000 rw-p 00000000 00:00 0 
800000000-800002000 rwxp 00001000 08:01 926690                           /usr/lib/jvm/java-11-openjdk-amd64/lib/server/classes.jsa
800002000-8003cc000 rw-p 00003000 08:01 926690                           /usr/lib/jvm/java-11-openjdk-amd64/lib/server/classes.jsa
8003cc000-800a9d000 r--p 003cd000 08:01 926690                           /usr/lib/jvm/java-11-openjdk-amd64/lib/server/classes.jsa
800a9d000-800a9e000 rw-p 00a9e000 08:01 926690                           /usr/lib/jvm/java-11-openjdk-amd64/lib/server/classes.jsa
840000000-8400c0000 rw-p 00000000 00:00 0 
8400c0000-880000000 ---p 00000000 00:00 0 
55d490d9a000-55d490d9b000 r-xp 00000000 08:01 926076                     /usr/lib/jvm/java-11-openjdk-amd64/bin/java
55d490f9b000-55d490f9c000 r--p 00001000 08:01 926076                     /usr/lib/jvm/java-11-openjdk-amd64/bin/java
55d490f9c000-55d490f9d000 rw-p 00002000 08:01 926076                     /usr/lib/jvm/java-11-openjdk-amd64/bin/java
55d4914be000-55d4914df000 rw-p 00000000 00:00 0                          [heap]
7fb34552c000-7fb345e52000 r--p 00000000 08:01 6297972                    /home/syd/.javacpp/cache/llvm-13.0.1-1.5.7-linux-x86_64.jar/org/bytedeco/llvm/linux-x86_64/libLLVM-13.so
7fb345e52000-7fb349815000 r-xp 00926000 08:01 6297972                    /home/syd/.javacpp/cache/llvm-13.0.1-1.5.7-linux-x86_64.jar/org/bytedeco/llvm/linux-x86_64/libLLVM-13.so
7fb349815000-7fb34ba6a000 r--p 042e9000 08:01 6297972                    /home/syd/.javacpp/cache/llvm-13.0.1-1.5.7-linux-x86_64.jar/org/bytedeco/llvm/linux-x86_64/libLLVM-13.so
7fb34ba6a000-7fb34bf7f000 r--p 0653d000 08:01 6297972                    /home/syd/.javacpp/cache/llvm-13.0.1-1.5.7-linux-x86_64.jar/org/bytedeco/llvm/linux-x86_64/libLLVM-13.so
7fb34bf7f000-7fb34bf8a000 rw-p 06a52000 08:01 6297972                    /home/syd/.javacpp/cache/llvm-13.0.1-1.5.7-linux-x86_64.jar/org/bytedeco/llvm/linux-x86_64/libLLVM-13.so
7fb34bf8a000-7fb34c000000 rw-p 00000000 00:00 0 
7fb34c000000-7fb34c021000 rw-p 00000000 00:00 0 
7fb34c021000-7fb350000000 ---p 00000000 00:00 0 
7fb350000000-7fb350021000 rw-p 00000000 00:00 0 
7fb350021000-7fb354000000 ---p 00000000 00:00 0 
7fb354000000-7fb354372000 rw-p 00000000 00:00 0 
7fb354372000-7fb358000000 ---p 00000000 00:00 0 
7fb358000000-7fb358270000 rw-p 00000000 00:00 0 
7fb358270000-7fb35c000000 ---p 00000000 00:00 0 
7fb35f4cb000-7fb35f530000 r--p 00000000 08:01 6297977                    /home/syd/.javacpp/cache/llvm-13.0.1-1.5.7-linux-x86_64.jar/org/bytedeco/llvm/linux-x86_64/libjniLLVM.so
7fb35f530000-7fb35f59e000 r-xp 00065000 08:01 6297977                    /home/syd/.javacpp/cache/llvm-13.0.1-1.5.7-linux-x86_64.jar/org/bytedeco/llvm/linux-x86_64/libjniLLVM.so
7fb35f59e000-7fb35f5c9000 r--p 000d3000 08:01 6297977                    /home/syd/.javacpp/cache/llvm-13.0.1-1.5.7-linux-x86_64.jar/org/bytedeco/llvm/linux-x86_64/libjniLLVM.so
7fb35f5c9000-7fb35f5cc000 r--p 000fd000 08:01 6297977                    /home/syd/.javacpp/cache/llvm-13.0.1-1.5.7-linux-x86_64.jar/org/bytedeco/llvm/linux-x86_64/libjniLLVM.so
7fb35f5cc000-7fb35f5cf000 rw-p 00100000 08:01 6297977                    /home/syd/.javacpp/cache/llvm-13.0.1-1.5.7-linux-x86_64.jar/org/bytedeco/llvm/linux-x86_64/libjniLLVM.so
7fb35f5cf000-7fb35f5d1000 rw-p 00000000 00:00 0 
7fb35f5d1000-7fb35f5d5000 ---p 00000000 00:00 0 
7fb35f5d5000-7fb35f6d2000 rw-p 00000000 00:00 0 
7fb35f6d2000-7fb35f6d3000 ---p 00000000 00:00 0 
7fb35f6d3000-7fb35f7d4000 rw-p 00000000 00:00 0 
7fb35f7d4000-7fb35f7e9000 r-xp 00000000 08:01 926225                     /usr/lib/jvm/java-11-openjdk-amd64/lib/libnet.so
7fb35f7e9000-7fb35f9e8000 ---p 00015000 08:01 926225                     /usr/lib/jvm/java-11-openjdk-amd64/lib/libnet.so
7fb35f9e8000-7fb35f9e9000 r--p 00014000 08:01 926225                     /usr/lib/jvm/java-11-openjdk-amd64/lib/libnet.so
7fb35f9e9000-7fb35f9ea000 rw-p 00015000 08:01 926225                     /usr/lib/jvm/java-11-openjdk-amd64/lib/libnet.so
7fb35f9ea000-7fb35f9fa000 r-xp 00000000 08:01 926226                     /usr/lib/jvm/java-11-openjdk-amd64/lib/libnio.so
7fb35f9fa000-7fb35fbf9000 ---p 00010000 08:01 926226                     /usr/lib/jvm/java-11-openjdk-amd64/lib/libnio.so
7fb35fbf9000-7fb35fbfa000 r--p 0000f000 08:01 926226                     /usr/lib/jvm/java-11-openjdk-amd64/lib/libnio.so
7fb35fbfa000-7fb35fbfb000 rw-p 00010000 08:01 926226                     /usr/lib/jvm/java-11-openjdk-amd64/lib/libnio.so
7fb35fbfb000-7fb35fbff000 ---p 00000000 00:00 0 
7fb35fbff000-7fb35fcfc000 rw-p 00000000 00:00 0 
7fb35fcfc000-7fb35fcfd000 ---p 00000000 00:00 0 
7fb35fcfd000-7fb35fdfe000 rw-p 00000000 00:00 0 
7fb35fdfe000-7fb35fe02000 ---p 00000000 00:00 0 
7fb35fe02000-7fb35feff000 rw-p 00000000 00:00 0 
7fb35feff000-7fb35ff03000 ---p 00000000 00:00 0 
7fb35ff03000-7fb360000000 rw-p 00000000 00:00 0 
7fb360000000-7fb360021000 rw-p 00000000 00:00 0 
7fb360021000-7fb364000000 ---p 00000000 00:00 0 
7fb364000000-7fb364021000 rw-p 00000000 00:00 0 
7fb364021000-7fb368000000 ---p 00000000 00:00 0 
7fb368000000-7fb368021000 rw-p 00000000 00:00 0 
7fb368021000-7fb36c000000 ---p 00000000 00:00 0 
7fb36c000000-7fb36c021000 rw-p 00000000 00:00 0 
7fb36c021000-7fb370000000 ---p 00000000 00:00 0 
7fb370000000-7fb370021000 rw-p 00000000 00:00 0 
7fb370021000-7fb374000000 ---p 00000000 00:00 0 
7fb374000000-7fb374021000 rw-p 00000000 00:00 0 
7fb374021000-7fb378000000 ---p 00000000 00:00 0 
7fb378000000-7fb378021000 rw-p 00000000 00:00 0 
7fb378021000-7fb37c000000 ---p 00000000 00:00 0 
7fb37c000000-7fb37c021000 rw-p 00000000 00:00 0 
7fb37c021000-7fb380000000 ---p 00000000 00:00 0 
7fb380000000-7fb380021000 rw-p 00000000 00:00 0 
7fb380021000-7fb384000000 ---p 00000000 00:00 0 
7fb384028000-7fb38402c000 ---p 00000000 00:00 0 
7fb38402c000-7fb384129000 rw-p 00000000 00:00 0 
7fb384129000-7fb38412d000 ---p 00000000 00:00 0 
7fb38412d000-7fb38422a000 rw-p 00000000 00:00 0 
7fb38422a000-7fb38422e000 ---p 00000000 00:00 0 
7fb38422e000-7fb38432b000 rw-p 00000000 00:00 0 
7fb38432b000-7fb3847bf000 r--p 00000000 08:01 666827                     /usr/lib/locale/locale-archive
7fb3847bf000-7fb3847c3000 ---p 00000000 00:00 0 
7fb3847c3000-7fb384ec0000 rw-p 00000000 00:00 0 
7fb384ec0000-7fb3850c0000 ---p 00000000 00:00 0 
7fb3850c0000-7fb3871b8000 rw-p 00000000 00:00 0 
7fb3871b8000-7fb387ff8000 ---p 00000000 00:00 0 
7fb387ff8000-7fb388000000 rw-p 00000000 00:00 0 
7fb388000000-7fb388021000 rw-p 00000000 00:00 0 
7fb388021000-7fb38c000000 ---p 00000000 00:00 0 
7fb38c0ea000-7fb38c0ee000 ---p 00000000 00:00 0 
7fb38c0ee000-7fb38c1eb000 rw-p 00000000 00:00 0 
7fb38c1eb000-7fb38c1ec000 ---p 00000000 00:00 0 
7fb38c1ec000-7fb38c2ed000 rw-p 00000000 00:00 0 
7fb38c2ed000-7fb38c2ee000 ---p 00000000 00:00 0 
7fb38c2ee000-7fb38c3ef000 rw-p 00000000 00:00 0 
7fb38c3ef000-7fb38c3f0000 ---p 00000000 00:00 0 
7fb38c3f0000-7fb38c6f3000 rw-p 00000000 00:00 0 
7fb38c6f3000-7fb38c6f4000 ---p 00000000 00:00 0 
7fb38c6f4000-7fb38c7f5000 rw-p 00000000 00:00 0 
7fb38c7f5000-7fb38ca65000 rwxp 00000000 00:00 0 
7fb38ca65000-7fb38cd84000 ---p 00000000 00:00 0 
7fb38cd84000-7fb38cff4000 rwxp 00000000 00:00 0 
7fb38cff4000-7fb3942bc000 ---p 00000000 00:00 0 
7fb3942bc000-7fb39452c000 rwxp 00000000 00:00 0 
7fb39452c000-7fb39b7f5000 ---p 00000000 00:00 0 
7fb39b7f5000-7fb3a4000000 r--s 00000000 08:01 926235                     /usr/lib/jvm/java-11-openjdk-amd64/lib/modules
7fb3a4000000-7fb3a4424000 rw-p 00000000 00:00 0 
7fb3a4424000-7fb3a8000000 ---p 00000000 00:00 0 
7fb3a8007000-7fb3a800e000 r--p 00000000 08:01 6297973                    /home/syd/.javacpp/cache/llvm-13.0.1-1.5.7-linux-x86_64.jar/org/bytedeco/llvm/linux-x86_64/libLTO.so.13
7fb3a800e000-7fb3a8016000 r-xp 00007000 08:01 6297973                    /home/syd/.javacpp/cache/llvm-13.0.1-1.5.7-linux-x86_64.jar/org/bytedeco/llvm/linux-x86_64/libLTO.so.13
7fb3a8016000-7fb3a8018000 r--p 0000f000 08:01 6297973                    /home/syd/.javacpp/cache/llvm-13.0.1-1.5.7-linux-x86_64.jar/org/bytedeco/llvm/linux-x86_64/libLTO.so.13
7fb3a8018000-7fb3a8019000 r--p 00010000 08:01 6297973                    /home/syd/.javacpp/cache/llvm-13.0.1-1.5.7-linux-x86_64.jar/org/bytedeco/llvm/linux-x86_64/libLTO.so.13
7fb3a8019000-7fb3a801a000 rw-p 00011000 08:01 6297973                    /home/syd/.javacpp/cache/llvm-13.0.1-1.5.7-linux-x86_64.jar/org/bytedeco/llvm/linux-x86_64/libLTO.so.13
7fb3a801a000-7fb3a80f6000 rw-p 00000000 00:00 0 
7fb3a80f6000-7fb3a80f7000 ---p 00000000 00:00 0 
7fb3a80f7000-7fb3a82f0000 rw-p 00000000 00:00 0 
7fb3a82f0000-7fb3a9130000 ---p 00000000 00:00 0 
7fb3a9130000-7fb3a9157000 rw-p 00000000 00:00 0 
7fb3a9157000-7fb3a931f000 ---p 00000000 00:00 0 
7fb3a931f000-7fb3a933f000 rw-p 00000000 00:00 0 
7fb3a933f000-7fb3a9507000 ---p 00000000 00:00 0 
7fb3a9507000-7fb3a9527000 rw-p 00000000 00:00 0 
7fb3a9527000-7fb3a96ef000 ---p 00000000 00:00 0 
7fb3a96ef000-7fb3a98f2000 rw-p 00000000 00:00 0 
7fb3a98f2000-7fb3a98f3000 ---p 00000000 00:00 0 
7fb3a98f3000-7fb3a99f9000 rw-p 00000000 00:00 0 
7fb3a99f9000-7fb3a9adf000 ---p 00000000 00:00 0 
7fb3a9adf000-7fb3a9ae4000 rw-p 00000000 00:00 0 
7fb3a9ae4000-7fb3a9bca000 ---p 00000000 00:00 0 
7fb3a9bca000-7fb3a9bd1000 r-xp 00000000 08:01 926234                     /usr/lib/jvm/java-11-openjdk-amd64/lib/libzip.so
7fb3a9bd1000-7fb3a9dd1000 ---p 00007000 08:01 926234                     /usr/lib/jvm/java-11-openjdk-amd64/lib/libzip.so
7fb3a9dd1000-7fb3a9dd2000 r--p 00007000 08:01 926234                     /usr/lib/jvm/java-11-openjdk-amd64/lib/libzip.so
7fb3a9dd2000-7fb3a9dd3000 rw-p 00008000 08:01 926234                     /usr/lib/jvm/java-11-openjdk-amd64/lib/libzip.so
7fb3a9dd3000-7fb3a9dde000 r-xp 00000000 08:01 1709194                    /lib/x86_64-linux-gnu/libnss_files-2.27.so
7fb3a9dde000-7fb3a9fdd000 ---p 0000b000 08:01 1709194                    /lib/x86_64-linux-gnu/libnss_files-2.27.so
7fb3a9fdd000-7fb3a9fde000 r--p 0000a000 08:01 1709194                    /lib/x86_64-linux-gnu/libnss_files-2.27.so
7fb3a9fde000-7fb3a9fdf000 rw-p 0000b000 08:01 1709194                    /lib/x86_64-linux-gnu/libnss_files-2.27.so
7fb3a9fdf000-7fb3a9fe5000 rw-p 00000000 00:00 0 
7fb3a9fe5000-7fb3a9ffc000 r-xp 00000000 08:01 1709191                    /lib/x86_64-linux-gnu/libnsl-2.27.so
7fb3a9ffc000-7fb3aa1fb000 ---p 00017000 08:01 1709191                    /lib/x86_64-linux-gnu/libnsl-2.27.so
7fb3aa1fb000-7fb3aa1fc000 r--p 00016000 08:01 1709191                    /lib/x86_64-linux-gnu/libnsl-2.27.so
7fb3aa1fc000-7fb3aa1fd000 rw-p 00017000 08:01 1709191                    /lib/x86_64-linux-gnu/libnsl-2.27.so
7fb3aa1fd000-7fb3aa1ff000 rw-p 00000000 00:00 0 
7fb3aa1ff000-7fb3aa20a000 r-xp 00000000 08:01 1709196                    /lib/x86_64-linux-gnu/libnss_nis-2.27.so
7fb3aa20a000-7fb3aa409000 ---p 0000b000 08:01 1709196                    /lib/x86_64-linux-gnu/libnss_nis-2.27.so
7fb3aa409000-7fb3aa40a000 r--p 0000a000 08:01 1709196                    /lib/x86_64-linux-gnu/libnss_nis-2.27.so
7fb3aa40a000-7fb3aa40b000 rw-p 0000b000 08:01 1709196                    /lib/x86_64-linux-gnu/libnss_nis-2.27.so
7fb3aa40b000-7fb3aa413000 r-xp 00000000 08:01 1709192                    /lib/x86_64-linux-gnu/libnss_compat-2.27.so
7fb3aa413000-7fb3aa613000 ---p 00008000 08:01 1709192                    /lib/x86_64-linux-gnu/libnss_compat-2.27.so
7fb3aa613000-7fb3aa614000 r--p 00008000 08:01 1709192                    /lib/x86_64-linux-gnu/libnss_compat-2.27.so
7fb3aa614000-7fb3aa615000 rw-p 00009000 08:01 1709192                    /lib/x86_64-linux-gnu/libnss_compat-2.27.so
7fb3aa615000-7fb3aa61a000 r-xp 00000000 08:01 926217                     /usr/lib/jvm/java-11-openjdk-amd64/lib/libjimage.so
7fb3aa61a000-7fb3aa819000 ---p 00005000 08:01 926217                     /usr/lib/jvm/java-11-openjdk-amd64/lib/libjimage.so
7fb3aa819000-7fb3aa81a000 r--p 00004000 08:01 926217                     /usr/lib/jvm/java-11-openjdk-amd64/lib/libjimage.so
7fb3aa81a000-7fb3aa81b000 rw-p 00005000 08:01 926217                     /usr/lib/jvm/java-11-openjdk-amd64/lib/libjimage.so
7fb3aa81b000-7fb3aa844000 r-xp 00000000 08:01 926214                     /usr/lib/jvm/java-11-openjdk-amd64/lib/libjava.so
7fb3aa844000-7fb3aaa43000 ---p 00029000 08:01 926214                     /usr/lib/jvm/java-11-openjdk-amd64/lib/libjava.so
7fb3aaa43000-7fb3aaa44000 r--p 00028000 08:01 926214                     /usr/lib/jvm/java-11-openjdk-amd64/lib/libjava.so
7fb3aaa44000-7fb3aaa45000 rw-p 00029000 08:01 926214                     /usr/lib/jvm/java-11-openjdk-amd64/lib/libjava.so
7fb3aaa45000-7fb3aaa46000 rw-p 00000000 00:00 0 
7fb3aaa46000-7fb3aaa53000 r-xp 00000000 08:01 926233                     /usr/lib/jvm/java-11-openjdk-amd64/lib/libverify.so
7fb3aaa53000-7fb3aac52000 ---p 0000d000 08:01 926233                     /usr/lib/jvm/java-11-openjdk-amd64/lib/libverify.so
7fb3aac52000-7fb3aac54000 r--p 0000c000 08:01 926233                     /usr/lib/jvm/java-11-openjdk-amd64/lib/libverify.so
7fb3aac54000-7fb3aac55000 rw-p 0000e000 08:01 926233                     /usr/lib/jvm/java-11-openjdk-amd64/lib/libverify.so
7fb3aac55000-7fb3aac5c000 r-xp 00000000 08:01 1709201                    /lib/x86_64-linux-gnu/librt-2.27.so
7fb3aac5c000-7fb3aae5b000 ---p 00007000 08:01 1709201                    /lib/x86_64-linux-gnu/librt-2.27.so
7fb3aae5b000-7fb3aae5c000 r--p 00006000 08:01 1709201                    /lib/x86_64-linux-gnu/librt-2.27.so
7fb3aae5c000-7fb3aae5d000 rw-p 00007000 08:01 1709201                    /lib/x86_64-linux-gnu/librt-2.27.so
7fb3aae5d000-7fb3aae74000 r-xp 00000000 08:01 1709327                    /lib/x86_64-linux-gnu/libgcc_s.so.1
7fb3aae74000-7fb3ab073000 ---p 00017000 08:01 1709327                    /lib/x86_64-linux-gnu/libgcc_s.so.1
7fb3ab073000-7fb3ab074000 r--p 00016000 08:01 1709327                    /lib/x86_64-linux-gnu/libgcc_s.so.1
7fb3ab074000-7fb3ab075000 rw-p 00017000 08:01 1709327                    /lib/x86_64-linux-gnu/libgcc_s.so.1
7fb3ab075000-7fb3ab212000 r-xp 00000000 08:01 1709188                    /lib/x86_64-linux-gnu/libm-2.27.so
7fb3ab212000-7fb3ab411000 ---p 0019d000 08:01 1709188                    /lib/x86_64-linux-gnu/libm-2.27.so
7fb3ab411000-7fb3ab412000 r--p 0019c000 08:01 1709188                    /lib/x86_64-linux-gnu/libm-2.27.so
7fb3ab412000-7fb3ab413000 rw-p 0019d000 08:01 1709188                    /lib/x86_64-linux-gnu/libm-2.27.so
7fb3ab413000-7fb3ab58c000 r-xp 00000000 08:01 664741                     /usr/lib/x86_64-linux-gnu/libstdc++.so.6.0.25
7fb3ab58c000-7fb3ab78c000 ---p 00179000 08:01 664741                     /usr/lib/x86_64-linux-gnu/libstdc++.so.6.0.25
7fb3ab78c000-7fb3ab796000 r--p 00179000 08:01 664741                     /usr/lib/x86_64-linux-gnu/libstdc++.so.6.0.25
7fb3ab796000-7fb3ab798000 rw-p 00183000 08:01 664741                     /usr/lib/x86_64-linux-gnu/libstdc++.so.6.0.25
7fb3ab798000-7fb3ab79c000 rw-p 00000000 00:00 0 
7fb3ab79c000-7fb3ac8a3000 r-xp 00000000 08:01 926240                     /usr/lib/jvm/java-11-openjdk-amd64/lib/server/libjvm.so
7fb3ac8a3000-7fb3acaa3000 ---p 01107000 08:01 926240                     /usr/lib/jvm/java-11-openjdk-amd64/lib/server/libjvm.so
7fb3acaa3000-7fb3acb67000 r--p 01107000 08:01 926240                     /usr/lib/jvm/java-11-openjdk-amd64/lib/server/libjvm.so
7fb3acb67000-7fb3acba2000 rw-p 011cb000 08:01 926240                     /usr/lib/jvm/java-11-openjdk-amd64/lib/server/libjvm.so
7fb3acba2000-7fb3acbf9000 rw-p 00000000 00:00 0 
7fb3acbf9000-7fb3acc13000 r-xp 00000000 08:01 1709199                    /lib/x86_64-linux-gnu/libpthread-2.27.so
7fb3acc13000-7fb3ace12000 ---p 0001a000 08:01 1709199                    /lib/x86_64-linux-gnu/libpthread-2.27.so
7fb3ace12000-7fb3ace13000 r--p 00019000 08:01 1709199                    /lib/x86_64-linux-gnu/libpthread-2.27.so
7fb3ace13000-7fb3ace14000 rw-p 0001a000 08:01 1709199                    /lib/x86_64-linux-gnu/libpthread-2.27.so
7fb3ace14000-7fb3ace18000 rw-p 00000000 00:00 0 
7fb3ace18000-7fb3ace1b000 r-xp 00000000 08:01 1709187                    /lib/x86_64-linux-gnu/libdl-2.27.so
7fb3ace1b000-7fb3ad01a000 ---p 00003000 08:01 1709187                    /lib/x86_64-linux-gnu/libdl-2.27.so
7fb3ad01a000-7fb3ad01b000 r--p 00002000 08:01 1709187                    /lib/x86_64-linux-gnu/libdl-2.27.so
7fb3ad01b000-7fb3ad01c000 rw-p 00003000 08:01 1709187                    /lib/x86_64-linux-gnu/libdl-2.27.so
7fb3ad01c000-7fb3ad038000 r-xp 00000000 08:01 1704012                    /lib/x86_64-linux-gnu/libz.so.1.2.11
7fb3ad038000-7fb3ad237000 ---p 0001c000 08:01 1704012                    /lib/x86_64-linux-gnu/libz.so.1.2.11
7fb3ad237000-7fb3ad238000 r--p 0001b000 08:01 1704012                    /lib/x86_64-linux-gnu/libz.so.1.2.11
7fb3ad238000-7fb3ad239000 rw-p 0001c000 08:01 1704012                    /lib/x86_64-linux-gnu/libz.so.1.2.11
7fb3ad239000-7fb3ad420000 r-xp 00000000 08:01 1709184                    /lib/x86_64-linux-gnu/libc-2.27.so
7fb3ad420000-7fb3ad620000 ---p 001e7000 08:01 1709184                    /lib/x86_64-linux-gnu/libc-2.27.so
7fb3ad620000-7fb3ad624000 r--p 001e7000 08:01 1709184                    /lib/x86_64-linux-gnu/libc-2.27.so
7fb3ad624000-7fb3ad626000 rw-p 001eb000 08:01 1709184                    /lib/x86_64-linux-gnu/libc-2.27.so
7fb3ad626000-7fb3ad62a000 rw-p 00000000 00:00 0 
7fb3ad62a000-7fb3ad639000 r-xp 00000000 08:01 926199                     /usr/lib/jvm/java-11-openjdk-amd64/lib/jli/libjli.so
7fb3ad639000-7fb3ad838000 ---p 0000f000 08:01 926199                     /usr/lib/jvm/java-11-openjdk-amd64/lib/jli/libjli.so
7fb3ad838000-7fb3ad839000 r--p 0000e000 08:01 926199                     /usr/lib/jvm/java-11-openjdk-amd64/lib/jli/libjli.so
7fb3ad839000-7fb3ad83a000 rw-p 0000f000 08:01 926199                     /usr/lib/jvm/java-11-openjdk-amd64/lib/jli/libjli.so
7fb3ad83a000-7fb3ad863000 r-xp 00000000 08:01 1703942                    /lib/x86_64-linux-gnu/ld-2.27.so
7fb3ad869000-7fb3ad870000 r--s 00000000 08:01 920620                     /usr/lib/x86_64-linux-gnu/gconv/gconv-modules.cache
7fb3ad870000-7fb3ad874000 r--p 00000000 08:01 6297966                    /home/syd/.javacpp/cache/javacpp-1.5.7-linux-x86_64.jar/org/bytedeco/javacpp/linux-x86_64/libjnijavacpp.so
7fb3ad874000-7fb3ad87b000 r-xp 00004000 08:01 6297966                    /home/syd/.javacpp/cache/javacpp-1.5.7-linux-x86_64.jar/org/bytedeco/javacpp/linux-x86_64/libjnijavacpp.so
7fb3ad87b000-7fb3ad87f000 r--p 0000b000 08:01 6297966                    /home/syd/.javacpp/cache/javacpp-1.5.7-linux-x86_64.jar/org/bytedeco/javacpp/linux-x86_64/libjnijavacpp.so
7fb3ad87f000-7fb3ad880000 r--p 0000e000 08:01 6297966                    /home/syd/.javacpp/cache/javacpp-1.5.7-linux-x86_64.jar/org/bytedeco/javacpp/linux-x86_64/libjnijavacpp.so
7fb3ad880000-7fb3ad881000 rw-p 0000f000 08:01 6297966                    /home/syd/.javacpp/cache/javacpp-1.5.7-linux-x86_64.jar/org/bytedeco/javacpp/linux-x86_64/libjnijavacpp.so
7fb3ad881000-7fb3ad942000 rw-p 00000000 00:00 0 
7fb3ad942000-7fb3ad949000 ---p 00000000 00:00 0 
7fb3ad949000-7fb3ad94d000 ---p 00000000 00:00 0 
7fb3ad94d000-7fb3ada4c000 rw-p 00000000 00:00 0 
7fb3ada52000-7fb3ada53000 r--p 00000000 08:01 6297975                    /home/syd/.javacpp/cache/llvm-13.0.1-1.5.7-linux-x86_64.jar/org/bytedeco/llvm/linux-x86_64/libRemarks.so.13
7fb3ada53000-7fb3ada54000 r-xp 00001000 08:01 6297975                    /home/syd/.javacpp/cache/llvm-13.0.1-1.5.7-linux-x86_64.jar/org/bytedeco/llvm/linux-x86_64/libRemarks.so.13
7fb3ada54000-7fb3ada55000 r--p 00002000 08:01 6297975                    /home/syd/.javacpp/cache/llvm-13.0.1-1.5.7-linux-x86_64.jar/org/bytedeco/llvm/linux-x86_64/libRemarks.so.13
7fb3ada55000-7fb3ada56000 r--p 00002000 08:01 6297975                    /home/syd/.javacpp/cache/llvm-13.0.1-1.5.7-linux-x86_64.jar/org/bytedeco/llvm/linux-x86_64/libRemarks.so.13
7fb3ada56000-7fb3ada57000 rw-p 00003000 08:01 6297975                    /home/syd/.javacpp/cache/llvm-13.0.1-1.5.7-linux-x86_64.jar/org/bytedeco/llvm/linux-x86_64/libRemarks.so.13
7fb3ada57000-7fb3ada5f000 rw-s 00000000 08:01 6424209                    /tmp/hsperfdata_syd/91071
7fb3ada5f000-7fb3ada60000 ---p 00000000 00:00 0 
7fb3ada60000-7fb3ada61000 r--p 00000000 00:00 0 
7fb3ada61000-7fb3ada63000 rw-p 00000000 00:00 0 
7fb3ada63000-7fb3ada64000 r--p 00029000 08:01 1703942                    /lib/x86_64-linux-gnu/ld-2.27.so
7fb3ada64000-7fb3ada65000 rw-p 0002a000 08:01 1703942                    /lib/x86_64-linux-gnu/ld-2.27.so
7fb3ada65000-7fb3ada66000 rw-p 00000000 00:00 0 
7fffe09ec000-7fffe0a0e000 rw-p 00000000 00:00 0                          [stack]
7fffe0b75000-7fffe0b78000 r--p 00000000 00:00 0                          [vvar]
7fffe0b78000-7fffe0b7a000 r-xp 00000000 00:00 0                          [vdso]
ffffffffff600000-ffffffffff601000 --xp 00000000 00:00 0                  [vsyscall]


VM Arguments:
java_command: Main /mnt/hgfs/CompilationPrincipleLAB/Lab/src/code.txt /mnt/hgfs/CompilationPrincipleLAB/Lab/src/IRtarget.txt
java_class_path (initial): ./classes:/usr/local/lib/antlr-4.9.1-complete.jar:/usr/local/lib/llvm-13.0.1-1.5.7-linux-x86_64.jar:/usr/local/lib/llvm-platform-13.0.1-1.5.7.jar:/usr/local/lib/llvm-13.0.1-1.5.7.jar:/usr/local/lib/javacpp-1.5.7-linux-x86_64.jar:/usr/local/lib/javacpp-1.5.7.jar
Launcher Type: SUN_STANDARD

[Global flags]
     intx CICompilerCount                          = 2                                         {product} {ergonomic}
     uint ConcGCThreads                            = 1                                         {product} {ergonomic}
     uint G1ConcRefinementThreads                  = 2                                         {product} {ergonomic}
   size_t G1HeapRegionSize                         = 1048576                                   {product} {ergonomic}
    uintx GCDrainStackTargetSize                   = 64                                        {product} {ergonomic}
   size_t InitialHeapSize                          = 65011712                                  {product} {ergonomic}
   size_t MarkStackSize                            = 4194304                                   {product} {ergonomic}
   size_t MaxHeapSize                              = 1023410176                                {product} {ergonomic}
   size_t MaxNewSize                               = 613416960                                 {product} {ergonomic}
   size_t MinHeapDeltaBytes                        = 1048576                                   {product} {ergonomic}
    uintx NonNMethodCodeHeapSize                   = 5825164                                {pd product} {ergonomic}
    uintx NonProfiledCodeHeapSize                  = 122916538                              {pd product} {ergonomic}
    uintx ProfiledCodeHeapSize                     = 122916538                              {pd product} {ergonomic}
    uintx ReservedCodeCacheSize                    = 251658240                              {pd product} {ergonomic}
     bool SegmentedCodeCache                       = true                                      {product} {ergonomic}
     bool UseCompressedClassPointers               = true                                 {lp64_product} {ergonomic}
     bool UseCompressedOops                        = true                                 {lp64_product} {ergonomic}
     bool UseG1GC                                  = true                                      {product} {ergonomic}

Logging:
Log output configuration:
 #0: stdout all=warning uptime,level,tags
 #1: stderr all=off uptime,level,tags

Environment Variables:
CLASSPATH=/usr/local/lib/antlr-4.9.1-complete.jar:/usr/local/lib/llvm-13.0.1-1.5.7-linux-x86_64.jar:/usr/local/lib/llvm-platform-13.0.1-1.5.7.jar:/usr/local/lib/llvm-13.0.1-1.5.7.jar:/usr/local/lib/javacpp-1.5.7-linux-x86_64.jar:/usr/local/lib/javacpp-1.5.7.jar
PATH=/usr/local/sbin:/usr/local/bin:/usr/sbin:/usr/bin:/sbin:/bin:/usr/games:/usr/local/games:/snap/bin
USERNAME=syd
SHELL=/bin/bash
DISPLAY=:0
LANG=zh_CN.UTF-8
LC_NUMERIC=zh_CN.UTF-8
LC_TIME=zh_CN.UTF-8
TERM=xterm-256color

Signal Handlers:
SIGSEGV: [libjvm.so+0xe356a0], sa_mask[0]=11111111011111111101111111111110, sa_flags=SA_RESTART|SA_SIGINFO
SIGBUS: [libjvm.so+0xe356a0], sa_mask[0]=11111111011111111101111111111110, sa_flags=SA_RESTART|SA_SIGINFO
SIGFPE: [libjvm.so+0xe356a0], sa_mask[0]=11111111011111111101111111111110, sa_flags=SA_RESTART|SA_SIGINFO
SIGPIPE: [libjvm.so+0xb89cc0], sa_mask[0]=11111111011111111101111111111110, sa_flags=SA_RESTART|SA_SIGINFO
SIGXFSZ: [libjvm.so+0xb89cc0], sa_mask[0]=11111111011111111101111111111110, sa_flags=SA_RESTART|SA_SIGINFO
SIGILL: [libjvm.so+0xe356a0], sa_mask[0]=11111111011111111101111111111110, sa_flags=SA_RESTART|SA_SIGINFO
SIGUSR2: [libjvm.so+0xb89b50], sa_mask[0]=00000000000000000000000000000000, sa_flags=SA_RESTART|SA_SIGINFO
SIGHUP: [libjvm.so+0xb8a220], sa_mask[0]=11111111011111111101111111111110, sa_flags=SA_RESTART|SA_SIGINFO
SIGINT: [libjvm.so+0xb8a220], sa_mask[0]=11111111011111111101111111111110, sa_flags=SA_RESTART|SA_SIGINFO
SIGTERM: [libjvm.so+0xb8a220], sa_mask[0]=11111111011111111101111111111110, sa_flags=SA_RESTART|SA_SIGINFO
SIGQUIT: [libjvm.so+0xb8a220], sa_mask[0]=11111111011111111101111111111110, sa_flags=SA_RESTART|SA_SIGINFO


---------------  S Y S T E M  ---------------

OS:DISTRIB_ID=Ubuntu
DISTRIB_RELEASE=18.04
DISTRIB_CODENAME=bionic
DISTRIB_DESCRIPTION="Ubuntu 18.04.6 LTS"
uname:Linux 5.4.0-150-generic #167~18.04.1-Ubuntu SMP Wed May 24 00:51:42 UTC 2023 x86_64
OS uptime: 1 days 5:11 hours
libc:glibc 2.27 NPTL 2.27 
rlimit (soft/hard): STACK 8192k/infinity , CORE 0k/infinity , NPROC 15400/15400 , NOFILE 1048576/1048576 , AS infinity/infinity , CPU infinity/infinity , DATA infinity/infinity , FSIZE infinity/infinity , MEMLOCK 65536k/65536k
load average:0.80 0.62 0.46

/proc/meminfo:
MemTotal:        3994712 kB
MemFree:          167628 kB
MemAvailable:     252860 kB
Buffers:           16276 kB
Cached:           237484 kB
SwapCached:        45204 kB
Active:          2427280 kB
Inactive:         681360 kB
Active(anon):    2278140 kB
Inactive(anon):   582172 kB
Active(file):     149140 kB
Inactive(file):    99188 kB
Unevictable:          16 kB
Mlocked:              16 kB
SwapTotal:       2097148 kB
SwapFree:        1231100 kB
Dirty:                40 kB
Writeback:             0 kB
AnonPages:       2844992 kB
Mapped:           130408 kB
Shmem:              5428 kB
KReclaimable:      83524 kB
Slab:             170548 kB
SReclaimable:      83524 kB
SUnreclaim:        87024 kB
KernelStack:       14432 kB
PageTables:        51864 kB
NFS_Unstable:          0 kB
Bounce:                0 kB
WritebackTmp:          0 kB
CommitLimit:     4094504 kB
Committed_AS:    7138532 kB
VmallocTotal:   34359738367 kB
VmallocUsed:       30692 kB
VmallocChunk:          0 kB
Percpu:            50176 kB
HardwareCorrupted:     0 kB
AnonHugePages:         0 kB
ShmemHugePages:        0 kB
ShmemPmdMapped:        0 kB
FileHugePages:         0 kB
FilePmdMapped:         0 kB
CmaTotal:              0 kB
CmaFree:               0 kB
HugePages_Total:       0
HugePages_Free:        0
HugePages_Rsvd:        0
HugePages_Surp:        0
Hugepagesize:       2048 kB
Hugetlb:               0 kB
DirectMap4k:      315200 kB
DirectMap2M:     3878912 kB
DirectMap1G:     2097152 kB

/sys/kernel/mm/transparent_hugepage/enabled:
always [madvise] never
/sys/kernel/mm/transparent_hugepage/defrag (defrag/compaction efforts parameter):
always defer defer+madvise [madvise] never

Process Memory:
Virtual Size: 3713228K (peak: 12418976K)
Resident Set Size: 91052K (peak: 91508K) (anon: 36032K, file: 55020K, shmem: 0K)
Swapped out: 0K
C-Heap outstanding allocations: 14644K, retained: 2367K
glibc malloc tunables: (default)

/proc/sys/kernel/threads-max (system-wide limit on the number of threads):
30800
/proc/sys/vm/max_map_count (maximum number of memory map areas a process may have):
65530
/proc/sys/kernel/pid_max (system-wide limit on number of process identifiers):
131072

container (cgroup) information:
container_type: cgroupv1
cpu_cpuset_cpus: 0-1
cpu_memory_nodes: 0
active_processor_count: 2
cpu_quota: no quota
cpu_period: 100000
cpu_shares: no shares
memory_limit_in_bytes: unlimited
memory_and_swap_limit_in_bytes: not supported
memory_soft_limit_in_bytes: unlimited
memory_usage_in_bytes: 3102604 k
memory_max_usage_in_bytes: 465696 k
kernel_memory_usage_in_bytes: unlimited
kernel_memory_max_usage_in_bytes: unlimited
kernel_memory_limit_in_bytes: unlimited
maximum number of tasks: unlimited
current number of tasks: 265

VMWare virtualization detected
Steal ticks since vm start: 0
Steal ticks percentage since vm start:  0.000

CPU:total 2 (initial active 2) (1 cores per cpu, 1 threads per core) family 6 model 154 stepping 3 microcode 0xffffffff, cmov, cx8, fxsr, mmx, sse, sse2, sse3, ssse3, sse4.1, sse4.2, popcnt, avx, avx2, aes, clmul, erms, 3dnowpref, lzcnt, tsc, tscinvbit, bmi1, bmi2, adx, sha, fma
CPU Model and flags from /proc/cpuinfo:
model name	: 12th Gen Intel(R) Core(TM) i5-12500H
flags		: fpu vme de pse tsc msr pae mce cx8 apic sep mtrr pge mca cmov pat pse36 clflush mmx fxsr sse sse2 ss syscall nx pdpe1gb rdtscp lm constant_tsc arch_perfmon rep_good nopl xtopology tsc_reliable nonstop_tsc cpuid pni pclmulqdq ssse3 fma cx16 pcid sse4_1 sse4_2 x2apic movbe popcnt aes xsave avx f16c rdrand hypervisor lahf_lm abm 3dnowprefetch invpcid_single pti ssbd ibrs ibpb stibp fsgsbase tsc_adjust bmi1 avx2 smep bmi2 erms invpcid rdseed adx smap clflushopt clwb sha_ni xsaveopt xsavec xgetbv1 xsaves arat umip gfni vaes vpclmulqdq rdpid movdiri movdir64b md_clear flush_l1d arch_capabilities
Online cpus:
0-1
Offline cpus:
2-127
BIOS frequency limitation:
<Not Available>
Frequency switch latency (ns):
<Not Available>
Available cpu frequencies:
<Not Available>
Current governor:
<Not Available>
Core performance/turbo boost:
<Not Available>

Memory: 4k page, physical 3994712k(167628k free), swap 2097148k(1231100k free)

vm_info: OpenJDK 64-Bit Server VM (11.0.19+7-post-Ubuntu-0ubuntu118.04.1) for linux-amd64 JRE (11.0.19+7-post-Ubuntu-0ubuntu118.04.1), built on May 10 2023 00:54:54 by "unknown" with gcc 8.4.0

END.
