#
# A fatal error has been detected by the Java Runtime Environment:
#
#  SIGSEGV (0xb) at pc=0x00007f65e1b32178, pid=15297, tid=15298
#
# JRE version: OpenJDK Runtime Environment (11.0.19+7) (build 11.0.19+7-post-Ubuntu-0ubuntu118.04.1)
# Java VM: OpenJDK 64-Bit Server VM (11.0.19+7-post-Ubuntu-0ubuntu118.04.1, mixed mode, sharing, tiered, compressed oops, g1 gc, linux-amd64)
# Problematic frame:
# C  [libLLVM-13.so+0xc30178]  LLVMBuildCall2+0x138
#
# Core dump will be written. Default location: Core dumps may be processed with "/usr/share/apport/apport -p%p -s%s -c%c -d%d -P%P -u%u -g%g -- %E" (or dumping to /mnt/hgfs/CompilationPrincipleLAB/Lab/core.15297)
#
# If you would like to submit a bug report, please visit:
#   https://bugs.launchpad.net/ubuntu/+source/openjdk-lts
# The crash happened outside the Java Virtual Machine in native code.
# See problematic frame for where to report the bug.
#

---------------  S U M M A R Y ------------

Command Line: Main /mnt/hgfs/CompilationPrincipleLAB/Lab/src/code.txt /mnt/hgfs/CompilationPrincipleLAB/Lab/src/IRtarget.txt

Host: 12th Gen Intel(R) Core(TM) i5-12500H, 2 cores, 3G, Ubuntu 18.04.6 LTS
Time: Mon May 27 01:54:11 2024 PDT elapsed time: 0.499359 seconds (0d 0h 0m 0s)

---------------  T H R E A D  ---------------

Current thread (0x00007f663c017000):  JavaThread "main" [_thread_in_native, id=15298, stack(0x00007f6645d39000,0x00007f6645e3a000)]

Stack: [0x00007f6645d39000,0x00007f6645e3a000],  sp=0x00007f6645e37c90,  free space=1019k
Native frames: (J=compiled Java code, A=aot compiled Java code, j=interpreted, Vv=VM code, C=native code)
C  [libLLVM-13.so+0xc30178]  LLVMBuildCall2+0x138
C  0x0000000000000005

Java frames: (J=compiled Java code, j=interpreted, Vv=VM code)
j  org.bytedeco.llvm.global.LLVM.LLVMBuildCall2(Lorg/bytedeco/llvm/LLVM/LLVMBuilderRef;Lorg/bytedeco/llvm/LLVM/LLVMTypeRef;Lorg/bytedeco/llvm/LLVM/LLVMValueRef;Lorg/bytedeco/javacpp/PointerPointer;ILjava/lang/String;)Lorg/bytedeco/llvm/LLVM/LLVMValueRef;+0
j  MyLLVMIRVisitor.visitExp(LSysYParser$ExpContext;)Lorg/bytedeco/llvm/LLVM/LLVMValueRef;+416
j  MyLLVMIRVisitor.visitStmt(LSysYParser$StmtContext;)Lorg/bytedeco/llvm/LLVM/LLVMValueRef;+19
j  MyLLVMIRVisitor.visitStmt(LSysYParser$StmtContext;)Ljava/lang/Object;+2
j  SysYParser$StmtContext.accept(Lorg/antlr/v4/runtime/tree/ParseTreeVisitor;)Ljava/lang/Object;+12
j  org.antlr.v4.runtime.tree.AbstractParseTreeVisitor.visitChildren(Lorg/antlr/v4/runtime/tree/RuleNode;)Ljava/lang/Object;+46
j  SysYParserBaseVisitor.visitBlockItem(LSysYParser$BlockItemContext;)Ljava/lang/Object;+2
j  SysYParser$BlockItemContext.accept(Lorg/antlr/v4/runtime/tree/ParseTreeVisitor;)Ljava/lang/Object;+12
j  org.antlr.v4.runtime.tree.AbstractParseTreeVisitor.visitChildren(Lorg/antlr/v4/runtime/tree/RuleNode;)Ljava/lang/Object;+46
j  SysYParserBaseVisitor.visitBlock(LSysYParser$BlockContext;)Ljava/lang/Object;+2
j  SysYParser$BlockContext.accept(Lorg/antlr/v4/runtime/tree/ParseTreeVisitor;)Ljava/lang/Object;+12
j  org.antlr.v4.runtime.tree.AbstractParseTreeVisitor.visitChildren(Lorg/antlr/v4/runtime/tree/RuleNode;)Ljava/lang/Object;+46
j  SysYParserBaseVisitor.visitFuncDef(LSysYParser$FuncDefContext;)Ljava/lang/Object;+2
j  MyLLVMIRVisitor.visitFuncDef(LSysYParser$FuncDefContext;)Lorg/bytedeco/llvm/LLVM/LLVMValueRef;+252
j  MyLLVMIRVisitor.visitFuncDef(LSysYParser$FuncDefContext;)Ljava/lang/Object;+2
j  SysYParser$FuncDefContext.accept(Lorg/antlr/v4/runtime/tree/ParseTreeVisitor;)Ljava/lang/Object;+12
j  org.antlr.v4.runtime.tree.AbstractParseTreeVisitor.visitChildren(Lorg/antlr/v4/runtime/tree/RuleNode;)Ljava/lang/Object;+46
j  SysYParserBaseVisitor.visitCompUnit(LSysYParser$CompUnitContext;)Ljava/lang/Object;+2
j  SysYParser$CompUnitContext.accept(Lorg/antlr/v4/runtime/tree/ParseTreeVisitor;)Ljava/lang/Object;+12
j  org.antlr.v4.runtime.tree.AbstractParseTreeVisitor.visitChildren(Lorg/antlr/v4/runtime/tree/RuleNode;)Ljava/lang/Object;+46
j  SysYParserBaseVisitor.visitProgram(LSysYParser$ProgramContext;)Ljava/lang/Object;+2
j  MyLLVMIRVisitor.visitProgram(LSysYParser$ProgramContext;)Lorg/bytedeco/llvm/LLVM/LLVMValueRef;+2
j  MyLLVMIRVisitor.visitProgram(LSysYParser$ProgramContext;)Ljava/lang/Object;+2
j  SysYParser$ProgramContext.accept(Lorg/antlr/v4/runtime/tree/ParseTreeVisitor;)Ljava/lang/Object;+12
j  org.antlr.v4.runtime.tree.AbstractParseTreeVisitor.visit(Lorg/antlr/v4/runtime/tree/ParseTree;)Ljava/lang/Object;+2
j  Main.main([Ljava/lang/String;)V+220
v  ~StubRoutines::call_stub

siginfo: si_signo: 11 (SIGSEGV), si_code: 1 (SEGV_MAPERR), si_addr: 0x0000000000000000

Register to memory mapping:

RAX=0x0000000000000001 is an unknown value
RBX=0x00007f663c2ef240 points into unknown readable memory: 0x00007f663c2ef250 | 50 f2 2e 3c 66 7f 00 00
RCX=0x0 is NULL
RDX=0x00007f663c31cc90 points into unknown readable memory: 0x0000000000000000 | 00 00 00 00 00 00 00 00
RSP=0x00007f6645e37c90 is pointing into the stack for thread: 0x00007f663c017000
RBP=0x00007f6645e37cf0 is pointing into the stack for thread: 0x00007f663c017000
RSI=0x0 is NULL
RDI=0x00007f663c31ccb0 points into unknown readable memory: 0x564c4c5f6d766c6c | 6c 6c 76 6d 5f 4c 4c 56
R8 =0x0000000000000002 is an unknown value
R9 =0x0 is NULL
R10=0x000000000000000d is an unknown value
R11=0x0 is NULL
R12=0x00007f663c31ccb0 points into unknown readable memory: 0x564c4c5f6d766c6c | 6c 6c 76 6d 5f 4c 4c 56
R13=0x00007f663c314ef8 points into unknown readable memory: 0x00007f663c2ff8b0 | b0 f8 2f 3c 66 7f 00 00
R14=0x0 is NULL
R15=0x0 is NULL


Registers:
RAX=0x0000000000000001, RBX=0x00007f663c2ef240, RCX=0x0000000000000000, RDX=0x00007f663c31cc90
RSP=0x00007f6645e37c90, RBP=0x00007f6645e37cf0, RSI=0x0000000000000000, RDI=0x00007f663c31ccb0
R8 =0x0000000000000002, R9 =0x0000000000000000, R10=0x000000000000000d, R11=0x0000000000000000
R12=0x00007f663c31ccb0, R13=0x00007f663c314ef8, R14=0x0000000000000000, R15=0x0000000000000000
RIP=0x00007f65e1b32178, EFLAGS=0x0000000000010246, CSGSFS=0x002b000000000033, ERR=0x0000000000000004
  TRAPNO=0x000000000000000e

Top of Stack: (sp=0x00007f6645e37c90)
0x00007f6645e37c90:   00007f663c2ef368 00007f663c31d1e0
0x00007f6645e37ca0:   0000000000000001 0000000000000000
0x00007f6645e37cb0:   0000000000000001 00007f663c31d310
0x00007f6645e37cc0:   00007f663c31d310 00007f663c017000 

Instructions: (pc=0x00007f65e1b32178)
0x00007f65e1b32078:   50 03 4c 8b 5b 70 b9 01 01 00 00 48 8b 6b 68 45
0x00007f65e1b32088:   89 c1 66 89 8c 24 80 00 00 00 4c 89 d9 48 c1 e1
0x00007f65e1b32098:   05 48 01 e9 48 39 e9 0f 84 7b 02 00 00 48 89 ea
0x00007f65e1b320a8:   31 f6 66 0f 1f 44 00 00 48 8b 42 10 48 2b 42 08
0x00007f65e1b320b8:   48 83 c2 20 48 c1 f8 03 01 c6 48 39 d1 75 e9 41
0x00007f65e1b320c8:   83 c0 01 44 89 da bf 50 00 00 00 49 89 ee 44 01
0x00007f65e1b320d8:   c6 c1 e2 04 4c 89 4c 24 28 48 89 4c 24 20 4c 89
0x00007f65e1b320e8:   5c 24 18 44 89 44 24 10 e8 ab d3 12 00 4c 8b 4c
0x00007f65e1b320f8:   24 28 48 89 ee 31 ff 4c 8b 5c 24 18 48 8b 4c 24
0x00007f65e1b32108:   20 49 89 c4 44 8b 44 24 10 4c 89 c8 4d 89 df 66
0x00007f65e1b32118:   0f 1f 84 00 00 00 00 00 48 8b 56 10 48 2b 56 08
0x00007f65e1b32128:   48 83 c6 20 48 c1 fa 03 01 d7 48 39 f1 75 e9 41
0x00007f65e1b32138:   01 f8 31 f6 0f 1f 40 00 48 8b 55 10 48 2b 55 08
0x00007f65e1b32148:   48 83 c5 20 48 c1 fa 03 01 d6 48 39 e9 75 e9 49
0x00007f65e1b32158:   01 f1 49 8b 75 10 49 c1 e1 05 4c 89 e2 4c 89 e7
0x00007f65e1b32168:   4c 29 ca 45 31 c9 48 89 44 24 10 48 8d 6c 24 60
0x00007f65e1b32178:   48 8b 36 48 8d 4a e0 ba 38 00 00 00 e8 27 88 08
0x00007f65e1b32188:   00 49 89 e9 4c 89 ee 4c 89 e7 49 c7 44 24 40 00
0x00007f65e1b32198:   00 00 00 41 57 41 56 48 8b 44 24 20 48 8b 4c 24
0x00007f65e1b321a8:   18 48 8b 54 24 10 49 89 c0 e8 1a dc 08 00 80 7b
0x00007f65e1b321b8:   64 00 58 5a 0f 85 06 01 00 00 41 0f b6 44 24 10
0x00007f65e1b321c8:   3c 19 0f 86 37 01 00 00 83 e8 1a 83 e8 0c 83 f8
0x00007f65e1b321d8:   2d 77 62 48 8d 15 e2 d0 6c 03 48 63 04 82 48 01
0x00007f65e1b321e8:   d0 ff e0 0f 1f 44 00 00 49 8b 14 24 0f b6 42 08
0x00007f65e1b321f8:   3c 11 0f 84 a0 00 00 00 0f b6 c8 83 e9 12 83 f9
0x00007f65e1b32208:   01 77 0b 48 8b 42 10 48 8b 00 0f b6 40 08 3c 06
0x00007f65e1b32218:   77 23 48 8b 53 58 8b 6b 60 48 85 d2 74 0d be 03
0x00007f65e1b32228:   00 00 00 4c 89 e7 e8 0d dc 0d 00 89 ee 4c 89 e7
0x00007f65e1b32238:   e8 53 8f 08 00 48 8b 7b 50 48 8b 4b 30 48 8d 54
0x00007f65e1b32248:   24 30 4c 89 e6 4c 8b 43 38 48 8b 07 ff 50 10 8b
0x00007f65e1b32258:   6b 08 48 8b 03 48 c1 e5 04 48 89 c3 48 01 c5 48
0x00007f65e1b32268:   39 e8 74 1b 0f 1f 40 00 48 8b 53 08 8b 33 4c 89 


Stack slot to memory mapping:
stack at sp + 0 slots: 0x00007f663c2ef368 points into unknown readable memory: 0x00007f663c317ca0 | a0 7c 31 3c 66 7f 00 00
stack at sp + 1 slots: 0x00007f663c31d1e0 points into unknown readable memory: 0x00007f663c31ce30 | 30 ce 31 3c 66 7f 00 00
stack at sp + 2 slots: 0x0000000000000001 is an unknown value
stack at sp + 3 slots: 0x0 is NULL
stack at sp + 4 slots: 0x0000000000000001 is an unknown value
stack at sp + 5 slots: 0x00007f663c31d310 points into unknown readable memory: 0x0000006f6c6c6568 | 68 65 6c 6c 6f 00 00 00
stack at sp + 6 slots: 0x00007f663c31d310 points into unknown readable memory: 0x0000006f6c6c6568 | 68 65 6c 6c 6f 00 00 00
stack at sp + 7 slots: 0x00007f663c017000 is a thread


---------------  P R O C E S S  ---------------

Threads class SMR info:
_java_thread_list=0x00007f663c28ad80, length=10, elements={
0x00007f663c017000, 0x00007f663c0b8000, 0x00007f663c0ba000, 0x00007f663c0bf800,
0x00007f663c0c1800, 0x00007f663c0c4000, 0x00007f663c0c6000, 0x00007f663c0c8000,
0x00007f663c103800, 0x00007f663c287000
}

Java Threads: ( => current thread )
=>0x00007f663c017000 JavaThread "main" [_thread_in_native, id=15298, stack(0x00007f6645d39000,0x00007f6645e3a000)]
  0x00007f663c0b8000 JavaThread "Reference Handler" daemon [_thread_blocked, id=15305, stack(0x00007f66244f0000,0x00007f66245f1000)]
  0x00007f663c0ba000 JavaThread "Finalizer" daemon [_thread_blocked, id=15306, stack(0x00007f66243ef000,0x00007f66244f0000)]
  0x00007f663c0bf800 JavaThread "Signal Dispatcher" daemon [_thread_blocked, id=15307, stack(0x00007f66242ee000,0x00007f66243ef000)]
  0x00007f663c0c1800 JavaThread "Service Thread" daemon [_thread_blocked, id=15308, stack(0x00007f66241ed000,0x00007f66242ee000)]
  0x00007f663c0c4000 JavaThread "C2 CompilerThread0" daemon [_thread_blocked, id=15309, stack(0x00007f66240ec000,0x00007f66241ed000)]
  0x00007f663c0c6000 JavaThread "C1 CompilerThread0" daemon [_thread_blocked, id=15310, stack(0x00007f661c32b000,0x00007f661c42c000)]
  0x00007f663c0c8000 JavaThread "Sweeper thread" daemon [_thread_blocked, id=15311, stack(0x00007f661c22a000,0x00007f661c32b000)]
  0x00007f663c103800 JavaThread "Common-Cleaner" daemon [_thread_blocked, id=15313, stack(0x00007f661c027000,0x00007f661c128000)]
  0x00007f663c287000 JavaThread "JavaCPP Deallocator" daemon [_thread_blocked, id=15315, stack(0x00007f65e79d6000,0x00007f65e7ad7000)]

Other Threads:
  0x00007f663c0b5000 VMThread "VM Thread" [stack: 0x00007f66245f3000,0x00007f66246f3000] [id=15304]
  0x00007f663c101800 WatcherThread [stack: 0x00007f661c12a000,0x00007f661c22a000] [id=15312]
  0x00007f663c02f000 GCTaskThread "GC Thread#0" [stack: 0x00007f6641ce4000,0x00007f6641de4000] [id=15299]
  0x00007f660c001000 GCTaskThread "GC Thread#1" [stack: 0x00007f65e7ad9000,0x00007f65e7bd9000] [id=15314]
  0x00007f663c04a000 ConcurrentGCThread "G1 Main Marker" [stack: 0x00007f66404e8000,0x00007f66405e8000] [id=15300]
  0x00007f663c04c000 ConcurrentGCThread "G1 Conc#0" [stack: 0x00007f66403e6000,0x00007f66404e6000] [id=15301]
  0x00007f663c087000 ConcurrentGCThread "G1 Refine#0" [stack: 0x00007f66400e2000,0x00007f66401e2000] [id=15302]
  0x00007f663c089000 ConcurrentGCThread "G1 Young RemSet Sampling" [stack: 0x00007f66246f5000,0x00007f66247f5000] [id=15303]

Threads with active compile tasks:

VM state:not at safepoint (normal execution)

VM Mutex/Monitor currently owned by a thread: None

Heap address: 0x00000000c3000000, size: 976 MB, Compressed Oops mode: 32-bit
Narrow klass base: 0x0000000800000000, Narrow klass shift: 3
Compressed class space size: 1073741824 Address: 0x0000000840000000

Heap:
 garbage-first heap   total 65536K, used 6292K [0x00000000c3000000, 0x0000000100000000)
  region size 1024K, 6 young (6144K), 1 survivors (1024K)
 Metaspace       used 3904K, capacity 6722K, committed 6912K, reserved 1056768K
  class space    used 430K, capacity 733K, committed 768K, reserved 1048576K
Heap Regions: E=young(eden), S=young(survivor), O=old, HS=humongous(starts), HC=humongous(continues), CS=collection set, F=free, A=archive, TAMS=top-at-mark-start (previous, next)
|   0|0x00000000c3000000, 0x00000000c3073200, 0x00000000c3100000| 44%| O|  |TAMS 0x00000000c3000000, 0x00000000c3000000| Untracked 
|   1|0x00000000c3100000, 0x00000000c3100000, 0x00000000c3200000|  0%| F|  |TAMS 0x00000000c3100000, 0x00000000c3100000| Untracked 
|   2|0x00000000c3200000, 0x00000000c3200000, 0x00000000c3300000|  0%| F|  |TAMS 0x00000000c3200000, 0x00000000c3200000| Untracked 
|   3|0x00000000c3300000, 0x00000000c3300000, 0x00000000c3400000|  0%| F|  |TAMS 0x00000000c3300000, 0x00000000c3300000| Untracked 
|   4|0x00000000c3400000, 0x00000000c3400000, 0x00000000c3500000|  0%| F|  |TAMS 0x00000000c3400000, 0x00000000c3400000| Untracked 
|   5|0x00000000c3500000, 0x00000000c3500000, 0x00000000c3600000|  0%| F|  |TAMS 0x00000000c3500000, 0x00000000c3500000| Untracked 
|   6|0x00000000c3600000, 0x00000000c3600000, 0x00000000c3700000|  0%| F|  |TAMS 0x00000000c3600000, 0x00000000c3600000| Untracked 
|   7|0x00000000c3700000, 0x00000000c3700000, 0x00000000c3800000|  0%| F|  |TAMS 0x00000000c3700000, 0x00000000c3700000| Untracked 
|   8|0x00000000c3800000, 0x00000000c3800000, 0x00000000c3900000|  0%| F|  |TAMS 0x00000000c3800000, 0x00000000c3800000| Untracked 
|   9|0x00000000c3900000, 0x00000000c3900000, 0x00000000c3a00000|  0%| F|  |TAMS 0x00000000c3900000, 0x00000000c3900000| Untracked 
|  10|0x00000000c3a00000, 0x00000000c3a00000, 0x00000000c3b00000|  0%| F|  |TAMS 0x00000000c3a00000, 0x00000000c3a00000| Untracked 
|  11|0x00000000c3b00000, 0x00000000c3b00000, 0x00000000c3c00000|  0%| F|  |TAMS 0x00000000c3b00000, 0x00000000c3b00000| Untracked 
|  12|0x00000000c3c00000, 0x00000000c3c00000, 0x00000000c3d00000|  0%| F|  |TAMS 0x00000000c3c00000, 0x00000000c3c00000| Untracked 
|  13|0x00000000c3d00000, 0x00000000c3d00000, 0x00000000c3e00000|  0%| F|  |TAMS 0x00000000c3d00000, 0x00000000c3d00000| Untracked 
|  14|0x00000000c3e00000, 0x00000000c3e00000, 0x00000000c3f00000|  0%| F|  |TAMS 0x00000000c3e00000, 0x00000000c3e00000| Untracked 
|  15|0x00000000c3f00000, 0x00000000c3f00000, 0x00000000c4000000|  0%| F|  |TAMS 0x00000000c3f00000, 0x00000000c3f00000| Untracked 
|  16|0x00000000c4000000, 0x00000000c4000000, 0x00000000c4100000|  0%| F|  |TAMS 0x00000000c4000000, 0x00000000c4000000| Untracked 
|  17|0x00000000c4100000, 0x00000000c4100000, 0x00000000c4200000|  0%| F|  |TAMS 0x00000000c4100000, 0x00000000c4100000| Untracked 
|  18|0x00000000c4200000, 0x00000000c4200000, 0x00000000c4300000|  0%| F|  |TAMS 0x00000000c4200000, 0x00000000c4200000| Untracked 
|  19|0x00000000c4300000, 0x00000000c4300000, 0x00000000c4400000|  0%| F|  |TAMS 0x00000000c4300000, 0x00000000c4300000| Untracked 
|  20|0x00000000c4400000, 0x00000000c4400000, 0x00000000c4500000|  0%| F|  |TAMS 0x00000000c4400000, 0x00000000c4400000| Untracked 
|  21|0x00000000c4500000, 0x00000000c4500000, 0x00000000c4600000|  0%| F|  |TAMS 0x00000000c4500000, 0x00000000c4500000| Untracked 
|  22|0x00000000c4600000, 0x00000000c4600000, 0x00000000c4700000|  0%| F|  |TAMS 0x00000000c4600000, 0x00000000c4600000| Untracked 
|  23|0x00000000c4700000, 0x00000000c4700000, 0x00000000c4800000|  0%| F|  |TAMS 0x00000000c4700000, 0x00000000c4700000| Untracked 
|  24|0x00000000c4800000, 0x00000000c4800000, 0x00000000c4900000|  0%| F|  |TAMS 0x00000000c4800000, 0x00000000c4800000| Untracked 
|  25|0x00000000c4900000, 0x00000000c4900000, 0x00000000c4a00000|  0%| F|  |TAMS 0x00000000c4900000, 0x00000000c4900000| Untracked 
|  26|0x00000000c4a00000, 0x00000000c4a00000, 0x00000000c4b00000|  0%| F|  |TAMS 0x00000000c4a00000, 0x00000000c4a00000| Untracked 
|  27|0x00000000c4b00000, 0x00000000c4b00000, 0x00000000c4c00000|  0%| F|  |TAMS 0x00000000c4b00000, 0x00000000c4b00000| Untracked 
|  28|0x00000000c4c00000, 0x00000000c4c00000, 0x00000000c4d00000|  0%| F|  |TAMS 0x00000000c4c00000, 0x00000000c4c00000| Untracked 
|  29|0x00000000c4d00000, 0x00000000c4d00000, 0x00000000c4e00000|  0%| F|  |TAMS 0x00000000c4d00000, 0x00000000c4d00000| Untracked 
|  30|0x00000000c4e00000, 0x00000000c4e00000, 0x00000000c4f00000|  0%| F|  |TAMS 0x00000000c4e00000, 0x00000000c4e00000| Untracked 
|  31|0x00000000c4f00000, 0x00000000c4f00000, 0x00000000c5000000|  0%| F|  |TAMS 0x00000000c4f00000, 0x00000000c4f00000| Untracked 
|  32|0x00000000c5000000, 0x00000000c5000000, 0x00000000c5100000|  0%| F|  |TAMS 0x00000000c5000000, 0x00000000c5000000| Untracked 
|  33|0x00000000c5100000, 0x00000000c5100000, 0x00000000c5200000|  0%| F|  |TAMS 0x00000000c5100000, 0x00000000c5100000| Untracked 
|  34|0x00000000c5200000, 0x00000000c5200000, 0x00000000c5300000|  0%| F|  |TAMS 0x00000000c5200000, 0x00000000c5200000| Untracked 
|  35|0x00000000c5300000, 0x00000000c5300000, 0x00000000c5400000|  0%| F|  |TAMS 0x00000000c5300000, 0x00000000c5300000| Untracked 
|  36|0x00000000c5400000, 0x00000000c5400000, 0x00000000c5500000|  0%| F|  |TAMS 0x00000000c5400000, 0x00000000c5400000| Untracked 
|  37|0x00000000c5500000, 0x00000000c5500000, 0x00000000c5600000|  0%| F|  |TAMS 0x00000000c5500000, 0x00000000c5500000| Untracked 
|  38|0x00000000c5600000, 0x00000000c5600000, 0x00000000c5700000|  0%| F|  |TAMS 0x00000000c5600000, 0x00000000c5600000| Untracked 
|  39|0x00000000c5700000, 0x00000000c5700000, 0x00000000c5800000|  0%| F|  |TAMS 0x00000000c5700000, 0x00000000c5700000| Untracked 
|  40|0x00000000c5800000, 0x00000000c5800000, 0x00000000c5900000|  0%| F|  |TAMS 0x00000000c5800000, 0x00000000c5800000| Untracked 
|  41|0x00000000c5900000, 0x00000000c5900000, 0x00000000c5a00000|  0%| F|  |TAMS 0x00000000c5900000, 0x00000000c5900000| Untracked 
|  42|0x00000000c5a00000, 0x00000000c5a00000, 0x00000000c5b00000|  0%| F|  |TAMS 0x00000000c5a00000, 0x00000000c5a00000| Untracked 
|  43|0x00000000c5b00000, 0x00000000c5b00000, 0x00000000c5c00000|  0%| F|  |TAMS 0x00000000c5b00000, 0x00000000c5b00000| Untracked 
|  44|0x00000000c5c00000, 0x00000000c5c00000, 0x00000000c5d00000|  0%| F|  |TAMS 0x00000000c5c00000, 0x00000000c5c00000| Untracked 
|  45|0x00000000c5d00000, 0x00000000c5d00000, 0x00000000c5e00000|  0%| F|  |TAMS 0x00000000c5d00000, 0x00000000c5d00000| Untracked 
|  46|0x00000000c5e00000, 0x00000000c5e00000, 0x00000000c5f00000|  0%| F|  |TAMS 0x00000000c5e00000, 0x00000000c5e00000| Untracked 
|  47|0x00000000c5f00000, 0x00000000c5f00000, 0x00000000c6000000|  0%| F|  |TAMS 0x00000000c5f00000, 0x00000000c5f00000| Untracked 
|  48|0x00000000c6000000, 0x00000000c6000000, 0x00000000c6100000|  0%| F|  |TAMS 0x00000000c6000000, 0x00000000c6000000| Untracked 
|  49|0x00000000c6100000, 0x00000000c6100000, 0x00000000c6200000|  0%| F|  |TAMS 0x00000000c6100000, 0x00000000c6100000| Untracked 
|  50|0x00000000c6200000, 0x00000000c6200000, 0x00000000c6300000|  0%| F|  |TAMS 0x00000000c6200000, 0x00000000c6200000| Untracked 
|  51|0x00000000c6300000, 0x00000000c6300000, 0x00000000c6400000|  0%| F|  |TAMS 0x00000000c6300000, 0x00000000c6300000| Untracked 
|  52|0x00000000c6400000, 0x00000000c6400000, 0x00000000c6500000|  0%| F|  |TAMS 0x00000000c6400000, 0x00000000c6400000| Untracked 
|  53|0x00000000c6500000, 0x00000000c6500000, 0x00000000c6600000|  0%| F|  |TAMS 0x00000000c6500000, 0x00000000c6500000| Untracked 
|  54|0x00000000c6600000, 0x00000000c6700000, 0x00000000c6700000|100%| S|CS|TAMS 0x00000000c6600000, 0x00000000c6600000| Complete 
|  55|0x00000000c6700000, 0x00000000c6700000, 0x00000000c6800000|  0%| F|  |TAMS 0x00000000c6700000, 0x00000000c6700000| Untracked 
|  56|0x00000000c6800000, 0x00000000c6800000, 0x00000000c6900000|  0%| F|  |TAMS 0x00000000c6800000, 0x00000000c6800000| Untracked 
|  57|0x00000000c6900000, 0x00000000c6980800, 0x00000000c6a00000| 50%| E|  |TAMS 0x00000000c6900000, 0x00000000c6900000| Complete 
|  58|0x00000000c6a00000, 0x00000000c6b00000, 0x00000000c6b00000|100%| E|CS|TAMS 0x00000000c6a00000, 0x00000000c6a00000| Complete 
|  59|0x00000000c6b00000, 0x00000000c6c00000, 0x00000000c6c00000|100%| E|CS|TAMS 0x00000000c6b00000, 0x00000000c6b00000| Complete 
|  60|0x00000000c6c00000, 0x00000000c6d00000, 0x00000000c6d00000|100%| E|CS|TAMS 0x00000000c6c00000, 0x00000000c6c00000| Complete 
|  61|0x00000000c6d00000, 0x00000000c6e00000, 0x00000000c6e00000|100%| E|CS|TAMS 0x00000000c6d00000, 0x00000000c6d00000| Complete 
| 974|0x00000000ffe00000, 0x00000000ffe47000, 0x00000000fff00000| 27%|OA|  |TAMS 0x00000000ffe00000, 0x00000000ffe00000| Untracked 
| 975|0x00000000fff00000, 0x00000000fff6b000, 0x0000000100000000| 41%|CA|  |TAMS 0x00000000fff00000, 0x00000000fff00000| Untracked 

Card table byte_map: [0x00007f6641710000,0x00007f66418f8000] _byte_map_base: 0x00007f66410f8000

Marking Bits (Prev, Next): (CMBitMap*) 0x00007f663c045388, (CMBitMap*) 0x00007f663c0453c0
 Prev Bits: [0x00007f66405e8000, 0x00007f6641528000)
 Next Bits: [0x00007f661f0c0000, 0x00007f6620000000)

Polling page: 0x00007f6645e4f000

Metaspace:

Usage:
  Non-class:      5.85 MB capacity,     3.39 MB ( 58%) used,     2.45 MB ( 42%) free+waste,    11.31 KB ( <1%) overhead. 
      Class:    733.00 KB capacity,   430.33 KB ( 59%) used,   296.55 KB ( 40%) free+waste,     6.12 KB ( <1%) overhead. 
       Both:      6.56 MB capacity,     3.81 MB ( 58%) used,     2.73 MB ( 42%) free+waste,    17.44 KB ( <1%) overhead. 

Virtual space:
  Non-class space:        8.00 MB reserved,       6.00 MB ( 75%) committed 
      Class space:        1.00 GB reserved,     768.00 KB ( <1%) committed 
             Both:        1.01 GB reserved,       6.75 MB ( <1%) committed 

Chunk freelists:
   Non-Class:  27.00 KB
       Class:  3.00 KB
        Both:  30.00 KB

MaxMetaspaceSize: unlimited
CompressedClassSpaceSize: 1.00 GB
Initial GC threshold: 20.80 MB
Current GC threshold: 20.80 MB
CDS: on

CodeHeap 'non-profiled nmethods': size=120036Kb used=253Kb max_used=253Kb free=119782Kb
 bounds [0x00007f662c2bc000, 0x00007f662c52c000, 0x00007f66337f5000]
CodeHeap 'profiled nmethods': size=120032Kb used=1579Kb max_used=1579Kb free=118452Kb
 bounds [0x00007f6624d84000, 0x00007f6624ff4000, 0x00007f662c2bc000]
CodeHeap 'non-nmethods': size=5692Kb used=1155Kb max_used=1169Kb free=4536Kb
 bounds [0x00007f66247f5000, 0x00007f6624a65000, 0x00007f6624d84000]
 total_blobs=1276 nmethods=861 adapters=329
 compilation: enabled
              stopped_count=0, restarted_count=0
 full_count=0

Compilation events (20 events):
Event: 0.485 Thread 0x00007f663c0c6000  849       3       java.lang.invoke.MemberName::isMethod (7 bytes)
Event: 0.485 Thread 0x00007f663c0c6000 nmethod 849 0x00007f6624f09190 code [0x00007f6624f09340, 0x00007f6624f09590]
Event: 0.485 Thread 0x00007f663c0c6000  850       3       java.lang.invoke.LambdaFormBuffer::indexOf (33 bytes)
Event: 0.485 Thread 0x00007f663c0c6000 nmethod 850 0x00007f6624f09690 code [0x00007f6624f09860, 0x00007f6624f09c10]
Event: 0.485 Thread 0x00007f663c0c6000  851       3       java.lang.invoke.MethodType::insertParameterTypes (121 bytes)
Event: 0.486 Thread 0x00007f663c0c6000 nmethod 851 0x00007f6624f09d10 code [0x00007f6624f0a000, 0x00007f6624f0ae90]
Event: 0.486 Thread 0x00007f663c0c4000  852       4       java.util.concurrent.ConcurrentHashMap::get (162 bytes)
Event: 0.486 Thread 0x00007f663c0c6000  853       3       java.lang.invoke.MemberName$Factory::resolveOrFail (53 bytes)
Event: 0.486 Thread 0x00007f663c0c6000 nmethod 853 0x00007f6624f0b410 code [0x00007f6624f0b640, 0x00007f6624f0bd50]
Event: 0.487 Thread 0x00007f663c0c6000  855       3       java.lang.invoke.MethodHandles$Lookup::checkSymbolicClass (24 bytes)
Event: 0.487 Thread 0x00007f663c0c6000 nmethod 855 0x00007f6624f0bf90 code [0x00007f6624f0c260, 0x00007f6624f0ce10]
Event: 0.487 Thread 0x00007f663c0c6000  856       3       java.lang.invoke.LambdaFormBuffer::changeName (149 bytes)
Event: 0.487 Thread 0x00007f663c0c6000 nmethod 856 0x00007f6624f0d290 code [0x00007f6624f0d480, 0x00007f6624f0d9e0]
Event: 0.488 Thread 0x00007f663c0c6000  858       3       sun.invoke.util.BytecodeDescriptor::unparse (37 bytes)
Event: 0.488 Thread 0x00007f663c0c6000 nmethod 858 0x00007f6624f0db90 code [0x00007f6624f0ddc0, 0x00007f6624f0e4b0]
Event: 0.488 Thread 0x00007f663c0c6000  859   !   3       java.util.ImmutableCollections$ListItr::next (34 bytes)
Event: 0.488 Thread 0x00007f663c0c6000 nmethod 859 0x00007f6624f0e710 code [0x00007f6624f0e8e0, 0x00007f6624f0eb70]
Event: 0.488 Thread 0x00007f663c0c4000 nmethod 852 0x00007f662c2fa890 code [0x00007f662c2faa40, 0x00007f662c2fad18]
Event: 0.488 Thread 0x00007f663c0c6000  860       1       org.antlr.v4.runtime.tree.AbstractParseTreeVisitor::shouldVisitNextChild (2 bytes)
Event: 0.488 Thread 0x00007f663c0c6000 nmethod 860 0x00007f662c2faf90 code [0x00007f662c2fb140, 0x00007f662c2fb210]

GC Heap History (2 events):
Event: 0.282 GC heap before
{Heap before GC invocations=0 (full 0):
 garbage-first heap   total 65536K, used 7880K [0x00000000c3000000, 0x0000000100000000)
  region size 1024K, 7 young (7168K), 0 survivors (0K)
 Metaspace       used 2750K, capacity 6253K, committed 6528K, reserved 1056768K
  class space    used 270K, capacity 618K, committed 640K, reserved 1048576K
}
Event: 0.285 GC heap after
{Heap after GC invocations=1 (full 0):
 garbage-first heap   total 65536K, used 2196K [0x00000000c3000000, 0x0000000100000000)
  region size 1024K, 1 young (1024K), 1 survivors (1024K)
 Metaspace       used 2750K, capacity 6253K, committed 6528K, reserved 1056768K
  class space    used 270K, capacity 618K, committed 640K, reserved 1048576K
}

Deoptimization events (20 events):
Event: 0.288 Thread 0x00007f663c017000 Uncommon trap: trap_request=0xffffffbe fr.pc=0x00007f662c2ca90c relative=0x00000000000003cc
Event: 0.288 Thread 0x00007f663c017000 Uncommon trap: reason=profile_predicate action=maybe_recompile pc=0x00007f662c2ca90c method=java.lang.StringLatin1.indexOf([BI[BII)I @ 18 c2
Event: 0.288 Thread 0x00007f663c017000 DEOPT PACKING pc=0x00007f662c2ca90c sp=0x00007f6645e373f0
Event: 0.288 Thread 0x00007f663c017000 DEOPT UNPACKING pc=0x00007f662483eea5 sp=0x00007f6645e37370 mode 2
Event: 0.288 Thread 0x00007f663c017000 Uncommon trap: trap_request=0xffffffbe fr.pc=0x00007f662c2ca90c relative=0x00000000000003cc
Event: 0.288 Thread 0x00007f663c017000 Uncommon trap: reason=profile_predicate action=maybe_recompile pc=0x00007f662c2ca90c method=java.lang.StringLatin1.indexOf([BI[BII)I @ 18 c2
Event: 0.288 Thread 0x00007f663c017000 DEOPT PACKING pc=0x00007f662c2ca90c sp=0x00007f6645e37320
Event: 0.288 Thread 0x00007f663c017000 DEOPT UNPACKING pc=0x00007f662483eea5 sp=0x00007f6645e372a0 mode 2
Event: 0.288 Thread 0x00007f663c017000 Uncommon trap: trap_request=0xffffffbe fr.pc=0x00007f662c2ca90c relative=0x00000000000003cc
Event: 0.288 Thread 0x00007f663c017000 Uncommon trap: reason=profile_predicate action=maybe_recompile pc=0x00007f662c2ca90c method=java.lang.StringLatin1.indexOf([BI[BII)I @ 18 c2
Event: 0.288 Thread 0x00007f663c017000 DEOPT PACKING pc=0x00007f662c2ca90c sp=0x00007f6645e37320
Event: 0.288 Thread 0x00007f663c017000 DEOPT UNPACKING pc=0x00007f662483eea5 sp=0x00007f6645e372a0 mode 2
Event: 0.288 Thread 0x00007f663c017000 Uncommon trap: trap_request=0xffffffbe fr.pc=0x00007f662c2ca90c relative=0x00000000000003cc
Event: 0.288 Thread 0x00007f663c017000 Uncommon trap: reason=profile_predicate action=maybe_recompile pc=0x00007f662c2ca90c method=java.lang.StringLatin1.indexOf([BI[BII)I @ 18 c2
Event: 0.288 Thread 0x00007f663c017000 DEOPT PACKING pc=0x00007f662c2ca90c sp=0x00007f6645e37320
Event: 0.288 Thread 0x00007f663c017000 DEOPT UNPACKING pc=0x00007f662483eea5 sp=0x00007f6645e372a0 mode 2
Event: 0.335 Thread 0x00007f663c017000 DEOPT PACKING pc=0x00007f6624e5ce42 sp=0x00007f6645e37670
Event: 0.335 Thread 0x00007f663c017000 DEOPT UNPACKING pc=0x00007f662483f64a sp=0x00007f6645e36af8 mode 0
Event: 0.389 Thread 0x00007f663c017000 DEOPT PACKING pc=0x00007f6624dca74f sp=0x00007f6645e37670
Event: 0.389 Thread 0x00007f663c017000 DEOPT UNPACKING pc=0x00007f662483f64a sp=0x00007f6645e36b18 mode 0

Classes redefined (0 events):
No events

Internal exceptions (20 events):
Event: 0.263 Thread 0x00007f663c017000 Exception <a 'java/security/PrivilegedActionException'{0x00000000c68c2cc0}> (0x00000000c68c2cc0) thrown at [src/hotspot/share/prims/jvm.cpp, line 1306]
Event: 0.263 Thread 0x00007f663c017000 Exception <a 'java/security/PrivilegedActionException'{0x00000000c68c2f90}> (0x00000000c68c2f90) thrown at [src/hotspot/share/prims/jvm.cpp, line 1306]
Event: 0.263 Thread 0x00007f663c017000 Exception <a 'java/security/PrivilegedActionException'{0x00000000c68c3900}> (0x00000000c68c3900) thrown at [src/hotspot/share/prims/jvm.cpp, line 1306]
Event: 0.263 Thread 0x00007f663c017000 Exception <a 'java/security/PrivilegedActionException'{0x00000000c68c3bd0}> (0x00000000c68c3bd0) thrown at [src/hotspot/share/prims/jvm.cpp, line 1306]
Event: 0.263 Thread 0x00007f663c017000 Exception <a 'java/security/PrivilegedActionException'{0x00000000c68c4558}> (0x00000000c68c4558) thrown at [src/hotspot/share/prims/jvm.cpp, line 1306]
Event: 0.263 Thread 0x00007f663c017000 Exception <a 'java/security/PrivilegedActionException'{0x00000000c68c4828}> (0x00000000c68c4828) thrown at [src/hotspot/share/prims/jvm.cpp, line 1306]
Event: 0.263 Thread 0x00007f663c017000 Exception <a 'java/security/PrivilegedActionException'{0x00000000c68c51b0}> (0x00000000c68c51b0) thrown at [src/hotspot/share/prims/jvm.cpp, line 1306]
Event: 0.263 Thread 0x00007f663c017000 Exception <a 'java/security/PrivilegedActionException'{0x00000000c68c5480}> (0x00000000c68c5480) thrown at [src/hotspot/share/prims/jvm.cpp, line 1306]
Event: 0.263 Thread 0x00007f663c017000 Exception <a 'java/security/PrivilegedActionException'{0x00000000c68c5e08}> (0x00000000c68c5e08) thrown at [src/hotspot/share/prims/jvm.cpp, line 1306]
Event: 0.263 Thread 0x00007f663c017000 Exception <a 'java/security/PrivilegedActionException'{0x00000000c68c60d8}> (0x00000000c68c60d8) thrown at [src/hotspot/share/prims/jvm.cpp, line 1306]
Event: 0.263 Thread 0x00007f663c017000 Exception <a 'java/security/PrivilegedActionException'{0x00000000c68c6a48}> (0x00000000c68c6a48) thrown at [src/hotspot/share/prims/jvm.cpp, line 1306]
Event: 0.263 Thread 0x00007f663c017000 Exception <a 'java/security/PrivilegedActionException'{0x00000000c68c6d18}> (0x00000000c68c6d18) thrown at [src/hotspot/share/prims/jvm.cpp, line 1306]
Event: 0.263 Thread 0x00007f663c017000 Exception <a 'java/security/PrivilegedActionException'{0x00000000c68c76a0}> (0x00000000c68c76a0) thrown at [src/hotspot/share/prims/jvm.cpp, line 1306]
Event: 0.263 Thread 0x00007f663c017000 Exception <a 'java/security/PrivilegedActionException'{0x00000000c68c7970}> (0x00000000c68c7970) thrown at [src/hotspot/share/prims/jvm.cpp, line 1306]
Event: 0.264 Thread 0x00007f663c017000 Exception <a 'java/security/PrivilegedActionException'{0x00000000c68d5720}> (0x00000000c68d5720) thrown at [src/hotspot/share/prims/jvm.cpp, line 1306]
Event: 0.264 Thread 0x00007f663c017000 Exception <a 'java/security/PrivilegedActionException'{0x00000000c68d59f0}> (0x00000000c68d59f0) thrown at [src/hotspot/share/prims/jvm.cpp, line 1306]
Event: 0.279 Thread 0x00007f663c017000 Exception <a 'java/lang/NoSuchMethodError'{0x00000000c67de870}: 'int java.lang.invoke.DirectMethodHandle$Holder.invokeStaticInit(java.lang.Object, java.lang.Object, java.lang.Object, java.lang.Object)'> (0x00000000c67de870) thrown at [src/hotspot/share/interpreter/linkResolver.cpp, line 773]
Event: 0.280 Thread 0x00007f663c017000 Exception <a 'java/lang/IncompatibleClassChangeError'{0x00000000c67e8250}: Found class java.lang.Object, but interface was expected> (0x00000000c67e8250) thrown at [src/hotspot/share/interpreter/linkResolver.cpp, line 839]
Event: 0.280 Thread 0x00007f663c017000 Exception <a 'java/lang/NoSuchMethodError'{0x00000000c67eb4a0}: 'void java.lang.invoke.DirectMethodHandle$Holder.invokeStaticInit(java.lang.Object, java.lang.Object)'> (0x00000000c67eb4a0) thrown at [src/hotspot/share/interpreter/linkResolver.cpp, line 773]
Event: 0.281 Thread 0x00007f663c017000 Exception <a 'java/lang/NoSuchMethodError'{0x00000000c67f0f38}: 'int java.lang.invoke.DirectMethodHandle$Holder.invokeStaticInit(java.lang.Object, java.lang.Object)'> (0x00000000c67f0f38) thrown at [src/hotspot/share/interpreter/linkResolver.cpp, line 773]

Events (20 events):
Event: 0.468 loading class org/bytedeco/llvm/LLVM/LLVMObjectFileRef
Event: 0.468 loading class org/bytedeco/llvm/LLVM/LLVMObjectFileRef done
Event: 0.469 loading class org/bytedeco/llvm/LLVM/LLVMTargetRef
Event: 0.469 loading class org/bytedeco/llvm/LLVM/LLVMTargetRef done
Event: 0.469 loading class org/bytedeco/llvm/LLVM/LLVMPassManagerBuilderRef
Event: 0.469 loading class org/bytedeco/llvm/LLVM/LLVMPassManagerBuilderRef done
Event: 0.470 loading class org/bytedeco/llvm/LLVM/LLVMPassBuilderOptionsRef
Event: 0.470 loading class org/bytedeco/llvm/LLVM/LLVMPassBuilderOptionsRef done
Event: 0.470 loading class org/bytedeco/llvm/LLVM/Pass
Event: 0.470 loading class org/bytedeco/llvm/LLVM/Pass done
Event: 0.470 loading class org/bytedeco/llvm/LLVM/LLVMNamedMDNodeRef
Event: 0.470 loading class org/bytedeco/llvm/LLVM/LLVMNamedMDNodeRef done
Event: 0.472 loading class org/bytedeco/llvm/LLVM/LLVMUseRef
Event: 0.472 loading class org/bytedeco/llvm/LLVM/LLVMUseRef done
Event: 0.477 loading class org/bytedeco/javacpp/PointerScope
Event: 0.477 loading class org/bytedeco/javacpp/PointerScope done
Event: 0.477 loading class org/bytedeco/javacpp/PointerScope$1
Event: 0.477 loading class org/bytedeco/javacpp/PointerScope$1 done
Event: 0.486 loading class java/lang/invoke/BoundMethodHandle$Species_LLLLLLIIL
Event: 0.486 loading class java/lang/invoke/BoundMethodHandle$Species_LLLLLLIIL done


Dynamic libraries:
c3000000-c6e00000 rw-p 00000000 00:00 0 
c6e00000-ffe00000 ---p 00000000 00:00 0 
ffe00000-ffe47000 rw-p 00b0a000 08:01 926690                             /usr/lib/jvm/java-11-openjdk-amd64/lib/server/classes.jsa
ffe47000-fff00000 rw-p 00000000 00:00 0 
fff00000-fff6b000 rw-p 00a9f000 08:01 926690                             /usr/lib/jvm/java-11-openjdk-amd64/lib/server/classes.jsa
fff6b000-100000000 rw-p 00000000 00:00 0 
800000000-800002000 rwxp 00001000 08:01 926690                           /usr/lib/jvm/java-11-openjdk-amd64/lib/server/classes.jsa
800002000-8003cc000 rw-p 00003000 08:01 926690                           /usr/lib/jvm/java-11-openjdk-amd64/lib/server/classes.jsa
8003cc000-800a9d000 r--p 003cd000 08:01 926690                           /usr/lib/jvm/java-11-openjdk-amd64/lib/server/classes.jsa
800a9d000-800a9e000 rw-p 00a9e000 08:01 926690                           /usr/lib/jvm/java-11-openjdk-amd64/lib/server/classes.jsa
840000000-8400c0000 rw-p 00000000 00:00 0 
8400c0000-880000000 ---p 00000000 00:00 0 
565531ace000-565531acf000 r-xp 00000000 08:01 926076                     /usr/lib/jvm/java-11-openjdk-amd64/bin/java
565531ccf000-565531cd0000 r--p 00001000 08:01 926076                     /usr/lib/jvm/java-11-openjdk-amd64/bin/java
565531cd0000-565531cd1000 rw-p 00002000 08:01 926076                     /usr/lib/jvm/java-11-openjdk-amd64/bin/java
565533397000-5655333b8000 rw-p 00000000 00:00 0                          [heap]
7f65e0dfc000-7f65e0e61000 r--p 00000000 08:01 6297977                    /home/syd/.javacpp/cache/llvm-13.0.1-1.5.7-linux-x86_64.jar/org/bytedeco/llvm/linux-x86_64/libjniLLVM.so
7f65e0e61000-7f65e0ecf000 r-xp 00065000 08:01 6297977                    /home/syd/.javacpp/cache/llvm-13.0.1-1.5.7-linux-x86_64.jar/org/bytedeco/llvm/linux-x86_64/libjniLLVM.so
7f65e0ecf000-7f65e0efa000 r--p 000d3000 08:01 6297977                    /home/syd/.javacpp/cache/llvm-13.0.1-1.5.7-linux-x86_64.jar/org/bytedeco/llvm/linux-x86_64/libjniLLVM.so
7f65e0efa000-7f65e0efd000 r--p 000fd000 08:01 6297977                    /home/syd/.javacpp/cache/llvm-13.0.1-1.5.7-linux-x86_64.jar/org/bytedeco/llvm/linux-x86_64/libjniLLVM.so
7f65e0efd000-7f65e0f00000 rw-p 00100000 08:01 6297977                    /home/syd/.javacpp/cache/llvm-13.0.1-1.5.7-linux-x86_64.jar/org/bytedeco/llvm/linux-x86_64/libjniLLVM.so
7f65e0f00000-7f65e0f02000 rw-p 00000000 00:00 0 
7f65e0f02000-7f65e1828000 r--p 00000000 08:01 6297972                    /home/syd/.javacpp/cache/llvm-13.0.1-1.5.7-linux-x86_64.jar/org/bytedeco/llvm/linux-x86_64/libLLVM-13.so
7f65e1828000-7f65e51eb000 r-xp 00926000 08:01 6297972                    /home/syd/.javacpp/cache/llvm-13.0.1-1.5.7-linux-x86_64.jar/org/bytedeco/llvm/linux-x86_64/libLLVM-13.so
7f65e51eb000-7f65e7440000 r--p 042e9000 08:01 6297972                    /home/syd/.javacpp/cache/llvm-13.0.1-1.5.7-linux-x86_64.jar/org/bytedeco/llvm/linux-x86_64/libLLVM-13.so
7f65e7440000-7f65e7955000 r--p 0653d000 08:01 6297972                    /home/syd/.javacpp/cache/llvm-13.0.1-1.5.7-linux-x86_64.jar/org/bytedeco/llvm/linux-x86_64/libLLVM-13.so
7f65e7955000-7f65e7960000 rw-p 06a52000 08:01 6297972                    /home/syd/.javacpp/cache/llvm-13.0.1-1.5.7-linux-x86_64.jar/org/bytedeco/llvm/linux-x86_64/libLLVM-13.so
7f65e7960000-7f65e79d6000 rw-p 00000000 00:00 0 
7f65e79d6000-7f65e79da000 ---p 00000000 00:00 0 
7f65e79da000-7f65e7ad7000 rw-p 00000000 00:00 0 
7f65e7ad7000-7f65e7ad8000 ---p 00000000 00:00 0 
7f65e7ad8000-7f65e7bd9000 rw-p 00000000 00:00 0 
7f65e7bd9000-7f65e7bee000 r-xp 00000000 08:01 926225                     /usr/lib/jvm/java-11-openjdk-amd64/lib/libnet.so
7f65e7bee000-7f65e7ded000 ---p 00015000 08:01 926225                     /usr/lib/jvm/java-11-openjdk-amd64/lib/libnet.so
7f65e7ded000-7f65e7dee000 r--p 00014000 08:01 926225                     /usr/lib/jvm/java-11-openjdk-amd64/lib/libnet.so
7f65e7dee000-7f65e7def000 rw-p 00015000 08:01 926225                     /usr/lib/jvm/java-11-openjdk-amd64/lib/libnet.so
7f65e7def000-7f65e7dff000 r-xp 00000000 08:01 926226                     /usr/lib/jvm/java-11-openjdk-amd64/lib/libnio.so
7f65e7dff000-7f65e7ffe000 ---p 00010000 08:01 926226                     /usr/lib/jvm/java-11-openjdk-amd64/lib/libnio.so
7f65e7ffe000-7f65e7fff000 r--p 0000f000 08:01 926226                     /usr/lib/jvm/java-11-openjdk-amd64/lib/libnio.so
7f65e7fff000-7f65e8000000 rw-p 00010000 08:01 926226                     /usr/lib/jvm/java-11-openjdk-amd64/lib/libnio.so
7f65e8000000-7f65e8021000 rw-p 00000000 00:00 0 
7f65e8021000-7f65ec000000 ---p 00000000 00:00 0 
7f65ec000000-7f65ec021000 rw-p 00000000 00:00 0 
7f65ec021000-7f65f0000000 ---p 00000000 00:00 0 
7f65f0000000-7f65f0317000 rw-p 00000000 00:00 0 
7f65f0317000-7f65f4000000 ---p 00000000 00:00 0 
7f65f4000000-7f65f44ab000 rw-p 00000000 00:00 0 
7f65f44ab000-7f65f8000000 ---p 00000000 00:00 0 
7f65f8000000-7f65f8021000 rw-p 00000000 00:00 0 
7f65f8021000-7f65fc000000 ---p 00000000 00:00 0 
7f65fc000000-7f65fc021000 rw-p 00000000 00:00 0 
7f65fc021000-7f6600000000 ---p 00000000 00:00 0 
7f6600000000-7f6600021000 rw-p 00000000 00:00 0 
7f6600021000-7f6604000000 ---p 00000000 00:00 0 
7f6604000000-7f6604021000 rw-p 00000000 00:00 0 
7f6604021000-7f6608000000 ---p 00000000 00:00 0 
7f6608000000-7f6608021000 rw-p 00000000 00:00 0 
7f6608021000-7f660c000000 ---p 00000000 00:00 0 
7f660c000000-7f660c021000 rw-p 00000000 00:00 0 
7f660c021000-7f6610000000 ---p 00000000 00:00 0 
7f6610000000-7f6610021000 rw-p 00000000 00:00 0 
7f6610021000-7f6614000000 ---p 00000000 00:00 0 
7f6614000000-7f6614021000 rw-p 00000000 00:00 0 
7f6614021000-7f6618000000 ---p 00000000 00:00 0 
7f6618000000-7f6618021000 rw-p 00000000 00:00 0 
7f6618021000-7f661c000000 ---p 00000000 00:00 0 
7f661c027000-7f661c02b000 ---p 00000000 00:00 0 
7f661c02b000-7f661c128000 rw-p 00000000 00:00 0 
7f661c128000-7f661c129000 ---p 00000000 00:00 0 
7f661c129000-7f661c22a000 rw-p 00000000 00:00 0 
7f661c22a000-7f661c22e000 ---p 00000000 00:00 0 
7f661c22e000-7f661c32b000 rw-p 00000000 00:00 0 
7f661c32b000-7f661c32f000 ---p 00000000 00:00 0 
7f661c32f000-7f661c42c000 rw-p 00000000 00:00 0 
7f661c42c000-7f661c8c0000 r--p 00000000 08:01 666827                     /usr/lib/locale/locale-archive
7f661c8c0000-7f661cec0000 rw-p 00000000 00:00 0 
7f661cec0000-7f661d0c0000 ---p 00000000 00:00 0 
7f661d0c0000-7f661f1b8000 rw-p 00000000 00:00 0 
7f661f1b8000-7f661fff8000 ---p 00000000 00:00 0 
7f661fff8000-7f6620000000 rw-p 00000000 00:00 0 
7f6620000000-7f6620021000 rw-p 00000000 00:00 0 
7f6620021000-7f6624000000 ---p 00000000 00:00 0 
7f66240d9000-7f66240e0000 r--p 00000000 08:01 6297973                    /home/syd/.javacpp/cache/llvm-13.0.1-1.5.7-linux-x86_64.jar/org/bytedeco/llvm/linux-x86_64/libLTO.so.13
7f66240e0000-7f66240e8000 r-xp 00007000 08:01 6297973                    /home/syd/.javacpp/cache/llvm-13.0.1-1.5.7-linux-x86_64.jar/org/bytedeco/llvm/linux-x86_64/libLTO.so.13
7f66240e8000-7f66240ea000 r--p 0000f000 08:01 6297973                    /home/syd/.javacpp/cache/llvm-13.0.1-1.5.7-linux-x86_64.jar/org/bytedeco/llvm/linux-x86_64/libLTO.so.13
7f66240ea000-7f66240eb000 r--p 00010000 08:01 6297973                    /home/syd/.javacpp/cache/llvm-13.0.1-1.5.7-linux-x86_64.jar/org/bytedeco/llvm/linux-x86_64/libLTO.so.13
7f66240eb000-7f66240ec000 rw-p 00011000 08:01 6297973                    /home/syd/.javacpp/cache/llvm-13.0.1-1.5.7-linux-x86_64.jar/org/bytedeco/llvm/linux-x86_64/libLTO.so.13
7f66240ec000-7f66240f0000 ---p 00000000 00:00 0 
7f66240f0000-7f66241ed000 rw-p 00000000 00:00 0 
7f66241ed000-7f66241f1000 ---p 00000000 00:00 0 
7f66241f1000-7f66242ee000 rw-p 00000000 00:00 0 
7f66242ee000-7f66242f2000 ---p 00000000 00:00 0 
7f66242f2000-7f66243ef000 rw-p 00000000 00:00 0 
7f66243ef000-7f66243f3000 ---p 00000000 00:00 0 
7f66243f3000-7f66244f0000 rw-p 00000000 00:00 0 
7f66244f0000-7f66244f4000 ---p 00000000 00:00 0 
7f66244f4000-7f66245f1000 rw-p 00000000 00:00 0 
7f66245f1000-7f66245f2000 ---p 00000000 00:00 0 
7f66245f2000-7f66246f3000 rw-p 00000000 00:00 0 
7f66246f3000-7f66246f4000 ---p 00000000 00:00 0 
7f66246f4000-7f66247f5000 rw-p 00000000 00:00 0 
7f66247f5000-7f6624a65000 rwxp 00000000 00:00 0 
7f6624a65000-7f6624d84000 ---p 00000000 00:00 0 
7f6624d84000-7f6624ff4000 rwxp 00000000 00:00 0 
7f6624ff4000-7f662c2bc000 ---p 00000000 00:00 0 
7f662c2bc000-7f662c52c000 rwxp 00000000 00:00 0 
7f662c52c000-7f66337f5000 ---p 00000000 00:00 0 
7f66337f5000-7f663c000000 r--s 00000000 08:01 926235                     /usr/lib/jvm/java-11-openjdk-amd64/lib/modules
7f663c000000-7f663c31f000 rw-p 00000000 00:00 0 
7f663c31f000-7f6640000000 ---p 00000000 00:00 0 
7f6640004000-7f66400e0000 rw-p 00000000 00:00 0 
7f66400e0000-7f66400e1000 ---p 00000000 00:00 0 
7f66400e1000-7f66403e4000 rw-p 00000000 00:00 0 
7f66403e4000-7f66403e5000 ---p 00000000 00:00 0 
7f66403e5000-7f66404e6000 rw-p 00000000 00:00 0 
7f66404e6000-7f66404e7000 ---p 00000000 00:00 0 
7f66404e7000-7f66406e0000 rw-p 00000000 00:00 0 
7f66406e0000-7f6641520000 ---p 00000000 00:00 0 
7f6641520000-7f6641547000 rw-p 00000000 00:00 0 
7f6641547000-7f664170f000 ---p 00000000 00:00 0 
7f664170f000-7f664172f000 rw-p 00000000 00:00 0 
7f664172f000-7f66418f7000 ---p 00000000 00:00 0 
7f66418f7000-7f6641917000 rw-p 00000000 00:00 0 
7f6641917000-7f6641adf000 ---p 00000000 00:00 0 
7f6641adf000-7f6641ce2000 rw-p 00000000 00:00 0 
7f6641ce2000-7f6641ce3000 ---p 00000000 00:00 0 
7f6641ce3000-7f6641de9000 rw-p 00000000 00:00 0 
7f6641de9000-7f6641ecf000 ---p 00000000 00:00 0 
7f6641ecf000-7f6641ed4000 rw-p 00000000 00:00 0 
7f6641ed4000-7f6641fba000 ---p 00000000 00:00 0 
7f6641fba000-7f6641fc1000 r-xp 00000000 08:01 926234                     /usr/lib/jvm/java-11-openjdk-amd64/lib/libzip.so
7f6641fc1000-7f66421c1000 ---p 00007000 08:01 926234                     /usr/lib/jvm/java-11-openjdk-amd64/lib/libzip.so
7f66421c1000-7f66421c2000 r--p 00007000 08:01 926234                     /usr/lib/jvm/java-11-openjdk-amd64/lib/libzip.so
7f66421c2000-7f66421c3000 rw-p 00008000 08:01 926234                     /usr/lib/jvm/java-11-openjdk-amd64/lib/libzip.so
7f66421c3000-7f66421ce000 r-xp 00000000 08:01 1709194                    /lib/x86_64-linux-gnu/libnss_files-2.27.so
7f66421ce000-7f66423cd000 ---p 0000b000 08:01 1709194                    /lib/x86_64-linux-gnu/libnss_files-2.27.so
7f66423cd000-7f66423ce000 r--p 0000a000 08:01 1709194                    /lib/x86_64-linux-gnu/libnss_files-2.27.so
7f66423ce000-7f66423cf000 rw-p 0000b000 08:01 1709194                    /lib/x86_64-linux-gnu/libnss_files-2.27.so
7f66423cf000-7f66423d5000 rw-p 00000000 00:00 0 
7f66423d5000-7f66423ec000 r-xp 00000000 08:01 1709191                    /lib/x86_64-linux-gnu/libnsl-2.27.so
7f66423ec000-7f66425eb000 ---p 00017000 08:01 1709191                    /lib/x86_64-linux-gnu/libnsl-2.27.so
7f66425eb000-7f66425ec000 r--p 00016000 08:01 1709191                    /lib/x86_64-linux-gnu/libnsl-2.27.so
7f66425ec000-7f66425ed000 rw-p 00017000 08:01 1709191                    /lib/x86_64-linux-gnu/libnsl-2.27.so
7f66425ed000-7f66425ef000 rw-p 00000000 00:00 0 
7f66425ef000-7f66425fa000 r-xp 00000000 08:01 1709196                    /lib/x86_64-linux-gnu/libnss_nis-2.27.so
7f66425fa000-7f66427f9000 ---p 0000b000 08:01 1709196                    /lib/x86_64-linux-gnu/libnss_nis-2.27.so
7f66427f9000-7f66427fa000 r--p 0000a000 08:01 1709196                    /lib/x86_64-linux-gnu/libnss_nis-2.27.so
7f66427fa000-7f66427fb000 rw-p 0000b000 08:01 1709196                    /lib/x86_64-linux-gnu/libnss_nis-2.27.so
7f66427fb000-7f6642803000 r-xp 00000000 08:01 1709192                    /lib/x86_64-linux-gnu/libnss_compat-2.27.so
7f6642803000-7f6642a03000 ---p 00008000 08:01 1709192                    /lib/x86_64-linux-gnu/libnss_compat-2.27.so
7f6642a03000-7f6642a04000 r--p 00008000 08:01 1709192                    /lib/x86_64-linux-gnu/libnss_compat-2.27.so
7f6642a04000-7f6642a05000 rw-p 00009000 08:01 1709192                    /lib/x86_64-linux-gnu/libnss_compat-2.27.so
7f6642a05000-7f6642a0a000 r-xp 00000000 08:01 926217                     /usr/lib/jvm/java-11-openjdk-amd64/lib/libjimage.so
7f6642a0a000-7f6642c09000 ---p 00005000 08:01 926217                     /usr/lib/jvm/java-11-openjdk-amd64/lib/libjimage.so
7f6642c09000-7f6642c0a000 r--p 00004000 08:01 926217                     /usr/lib/jvm/java-11-openjdk-amd64/lib/libjimage.so
7f6642c0a000-7f6642c0b000 rw-p 00005000 08:01 926217                     /usr/lib/jvm/java-11-openjdk-amd64/lib/libjimage.so
7f6642c0b000-7f6642c34000 r-xp 00000000 08:01 926214                     /usr/lib/jvm/java-11-openjdk-amd64/lib/libjava.so
7f6642c34000-7f6642e33000 ---p 00029000 08:01 926214                     /usr/lib/jvm/java-11-openjdk-amd64/lib/libjava.so
7f6642e33000-7f6642e34000 r--p 00028000 08:01 926214                     /usr/lib/jvm/java-11-openjdk-amd64/lib/libjava.so
7f6642e34000-7f6642e35000 rw-p 00029000 08:01 926214                     /usr/lib/jvm/java-11-openjdk-amd64/lib/libjava.so
7f6642e35000-7f6642e36000 rw-p 00000000 00:00 0 
7f6642e36000-7f6642e43000 r-xp 00000000 08:01 926233                     /usr/lib/jvm/java-11-openjdk-amd64/lib/libverify.so
7f6642e43000-7f6643042000 ---p 0000d000 08:01 926233                     /usr/lib/jvm/java-11-openjdk-amd64/lib/libverify.so
7f6643042000-7f6643044000 r--p 0000c000 08:01 926233                     /usr/lib/jvm/java-11-openjdk-amd64/lib/libverify.so
7f6643044000-7f6643045000 rw-p 0000e000 08:01 926233                     /usr/lib/jvm/java-11-openjdk-amd64/lib/libverify.so
7f6643045000-7f664304c000 r-xp 00000000 08:01 1709201                    /lib/x86_64-linux-gnu/librt-2.27.so
7f664304c000-7f664324b000 ---p 00007000 08:01 1709201                    /lib/x86_64-linux-gnu/librt-2.27.so
7f664324b000-7f664324c000 r--p 00006000 08:01 1709201                    /lib/x86_64-linux-gnu/librt-2.27.so
7f664324c000-7f664324d000 rw-p 00007000 08:01 1709201                    /lib/x86_64-linux-gnu/librt-2.27.so
7f664324d000-7f6643264000 r-xp 00000000 08:01 1709327                    /lib/x86_64-linux-gnu/libgcc_s.so.1
7f6643264000-7f6643463000 ---p 00017000 08:01 1709327                    /lib/x86_64-linux-gnu/libgcc_s.so.1
7f6643463000-7f6643464000 r--p 00016000 08:01 1709327                    /lib/x86_64-linux-gnu/libgcc_s.so.1
7f6643464000-7f6643465000 rw-p 00017000 08:01 1709327                    /lib/x86_64-linux-gnu/libgcc_s.so.1
7f6643465000-7f6643602000 r-xp 00000000 08:01 1709188                    /lib/x86_64-linux-gnu/libm-2.27.so
7f6643602000-7f6643801000 ---p 0019d000 08:01 1709188                    /lib/x86_64-linux-gnu/libm-2.27.so
7f6643801000-7f6643802000 r--p 0019c000 08:01 1709188                    /lib/x86_64-linux-gnu/libm-2.27.so
7f6643802000-7f6643803000 rw-p 0019d000 08:01 1709188                    /lib/x86_64-linux-gnu/libm-2.27.so
7f6643803000-7f664397c000 r-xp 00000000 08:01 664741                     /usr/lib/x86_64-linux-gnu/libstdc++.so.6.0.25
7f664397c000-7f6643b7c000 ---p 00179000 08:01 664741                     /usr/lib/x86_64-linux-gnu/libstdc++.so.6.0.25
7f6643b7c000-7f6643b86000 r--p 00179000 08:01 664741                     /usr/lib/x86_64-linux-gnu/libstdc++.so.6.0.25
7f6643b86000-7f6643b88000 rw-p 00183000 08:01 664741                     /usr/lib/x86_64-linux-gnu/libstdc++.so.6.0.25
7f6643b88000-7f6643b8c000 rw-p 00000000 00:00 0 
7f6643b8c000-7f6644c93000 r-xp 00000000 08:01 926240                     /usr/lib/jvm/java-11-openjdk-amd64/lib/server/libjvm.so
7f6644c93000-7f6644e93000 ---p 01107000 08:01 926240                     /usr/lib/jvm/java-11-openjdk-amd64/lib/server/libjvm.so
7f6644e93000-7f6644f57000 r--p 01107000 08:01 926240                     /usr/lib/jvm/java-11-openjdk-amd64/lib/server/libjvm.so
7f6644f57000-7f6644f92000 rw-p 011cb000 08:01 926240                     /usr/lib/jvm/java-11-openjdk-amd64/lib/server/libjvm.so
7f6644f92000-7f6644fe9000 rw-p 00000000 00:00 0 
7f6644fe9000-7f6645003000 r-xp 00000000 08:01 1709199                    /lib/x86_64-linux-gnu/libpthread-2.27.so
7f6645003000-7f6645202000 ---p 0001a000 08:01 1709199                    /lib/x86_64-linux-gnu/libpthread-2.27.so
7f6645202000-7f6645203000 r--p 00019000 08:01 1709199                    /lib/x86_64-linux-gnu/libpthread-2.27.so
7f6645203000-7f6645204000 rw-p 0001a000 08:01 1709199                    /lib/x86_64-linux-gnu/libpthread-2.27.so
7f6645204000-7f6645208000 rw-p 00000000 00:00 0 
7f6645208000-7f664520b000 r-xp 00000000 08:01 1709187                    /lib/x86_64-linux-gnu/libdl-2.27.so
7f664520b000-7f664540a000 ---p 00003000 08:01 1709187                    /lib/x86_64-linux-gnu/libdl-2.27.so
7f664540a000-7f664540b000 r--p 00002000 08:01 1709187                    /lib/x86_64-linux-gnu/libdl-2.27.so
7f664540b000-7f664540c000 rw-p 00003000 08:01 1709187                    /lib/x86_64-linux-gnu/libdl-2.27.so
7f664540c000-7f6645428000 r-xp 00000000 08:01 1704012                    /lib/x86_64-linux-gnu/libz.so.1.2.11
7f6645428000-7f6645627000 ---p 0001c000 08:01 1704012                    /lib/x86_64-linux-gnu/libz.so.1.2.11
7f6645627000-7f6645628000 r--p 0001b000 08:01 1704012                    /lib/x86_64-linux-gnu/libz.so.1.2.11
7f6645628000-7f6645629000 rw-p 0001c000 08:01 1704012                    /lib/x86_64-linux-gnu/libz.so.1.2.11
7f6645629000-7f6645810000 r-xp 00000000 08:01 1709184                    /lib/x86_64-linux-gnu/libc-2.27.so
7f6645810000-7f6645a10000 ---p 001e7000 08:01 1709184                    /lib/x86_64-linux-gnu/libc-2.27.so
7f6645a10000-7f6645a14000 r--p 001e7000 08:01 1709184                    /lib/x86_64-linux-gnu/libc-2.27.so
7f6645a14000-7f6645a16000 rw-p 001eb000 08:01 1709184                    /lib/x86_64-linux-gnu/libc-2.27.so
7f6645a16000-7f6645a1a000 rw-p 00000000 00:00 0 
7f6645a1a000-7f6645a29000 r-xp 00000000 08:01 926199                     /usr/lib/jvm/java-11-openjdk-amd64/lib/jli/libjli.so
7f6645a29000-7f6645c28000 ---p 0000f000 08:01 926199                     /usr/lib/jvm/java-11-openjdk-amd64/lib/jli/libjli.so
7f6645c28000-7f6645c29000 r--p 0000e000 08:01 926199                     /usr/lib/jvm/java-11-openjdk-amd64/lib/jli/libjli.so
7f6645c29000-7f6645c2a000 rw-p 0000f000 08:01 926199                     /usr/lib/jvm/java-11-openjdk-amd64/lib/jli/libjli.so
7f6645c2a000-7f6645c53000 r-xp 00000000 08:01 1703942                    /lib/x86_64-linux-gnu/ld-2.27.so
7f6645c59000-7f6645c60000 r--s 00000000 08:01 920620                     /usr/lib/x86_64-linux-gnu/gconv/gconv-modules.cache
7f6645c60000-7f6645c64000 r--p 00000000 08:01 6297966                    /home/syd/.javacpp/cache/javacpp-1.5.7-linux-x86_64.jar/org/bytedeco/javacpp/linux-x86_64/libjnijavacpp.so
7f6645c64000-7f6645c6b000 r-xp 00004000 08:01 6297966                    /home/syd/.javacpp/cache/javacpp-1.5.7-linux-x86_64.jar/org/bytedeco/javacpp/linux-x86_64/libjnijavacpp.so
7f6645c6b000-7f6645c6f000 r--p 0000b000 08:01 6297966                    /home/syd/.javacpp/cache/javacpp-1.5.7-linux-x86_64.jar/org/bytedeco/javacpp/linux-x86_64/libjnijavacpp.so
7f6645c6f000-7f6645c70000 r--p 0000e000 08:01 6297966                    /home/syd/.javacpp/cache/javacpp-1.5.7-linux-x86_64.jar/org/bytedeco/javacpp/linux-x86_64/libjnijavacpp.so
7f6645c70000-7f6645c71000 rw-p 0000f000 08:01 6297966                    /home/syd/.javacpp/cache/javacpp-1.5.7-linux-x86_64.jar/org/bytedeco/javacpp/linux-x86_64/libjnijavacpp.so
7f6645c71000-7f6645d32000 rw-p 00000000 00:00 0 
7f6645d32000-7f6645d39000 ---p 00000000 00:00 0 
7f6645d39000-7f6645d3d000 ---p 00000000 00:00 0 
7f6645d3d000-7f6645e3c000 rw-p 00000000 00:00 0 
7f6645e42000-7f6645e43000 r--p 00000000 08:01 6297975                    /home/syd/.javacpp/cache/llvm-13.0.1-1.5.7-linux-x86_64.jar/org/bytedeco/llvm/linux-x86_64/libRemarks.so.13
7f6645e43000-7f6645e44000 r-xp 00001000 08:01 6297975                    /home/syd/.javacpp/cache/llvm-13.0.1-1.5.7-linux-x86_64.jar/org/bytedeco/llvm/linux-x86_64/libRemarks.so.13
7f6645e44000-7f6645e45000 r--p 00002000 08:01 6297975                    /home/syd/.javacpp/cache/llvm-13.0.1-1.5.7-linux-x86_64.jar/org/bytedeco/llvm/linux-x86_64/libRemarks.so.13
7f6645e45000-7f6645e46000 r--p 00002000 08:01 6297975                    /home/syd/.javacpp/cache/llvm-13.0.1-1.5.7-linux-x86_64.jar/org/bytedeco/llvm/linux-x86_64/libRemarks.so.13
7f6645e46000-7f6645e47000 rw-p 00003000 08:01 6297975                    /home/syd/.javacpp/cache/llvm-13.0.1-1.5.7-linux-x86_64.jar/org/bytedeco/llvm/linux-x86_64/libRemarks.so.13
7f6645e47000-7f6645e4f000 rw-s 00000000 08:01 6424125                    /tmp/hsperfdata_syd/15297
7f6645e4f000-7f6645e50000 ---p 00000000 00:00 0 
7f6645e50000-7f6645e51000 r--p 00000000 00:00 0 
7f6645e51000-7f6645e53000 rw-p 00000000 00:00 0 
7f6645e53000-7f6645e54000 r--p 00029000 08:01 1703942                    /lib/x86_64-linux-gnu/ld-2.27.so
7f6645e54000-7f6645e55000 rw-p 0002a000 08:01 1703942                    /lib/x86_64-linux-gnu/ld-2.27.so
7f6645e55000-7f6645e56000 rw-p 00000000 00:00 0 
7fff086a7000-7fff086c9000 rw-p 00000000 00:00 0                          [stack]
7fff08769000-7fff0876c000 r--p 00000000 00:00 0                          [vvar]
7fff0876c000-7fff0876e000 r-xp 00000000 00:00 0                          [vdso]
ffffffffff600000-ffffffffff601000 --xp 00000000 00:00 0                  [vsyscall]


VM Arguments:
java_command: Main /mnt/hgfs/CompilationPrincipleLAB/Lab/src/code.txt /mnt/hgfs/CompilationPrincipleLAB/Lab/src/IRtarget.txt
java_class_path (initial): ./classes:/usr/local/lib/antlr-4.9.1-complete.jar:/usr/local/lib/llvm-13.0.1-1.5.7-linux-x86_64.jar:/usr/local/lib/llvm-platform-13.0.1-1.5.7.jar:/usr/local/lib/llvm-13.0.1-1.5.7.jar:/usr/local/lib/javacpp-1.5.7-linux-x86_64.jar:/usr/local/lib/javacpp-1.5.7.jar
Launcher Type: SUN_STANDARD

[Global flags]
     intx CICompilerCount                          = 2                                         {product} {ergonomic}
     uint ConcGCThreads                            = 1                                         {product} {ergonomic}
     uint G1ConcRefinementThreads                  = 2                                         {product} {ergonomic}
   size_t G1HeapRegionSize                         = 1048576                                   {product} {ergonomic}
    uintx GCDrainStackTargetSize                   = 64                                        {product} {ergonomic}
   size_t InitialHeapSize                          = 65011712                                  {product} {ergonomic}
   size_t MarkStackSize                            = 4194304                                   {product} {ergonomic}
   size_t MaxHeapSize                              = 1023410176                                {product} {ergonomic}
   size_t MaxNewSize                               = 613416960                                 {product} {ergonomic}
   size_t MinHeapDeltaBytes                        = 1048576                                   {product} {ergonomic}
    uintx NonNMethodCodeHeapSize                   = 5825164                                {pd product} {ergonomic}
    uintx NonProfiledCodeHeapSize                  = 122916538                              {pd product} {ergonomic}
    uintx ProfiledCodeHeapSize                     = 122916538                              {pd product} {ergonomic}
    uintx ReservedCodeCacheSize                    = 251658240                              {pd product} {ergonomic}
     bool SegmentedCodeCache                       = true                                      {product} {ergonomic}
     bool UseCompressedClassPointers               = true                                 {lp64_product} {ergonomic}
     bool UseCompressedOops                        = true                                 {lp64_product} {ergonomic}
     bool UseG1GC                                  = true                                      {product} {ergonomic}

Logging:
Log output configuration:
 #0: stdout all=warning uptime,level,tags
 #1: stderr all=off uptime,level,tags

Environment Variables:
CLASSPATH=/usr/local/lib/antlr-4.9.1-complete.jar:/usr/local/lib/llvm-13.0.1-1.5.7-linux-x86_64.jar:/usr/local/lib/llvm-platform-13.0.1-1.5.7.jar:/usr/local/lib/llvm-13.0.1-1.5.7.jar:/usr/local/lib/javacpp-1.5.7-linux-x86_64.jar:/usr/local/lib/javacpp-1.5.7.jar
PATH=/usr/local/sbin:/usr/local/bin:/usr/sbin:/usr/bin:/sbin:/bin:/usr/games:/usr/local/games:/snap/bin
USERNAME=syd
SHELL=/bin/bash
DISPLAY=:0
LANG=zh_CN.UTF-8
LC_NUMERIC=zh_CN.UTF-8
LC_TIME=zh_CN.UTF-8
TERM=xterm-256color

Signal Handlers:
SIGSEGV: [libjvm.so+0xe356a0], sa_mask[0]=11111111011111111101111111111110, sa_flags=SA_RESTART|SA_SIGINFO
SIGBUS: [libjvm.so+0xe356a0], sa_mask[0]=11111111011111111101111111111110, sa_flags=SA_RESTART|SA_SIGINFO
SIGFPE: [libjvm.so+0xe356a0], sa_mask[0]=11111111011111111101111111111110, sa_flags=SA_RESTART|SA_SIGINFO
SIGPIPE: [libjvm.so+0xb89cc0], sa_mask[0]=11111111011111111101111111111110, sa_flags=SA_RESTART|SA_SIGINFO
SIGXFSZ: [libjvm.so+0xb89cc0], sa_mask[0]=11111111011111111101111111111110, sa_flags=SA_RESTART|SA_SIGINFO
SIGILL: [libjvm.so+0xe356a0], sa_mask[0]=11111111011111111101111111111110, sa_flags=SA_RESTART|SA_SIGINFO
SIGUSR2: [libjvm.so+0xb89b50], sa_mask[0]=00000000000000000000000000000000, sa_flags=SA_RESTART|SA_SIGINFO
SIGHUP: [libjvm.so+0xb8a220], sa_mask[0]=11111111011111111101111111111110, sa_flags=SA_RESTART|SA_SIGINFO
SIGINT: [libjvm.so+0xb8a220], sa_mask[0]=11111111011111111101111111111110, sa_flags=SA_RESTART|SA_SIGINFO
SIGTERM: [libjvm.so+0xb8a220], sa_mask[0]=11111111011111111101111111111110, sa_flags=SA_RESTART|SA_SIGINFO
SIGQUIT: [libjvm.so+0xb8a220], sa_mask[0]=11111111011111111101111111111110, sa_flags=SA_RESTART|SA_SIGINFO


---------------  S Y S T E M  ---------------

OS:DISTRIB_ID=Ubuntu
DISTRIB_RELEASE=18.04
DISTRIB_CODENAME=bionic
DISTRIB_DESCRIPTION="Ubuntu 18.04.6 LTS"
uname:Linux 5.4.0-150-generic #167~18.04.1-Ubuntu SMP Wed May 24 00:51:42 UTC 2023 x86_64
OS uptime: 0 days 2:55 hours
libc:glibc 2.27 NPTL 2.27 
rlimit (soft/hard): STACK 8192k/infinity , CORE 0k/infinity , NPROC 15400/15400 , NOFILE 1048576/1048576 , AS infinity/infinity , CPU infinity/infinity , DATA infinity/infinity , FSIZE infinity/infinity , MEMLOCK 65536k/65536k
load average:0.50 0.77 0.62

/proc/meminfo:
MemTotal:        3994712 kB
MemFree:          148864 kB
MemAvailable:     185688 kB
Buffers:            9412 kB
Cached:           211960 kB
SwapCached:        16748 kB
Active:          2438236 kB
Inactive:         673512 kB
Active(anon):    2316544 kB
Inactive(anon):   591616 kB
Active(file):     121692 kB
Inactive(file):    81896 kB
Unevictable:          16 kB
Mlocked:              16 kB
SwapTotal:       2097148 kB
SwapFree:        1702396 kB
Dirty:                44 kB
Writeback:             0 kB
AnonPages:       2880400 kB
Mapped:           129164 kB
Shmem:             17760 kB
KReclaimable:      76192 kB
Slab:             162484 kB
SReclaimable:      76192 kB
SUnreclaim:        86292 kB
KernelStack:       13776 kB
PageTables:        50512 kB
NFS_Unstable:          0 kB
Bounce:                0 kB
WritebackTmp:          0 kB
CommitLimit:     4094504 kB
Committed_AS:    6712568 kB
VmallocTotal:   34359738367 kB
VmallocUsed:       29916 kB
VmallocChunk:          0 kB
Percpu:            50176 kB
HardwareCorrupted:     0 kB
AnonHugePages:         0 kB
ShmemHugePages:        0 kB
ShmemPmdMapped:        0 kB
FileHugePages:         0 kB
FilePmdMapped:         0 kB
CmaTotal:              0 kB
CmaFree:               0 kB
HugePages_Total:       0
HugePages_Free:        0
HugePages_Rsvd:        0
HugePages_Surp:        0
Hugepagesize:       2048 kB
Hugetlb:               0 kB
DirectMap4k:      255808 kB
DirectMap2M:     3938304 kB
DirectMap1G:     2097152 kB

/sys/kernel/mm/transparent_hugepage/enabled:
always [madvise] never
/sys/kernel/mm/transparent_hugepage/defrag (defrag/compaction efforts parameter):
always defer defer+madvise [madvise] never

Process Memory:
Virtual Size: 3713228K (peak: 12418976K)
Resident Set Size: 91332K (peak: 91332K) (anon: 37192K, file: 54140K, shmem: 0K)
Swapped out: 0K
C-Heap outstanding allocations: 15510K, retained: 2373K
glibc malloc tunables: (default)

/proc/sys/kernel/threads-max (system-wide limit on the number of threads):
30800
/proc/sys/vm/max_map_count (maximum number of memory map areas a process may have):
65530
/proc/sys/kernel/pid_max (system-wide limit on number of process identifiers):
131072

container (cgroup) information:
container_type: cgroupv1
cpu_cpuset_cpus: 0-1
cpu_memory_nodes: 0
active_processor_count: 2
cpu_quota: no quota
cpu_period: 100000
cpu_shares: no shares
memory_limit_in_bytes: unlimited
memory_and_swap_limit_in_bytes: not supported
memory_soft_limit_in_bytes: unlimited
memory_usage_in_bytes: 3109184 k
memory_max_usage_in_bytes: 48560 k
kernel_memory_usage_in_bytes: unlimited
kernel_memory_max_usage_in_bytes: unlimited
kernel_memory_limit_in_bytes: unlimited
maximum number of tasks: unlimited
current number of tasks: 228

VMWare virtualization detected
Steal ticks since vm start: 0
Steal ticks percentage since vm start:  0.000

CPU:total 2 (initial active 2) (1 cores per cpu, 1 threads per core) family 6 model 154 stepping 3 microcode 0xffffffff, cmov, cx8, fxsr, mmx, sse, sse2, sse3, ssse3, sse4.1, sse4.2, popcnt, avx, avx2, aes, clmul, erms, 3dnowpref, lzcnt, tsc, tscinvbit, bmi1, bmi2, adx, sha, fma
CPU Model and flags from /proc/cpuinfo:
model name	: 12th Gen Intel(R) Core(TM) i5-12500H
flags		: fpu vme de pse tsc msr pae mce cx8 apic sep mtrr pge mca cmov pat pse36 clflush mmx fxsr sse sse2 ss syscall nx pdpe1gb rdtscp lm constant_tsc arch_perfmon rep_good nopl xtopology tsc_reliable nonstop_tsc cpuid pni pclmulqdq ssse3 fma cx16 pcid sse4_1 sse4_2 x2apic movbe popcnt aes xsave avx f16c rdrand hypervisor lahf_lm abm 3dnowprefetch invpcid_single pti ssbd ibrs ibpb stibp fsgsbase tsc_adjust bmi1 avx2 smep bmi2 erms invpcid rdseed adx smap clflushopt clwb sha_ni xsaveopt xsavec xgetbv1 xsaves arat umip gfni vaes vpclmulqdq rdpid movdiri movdir64b md_clear flush_l1d arch_capabilities
Online cpus:
0-1
Offline cpus:
2-127
BIOS frequency limitation:
<Not Available>
Frequency switch latency (ns):
<Not Available>
Available cpu frequencies:
<Not Available>
Current governor:
<Not Available>
Core performance/turbo boost:
<Not Available>

Memory: 4k page, physical 3994712k(148864k free), swap 2097148k(1702396k free)

vm_info: OpenJDK 64-Bit Server VM (11.0.19+7-post-Ubuntu-0ubuntu118.04.1) for linux-amd64 JRE (11.0.19+7-post-Ubuntu-0ubuntu118.04.1), built on May 10 2023 00:54:54 by "unknown" with gcc 8.4.0

END.
