#
# A fatal error has been detected by the Java Runtime Environment:
#
#  SIGSEGV (0xb) at pc=0x00007f3a69e45178, pid=15654, tid=15655
#
# JRE version: OpenJDK Runtime Environment (11.0.19+7) (build 11.0.19+7-post-Ubuntu-0ubuntu118.04.1)
# Java VM: OpenJDK 64-Bit Server VM (11.0.19+7-post-Ubuntu-0ubuntu118.04.1, mixed mode, sharing, tiered, compressed oops, g1 gc, linux-amd64)
# Problematic frame:
# C  [libLLVM-13.so+0xc30178]  LLVMBuildCall2+0x138
#
# Core dump will be written. Default location: Core dumps may be processed with "/usr/share/apport/apport -p%p -s%s -c%c -d%d -P%P -u%u -g%g -- %E" (or dumping to /mnt/hgfs/CompilationPrincipleLAB/Lab/core.15654)
#
# If you would like to submit a bug report, please visit:
#   https://bugs.launchpad.net/ubuntu/+source/openjdk-lts
# The crash happened outside the Java Virtual Machine in native code.
# See problematic frame for where to report the bug.
#

---------------  S U M M A R Y ------------

Command Line: Main /mnt/hgfs/CompilationPrincipleLAB/Lab/src/code.txt /mnt/hgfs/CompilationPrincipleLAB/Lab/src/IRtarget.txt

Host: 12th Gen Intel(R) Core(TM) i5-12500H, 2 cores, 3G, Ubuntu 18.04.6 LTS
Time: Mon May 27 01:57:35 2024 PDT elapsed time: 0.447935 seconds (0d 0h 0m 0s)

---------------  T H R E A D  ---------------

Current thread (0x00007f3ac4017000):  JavaThread "main" [_thread_in_native, id=15655, stack(0x00007f3ace131000,0x00007f3ace232000)]

Stack: [0x00007f3ace131000,0x00007f3ace232000],  sp=0x00007f3ace22fc80,  free space=1019k
Native frames: (J=compiled Java code, A=aot compiled Java code, j=interpreted, Vv=VM code, C=native code)
C  [libLLVM-13.so+0xc30178]  LLVMBuildCall2+0x138
C  0x0000000000000005

Java frames: (J=compiled Java code, j=interpreted, Vv=VM code)
j  org.bytedeco.llvm.global.LLVM.LLVMBuildCall2(Lorg/bytedeco/llvm/LLVM/LLVMBuilderRef;Lorg/bytedeco/llvm/LLVM/LLVMTypeRef;Lorg/bytedeco/llvm/LLVM/LLVMValueRef;Lorg/bytedeco/javacpp/PointerPointer;ILjava/lang/String;)Lorg/bytedeco/llvm/LLVM/LLVMValueRef;+0
j  MyLLVMIRVisitor.visitExp(LSysYParser$ExpContext;)Lorg/bytedeco/llvm/LLVM/LLVMValueRef;+431
j  MyLLVMIRVisitor.visitStmt(LSysYParser$StmtContext;)Lorg/bytedeco/llvm/LLVM/LLVMValueRef;+19
j  MyLLVMIRVisitor.visitStmt(LSysYParser$StmtContext;)Ljava/lang/Object;+2
j  SysYParser$StmtContext.accept(Lorg/antlr/v4/runtime/tree/ParseTreeVisitor;)Ljava/lang/Object;+12
j  org.antlr.v4.runtime.tree.AbstractParseTreeVisitor.visitChildren(Lorg/antlr/v4/runtime/tree/RuleNode;)Ljava/lang/Object;+46
j  SysYParserBaseVisitor.visitBlockItem(LSysYParser$BlockItemContext;)Ljava/lang/Object;+2
j  SysYParser$BlockItemContext.accept(Lorg/antlr/v4/runtime/tree/ParseTreeVisitor;)Ljava/lang/Object;+12
j  org.antlr.v4.runtime.tree.AbstractParseTreeVisitor.visitChildren(Lorg/antlr/v4/runtime/tree/RuleNode;)Ljava/lang/Object;+46
j  SysYParserBaseVisitor.visitBlock(LSysYParser$BlockContext;)Ljava/lang/Object;+2
j  SysYParser$BlockContext.accept(Lorg/antlr/v4/runtime/tree/ParseTreeVisitor;)Ljava/lang/Object;+12
j  org.antlr.v4.runtime.tree.AbstractParseTreeVisitor.visitChildren(Lorg/antlr/v4/runtime/tree/RuleNode;)Ljava/lang/Object;+46
j  SysYParserBaseVisitor.visitFuncDef(LSysYParser$FuncDefContext;)Ljava/lang/Object;+2
j  MyLLVMIRVisitor.visitFuncDef(LSysYParser$FuncDefContext;)Lorg/bytedeco/llvm/LLVM/LLVMValueRef;+252
j  MyLLVMIRVisitor.visitFuncDef(LSysYParser$FuncDefContext;)Ljava/lang/Object;+2
j  SysYParser$FuncDefContext.accept(Lorg/antlr/v4/runtime/tree/ParseTreeVisitor;)Ljava/lang/Object;+12
j  org.antlr.v4.runtime.tree.AbstractParseTreeVisitor.visitChildren(Lorg/antlr/v4/runtime/tree/RuleNode;)Ljava/lang/Object;+46
j  SysYParserBaseVisitor.visitCompUnit(LSysYParser$CompUnitContext;)Ljava/lang/Object;+2
j  SysYParser$CompUnitContext.accept(Lorg/antlr/v4/runtime/tree/ParseTreeVisitor;)Ljava/lang/Object;+12
j  org.antlr.v4.runtime.tree.AbstractParseTreeVisitor.visitChildren(Lorg/antlr/v4/runtime/tree/RuleNode;)Ljava/lang/Object;+46
j  SysYParserBaseVisitor.visitProgram(LSysYParser$ProgramContext;)Ljava/lang/Object;+2
j  MyLLVMIRVisitor.visitProgram(LSysYParser$ProgramContext;)Lorg/bytedeco/llvm/LLVM/LLVMValueRef;+2
j  MyLLVMIRVisitor.visitProgram(LSysYParser$ProgramContext;)Ljava/lang/Object;+2
j  SysYParser$ProgramContext.accept(Lorg/antlr/v4/runtime/tree/ParseTreeVisitor;)Ljava/lang/Object;+12
j  org.antlr.v4.runtime.tree.AbstractParseTreeVisitor.visit(Lorg/antlr/v4/runtime/tree/ParseTree;)Ljava/lang/Object;+2
j  Main.main([Ljava/lang/String;)V+220
v  ~StubRoutines::call_stub

siginfo: si_signo: 11 (SIGSEGV), si_code: 1 (SEGV_MAPERR), si_addr: 0x0000000000000000

Register to memory mapping:

RAX=0x0000000000000001 is an unknown value
RBX=0x00007f3ac4427640 points into unknown readable memory: 0x00007f3ac4427650 | 50 76 42 c4 3a 7f 00 00
RCX=0x0 is NULL
RDX=0x00007f3ac44550d0 points into unknown readable memory: 0x0000000000000000 | 00 00 00 00 00 00 00 00
RSP=0x00007f3ace22fc80 is pointing into the stack for thread: 0x00007f3ac4017000
RBP=0x00007f3ace22fce0 is pointing into the stack for thread: 0x00007f3ac4017000
RSI=0x0 is NULL
RDI=0x00007f3ac44550f0 points into unknown readable memory: 0x564c4c5f6d766c6c | 6c 6c 76 6d 5f 4c 4c 56
R8 =0x0000000000000002 is an unknown value
R9 =0x0 is NULL
R10=0x000000000000000d is an unknown value
R11=0x0 is NULL
R12=0x00007f3ac44550f0 points into unknown readable memory: 0x564c4c5f6d766c6c | 6c 6c 76 6d 5f 4c 4c 56
R13=0x00007f3ac444d3d8 points into unknown readable memory: 0x00007f3ac4437cb0 | b0 7c 43 c4 3a 7f 00 00
R14=0x0 is NULL
R15=0x0 is NULL


Registers:
RAX=0x0000000000000001, RBX=0x00007f3ac4427640, RCX=0x0000000000000000, RDX=0x00007f3ac44550d0
RSP=0x00007f3ace22fc80, RBP=0x00007f3ace22fce0, RSI=0x0000000000000000, RDI=0x00007f3ac44550f0
R8 =0x0000000000000002, R9 =0x0000000000000000, R10=0x000000000000000d, R11=0x0000000000000000
R12=0x00007f3ac44550f0, R13=0x00007f3ac444d3d8, R14=0x0000000000000000, R15=0x0000000000000000
RIP=0x00007f3a69e45178, EFLAGS=0x0000000000010246, CSGSFS=0x002b000000000033, ERR=0x0000000000000004
  TRAPNO=0x000000000000000e

Top of Stack: (sp=0x00007f3ace22fc80)
0x00007f3ace22fc80:   00007f3ac4427768 00007f3ac4455600
0x00007f3ace22fc90:   0000000000000001 0000000000000000
0x00007f3ace22fca0:   0000000000000001 00007f3ac4455820
0x00007f3ace22fcb0:   00007f3ac4455820 00007f3ac4017000 

Instructions: (pc=0x00007f3a69e45178)
0x00007f3a69e45078:   50 03 4c 8b 5b 70 b9 01 01 00 00 48 8b 6b 68 45
0x00007f3a69e45088:   89 c1 66 89 8c 24 80 00 00 00 4c 89 d9 48 c1 e1
0x00007f3a69e45098:   05 48 01 e9 48 39 e9 0f 84 7b 02 00 00 48 89 ea
0x00007f3a69e450a8:   31 f6 66 0f 1f 44 00 00 48 8b 42 10 48 2b 42 08
0x00007f3a69e450b8:   48 83 c2 20 48 c1 f8 03 01 c6 48 39 d1 75 e9 41
0x00007f3a69e450c8:   83 c0 01 44 89 da bf 50 00 00 00 49 89 ee 44 01
0x00007f3a69e450d8:   c6 c1 e2 04 4c 89 4c 24 28 48 89 4c 24 20 4c 89
0x00007f3a69e450e8:   5c 24 18 44 89 44 24 10 e8 ab d3 12 00 4c 8b 4c
0x00007f3a69e450f8:   24 28 48 89 ee 31 ff 4c 8b 5c 24 18 48 8b 4c 24
0x00007f3a69e45108:   20 49 89 c4 44 8b 44 24 10 4c 89 c8 4d 89 df 66
0x00007f3a69e45118:   0f 1f 84 00 00 00 00 00 48 8b 56 10 48 2b 56 08
0x00007f3a69e45128:   48 83 c6 20 48 c1 fa 03 01 d7 48 39 f1 75 e9 41
0x00007f3a69e45138:   01 f8 31 f6 0f 1f 40 00 48 8b 55 10 48 2b 55 08
0x00007f3a69e45148:   48 83 c5 20 48 c1 fa 03 01 d6 48 39 e9 75 e9 49
0x00007f3a69e45158:   01 f1 49 8b 75 10 49 c1 e1 05 4c 89 e2 4c 89 e7
0x00007f3a69e45168:   4c 29 ca 45 31 c9 48 89 44 24 10 48 8d 6c 24 60
0x00007f3a69e45178:   48 8b 36 48 8d 4a e0 ba 38 00 00 00 e8 27 88 08
0x00007f3a69e45188:   00 49 89 e9 4c 89 ee 4c 89 e7 49 c7 44 24 40 00
0x00007f3a69e45198:   00 00 00 41 57 41 56 48 8b 44 24 20 48 8b 4c 24
0x00007f3a69e451a8:   18 48 8b 54 24 10 49 89 c0 e8 1a dc 08 00 80 7b
0x00007f3a69e451b8:   64 00 58 5a 0f 85 06 01 00 00 41 0f b6 44 24 10
0x00007f3a69e451c8:   3c 19 0f 86 37 01 00 00 83 e8 1a 83 e8 0c 83 f8
0x00007f3a69e451d8:   2d 77 62 48 8d 15 e2 d0 6c 03 48 63 04 82 48 01
0x00007f3a69e451e8:   d0 ff e0 0f 1f 44 00 00 49 8b 14 24 0f b6 42 08
0x00007f3a69e451f8:   3c 11 0f 84 a0 00 00 00 0f b6 c8 83 e9 12 83 f9
0x00007f3a69e45208:   01 77 0b 48 8b 42 10 48 8b 00 0f b6 40 08 3c 06
0x00007f3a69e45218:   77 23 48 8b 53 58 8b 6b 60 48 85 d2 74 0d be 03
0x00007f3a69e45228:   00 00 00 4c 89 e7 e8 0d dc 0d 00 89 ee 4c 89 e7
0x00007f3a69e45238:   e8 53 8f 08 00 48 8b 7b 50 48 8b 4b 30 48 8d 54
0x00007f3a69e45248:   24 30 4c 89 e6 4c 8b 43 38 48 8b 07 ff 50 10 8b
0x00007f3a69e45258:   6b 08 48 8b 03 48 c1 e5 04 48 89 c3 48 01 c5 48
0x00007f3a69e45268:   39 e8 74 1b 0f 1f 40 00 48 8b 53 08 8b 33 4c 89 


Stack slot to memory mapping:
stack at sp + 0 slots: 0x00007f3ac4427768 points into unknown readable memory: 0x00007f3ac44500e0 | e0 00 45 c4 3a 7f 00 00
stack at sp + 1 slots: 0x00007f3ac4455600 points into unknown readable memory: 0x00007f3ac4455270 | 70 52 45 c4 3a 7f 00 00
stack at sp + 2 slots: 0x0000000000000001 is an unknown value
stack at sp + 3 slots: 0x0 is NULL
stack at sp + 4 slots: 0x0000000000000001 is an unknown value
stack at sp + 5 slots: 0x00007f3ac4455820 points into unknown readable memory: 0x0000006f6c6c6568 | 68 65 6c 6c 6f 00 00 00
stack at sp + 6 slots: 0x00007f3ac4455820 points into unknown readable memory: 0x0000006f6c6c6568 | 68 65 6c 6c 6f 00 00 00
stack at sp + 7 slots: 0x00007f3ac4017000 is a thread


---------------  P R O C E S S  ---------------

Threads class SMR info:
_java_thread_list=0x00007f3ac439ae60, length=10, elements={
0x00007f3ac4017000, 0x00007f3ac40b8000, 0x00007f3ac40ba000, 0x00007f3ac40bf800,
0x00007f3ac40c2000, 0x00007f3ac40c4000, 0x00007f3ac40c6000, 0x00007f3ac40c8000,
0x00007f3ac410b800, 0x00007f3ac4234000
}

Java Threads: ( => current thread )
=>0x00007f3ac4017000 JavaThread "main" [_thread_in_native, id=15655, stack(0x00007f3ace131000,0x00007f3ace232000)]
  0x00007f3ac40b8000 JavaThread "Reference Handler" daemon [_thread_blocked, id=15662, stack(0x00007f3ac80f7000,0x00007f3ac81f8000)]
  0x00007f3ac40ba000 JavaThread "Finalizer" daemon [_thread_blocked, id=15663, stack(0x00007f3aac6f4000,0x00007f3aac7f5000)]
  0x00007f3ac40bf800 JavaThread "Signal Dispatcher" daemon [_thread_blocked, id=15664, stack(0x00007f3aac15f000,0x00007f3aac260000)]
  0x00007f3ac40c2000 JavaThread "Service Thread" daemon [_thread_blocked, id=15665, stack(0x00007f3aac05e000,0x00007f3aac15f000)]
  0x00007f3ac40c4000 JavaThread "C2 CompilerThread0" daemon [_thread_blocked, id=15666, stack(0x00007f3aa47bf000,0x00007f3aa48c0000)]
  0x00007f3ac40c6000 JavaThread "C1 CompilerThread0" daemon [_thread_blocked, id=15667, stack(0x00007f3aa46be000,0x00007f3aa47bf000)]
  0x00007f3ac40c8000 JavaThread "Sweeper thread" daemon [_thread_blocked, id=15668, stack(0x00007f3aa45bd000,0x00007f3aa46be000)]
  0x00007f3ac410b800 JavaThread "Common-Cleaner" daemon [_thread_blocked, id=15670, stack(0x00007f3aa43ba000,0x00007f3aa44bb000)]
  0x00007f3ac4234000 JavaThread "JavaCPP Deallocator" daemon [_thread_blocked, id=15672, stack(0x00007f3a6fce9000,0x00007f3a6fdea000)]

Other Threads:
  0x00007f3ac40b5000 VMThread "VM Thread" [stack: 0x00007f3ac81fa000,0x00007f3ac82fa000] [id=15661]
  0x00007f3ac4109000 WatcherThread [stack: 0x00007f3aa44bd000,0x00007f3aa45bd000] [id=15669]
  0x00007f3ac402f000 GCTaskThread "GC Thread#0" [stack: 0x00007f3aca0dc000,0x00007f3aca1dc000] [id=15656]
  0x00007f3a94001000 GCTaskThread "GC Thread#1" [stack: 0x00007f3aa40a9000,0x00007f3aa41a9000] [id=15671]
  0x00007f3ac404a000 ConcurrentGCThread "G1 Main Marker" [stack: 0x00007f3ac88e0000,0x00007f3ac89e0000] [id=15657]
  0x00007f3ac404c000 ConcurrentGCThread "G1 Conc#0" [stack: 0x00007f3ac87de000,0x00007f3ac88de000] [id=15658]
  0x00007f3ac4087000 ConcurrentGCThread "G1 Refine#0" [stack: 0x00007f3ac84da000,0x00007f3ac85da000] [id=15659]
  0x00007f3ac4089000 ConcurrentGCThread "G1 Young RemSet Sampling" [stack: 0x00007f3ac83d8000,0x00007f3ac84d8000] [id=15660]

Threads with active compile tasks:

VM state:not at safepoint (normal execution)

VM Mutex/Monitor currently owned by a thread: None

Heap address: 0x00000000c3000000, size: 976 MB, Compressed Oops mode: 32-bit
Narrow klass base: 0x0000000800000000, Narrow klass shift: 3
Compressed class space size: 1073741824 Address: 0x0000000840000000

Heap:
 garbage-first heap   total 65536K, used 6665K [0x00000000c3000000, 0x0000000100000000)
  region size 1024K, 6 young (6144K), 1 survivors (1024K)
 Metaspace       used 3836K, capacity 6722K, committed 6912K, reserved 1056768K
  class space    used 430K, capacity 733K, committed 768K, reserved 1048576K
Heap Regions: E=young(eden), S=young(survivor), O=old, HS=humongous(starts), HC=humongous(continues), CS=collection set, F=free, A=archive, TAMS=top-at-mark-start (previous, next)
|   0|0x00000000c3000000, 0x00000000c30d0400, 0x00000000c3100000| 81%| O|  |TAMS 0x00000000c3000000, 0x00000000c3000000| Untracked 
|   1|0x00000000c3100000, 0x00000000c3100000, 0x00000000c3200000|  0%| F|  |TAMS 0x00000000c3100000, 0x00000000c3100000| Untracked 
|   2|0x00000000c3200000, 0x00000000c3200000, 0x00000000c3300000|  0%| F|  |TAMS 0x00000000c3200000, 0x00000000c3200000| Untracked 
|   3|0x00000000c3300000, 0x00000000c3300000, 0x00000000c3400000|  0%| F|  |TAMS 0x00000000c3300000, 0x00000000c3300000| Untracked 
|   4|0x00000000c3400000, 0x00000000c3400000, 0x00000000c3500000|  0%| F|  |TAMS 0x00000000c3400000, 0x00000000c3400000| Untracked 
|   5|0x00000000c3500000, 0x00000000c3500000, 0x00000000c3600000|  0%| F|  |TAMS 0x00000000c3500000, 0x00000000c3500000| Untracked 
|   6|0x00000000c3600000, 0x00000000c3600000, 0x00000000c3700000|  0%| F|  |TAMS 0x00000000c3600000, 0x00000000c3600000| Untracked 
|   7|0x00000000c3700000, 0x00000000c3700000, 0x00000000c3800000|  0%| F|  |TAMS 0x00000000c3700000, 0x00000000c3700000| Untracked 
|   8|0x00000000c3800000, 0x00000000c3800000, 0x00000000c3900000|  0%| F|  |TAMS 0x00000000c3800000, 0x00000000c3800000| Untracked 
|   9|0x00000000c3900000, 0x00000000c3900000, 0x00000000c3a00000|  0%| F|  |TAMS 0x00000000c3900000, 0x00000000c3900000| Untracked 
|  10|0x00000000c3a00000, 0x00000000c3a00000, 0x00000000c3b00000|  0%| F|  |TAMS 0x00000000c3a00000, 0x00000000c3a00000| Untracked 
|  11|0x00000000c3b00000, 0x00000000c3b00000, 0x00000000c3c00000|  0%| F|  |TAMS 0x00000000c3b00000, 0x00000000c3b00000| Untracked 
|  12|0x00000000c3c00000, 0x00000000c3c00000, 0x00000000c3d00000|  0%| F|  |TAMS 0x00000000c3c00000, 0x00000000c3c00000| Untracked 
|  13|0x00000000c3d00000, 0x00000000c3d00000, 0x00000000c3e00000|  0%| F|  |TAMS 0x00000000c3d00000, 0x00000000c3d00000| Untracked 
|  14|0x00000000c3e00000, 0x00000000c3e00000, 0x00000000c3f00000|  0%| F|  |TAMS 0x00000000c3e00000, 0x00000000c3e00000| Untracked 
|  15|0x00000000c3f00000, 0x00000000c3f00000, 0x00000000c4000000|  0%| F|  |TAMS 0x00000000c3f00000, 0x00000000c3f00000| Untracked 
|  16|0x00000000c4000000, 0x00000000c4000000, 0x00000000c4100000|  0%| F|  |TAMS 0x00000000c4000000, 0x00000000c4000000| Untracked 
|  17|0x00000000c4100000, 0x00000000c4100000, 0x00000000c4200000|  0%| F|  |TAMS 0x00000000c4100000, 0x00000000c4100000| Untracked 
|  18|0x00000000c4200000, 0x00000000c4200000, 0x00000000c4300000|  0%| F|  |TAMS 0x00000000c4200000, 0x00000000c4200000| Untracked 
|  19|0x00000000c4300000, 0x00000000c4300000, 0x00000000c4400000|  0%| F|  |TAMS 0x00000000c4300000, 0x00000000c4300000| Untracked 
|  20|0x00000000c4400000, 0x00000000c4400000, 0x00000000c4500000|  0%| F|  |TAMS 0x00000000c4400000, 0x00000000c4400000| Untracked 
|  21|0x00000000c4500000, 0x00000000c4500000, 0x00000000c4600000|  0%| F|  |TAMS 0x00000000c4500000, 0x00000000c4500000| Untracked 
|  22|0x00000000c4600000, 0x00000000c4600000, 0x00000000c4700000|  0%| F|  |TAMS 0x00000000c4600000, 0x00000000c4600000| Untracked 
|  23|0x00000000c4700000, 0x00000000c4700000, 0x00000000c4800000|  0%| F|  |TAMS 0x00000000c4700000, 0x00000000c4700000| Untracked 
|  24|0x00000000c4800000, 0x00000000c4800000, 0x00000000c4900000|  0%| F|  |TAMS 0x00000000c4800000, 0x00000000c4800000| Untracked 
|  25|0x00000000c4900000, 0x00000000c4900000, 0x00000000c4a00000|  0%| F|  |TAMS 0x00000000c4900000, 0x00000000c4900000| Untracked 
|  26|0x00000000c4a00000, 0x00000000c4a00000, 0x00000000c4b00000|  0%| F|  |TAMS 0x00000000c4a00000, 0x00000000c4a00000| Untracked 
|  27|0x00000000c4b00000, 0x00000000c4b00000, 0x00000000c4c00000|  0%| F|  |TAMS 0x00000000c4b00000, 0x00000000c4b00000| Untracked 
|  28|0x00000000c4c00000, 0x00000000c4c00000, 0x00000000c4d00000|  0%| F|  |TAMS 0x00000000c4c00000, 0x00000000c4c00000| Untracked 
|  29|0x00000000c4d00000, 0x00000000c4d00000, 0x00000000c4e00000|  0%| F|  |TAMS 0x00000000c4d00000, 0x00000000c4d00000| Untracked 
|  30|0x00000000c4e00000, 0x00000000c4e00000, 0x00000000c4f00000|  0%| F|  |TAMS 0x00000000c4e00000, 0x00000000c4e00000| Untracked 
|  31|0x00000000c4f00000, 0x00000000c4f00000, 0x00000000c5000000|  0%| F|  |TAMS 0x00000000c4f00000, 0x00000000c4f00000| Untracked 
|  32|0x00000000c5000000, 0x00000000c5000000, 0x00000000c5100000|  0%| F|  |TAMS 0x00000000c5000000, 0x00000000c5000000| Untracked 
|  33|0x00000000c5100000, 0x00000000c5100000, 0x00000000c5200000|  0%| F|  |TAMS 0x00000000c5100000, 0x00000000c5100000| Untracked 
|  34|0x00000000c5200000, 0x00000000c5200000, 0x00000000c5300000|  0%| F|  |TAMS 0x00000000c5200000, 0x00000000c5200000| Untracked 
|  35|0x00000000c5300000, 0x00000000c5300000, 0x00000000c5400000|  0%| F|  |TAMS 0x00000000c5300000, 0x00000000c5300000| Untracked 
|  36|0x00000000c5400000, 0x00000000c5400000, 0x00000000c5500000|  0%| F|  |TAMS 0x00000000c5400000, 0x00000000c5400000| Untracked 
|  37|0x00000000c5500000, 0x00000000c5500000, 0x00000000c5600000|  0%| F|  |TAMS 0x00000000c5500000, 0x00000000c5500000| Untracked 
|  38|0x00000000c5600000, 0x00000000c5600000, 0x00000000c5700000|  0%| F|  |TAMS 0x00000000c5600000, 0x00000000c5600000| Untracked 
|  39|0x00000000c5700000, 0x00000000c5700000, 0x00000000c5800000|  0%| F|  |TAMS 0x00000000c5700000, 0x00000000c5700000| Untracked 
|  40|0x00000000c5800000, 0x00000000c5800000, 0x00000000c5900000|  0%| F|  |TAMS 0x00000000c5800000, 0x00000000c5800000| Untracked 
|  41|0x00000000c5900000, 0x00000000c5900000, 0x00000000c5a00000|  0%| F|  |TAMS 0x00000000c5900000, 0x00000000c5900000| Untracked 
|  42|0x00000000c5a00000, 0x00000000c5a00000, 0x00000000c5b00000|  0%| F|  |TAMS 0x00000000c5a00000, 0x00000000c5a00000| Untracked 
|  43|0x00000000c5b00000, 0x00000000c5b00000, 0x00000000c5c00000|  0%| F|  |TAMS 0x00000000c5b00000, 0x00000000c5b00000| Untracked 
|  44|0x00000000c5c00000, 0x00000000c5c00000, 0x00000000c5d00000|  0%| F|  |TAMS 0x00000000c5c00000, 0x00000000c5c00000| Untracked 
|  45|0x00000000c5d00000, 0x00000000c5d00000, 0x00000000c5e00000|  0%| F|  |TAMS 0x00000000c5d00000, 0x00000000c5d00000| Untracked 
|  46|0x00000000c5e00000, 0x00000000c5e00000, 0x00000000c5f00000|  0%| F|  |TAMS 0x00000000c5e00000, 0x00000000c5e00000| Untracked 
|  47|0x00000000c5f00000, 0x00000000c5f00000, 0x00000000c6000000|  0%| F|  |TAMS 0x00000000c5f00000, 0x00000000c5f00000| Untracked 
|  48|0x00000000c6000000, 0x00000000c6000000, 0x00000000c6100000|  0%| F|  |TAMS 0x00000000c6000000, 0x00000000c6000000| Untracked 
|  49|0x00000000c6100000, 0x00000000c6100000, 0x00000000c6200000|  0%| F|  |TAMS 0x00000000c6100000, 0x00000000c6100000| Untracked 
|  50|0x00000000c6200000, 0x00000000c6200000, 0x00000000c6300000|  0%| F|  |TAMS 0x00000000c6200000, 0x00000000c6200000| Untracked 
|  51|0x00000000c6300000, 0x00000000c6300000, 0x00000000c6400000|  0%| F|  |TAMS 0x00000000c6300000, 0x00000000c6300000| Untracked 
|  52|0x00000000c6400000, 0x00000000c6400000, 0x00000000c6500000|  0%| F|  |TAMS 0x00000000c6400000, 0x00000000c6400000| Untracked 
|  53|0x00000000c6500000, 0x00000000c6500000, 0x00000000c6600000|  0%| F|  |TAMS 0x00000000c6500000, 0x00000000c6500000| Untracked 
|  54|0x00000000c6600000, 0x00000000c6700000, 0x00000000c6700000|100%| S|CS|TAMS 0x00000000c6600000, 0x00000000c6600000| Complete 
|  55|0x00000000c6700000, 0x00000000c6700000, 0x00000000c6800000|  0%| F|  |TAMS 0x00000000c6700000, 0x00000000c6700000| Untracked 
|  56|0x00000000c6800000, 0x00000000c6800000, 0x00000000c6900000|  0%| F|  |TAMS 0x00000000c6800000, 0x00000000c6800000| Untracked 
|  57|0x00000000c6900000, 0x00000000c6a00000, 0x00000000c6a00000|100%| E|  |TAMS 0x00000000c6900000, 0x00000000c6900000| Complete 
|  58|0x00000000c6a00000, 0x00000000c6b00000, 0x00000000c6b00000|100%| E|CS|TAMS 0x00000000c6a00000, 0x00000000c6a00000| Complete 
|  59|0x00000000c6b00000, 0x00000000c6c00000, 0x00000000c6c00000|100%| E|CS|TAMS 0x00000000c6b00000, 0x00000000c6b00000| Complete 
|  60|0x00000000c6c00000, 0x00000000c6d00000, 0x00000000c6d00000|100%| E|CS|TAMS 0x00000000c6c00000, 0x00000000c6c00000| Complete 
|  61|0x00000000c6d00000, 0x00000000c6e00000, 0x00000000c6e00000|100%| E|CS|TAMS 0x00000000c6d00000, 0x00000000c6d00000| Complete 
| 974|0x00000000ffe00000, 0x00000000ffe47000, 0x00000000fff00000| 27%|OA|  |TAMS 0x00000000ffe00000, 0x00000000ffe00000| Untracked 
| 975|0x00000000fff00000, 0x00000000fff6b000, 0x0000000100000000| 41%|CA|  |TAMS 0x00000000fff00000, 0x00000000fff00000| Untracked 

Card table byte_map: [0x00007f3ac9b08000,0x00007f3ac9cf0000] _byte_map_base: 0x00007f3ac94f0000

Marking Bits (Prev, Next): (CMBitMap*) 0x00007f3ac4045388, (CMBitMap*) 0x00007f3ac40453c0
 Prev Bits: [0x00007f3ac89e0000, 0x00007f3ac9920000)
 Next Bits: [0x00007f3aa70c0000, 0x00007f3aa8000000)

Polling page: 0x00007f3ace247000

Metaspace:

Usage:
  Non-class:      5.85 MB capacity,     3.33 MB ( 57%) used,     2.51 MB ( 43%) free+waste,    11.31 KB ( <1%) overhead. 
      Class:    733.00 KB capacity,   430.33 KB ( 59%) used,   296.55 KB ( 40%) free+waste,     6.12 KB ( <1%) overhead. 
       Both:      6.56 MB capacity,     3.75 MB ( 57%) used,     2.80 MB ( 43%) free+waste,    17.44 KB ( <1%) overhead. 

Virtual space:
  Non-class space:        8.00 MB reserved,       6.00 MB ( 75%) committed 
      Class space:        1.00 GB reserved,     768.00 KB ( <1%) committed 
             Both:        1.01 GB reserved,       6.75 MB ( <1%) committed 

Chunk freelists:
   Non-Class:  27.00 KB
       Class:  3.00 KB
        Both:  30.00 KB

MaxMetaspaceSize: unlimited
CompressedClassSpaceSize: 1.00 GB
Initial GC threshold: 20.80 MB
Current GC threshold: 20.80 MB
CDS: on

CodeHeap 'non-profiled nmethods': size=120036Kb used=244Kb max_used=244Kb free=119791Kb
 bounds [0x00007f3ab42bc000, 0x00007f3ab452c000, 0x00007f3abb7f5000]
CodeHeap 'profiled nmethods': size=120032Kb used=1456Kb max_used=1456Kb free=118575Kb
 bounds [0x00007f3aacd84000, 0x00007f3aacff4000, 0x00007f3ab42bc000]
CodeHeap 'non-nmethods': size=5692Kb used=1153Kb max_used=1166Kb free=4538Kb
 bounds [0x00007f3aac7f5000, 0x00007f3aaca65000, 0x00007f3aacd84000]
 total_blobs=1222 nmethods=807 adapters=329
 compilation: enabled
              stopped_count=0, restarted_count=0
 full_count=0

Compilation events (20 events):
Event: 0.406 Thread 0x00007f3ac40c4000  787       4       java.util.HashMap::getNode (148 bytes)
Event: 0.408 Thread 0x00007f3ac40c4000 nmethod 787 0x00007f3ab42f8310 code [0x00007f3ab42f84c0, 0x00007f3ab42f86d8]
Event: 0.408 Thread 0x00007f3ac40c6000 nmethod 791 0x00007f3aacee5a10 code [0x00007f3aacee5c60, 0x00007f3aacee6590]
Event: 0.408 Thread 0x00007f3ac40c6000  796       3       java.lang.invoke.LambdaForm::useCount (90 bytes)
Event: 0.408 Thread 0x00007f3ac40c6000 nmethod 796 0x00007f3aacee6910 code [0x00007f3aacee6b00, 0x00007f3aacee6eb0]
Event: 0.408 Thread 0x00007f3ac40c6000  797       3       java.lang.invoke.InvokerBytecodeGenerator::emitPushArguments (45 bytes)
Event: 0.408 Thread 0x00007f3ac40c6000 nmethod 797 0x00007f3aacee7090 code [0x00007f3aacee7280, 0x00007f3aacee76f0]
Event: 0.408 Thread 0x00007f3ac40c6000  793       3       sun.invoke.util.VerifyAccess::isTypeVisible (118 bytes)
Event: 0.409 Thread 0x00007f3ac40c6000 nmethod 793 0x00007f3aacee7990 code [0x00007f3aacee7d40, 0x00007f3aacee98c0]
Event: 0.409 Thread 0x00007f3ac40c6000  802       3       java.lang.invoke.InvokerBytecodeGenerator::getInternalName (98 bytes)
Event: 0.409 Thread 0x00007f3ac40c6000 nmethod 802 0x00007f3aaceea110 code [0x00007f3aaceea320, 0x00007f3aaceea7f0]
Event: 0.409 Thread 0x00007f3ac40c6000  795       3       jdk.internal.org.objectweb.asm.Frame::set (65 bytes)
Event: 0.409 Thread 0x00007f3ac40c6000 nmethod 795 0x00007f3aaceea910 code [0x00007f3aaceeab00, 0x00007f3aaceeb040]
Event: 0.409 Thread 0x00007f3ac40c6000  799       3       jdk.internal.org.objectweb.asm.ClassWriter::newNameType (10 bytes)
Event: 0.409 Thread 0x00007f3ac40c6000 nmethod 799 0x00007f3aaceeb210 code [0x00007f3aaceeb3c0, 0x00007f3aaceeb500]
Event: 0.409 Thread 0x00007f3ac40c6000  800       3       jdk.internal.org.objectweb.asm.ClassWriter::newNameTypeItem (71 bytes)
Event: 0.410 Thread 0x00007f3ac40c6000 nmethod 800 0x00007f3aaceeb610 code [0x00007f3aaceeb840, 0x00007f3aaceebcb0]
Event: 0.410 Thread 0x00007f3ac40c6000  803       3       java.lang.invoke.MemberName::isMethod (7 bytes)
Event: 0.410 Thread 0x00007f3ac40c6000 nmethod 803 0x00007f3aaceebf10 code [0x00007f3aaceec0c0, 0x00007f3aaceec310]
Event: 0.410 Thread 0x00007f3ac40c6000  794       3       java.lang.invoke.InvokerBytecodeGenerator::emitReferenceCast (185 bytes)

GC Heap History (2 events):
Event: 0.283 GC heap before
{Heap before GC invocations=0 (full 0):
 garbage-first heap   total 65536K, used 7880K [0x00000000c3000000, 0x0000000100000000)
  region size 1024K, 7 young (7168K), 0 survivors (0K)
 Metaspace       used 2889K, capacity 6259K, committed 6528K, reserved 1056768K
  class space    used 280K, capacity 620K, committed 640K, reserved 1048576K
}
Event: 0.287 GC heap after
{Heap after GC invocations=1 (full 0):
 garbage-first heap   total 65536K, used 2569K [0x00000000c3000000, 0x0000000100000000)
  region size 1024K, 1 young (1024K), 1 survivors (1024K)
 Metaspace       used 2889K, capacity 6259K, committed 6528K, reserved 1056768K
  class space    used 280K, capacity 620K, committed 640K, reserved 1048576K
}

Deoptimization events (16 events):
Event: 0.086 Thread 0x00007f3ac4017000 Uncommon trap: trap_request=0xffffff4d fr.pc=0x00007f3ab42c1808 relative=0x0000000000000068
Event: 0.086 Thread 0x00007f3ac4017000 Uncommon trap: reason=unstable_if action=reinterpret pc=0x00007f3ab42c1808 method=java.lang.String.isLatin1()Z @ 10 c2
Event: 0.086 Thread 0x00007f3ac4017000 DEOPT PACKING pc=0x00007f3ab42c1808 sp=0x00007f3ace230460
Event: 0.086 Thread 0x00007f3ac4017000 DEOPT UNPACKING pc=0x00007f3aac83eea5 sp=0x00007f3ace230410 mode 2
Event: 0.252 Thread 0x00007f3ac4017000 Uncommon trap: trap_request=0xffffff4d fr.pc=0x00007f3ab42c9a7c relative=0x000000000000023c
Event: 0.252 Thread 0x00007f3ac4017000 Uncommon trap: reason=unstable_if action=reinterpret pc=0x00007f3ab42c9a7c method=java.lang.String.startsWith(Ljava/lang/String;I)Z @ 14 c2
Event: 0.252 Thread 0x00007f3ac4017000 DEOPT PACKING pc=0x00007f3ab42c9a7c sp=0x00007f3ace22e3e0
Event: 0.252 Thread 0x00007f3ac4017000 DEOPT UNPACKING pc=0x00007f3aac83eea5 sp=0x00007f3ace22e368 mode 2
Event: 0.282 Thread 0x00007f3ac4017000 DEOPT PACKING pc=0x00007f3aacdce4a4 sp=0x00007f3ace22f120
Event: 0.282 Thread 0x00007f3ac4017000 DEOPT UNPACKING pc=0x00007f3aac83f64a sp=0x00007f3ace22e5b0 mode 0
Event: 0.311 Thread 0x00007f3ac4017000 DEOPT PACKING pc=0x00007f3aacda47e6 sp=0x00007f3ace22d9e0
Event: 0.311 Thread 0x00007f3ac4017000 DEOPT UNPACKING pc=0x00007f3aac83f64a sp=0x00007f3ace22ce50 mode 0
Event: 0.343 Thread 0x00007f3ac4017000 DEOPT PACKING pc=0x00007f3aace650c2 sp=0x00007f3ace22f6e0
Event: 0.343 Thread 0x00007f3ac4017000 DEOPT UNPACKING pc=0x00007f3aac83f64a sp=0x00007f3ace22eb68 mode 0
Event: 0.346 Thread 0x00007f3ac4017000 DEOPT PACKING pc=0x00007f3aacdc81cf sp=0x00007f3ace22f660
Event: 0.346 Thread 0x00007f3ac4017000 DEOPT UNPACKING pc=0x00007f3aac83f64a sp=0x00007f3ace22eb08 mode 0

Classes redefined (0 events):
No events

Internal exceptions (20 events):
Event: 0.260 Thread 0x00007f3ac4017000 Exception <a 'java/security/PrivilegedActionException'{0x00000000c689ec40}> (0x00000000c689ec40) thrown at [src/hotspot/share/prims/jvm.cpp, line 1306]
Event: 0.260 Thread 0x00007f3ac4017000 Exception <a 'java/security/PrivilegedActionException'{0x00000000c689ef10}> (0x00000000c689ef10) thrown at [src/hotspot/share/prims/jvm.cpp, line 1306]
Event: 0.260 Thread 0x00007f3ac4017000 Exception <a 'java/security/PrivilegedActionException'{0x00000000c689f880}> (0x00000000c689f880) thrown at [src/hotspot/share/prims/jvm.cpp, line 1306]
Event: 0.260 Thread 0x00007f3ac4017000 Exception <a 'java/security/PrivilegedActionException'{0x00000000c689fb50}> (0x00000000c689fb50) thrown at [src/hotspot/share/prims/jvm.cpp, line 1306]
Event: 0.260 Thread 0x00007f3ac4017000 Exception <a 'java/security/PrivilegedActionException'{0x00000000c68a04d8}> (0x00000000c68a04d8) thrown at [src/hotspot/share/prims/jvm.cpp, line 1306]
Event: 0.260 Thread 0x00007f3ac4017000 Exception <a 'java/security/PrivilegedActionException'{0x00000000c68a07a8}> (0x00000000c68a07a8) thrown at [src/hotspot/share/prims/jvm.cpp, line 1306]
Event: 0.260 Thread 0x00007f3ac4017000 Exception <a 'java/security/PrivilegedActionException'{0x00000000c68a1130}> (0x00000000c68a1130) thrown at [src/hotspot/share/prims/jvm.cpp, line 1306]
Event: 0.260 Thread 0x00007f3ac4017000 Exception <a 'java/security/PrivilegedActionException'{0x00000000c68a1400}> (0x00000000c68a1400) thrown at [src/hotspot/share/prims/jvm.cpp, line 1306]
Event: 0.260 Thread 0x00007f3ac4017000 Exception <a 'java/security/PrivilegedActionException'{0x00000000c68a1d88}> (0x00000000c68a1d88) thrown at [src/hotspot/share/prims/jvm.cpp, line 1306]
Event: 0.260 Thread 0x00007f3ac4017000 Exception <a 'java/security/PrivilegedActionException'{0x00000000c68a2058}> (0x00000000c68a2058) thrown at [src/hotspot/share/prims/jvm.cpp, line 1306]
Event: 0.260 Thread 0x00007f3ac4017000 Exception <a 'java/security/PrivilegedActionException'{0x00000000c68a29c8}> (0x00000000c68a29c8) thrown at [src/hotspot/share/prims/jvm.cpp, line 1306]
Event: 0.260 Thread 0x00007f3ac4017000 Exception <a 'java/security/PrivilegedActionException'{0x00000000c68a2c98}> (0x00000000c68a2c98) thrown at [src/hotspot/share/prims/jvm.cpp, line 1306]
Event: 0.260 Thread 0x00007f3ac4017000 Exception <a 'java/security/PrivilegedActionException'{0x00000000c68a3620}> (0x00000000c68a3620) thrown at [src/hotspot/share/prims/jvm.cpp, line 1306]
Event: 0.260 Thread 0x00007f3ac4017000 Exception <a 'java/security/PrivilegedActionException'{0x00000000c68a38f0}> (0x00000000c68a38f0) thrown at [src/hotspot/share/prims/jvm.cpp, line 1306]
Event: 0.261 Thread 0x00007f3ac4017000 Exception <a 'java/security/PrivilegedActionException'{0x00000000c68b16a0}> (0x00000000c68b16a0) thrown at [src/hotspot/share/prims/jvm.cpp, line 1306]
Event: 0.261 Thread 0x00007f3ac4017000 Exception <a 'java/security/PrivilegedActionException'{0x00000000c68b1970}> (0x00000000c68b1970) thrown at [src/hotspot/share/prims/jvm.cpp, line 1306]
Event: 0.274 Thread 0x00007f3ac4017000 Exception <a 'java/lang/NoSuchMethodError'{0x00000000c67ba878}: 'int java.lang.invoke.DirectMethodHandle$Holder.invokeStaticInit(java.lang.Object, java.lang.Object, java.lang.Object, java.lang.Object)'> (0x00000000c67ba878) thrown at [src/hotspot/share/interpreter/linkResolver.cpp, line 773]
Event: 0.275 Thread 0x00007f3ac4017000 Exception <a 'java/lang/IncompatibleClassChangeError'{0x00000000c67c42c8}: Found class java.lang.Object, but interface was expected> (0x00000000c67c42c8) thrown at [src/hotspot/share/interpreter/linkResolver.cpp, line 839]
Event: 0.275 Thread 0x00007f3ac4017000 Exception <a 'java/lang/NoSuchMethodError'{0x00000000c67c7518}: 'void java.lang.invoke.DirectMethodHandle$Holder.invokeStaticInit(java.lang.Object, java.lang.Object)'> (0x00000000c67c7518) thrown at [src/hotspot/share/interpreter/linkResolver.cpp, line 773]
Event: 0.276 Thread 0x00007f3ac4017000 Exception <a 'java/lang/NoSuchMethodError'{0x00000000c67cd130}: 'int java.lang.invoke.DirectMethodHandle$Holder.invokeStaticInit(java.lang.Object, java.lang.Object)'> (0x00000000c67cd130) thrown at [src/hotspot/share/interpreter/linkResolver.cpp, line 773]

Events (20 events):
Event: 0.401 loading class org/bytedeco/llvm/LLVM/LLVMObjectFileRef
Event: 0.401 loading class org/bytedeco/llvm/LLVM/LLVMObjectFileRef done
Event: 0.401 loading class org/bytedeco/llvm/LLVM/LLVMTargetRef
Event: 0.401 loading class org/bytedeco/llvm/LLVM/LLVMTargetRef done
Event: 0.402 loading class org/bytedeco/llvm/LLVM/LLVMPassManagerBuilderRef
Event: 0.402 loading class org/bytedeco/llvm/LLVM/LLVMPassManagerBuilderRef done
Event: 0.402 loading class org/bytedeco/llvm/LLVM/LLVMPassBuilderOptionsRef
Event: 0.402 loading class org/bytedeco/llvm/LLVM/LLVMPassBuilderOptionsRef done
Event: 0.402 loading class org/bytedeco/llvm/LLVM/Pass
Event: 0.402 loading class org/bytedeco/llvm/LLVM/Pass done
Event: 0.403 loading class org/bytedeco/llvm/LLVM/LLVMNamedMDNodeRef
Event: 0.403 loading class org/bytedeco/llvm/LLVM/LLVMNamedMDNodeRef done
Event: 0.403 loading class org/bytedeco/llvm/LLVM/LLVMUseRef
Event: 0.403 loading class org/bytedeco/llvm/LLVM/LLVMUseRef done
Event: 0.406 loading class org/bytedeco/javacpp/PointerScope
Event: 0.406 loading class org/bytedeco/javacpp/PointerScope done
Event: 0.406 loading class org/bytedeco/javacpp/PointerScope$1
Event: 0.406 loading class org/bytedeco/javacpp/PointerScope$1 done
Event: 0.409 loading class java/lang/invoke/BoundMethodHandle$Species_LLLLLLIIL
Event: 0.409 loading class java/lang/invoke/BoundMethodHandle$Species_LLLLLLIIL done


Dynamic libraries:
c3000000-c6e00000 rw-p 00000000 00:00 0 
c6e00000-ffe00000 ---p 00000000 00:00 0 
ffe00000-ffe47000 rw-p 00b0a000 08:01 926690                             /usr/lib/jvm/java-11-openjdk-amd64/lib/server/classes.jsa
ffe47000-fff00000 rw-p 00000000 00:00 0 
fff00000-fff6b000 rw-p 00a9f000 08:01 926690                             /usr/lib/jvm/java-11-openjdk-amd64/lib/server/classes.jsa
fff6b000-100000000 rw-p 00000000 00:00 0 
800000000-800002000 rwxp 00001000 08:01 926690                           /usr/lib/jvm/java-11-openjdk-amd64/lib/server/classes.jsa
800002000-8003cc000 rw-p 00003000 08:01 926690                           /usr/lib/jvm/java-11-openjdk-amd64/lib/server/classes.jsa
8003cc000-800a9d000 r--p 003cd000 08:01 926690                           /usr/lib/jvm/java-11-openjdk-amd64/lib/server/classes.jsa
800a9d000-800a9e000 rw-p 00a9e000 08:01 926690                           /usr/lib/jvm/java-11-openjdk-amd64/lib/server/classes.jsa
840000000-8400c0000 rw-p 00000000 00:00 0 
8400c0000-880000000 ---p 00000000 00:00 0 
559776678000-559776679000 r-xp 00000000 08:01 926076                     /usr/lib/jvm/java-11-openjdk-amd64/bin/java
559776879000-55977687a000 r--p 00001000 08:01 926076                     /usr/lib/jvm/java-11-openjdk-amd64/bin/java
55977687a000-55977687b000 rw-p 00002000 08:01 926076                     /usr/lib/jvm/java-11-openjdk-amd64/bin/java
5597778bb000-5597778dc000 rw-p 00000000 00:00 0                          [heap]
7f3a6910f000-7f3a69174000 r--p 00000000 08:01 6297977                    /home/syd/.javacpp/cache/llvm-13.0.1-1.5.7-linux-x86_64.jar/org/bytedeco/llvm/linux-x86_64/libjniLLVM.so
7f3a69174000-7f3a691e2000 r-xp 00065000 08:01 6297977                    /home/syd/.javacpp/cache/llvm-13.0.1-1.5.7-linux-x86_64.jar/org/bytedeco/llvm/linux-x86_64/libjniLLVM.so
7f3a691e2000-7f3a6920d000 r--p 000d3000 08:01 6297977                    /home/syd/.javacpp/cache/llvm-13.0.1-1.5.7-linux-x86_64.jar/org/bytedeco/llvm/linux-x86_64/libjniLLVM.so
7f3a6920d000-7f3a69210000 r--p 000fd000 08:01 6297977                    /home/syd/.javacpp/cache/llvm-13.0.1-1.5.7-linux-x86_64.jar/org/bytedeco/llvm/linux-x86_64/libjniLLVM.so
7f3a69210000-7f3a69213000 rw-p 00100000 08:01 6297977                    /home/syd/.javacpp/cache/llvm-13.0.1-1.5.7-linux-x86_64.jar/org/bytedeco/llvm/linux-x86_64/libjniLLVM.so
7f3a69213000-7f3a69215000 rw-p 00000000 00:00 0 
7f3a69215000-7f3a69b3b000 r--p 00000000 08:01 6297972                    /home/syd/.javacpp/cache/llvm-13.0.1-1.5.7-linux-x86_64.jar/org/bytedeco/llvm/linux-x86_64/libLLVM-13.so
7f3a69b3b000-7f3a6d4fe000 r-xp 00926000 08:01 6297972                    /home/syd/.javacpp/cache/llvm-13.0.1-1.5.7-linux-x86_64.jar/org/bytedeco/llvm/linux-x86_64/libLLVM-13.so
7f3a6d4fe000-7f3a6f753000 r--p 042e9000 08:01 6297972                    /home/syd/.javacpp/cache/llvm-13.0.1-1.5.7-linux-x86_64.jar/org/bytedeco/llvm/linux-x86_64/libLLVM-13.so
7f3a6f753000-7f3a6fc68000 r--p 0653d000 08:01 6297972                    /home/syd/.javacpp/cache/llvm-13.0.1-1.5.7-linux-x86_64.jar/org/bytedeco/llvm/linux-x86_64/libLLVM-13.so
7f3a6fc68000-7f3a6fc73000 rw-p 06a52000 08:01 6297972                    /home/syd/.javacpp/cache/llvm-13.0.1-1.5.7-linux-x86_64.jar/org/bytedeco/llvm/linux-x86_64/libLLVM-13.so
7f3a6fc73000-7f3a6fce9000 rw-p 00000000 00:00 0 
7f3a6fce9000-7f3a6fced000 ---p 00000000 00:00 0 
7f3a6fced000-7f3a6fdea000 rw-p 00000000 00:00 0 
7f3a6fdea000-7f3a6fdff000 r-xp 00000000 08:01 926225                     /usr/lib/jvm/java-11-openjdk-amd64/lib/libnet.so
7f3a6fdff000-7f3a6fffe000 ---p 00015000 08:01 926225                     /usr/lib/jvm/java-11-openjdk-amd64/lib/libnet.so
7f3a6fffe000-7f3a6ffff000 r--p 00014000 08:01 926225                     /usr/lib/jvm/java-11-openjdk-amd64/lib/libnet.so
7f3a6ffff000-7f3a70000000 rw-p 00015000 08:01 926225                     /usr/lib/jvm/java-11-openjdk-amd64/lib/libnet.so
7f3a70000000-7f3a70021000 rw-p 00000000 00:00 0 
7f3a70021000-7f3a74000000 ---p 00000000 00:00 0 
7f3a74000000-7f3a74021000 rw-p 00000000 00:00 0 
7f3a74021000-7f3a78000000 ---p 00000000 00:00 0 
7f3a78000000-7f3a78186000 rw-p 00000000 00:00 0 
7f3a78186000-7f3a7c000000 ---p 00000000 00:00 0 
7f3a7c000000-7f3a7c43e000 rw-p 00000000 00:00 0 
7f3a7c43e000-7f3a80000000 ---p 00000000 00:00 0 
7f3a80000000-7f3a80021000 rw-p 00000000 00:00 0 
7f3a80021000-7f3a84000000 ---p 00000000 00:00 0 
7f3a84000000-7f3a84021000 rw-p 00000000 00:00 0 
7f3a84021000-7f3a88000000 ---p 00000000 00:00 0 
7f3a88000000-7f3a88021000 rw-p 00000000 00:00 0 
7f3a88021000-7f3a8c000000 ---p 00000000 00:00 0 
7f3a8c000000-7f3a8c021000 rw-p 00000000 00:00 0 
7f3a8c021000-7f3a90000000 ---p 00000000 00:00 0 
7f3a90000000-7f3a90021000 rw-p 00000000 00:00 0 
7f3a90021000-7f3a94000000 ---p 00000000 00:00 0 
7f3a94000000-7f3a94021000 rw-p 00000000 00:00 0 
7f3a94021000-7f3a98000000 ---p 00000000 00:00 0 
7f3a98000000-7f3a98021000 rw-p 00000000 00:00 0 
7f3a98021000-7f3a9c000000 ---p 00000000 00:00 0 
7f3a9c000000-7f3a9c021000 rw-p 00000000 00:00 0 
7f3a9c021000-7f3aa0000000 ---p 00000000 00:00 0 
7f3aa0000000-7f3aa0021000 rw-p 00000000 00:00 0 
7f3aa0021000-7f3aa4000000 ---p 00000000 00:00 0 
7f3aa40a7000-7f3aa40a8000 ---p 00000000 00:00 0 
7f3aa40a8000-7f3aa41a9000 rw-p 00000000 00:00 0 
7f3aa41a9000-7f3aa41b9000 r-xp 00000000 08:01 926226                     /usr/lib/jvm/java-11-openjdk-amd64/lib/libnio.so
7f3aa41b9000-7f3aa43b8000 ---p 00010000 08:01 926226                     /usr/lib/jvm/java-11-openjdk-amd64/lib/libnio.so
7f3aa43b8000-7f3aa43b9000 r--p 0000f000 08:01 926226                     /usr/lib/jvm/java-11-openjdk-amd64/lib/libnio.so
7f3aa43b9000-7f3aa43ba000 rw-p 00010000 08:01 926226                     /usr/lib/jvm/java-11-openjdk-amd64/lib/libnio.so
7f3aa43ba000-7f3aa43be000 ---p 00000000 00:00 0 
7f3aa43be000-7f3aa44bb000 rw-p 00000000 00:00 0 
7f3aa44bb000-7f3aa44bc000 ---p 00000000 00:00 0 
7f3aa44bc000-7f3aa45bd000 rw-p 00000000 00:00 0 
7f3aa45bd000-7f3aa45c1000 ---p 00000000 00:00 0 
7f3aa45c1000-7f3aa46be000 rw-p 00000000 00:00 0 
7f3aa46be000-7f3aa46c2000 ---p 00000000 00:00 0 
7f3aa46c2000-7f3aa47bf000 rw-p 00000000 00:00 0 
7f3aa47bf000-7f3aa47c3000 ---p 00000000 00:00 0 
7f3aa47c3000-7f3aa4ec0000 rw-p 00000000 00:00 0 
7f3aa4ec0000-7f3aa50c0000 ---p 00000000 00:00 0 
7f3aa50c0000-7f3aa71b8000 rw-p 00000000 00:00 0 
7f3aa71b8000-7f3aa7ff8000 ---p 00000000 00:00 0 
7f3aa7ff8000-7f3aa8000000 rw-p 00000000 00:00 0 
7f3aa8000000-7f3aa8021000 rw-p 00000000 00:00 0 
7f3aa8021000-7f3aac000000 ---p 00000000 00:00 0 
7f3aac05e000-7f3aac062000 ---p 00000000 00:00 0 
7f3aac062000-7f3aac15f000 rw-p 00000000 00:00 0 
7f3aac15f000-7f3aac163000 ---p 00000000 00:00 0 
7f3aac163000-7f3aac260000 rw-p 00000000 00:00 0 
7f3aac260000-7f3aac6f4000 r--p 00000000 08:01 666827                     /usr/lib/locale/locale-archive
7f3aac6f4000-7f3aac6f8000 ---p 00000000 00:00 0 
7f3aac6f8000-7f3aac7f5000 rw-p 00000000 00:00 0 
7f3aac7f5000-7f3aaca65000 rwxp 00000000 00:00 0 
7f3aaca65000-7f3aacd84000 ---p 00000000 00:00 0 
7f3aacd84000-7f3aacff4000 rwxp 00000000 00:00 0 
7f3aacff4000-7f3ab42bc000 ---p 00000000 00:00 0 
7f3ab42bc000-7f3ab452c000 rwxp 00000000 00:00 0 
7f3ab452c000-7f3abb7f5000 ---p 00000000 00:00 0 
7f3abb7f5000-7f3ac4000000 r--s 00000000 08:01 926235                     /usr/lib/jvm/java-11-openjdk-amd64/lib/modules
7f3ac4000000-7f3ac4457000 rw-p 00000000 00:00 0 
7f3ac4457000-7f3ac8000000 ---p 00000000 00:00 0 
7f3ac80e4000-7f3ac80eb000 r--p 00000000 08:01 6297973                    /home/syd/.javacpp/cache/llvm-13.0.1-1.5.7-linux-x86_64.jar/org/bytedeco/llvm/linux-x86_64/libLTO.so.13
7f3ac80eb000-7f3ac80f3000 r-xp 00007000 08:01 6297973                    /home/syd/.javacpp/cache/llvm-13.0.1-1.5.7-linux-x86_64.jar/org/bytedeco/llvm/linux-x86_64/libLTO.so.13
7f3ac80f3000-7f3ac80f5000 r--p 0000f000 08:01 6297973                    /home/syd/.javacpp/cache/llvm-13.0.1-1.5.7-linux-x86_64.jar/org/bytedeco/llvm/linux-x86_64/libLTO.so.13
7f3ac80f5000-7f3ac80f6000 r--p 00010000 08:01 6297973                    /home/syd/.javacpp/cache/llvm-13.0.1-1.5.7-linux-x86_64.jar/org/bytedeco/llvm/linux-x86_64/libLTO.so.13
7f3ac80f6000-7f3ac80f7000 rw-p 00011000 08:01 6297973                    /home/syd/.javacpp/cache/llvm-13.0.1-1.5.7-linux-x86_64.jar/org/bytedeco/llvm/linux-x86_64/libLTO.so.13
7f3ac80f7000-7f3ac80fb000 ---p 00000000 00:00 0 
7f3ac80fb000-7f3ac81f8000 rw-p 00000000 00:00 0 
7f3ac81f8000-7f3ac81f9000 ---p 00000000 00:00 0 
7f3ac81f9000-7f3ac83d6000 rw-p 00000000 00:00 0 
7f3ac83d6000-7f3ac83d7000 ---p 00000000 00:00 0 
7f3ac83d7000-7f3ac84d8000 rw-p 00000000 00:00 0 
7f3ac84d8000-7f3ac84d9000 ---p 00000000 00:00 0 
7f3ac84d9000-7f3ac87dc000 rw-p 00000000 00:00 0 
7f3ac87dc000-7f3ac87dd000 ---p 00000000 00:00 0 
7f3ac87dd000-7f3ac88de000 rw-p 00000000 00:00 0 
7f3ac88de000-7f3ac88df000 ---p 00000000 00:00 0 
7f3ac88df000-7f3ac8ad8000 rw-p 00000000 00:00 0 
7f3ac8ad8000-7f3ac9918000 ---p 00000000 00:00 0 
7f3ac9918000-7f3ac993f000 rw-p 00000000 00:00 0 
7f3ac993f000-7f3ac9b07000 ---p 00000000 00:00 0 
7f3ac9b07000-7f3ac9b27000 rw-p 00000000 00:00 0 
7f3ac9b27000-7f3ac9cef000 ---p 00000000 00:00 0 
7f3ac9cef000-7f3ac9d0f000 rw-p 00000000 00:00 0 
7f3ac9d0f000-7f3ac9ed7000 ---p 00000000 00:00 0 
7f3ac9ed7000-7f3aca0da000 rw-p 00000000 00:00 0 
7f3aca0da000-7f3aca0db000 ---p 00000000 00:00 0 
7f3aca0db000-7f3aca1e1000 rw-p 00000000 00:00 0 
7f3aca1e1000-7f3aca2c7000 ---p 00000000 00:00 0 
7f3aca2c7000-7f3aca2cc000 rw-p 00000000 00:00 0 
7f3aca2cc000-7f3aca3b2000 ---p 00000000 00:00 0 
7f3aca3b2000-7f3aca3b9000 r-xp 00000000 08:01 926234                     /usr/lib/jvm/java-11-openjdk-amd64/lib/libzip.so
7f3aca3b9000-7f3aca5b9000 ---p 00007000 08:01 926234                     /usr/lib/jvm/java-11-openjdk-amd64/lib/libzip.so
7f3aca5b9000-7f3aca5ba000 r--p 00007000 08:01 926234                     /usr/lib/jvm/java-11-openjdk-amd64/lib/libzip.so
7f3aca5ba000-7f3aca5bb000 rw-p 00008000 08:01 926234                     /usr/lib/jvm/java-11-openjdk-amd64/lib/libzip.so
7f3aca5bb000-7f3aca5c6000 r-xp 00000000 08:01 1709194                    /lib/x86_64-linux-gnu/libnss_files-2.27.so
7f3aca5c6000-7f3aca7c5000 ---p 0000b000 08:01 1709194                    /lib/x86_64-linux-gnu/libnss_files-2.27.so
7f3aca7c5000-7f3aca7c6000 r--p 0000a000 08:01 1709194                    /lib/x86_64-linux-gnu/libnss_files-2.27.so
7f3aca7c6000-7f3aca7c7000 rw-p 0000b000 08:01 1709194                    /lib/x86_64-linux-gnu/libnss_files-2.27.so
7f3aca7c7000-7f3aca7cd000 rw-p 00000000 00:00 0 
7f3aca7cd000-7f3aca7e4000 r-xp 00000000 08:01 1709191                    /lib/x86_64-linux-gnu/libnsl-2.27.so
7f3aca7e4000-7f3aca9e3000 ---p 00017000 08:01 1709191                    /lib/x86_64-linux-gnu/libnsl-2.27.so
7f3aca9e3000-7f3aca9e4000 r--p 00016000 08:01 1709191                    /lib/x86_64-linux-gnu/libnsl-2.27.so
7f3aca9e4000-7f3aca9e5000 rw-p 00017000 08:01 1709191                    /lib/x86_64-linux-gnu/libnsl-2.27.so
7f3aca9e5000-7f3aca9e7000 rw-p 00000000 00:00 0 
7f3aca9e7000-7f3aca9f2000 r-xp 00000000 08:01 1709196                    /lib/x86_64-linux-gnu/libnss_nis-2.27.so
7f3aca9f2000-7f3acabf1000 ---p 0000b000 08:01 1709196                    /lib/x86_64-linux-gnu/libnss_nis-2.27.so
7f3acabf1000-7f3acabf2000 r--p 0000a000 08:01 1709196                    /lib/x86_64-linux-gnu/libnss_nis-2.27.so
7f3acabf2000-7f3acabf3000 rw-p 0000b000 08:01 1709196                    /lib/x86_64-linux-gnu/libnss_nis-2.27.so
7f3acabf3000-7f3acabfb000 r-xp 00000000 08:01 1709192                    /lib/x86_64-linux-gnu/libnss_compat-2.27.so
7f3acabfb000-7f3acadfb000 ---p 00008000 08:01 1709192                    /lib/x86_64-linux-gnu/libnss_compat-2.27.so
7f3acadfb000-7f3acadfc000 r--p 00008000 08:01 1709192                    /lib/x86_64-linux-gnu/libnss_compat-2.27.so
7f3acadfc000-7f3acadfd000 rw-p 00009000 08:01 1709192                    /lib/x86_64-linux-gnu/libnss_compat-2.27.so
7f3acadfd000-7f3acae02000 r-xp 00000000 08:01 926217                     /usr/lib/jvm/java-11-openjdk-amd64/lib/libjimage.so
7f3acae02000-7f3acb001000 ---p 00005000 08:01 926217                     /usr/lib/jvm/java-11-openjdk-amd64/lib/libjimage.so
7f3acb001000-7f3acb002000 r--p 00004000 08:01 926217                     /usr/lib/jvm/java-11-openjdk-amd64/lib/libjimage.so
7f3acb002000-7f3acb003000 rw-p 00005000 08:01 926217                     /usr/lib/jvm/java-11-openjdk-amd64/lib/libjimage.so
7f3acb003000-7f3acb02c000 r-xp 00000000 08:01 926214                     /usr/lib/jvm/java-11-openjdk-amd64/lib/libjava.so
7f3acb02c000-7f3acb22b000 ---p 00029000 08:01 926214                     /usr/lib/jvm/java-11-openjdk-amd64/lib/libjava.so
7f3acb22b000-7f3acb22c000 r--p 00028000 08:01 926214                     /usr/lib/jvm/java-11-openjdk-amd64/lib/libjava.so
7f3acb22c000-7f3acb22d000 rw-p 00029000 08:01 926214                     /usr/lib/jvm/java-11-openjdk-amd64/lib/libjava.so
7f3acb22d000-7f3acb22e000 rw-p 00000000 00:00 0 
7f3acb22e000-7f3acb23b000 r-xp 00000000 08:01 926233                     /usr/lib/jvm/java-11-openjdk-amd64/lib/libverify.so
7f3acb23b000-7f3acb43a000 ---p 0000d000 08:01 926233                     /usr/lib/jvm/java-11-openjdk-amd64/lib/libverify.so
7f3acb43a000-7f3acb43c000 r--p 0000c000 08:01 926233                     /usr/lib/jvm/java-11-openjdk-amd64/lib/libverify.so
7f3acb43c000-7f3acb43d000 rw-p 0000e000 08:01 926233                     /usr/lib/jvm/java-11-openjdk-amd64/lib/libverify.so
7f3acb43d000-7f3acb444000 r-xp 00000000 08:01 1709201                    /lib/x86_64-linux-gnu/librt-2.27.so
7f3acb444000-7f3acb643000 ---p 00007000 08:01 1709201                    /lib/x86_64-linux-gnu/librt-2.27.so
7f3acb643000-7f3acb644000 r--p 00006000 08:01 1709201                    /lib/x86_64-linux-gnu/librt-2.27.so
7f3acb644000-7f3acb645000 rw-p 00007000 08:01 1709201                    /lib/x86_64-linux-gnu/librt-2.27.so
7f3acb645000-7f3acb65c000 r-xp 00000000 08:01 1709327                    /lib/x86_64-linux-gnu/libgcc_s.so.1
7f3acb65c000-7f3acb85b000 ---p 00017000 08:01 1709327                    /lib/x86_64-linux-gnu/libgcc_s.so.1
7f3acb85b000-7f3acb85c000 r--p 00016000 08:01 1709327                    /lib/x86_64-linux-gnu/libgcc_s.so.1
7f3acb85c000-7f3acb85d000 rw-p 00017000 08:01 1709327                    /lib/x86_64-linux-gnu/libgcc_s.so.1
7f3acb85d000-7f3acb9fa000 r-xp 00000000 08:01 1709188                    /lib/x86_64-linux-gnu/libm-2.27.so
7f3acb9fa000-7f3acbbf9000 ---p 0019d000 08:01 1709188                    /lib/x86_64-linux-gnu/libm-2.27.so
7f3acbbf9000-7f3acbbfa000 r--p 0019c000 08:01 1709188                    /lib/x86_64-linux-gnu/libm-2.27.so
7f3acbbfa000-7f3acbbfb000 rw-p 0019d000 08:01 1709188                    /lib/x86_64-linux-gnu/libm-2.27.so
7f3acbbfb000-7f3acbd74000 r-xp 00000000 08:01 664741                     /usr/lib/x86_64-linux-gnu/libstdc++.so.6.0.25
7f3acbd74000-7f3acbf74000 ---p 00179000 08:01 664741                     /usr/lib/x86_64-linux-gnu/libstdc++.so.6.0.25
7f3acbf74000-7f3acbf7e000 r--p 00179000 08:01 664741                     /usr/lib/x86_64-linux-gnu/libstdc++.so.6.0.25
7f3acbf7e000-7f3acbf80000 rw-p 00183000 08:01 664741                     /usr/lib/x86_64-linux-gnu/libstdc++.so.6.0.25
7f3acbf80000-7f3acbf84000 rw-p 00000000 00:00 0 
7f3acbf84000-7f3acd08b000 r-xp 00000000 08:01 926240                     /usr/lib/jvm/java-11-openjdk-amd64/lib/server/libjvm.so
7f3acd08b000-7f3acd28b000 ---p 01107000 08:01 926240                     /usr/lib/jvm/java-11-openjdk-amd64/lib/server/libjvm.so
7f3acd28b000-7f3acd34f000 r--p 01107000 08:01 926240                     /usr/lib/jvm/java-11-openjdk-amd64/lib/server/libjvm.so
7f3acd34f000-7f3acd38a000 rw-p 011cb000 08:01 926240                     /usr/lib/jvm/java-11-openjdk-amd64/lib/server/libjvm.so
7f3acd38a000-7f3acd3e1000 rw-p 00000000 00:00 0 
7f3acd3e1000-7f3acd3fb000 r-xp 00000000 08:01 1709199                    /lib/x86_64-linux-gnu/libpthread-2.27.so
7f3acd3fb000-7f3acd5fa000 ---p 0001a000 08:01 1709199                    /lib/x86_64-linux-gnu/libpthread-2.27.so
7f3acd5fa000-7f3acd5fb000 r--p 00019000 08:01 1709199                    /lib/x86_64-linux-gnu/libpthread-2.27.so
7f3acd5fb000-7f3acd5fc000 rw-p 0001a000 08:01 1709199                    /lib/x86_64-linux-gnu/libpthread-2.27.so
7f3acd5fc000-7f3acd600000 rw-p 00000000 00:00 0 
7f3acd600000-7f3acd603000 r-xp 00000000 08:01 1709187                    /lib/x86_64-linux-gnu/libdl-2.27.so
7f3acd603000-7f3acd802000 ---p 00003000 08:01 1709187                    /lib/x86_64-linux-gnu/libdl-2.27.so
7f3acd802000-7f3acd803000 r--p 00002000 08:01 1709187                    /lib/x86_64-linux-gnu/libdl-2.27.so
7f3acd803000-7f3acd804000 rw-p 00003000 08:01 1709187                    /lib/x86_64-linux-gnu/libdl-2.27.so
7f3acd804000-7f3acd820000 r-xp 00000000 08:01 1704012                    /lib/x86_64-linux-gnu/libz.so.1.2.11
7f3acd820000-7f3acda1f000 ---p 0001c000 08:01 1704012                    /lib/x86_64-linux-gnu/libz.so.1.2.11
7f3acda1f000-7f3acda20000 r--p 0001b000 08:01 1704012                    /lib/x86_64-linux-gnu/libz.so.1.2.11
7f3acda20000-7f3acda21000 rw-p 0001c000 08:01 1704012                    /lib/x86_64-linux-gnu/libz.so.1.2.11
7f3acda21000-7f3acdc08000 r-xp 00000000 08:01 1709184                    /lib/x86_64-linux-gnu/libc-2.27.so
7f3acdc08000-7f3acde08000 ---p 001e7000 08:01 1709184                    /lib/x86_64-linux-gnu/libc-2.27.so
7f3acde08000-7f3acde0c000 r--p 001e7000 08:01 1709184                    /lib/x86_64-linux-gnu/libc-2.27.so
7f3acde0c000-7f3acde0e000 rw-p 001eb000 08:01 1709184                    /lib/x86_64-linux-gnu/libc-2.27.so
7f3acde0e000-7f3acde12000 rw-p 00000000 00:00 0 
7f3acde12000-7f3acde21000 r-xp 00000000 08:01 926199                     /usr/lib/jvm/java-11-openjdk-amd64/lib/jli/libjli.so
7f3acde21000-7f3ace020000 ---p 0000f000 08:01 926199                     /usr/lib/jvm/java-11-openjdk-amd64/lib/jli/libjli.so
7f3ace020000-7f3ace021000 r--p 0000e000 08:01 926199                     /usr/lib/jvm/java-11-openjdk-amd64/lib/jli/libjli.so
7f3ace021000-7f3ace022000 rw-p 0000f000 08:01 926199                     /usr/lib/jvm/java-11-openjdk-amd64/lib/jli/libjli.so
7f3ace022000-7f3ace04b000 r-xp 00000000 08:01 1703942                    /lib/x86_64-linux-gnu/ld-2.27.so
7f3ace051000-7f3ace058000 r--s 00000000 08:01 920620                     /usr/lib/x86_64-linux-gnu/gconv/gconv-modules.cache
7f3ace058000-7f3ace05c000 r--p 00000000 08:01 6297966                    /home/syd/.javacpp/cache/javacpp-1.5.7-linux-x86_64.jar/org/bytedeco/javacpp/linux-x86_64/libjnijavacpp.so
7f3ace05c000-7f3ace063000 r-xp 00004000 08:01 6297966                    /home/syd/.javacpp/cache/javacpp-1.5.7-linux-x86_64.jar/org/bytedeco/javacpp/linux-x86_64/libjnijavacpp.so
7f3ace063000-7f3ace067000 r--p 0000b000 08:01 6297966                    /home/syd/.javacpp/cache/javacpp-1.5.7-linux-x86_64.jar/org/bytedeco/javacpp/linux-x86_64/libjnijavacpp.so
7f3ace067000-7f3ace068000 r--p 0000e000 08:01 6297966                    /home/syd/.javacpp/cache/javacpp-1.5.7-linux-x86_64.jar/org/bytedeco/javacpp/linux-x86_64/libjnijavacpp.so
7f3ace068000-7f3ace069000 rw-p 0000f000 08:01 6297966                    /home/syd/.javacpp/cache/javacpp-1.5.7-linux-x86_64.jar/org/bytedeco/javacpp/linux-x86_64/libjnijavacpp.so
7f3ace069000-7f3ace12a000 rw-p 00000000 00:00 0 
7f3ace12a000-7f3ace131000 ---p 00000000 00:00 0 
7f3ace131000-7f3ace135000 ---p 00000000 00:00 0 
7f3ace135000-7f3ace234000 rw-p 00000000 00:00 0 
7f3ace23a000-7f3ace23b000 r--p 00000000 08:01 6297975                    /home/syd/.javacpp/cache/llvm-13.0.1-1.5.7-linux-x86_64.jar/org/bytedeco/llvm/linux-x86_64/libRemarks.so.13
7f3ace23b000-7f3ace23c000 r-xp 00001000 08:01 6297975                    /home/syd/.javacpp/cache/llvm-13.0.1-1.5.7-linux-x86_64.jar/org/bytedeco/llvm/linux-x86_64/libRemarks.so.13
7f3ace23c000-7f3ace23d000 r--p 00002000 08:01 6297975                    /home/syd/.javacpp/cache/llvm-13.0.1-1.5.7-linux-x86_64.jar/org/bytedeco/llvm/linux-x86_64/libRemarks.so.13
7f3ace23d000-7f3ace23e000 r--p 00002000 08:01 6297975                    /home/syd/.javacpp/cache/llvm-13.0.1-1.5.7-linux-x86_64.jar/org/bytedeco/llvm/linux-x86_64/libRemarks.so.13
7f3ace23e000-7f3ace23f000 rw-p 00003000 08:01 6297975                    /home/syd/.javacpp/cache/llvm-13.0.1-1.5.7-linux-x86_64.jar/org/bytedeco/llvm/linux-x86_64/libRemarks.so.13
7f3ace23f000-7f3ace247000 rw-s 00000000 08:01 6424125                    /tmp/hsperfdata_syd/15654
7f3ace247000-7f3ace248000 ---p 00000000 00:00 0 
7f3ace248000-7f3ace249000 r--p 00000000 00:00 0 
7f3ace249000-7f3ace24b000 rw-p 00000000 00:00 0 
7f3ace24b000-7f3ace24c000 r--p 00029000 08:01 1703942                    /lib/x86_64-linux-gnu/ld-2.27.so
7f3ace24c000-7f3ace24d000 rw-p 0002a000 08:01 1703942                    /lib/x86_64-linux-gnu/ld-2.27.so
7f3ace24d000-7f3ace24e000 rw-p 00000000 00:00 0 
7ffe12774000-7ffe12796000 rw-p 00000000 00:00 0                          [stack]
7ffe127b7000-7ffe127ba000 r--p 00000000 00:00 0                          [vvar]
7ffe127ba000-7ffe127bc000 r-xp 00000000 00:00 0                          [vdso]
ffffffffff600000-ffffffffff601000 --xp 00000000 00:00 0                  [vsyscall]


VM Arguments:
java_command: Main /mnt/hgfs/CompilationPrincipleLAB/Lab/src/code.txt /mnt/hgfs/CompilationPrincipleLAB/Lab/src/IRtarget.txt
java_class_path (initial): ./classes:/usr/local/lib/antlr-4.9.1-complete.jar:/usr/local/lib/llvm-13.0.1-1.5.7-linux-x86_64.jar:/usr/local/lib/llvm-platform-13.0.1-1.5.7.jar:/usr/local/lib/llvm-13.0.1-1.5.7.jar:/usr/local/lib/javacpp-1.5.7-linux-x86_64.jar:/usr/local/lib/javacpp-1.5.7.jar
Launcher Type: SUN_STANDARD

[Global flags]
     intx CICompilerCount                          = 2                                         {product} {ergonomic}
     uint ConcGCThreads                            = 1                                         {product} {ergonomic}
     uint G1ConcRefinementThreads                  = 2                                         {product} {ergonomic}
   size_t G1HeapRegionSize                         = 1048576                                   {product} {ergonomic}
    uintx GCDrainStackTargetSize                   = 64                                        {product} {ergonomic}
   size_t InitialHeapSize                          = 65011712                                  {product} {ergonomic}
   size_t MarkStackSize                            = 4194304                                   {product} {ergonomic}
   size_t MaxHeapSize                              = 1023410176                                {product} {ergonomic}
   size_t MaxNewSize                               = 613416960                                 {product} {ergonomic}
   size_t MinHeapDeltaBytes                        = 1048576                                   {product} {ergonomic}
    uintx NonNMethodCodeHeapSize                   = 5825164                                {pd product} {ergonomic}
    uintx NonProfiledCodeHeapSize                  = 122916538                              {pd product} {ergonomic}
    uintx ProfiledCodeHeapSize                     = 122916538                              {pd product} {ergonomic}
    uintx ReservedCodeCacheSize                    = 251658240                              {pd product} {ergonomic}
     bool SegmentedCodeCache                       = true                                      {product} {ergonomic}
     bool UseCompressedClassPointers               = true                                 {lp64_product} {ergonomic}
     bool UseCompressedOops                        = true                                 {lp64_product} {ergonomic}
     bool UseG1GC                                  = true                                      {product} {ergonomic}

Logging:
Log output configuration:
 #0: stdout all=warning uptime,level,tags
 #1: stderr all=off uptime,level,tags

Environment Variables:
CLASSPATH=/usr/local/lib/antlr-4.9.1-complete.jar:/usr/local/lib/llvm-13.0.1-1.5.7-linux-x86_64.jar:/usr/local/lib/llvm-platform-13.0.1-1.5.7.jar:/usr/local/lib/llvm-13.0.1-1.5.7.jar:/usr/local/lib/javacpp-1.5.7-linux-x86_64.jar:/usr/local/lib/javacpp-1.5.7.jar
PATH=/usr/local/sbin:/usr/local/bin:/usr/sbin:/usr/bin:/sbin:/bin:/usr/games:/usr/local/games:/snap/bin
USERNAME=syd
SHELL=/bin/bash
DISPLAY=:0
LANG=zh_CN.UTF-8
LC_NUMERIC=zh_CN.UTF-8
LC_TIME=zh_CN.UTF-8
TERM=xterm-256color

Signal Handlers:
SIGSEGV: [libjvm.so+0xe356a0], sa_mask[0]=11111111011111111101111111111110, sa_flags=SA_RESTART|SA_SIGINFO
SIGBUS: [libjvm.so+0xe356a0], sa_mask[0]=11111111011111111101111111111110, sa_flags=SA_RESTART|SA_SIGINFO
SIGFPE: [libjvm.so+0xe356a0], sa_mask[0]=11111111011111111101111111111110, sa_flags=SA_RESTART|SA_SIGINFO
SIGPIPE: [libjvm.so+0xb89cc0], sa_mask[0]=11111111011111111101111111111110, sa_flags=SA_RESTART|SA_SIGINFO
SIGXFSZ: [libjvm.so+0xb89cc0], sa_mask[0]=11111111011111111101111111111110, sa_flags=SA_RESTART|SA_SIGINFO
SIGILL: [libjvm.so+0xe356a0], sa_mask[0]=11111111011111111101111111111110, sa_flags=SA_RESTART|SA_SIGINFO
SIGUSR2: [libjvm.so+0xb89b50], sa_mask[0]=00000000000000000000000000000000, sa_flags=SA_RESTART|SA_SIGINFO
SIGHUP: [libjvm.so+0xb8a220], sa_mask[0]=11111111011111111101111111111110, sa_flags=SA_RESTART|SA_SIGINFO
SIGINT: [libjvm.so+0xb8a220], sa_mask[0]=11111111011111111101111111111110, sa_flags=SA_RESTART|SA_SIGINFO
SIGTERM: [libjvm.so+0xb8a220], sa_mask[0]=11111111011111111101111111111110, sa_flags=SA_RESTART|SA_SIGINFO
SIGQUIT: [libjvm.so+0xb8a220], sa_mask[0]=11111111011111111101111111111110, sa_flags=SA_RESTART|SA_SIGINFO


---------------  S Y S T E M  ---------------

OS:DISTRIB_ID=Ubuntu
DISTRIB_RELEASE=18.04
DISTRIB_CODENAME=bionic
DISTRIB_DESCRIPTION="Ubuntu 18.04.6 LTS"
uname:Linux 5.4.0-150-generic #167~18.04.1-Ubuntu SMP Wed May 24 00:51:42 UTC 2023 x86_64
OS uptime: 0 days 2:58 hours
libc:glibc 2.27 NPTL 2.27 
rlimit (soft/hard): STACK 8192k/infinity , CORE 0k/infinity , NPROC 15400/15400 , NOFILE 1048576/1048576 , AS infinity/infinity , CPU infinity/infinity , DATA infinity/infinity , FSIZE infinity/infinity , MEMLOCK 65536k/65536k
load average:0.27 0.53 0.55

/proc/meminfo:
MemTotal:        3994712 kB
MemFree:          172512 kB
MemAvailable:     210328 kB
Buffers:            9304 kB
Cached:           211944 kB
SwapCached:        18276 kB
Active:          2433424 kB
Inactive:         653380 kB
Active(anon):    2296860 kB
Inactive(anon):   586464 kB
Active(file):     136564 kB
Inactive(file):    66916 kB
Unevictable:          16 kB
Mlocked:              16 kB
SwapTotal:       2097148 kB
SwapFree:        1673980 kB
Dirty:                60 kB
Writeback:             0 kB
AnonPages:       2854032 kB
Mapped:           129724 kB
Shmem:             17760 kB
KReclaimable:      78392 kB
Slab:             164688 kB
SReclaimable:      78392 kB
SUnreclaim:        86296 kB
KernelStack:       13776 kB
PageTables:        50512 kB
NFS_Unstable:          0 kB
Bounce:                0 kB
WritebackTmp:          0 kB
CommitLimit:     4094504 kB
Committed_AS:    6714816 kB
VmallocTotal:   34359738367 kB
VmallocUsed:       29916 kB
VmallocChunk:          0 kB
Percpu:            50176 kB
HardwareCorrupted:     0 kB
AnonHugePages:         0 kB
ShmemHugePages:        0 kB
ShmemPmdMapped:        0 kB
FileHugePages:         0 kB
FilePmdMapped:         0 kB
CmaTotal:              0 kB
CmaFree:               0 kB
HugePages_Total:       0
HugePages_Free:        0
HugePages_Rsvd:        0
HugePages_Surp:        0
Hugepagesize:       2048 kB
Hugetlb:               0 kB
DirectMap4k:      255808 kB
DirectMap2M:     3938304 kB
DirectMap1G:     2097152 kB

/sys/kernel/mm/transparent_hugepage/enabled:
always [madvise] never
/sys/kernel/mm/transparent_hugepage/defrag (defrag/compaction efforts parameter):
always defer defer+madvise [madvise] never

Process Memory:
Virtual Size: 3713228K (peak: 12418976K)
Resident Set Size: 86800K (peak: 86800K) (anon: 36184K, file: 50616K, shmem: 0K)
Swapped out: 0K
C-Heap outstanding allocations: 14726K, retained: 2369K
glibc malloc tunables: (default)

/proc/sys/kernel/threads-max (system-wide limit on the number of threads):
30800
/proc/sys/vm/max_map_count (maximum number of memory map areas a process may have):
65530
/proc/sys/kernel/pid_max (system-wide limit on number of process identifiers):
131072

container (cgroup) information:
container_type: cgroupv1
cpu_cpuset_cpus: 0-1
cpu_memory_nodes: 0
active_processor_count: 2
cpu_quota: no quota
cpu_period: 100000
cpu_shares: no shares
memory_limit_in_bytes: unlimited
memory_and_swap_limit_in_bytes: not supported
memory_soft_limit_in_bytes: unlimited
memory_usage_in_bytes: 3084360 k
memory_max_usage_in_bytes: 48560 k
kernel_memory_usage_in_bytes: unlimited
kernel_memory_max_usage_in_bytes: unlimited
kernel_memory_limit_in_bytes: unlimited
maximum number of tasks: unlimited
current number of tasks: 227

VMWare virtualization detected
Steal ticks since vm start: 0
Steal ticks percentage since vm start:  0.000

CPU:total 2 (initial active 2) (1 cores per cpu, 1 threads per core) family 6 model 154 stepping 3 microcode 0xffffffff, cmov, cx8, fxsr, mmx, sse, sse2, sse3, ssse3, sse4.1, sse4.2, popcnt, avx, avx2, aes, clmul, erms, 3dnowpref, lzcnt, tsc, tscinvbit, bmi1, bmi2, adx, sha, fma
CPU Model and flags from /proc/cpuinfo:
model name	: 12th Gen Intel(R) Core(TM) i5-12500H
flags		: fpu vme de pse tsc msr pae mce cx8 apic sep mtrr pge mca cmov pat pse36 clflush mmx fxsr sse sse2 ss syscall nx pdpe1gb rdtscp lm constant_tsc arch_perfmon rep_good nopl xtopology tsc_reliable nonstop_tsc cpuid pni pclmulqdq ssse3 fma cx16 pcid sse4_1 sse4_2 x2apic movbe popcnt aes xsave avx f16c rdrand hypervisor lahf_lm abm 3dnowprefetch invpcid_single pti ssbd ibrs ibpb stibp fsgsbase tsc_adjust bmi1 avx2 smep bmi2 erms invpcid rdseed adx smap clflushopt clwb sha_ni xsaveopt xsavec xgetbv1 xsaves arat umip gfni vaes vpclmulqdq rdpid movdiri movdir64b md_clear flush_l1d arch_capabilities
Online cpus:
0-1
Offline cpus:
2-127
BIOS frequency limitation:
<Not Available>
Frequency switch latency (ns):
<Not Available>
Available cpu frequencies:
<Not Available>
Current governor:
<Not Available>
Core performance/turbo boost:
<Not Available>

Memory: 4k page, physical 3994712k(172512k free), swap 2097148k(1673980k free)

vm_info: OpenJDK 64-Bit Server VM (11.0.19+7-post-Ubuntu-0ubuntu118.04.1) for linux-amd64 JRE (11.0.19+7-post-Ubuntu-0ubuntu118.04.1), built on May 10 2023 00:54:54 by "unknown" with gcc 8.4.0

END.
