#
# A fatal error has been detected by the Java Runtime Environment:
#
#  SIGSEGV (0xb) at pc=0x00007f6e76158882, pid=61920, tid=61921
#
# JRE version: OpenJDK Runtime Environment (11.0.19+7) (build 11.0.19+7-post-Ubuntu-0ubuntu118.04.1)
# Java VM: OpenJDK 64-Bit Server VM (11.0.19+7-post-Ubuntu-0ubuntu118.04.1, mixed mode, sharing, tiered, compressed oops, g1 gc, linux-amd64)
# Problematic frame:
# C  [libLLVM-13.so+0xc2c882]  LLVMBuildLoad+0x12
#
# Core dump will be written. Default location: Core dumps may be processed with "/usr/share/apport/apport -p%p -s%s -c%c -d%d -P%P -u%u -g%g -- %E" (or dumping to /mnt/hgfs/CompilationPrincipleLAB/Lab/core.61920)
#
# If you would like to submit a bug report, please visit:
#   https://bugs.launchpad.net/ubuntu/+source/openjdk-lts
# The crash happened outside the Java Virtual Machine in native code.
# See problematic frame for where to report the bug.
#

---------------  S U M M A R Y ------------

Command Line: Main /mnt/hgfs/CompilationPrincipleLAB/Lab/main.c /mnt/hgfs/CompilationPrincipleLAB/Lab/main.asm

Host: 12th Gen Intel(R) Core(TM) i5-12500H, 2 cores, 3G, Ubuntu 18.04.6 LTS
Time: Mon Jul  1 08:07:10 2024 PDT elapsed time: 0.441157 seconds (0d 0h 0m 0s)

---------------  T H R E A D  ---------------

Current thread (0x00007f6ed4017000):  JavaThread "main" [_thread_in_native, id=61921, stack(0x00007f6edb072000,0x00007f6edb173000)]

Stack: [0x00007f6edb072000,0x00007f6edb173000],  sp=0x00007f6edb170b70,  free space=1018k
Native frames: (J=compiled Java code, A=aot compiled Java code, j=interpreted, Vv=VM code, C=native code)
C  [libLLVM-13.so+0xc2c882]  LLVMBuildLoad+0x12

Java frames: (J=compiled Java code, j=interpreted, Vv=VM code)
j  org.bytedeco.llvm.global.LLVM.LLVMBuildLoad(Lorg/bytedeco/llvm/LLVM/LLVMBuilderRef;Lorg/bytedeco/llvm/LLVM/LLVMValueRef;Ljava/lang/String;)Lorg/bytedeco/llvm/LLVM/LLVMValueRef;+0
j  MyLLVMIRVisitor.visitExp(LSysYParser$ExpContext;)Lorg/bytedeco/llvm/LLVM/LLVMValueRef;+161
j  MyLLVMIRVisitor.visitExp(LSysYParser$ExpContext;)Lorg/bytedeco/llvm/LLVM/LLVMValueRef;+564
j  MyLLVMIRVisitor.visitStmt(LSysYParser$StmtContext;)Lorg/bytedeco/llvm/LLVM/LLVMValueRef;+57
j  MyLLVMIRVisitor.visitStmt(LSysYParser$StmtContext;)Ljava/lang/Object;+2
j  SysYParser$StmtContext.accept(Lorg/antlr/v4/runtime/tree/ParseTreeVisitor;)Ljava/lang/Object;+12
J 666 c1 org.antlr.v4.runtime.tree.AbstractParseTreeVisitor.visitChildren(Lorg/antlr/v4/runtime/tree/RuleNode;)Ljava/lang/Object; (69 bytes) @ 0x00007f6ebc01031c [0x00007f6ebc00fea0+0x000000000000047c]
j  SysYParserBaseVisitor.visitBlockItem(LSysYParser$BlockItemContext;)Ljava/lang/Object;+2
j  SysYParser$BlockItemContext.accept(Lorg/antlr/v4/runtime/tree/ParseTreeVisitor;)Ljava/lang/Object;+12
J 666 c1 org.antlr.v4.runtime.tree.AbstractParseTreeVisitor.visitChildren(Lorg/antlr/v4/runtime/tree/RuleNode;)Ljava/lang/Object; (69 bytes) @ 0x00007f6ebc01031c [0x00007f6ebc00fea0+0x000000000000047c]
j  SysYParserBaseVisitor.visitBlock(LSysYParser$BlockContext;)Ljava/lang/Object;+2
j  MyLLVMIRVisitor.visitBlock(LSysYParser$BlockContext;)Lorg/bytedeco/llvm/LLVM/LLVMValueRef;+2
j  MyLLVMIRVisitor.visitBlock(LSysYParser$BlockContext;)Ljava/lang/Object;+2
j  SysYParser$BlockContext.accept(Lorg/antlr/v4/runtime/tree/ParseTreeVisitor;)Ljava/lang/Object;+12
J 666 c1 org.antlr.v4.runtime.tree.AbstractParseTreeVisitor.visitChildren(Lorg/antlr/v4/runtime/tree/RuleNode;)Ljava/lang/Object; (69 bytes) @ 0x00007f6ebc01031c [0x00007f6ebc00fea0+0x000000000000047c]
j  SysYParserBaseVisitor.visitFuncDef(LSysYParser$FuncDefContext;)Ljava/lang/Object;+2
j  MyLLVMIRVisitor.visitFuncDef(LSysYParser$FuncDefContext;)Lorg/bytedeco/llvm/LLVM/LLVMValueRef;+277
j  MyLLVMIRVisitor.visitFuncDef(LSysYParser$FuncDefContext;)Ljava/lang/Object;+2
j  SysYParser$FuncDefContext.accept(Lorg/antlr/v4/runtime/tree/ParseTreeVisitor;)Ljava/lang/Object;+12
J 666 c1 org.antlr.v4.runtime.tree.AbstractParseTreeVisitor.visitChildren(Lorg/antlr/v4/runtime/tree/RuleNode;)Ljava/lang/Object; (69 bytes) @ 0x00007f6ebc01031c [0x00007f6ebc00fea0+0x000000000000047c]
j  SysYParserBaseVisitor.visitCompUnit(LSysYParser$CompUnitContext;)Ljava/lang/Object;+2
j  SysYParser$CompUnitContext.accept(Lorg/antlr/v4/runtime/tree/ParseTreeVisitor;)Ljava/lang/Object;+12
J 666 c1 org.antlr.v4.runtime.tree.AbstractParseTreeVisitor.visitChildren(Lorg/antlr/v4/runtime/tree/RuleNode;)Ljava/lang/Object; (69 bytes) @ 0x00007f6ebc01031c [0x00007f6ebc00fea0+0x000000000000047c]
j  SysYParserBaseVisitor.visitProgram(LSysYParser$ProgramContext;)Ljava/lang/Object;+2
j  MyLLVMIRVisitor.visitProgram(LSysYParser$ProgramContext;)Lorg/bytedeco/llvm/LLVM/LLVMValueRef;+2
j  MyLLVMIRVisitor.visitProgram(LSysYParser$ProgramContext;)Ljava/lang/Object;+2
j  SysYParser$ProgramContext.accept(Lorg/antlr/v4/runtime/tree/ParseTreeVisitor;)Ljava/lang/Object;+12
J 586 c1 org.antlr.v4.runtime.tree.AbstractParseTreeVisitor.visit(Lorg/antlr/v4/runtime/tree/ParseTree;)Ljava/lang/Object; (8 bytes) @ 0x00007f6ebbfe62cc [0x00007f6ebbfe6240+0x000000000000008c]
j  Main.main([Ljava/lang/String;)V+198
v  ~StubRoutines::call_stub

siginfo: si_signo: 11 (SIGSEGV), si_code: 1 (SEGV_MAPERR), si_addr: 0x0000000000000000

Register to memory mapping:

RAX=0x00007f6ed436b000 points into unknown readable memory: 0x0000000000313278 | 78 32 31 00 00 00 00 00
RBX=0x0 is NULL
RCX=0x0000000000003132 is an unknown value
RDX=0x00007f6ed436b000 points into unknown readable memory: 0x0000000000313278 | 78 32 31 00 00 00 00 00
RSP=0x00007f6edb170b70 is pointing into the stack for thread: 0x00007f6ed4017000
RBP=0x00007f6ed4338c70 points into unknown readable memory: 0x00007f6ed4338c80 | 80 8c 33 d4 6e 7f 00 00
RSI=0x0 is NULL
RDI=0x00007f6ed4338c70 points into unknown readable memory: 0x00007f6ed4338c80 | 80 8c 33 d4 6e 7f 00 00
R8 =0x0000000000000010 is an unknown value
R9 =0x0000000000000002 is an unknown value
R10=0x00007f6ed4105e40 points into unknown readable memory: 0x00007f6eb8748d70 | 70 8d 74 b8 6e 7f 00 00
R11=0x0000000000000002 is an unknown value
R12=0x0 is NULL
R13=0x0 is NULL
R14=0x00007f6ed436b000 points into unknown readable memory: 0x0000000000313278 | 78 32 31 00 00 00 00 00
R15=0x00007f6ed4017000 is a thread


Registers:
RAX=0x00007f6ed436b000, RBX=0x0000000000000000, RCX=0x0000000000003132, RDX=0x00007f6ed436b000
RSP=0x00007f6edb170b70, RBP=0x00007f6ed4338c70, RSI=0x0000000000000000, RDI=0x00007f6ed4338c70
R8 =0x0000000000000010, R9 =0x0000000000000002, R10=0x00007f6ed4105e40, R11=0x0000000000000002
R12=0x0000000000000000, R13=0x0000000000000000, R14=0x00007f6ed436b000, R15=0x00007f6ed4017000
RIP=0x00007f6e76158882, EFLAGS=0x0000000000010202, CSGSFS=0x002b000000000033, ERR=0x0000000000000004
  TRAPNO=0x000000000000000e

Top of Stack: (sp=0x00007f6edb170b70)
0x00007f6edb170b70:   00007f6ed4017000 0000000000000000
0x00007f6edb170b80:   00007f6edb170cb0 0000000000000003
0x00007f6edb170b90:   00007f6edb170bc0 0000000000000003
0x00007f6edb170ba0:   00007f6ed436b000 00007f6ed40b68d0 

Instructions: (pc=0x00007f6e76158882)
0x00007f6e76158782:   89 c4 4c 8d 4c 24 40 e8 92 57 09 00 48 8b 7d 50
0x00007f6e76158792:   48 8b 4d 30 4c 89 e6 48 8d 54 24 10 4c 8b 45 38
0x00007f6e761587a2:   48 8b 07 ff 50 10 48 8b 5d 00 8b 6d 08 5a 59 48
0x00007f6e761587b2:   c1 e5 04 48 01 dd 48 39 eb 74 1a 0f 1f 00 48 8b
0x00007f6e761587c2:   53 08 8b 33 4c 89 e7 48 83 c3 10 e8 6e 16 0e 00
0x00007f6e761587d2:   48 39 dd 75 e9 48 83 c4 68 4c 89 e0 5b 5d 41 5c
0x00007f6e761587e2:   41 5d 41 5e 41 5f c3 0f 1f 80 00 00 00 00 41 54
0x00007f6e761587f2:   b8 01 01 00 00 55 48 89 fd 48 89 f7 53 48 83 ec
0x00007f6e76158802:   30 48 8b 75 30 66 89 44 24 20 e8 ef 24 09 00 48
0x00007f6e76158812:   8b 7d 50 48 8b 4d 30 48 89 e2 49 89 c4 4c 8b 45
0x00007f6e76158822:   38 48 8b 07 4c 89 e6 ff 50 10 48 8b 5d 00 8b 6d
0x00007f6e76158832:   08 48 c1 e5 04 48 01 dd 48 39 eb 74 18 90 48 8b
0x00007f6e76158842:   53 08 8b 33 4c 89 e7 48 83 c3 10 e8 ee 15 0e 00
0x00007f6e76158852:   48 39 dd 75 e9 48 83 c4 30 4c 89 e0 5b 5d 41 5c
0x00007f6e76158862:   c3 66 2e 0f 1f 84 00 00 00 00 00 0f 1f 00 41 56
0x00007f6e76158872:   41 55 49 89 f5 41 54 55 48 89 fd 53 48 83 ec 60
0x00007f6e76158882:   48 8b 06 80 3a 00 be 01 01 00 00 4c 8b 70 18 66
0x00007f6e76158892:   89 74 24 20 74 09 48 89 14 24 c6 44 24 20 03 48
0x00007f6e761588a2:   8b 7d 30 e8 d6 15 fc ff 48 89 c7 e8 4e 47 0e 00
0x00007f6e761588b2:   4c 89 f6 48 89 c7 e8 b3 46 01 00 be 01 00 00 00
0x00007f6e761588c2:   bf 40 00 00 00 89 c3 b8 01 01 00 00 66 89 44 24
0x00007f6e761588d2:   50 e8 a8 0a 13 00 48 8d 4c 24 30 41 89 d9 45 31
0x00007f6e761588e2:   c0 48 83 ec 08 48 89 c7 4c 89 ea 4c 89 f6 6a 00
0x00007f6e761588f2:   49 89 c4 e8 26 5d 09 00 48 8b 7d 50 48 8b 4d 30
0x00007f6e76158902:   4c 89 e6 48 8d 54 24 10 4c 8b 45 38 48 8b 07 ff
0x00007f6e76158912:   50 10 48 8b 5d 00 8b 6d 08 5a 59 48 c1 e5 04 48
0x00007f6e76158922:   01 dd 48 39 eb 74 1e 0f 1f 80 00 00 00 00 48 8b
0x00007f6e76158932:   53 08 8b 33 4c 89 e7 48 83 c3 10 e8 fe 14 0e 00
0x00007f6e76158942:   48 39 dd 75 e9 48 83 c4 60 4c 89 e0 5b 5d 41 5c
0x00007f6e76158952:   41 5d 41 5e c3 66 0f 1f 84 00 00 00 00 00 41 56
0x00007f6e76158962:   49 89 d6 41 55 49 89 f5 be 01 01 00 00 41 54 55
0x00007f6e76158972:   48 89 fd 53 48 83 ec 60 80 39 00 66 89 74 24 20 


Stack slot to memory mapping:
stack at sp + 0 slots: 0x00007f6ed4017000 is a thread
stack at sp + 1 slots: 0x0 is NULL
stack at sp + 2 slots: 0x00007f6edb170cb0 is pointing into the stack for thread: 0x00007f6ed4017000
stack at sp + 3 slots: 0x0000000000000003 is an unknown value
stack at sp + 4 slots: 0x00007f6edb170bc0 is pointing into the stack for thread: 0x00007f6ed4017000
stack at sp + 5 slots: 0x0000000000000003 is an unknown value
stack at sp + 6 slots: 0x00007f6ed436b000 points into unknown readable memory: 0x0000000000313278 | 78 32 31 00 00 00 00 00
stack at sp + 7 slots: 0x00007f6ed40b68d0 points into unknown readable memory: 0x00000000c676b840 | 40 b8 76 c6 00 00 00 00


---------------  P R O C E S S  ---------------

Threads class SMR info:
_java_thread_list=0x00007f6ed4290bf0, length=10, elements={
0x00007f6ed4017000, 0x00007f6ed40b8000, 0x00007f6ed40ba000, 0x00007f6ed40bf800,
0x00007f6ed40c2000, 0x00007f6ed40c4000, 0x00007f6ed40c6000, 0x00007f6ed40c8000,
0x00007f6ed4103800, 0x00007f6ed4289000
}

Java Threads: ( => current thread )
=>0x00007f6ed4017000 JavaThread "main" [_thread_in_native, id=61921, stack(0x00007f6edb072000,0x00007f6edb173000)]
  0x00007f6ed40b8000 JavaThread "Reference Handler" daemon [_thread_blocked, id=61928, stack(0x00007f6eb80c4000,0x00007f6eb81c5000)]
  0x00007f6ed40ba000 JavaThread "Finalizer" daemon [_thread_blocked, id=61929, stack(0x00007f6ea9eff000,0x00007f6eaa000000)]
  0x00007f6ed40bf800 JavaThread "Signal Dispatcher" daemon [_thread_blocked, id=61930, stack(0x00007f6ea996a000,0x00007f6ea9a6b000)]
  0x00007f6ed40c2000 JavaThread "Service Thread" daemon [_thread_blocked, id=61931, stack(0x00007f6ea9869000,0x00007f6ea996a000)]
  0x00007f6ed40c4000 JavaThread "C2 CompilerThread0" daemon [_thread_blocked, id=61932, stack(0x00007f6ea9768000,0x00007f6ea9869000)]
  0x00007f6ed40c6000 JavaThread "C1 CompilerThread0" daemon [_thread_blocked, id=61933, stack(0x00007f6ea9667000,0x00007f6ea9768000)]
  0x00007f6ed40c8000 JavaThread "Sweeper thread" daemon [_thread_blocked, id=61934, stack(0x00007f6ea9566000,0x00007f6ea9667000)]
  0x00007f6ed4103800 JavaThread "Common-Cleaner" daemon [_thread_blocked, id=61936, stack(0x00007f6ea9363000,0x00007f6ea9464000)]
  0x00007f6ed4289000 JavaThread "JavaCPP Deallocator" daemon [_thread_blocked, id=61938, stack(0x00007f6ea8d39000,0x00007f6ea8e3a000)]

Other Threads:
  0x00007f6ed40b5000 VMThread "VM Thread" [stack: 0x00007f6eb81c7000,0x00007f6eb82c7000] [id=61927]
  0x00007f6ed4101000 WatcherThread [stack: 0x00007f6ea9466000,0x00007f6ea9566000] [id=61935]
  0x00007f6ed402f000 GCTaskThread "GC Thread#0" [stack: 0x00007f6ebb78e000,0x00007f6ebb88e000] [id=61922]
  0x00007f6ea0001000 GCTaskThread "GC Thread#1" [stack: 0x00007f6ea8e3c000,0x00007f6ea8f3c000] [id=61937]
  0x00007f6ed404a000 ConcurrentGCThread "G1 Main Marker" [stack: 0x00007f6eb9052000,0x00007f6eb9152000] [id=61923]
  0x00007f6ed404c000 ConcurrentGCThread "G1 Conc#0" [stack: 0x00007f6eb8f50000,0x00007f6eb9050000] [id=61924]
  0x00007f6ed4087000 ConcurrentGCThread "G1 Refine#0" [stack: 0x00007f6eb8c4c000,0x00007f6eb8d4c000] [id=61925]
  0x00007f6ed4089000 ConcurrentGCThread "G1 Young RemSet Sampling" [stack: 0x00007f6eb8b4a000,0x00007f6eb8c4a000] [id=61926]

Threads with active compile tasks:

VM state:not at safepoint (normal execution)

VM Mutex/Monitor currently owned by a thread: None

Heap address: 0x00000000c3000000, size: 976 MB, Compressed Oops mode: 32-bit
Narrow klass base: 0x0000000800000000, Narrow klass shift: 3
Compressed class space size: 1073741824 Address: 0x0000000840000000

Heap:
 garbage-first heap   total 65536K, used 7105K [0x00000000c3000000, 0x0000000100000000)
  region size 1024K, 8 young (8192K), 1 survivors (1024K)
 Metaspace       used 4069K, capacity 6894K, committed 7168K, reserved 1056768K
  class space    used 443K, capacity 743K, committed 768K, reserved 1048576K
Heap Regions: E=young(eden), S=young(survivor), O=old, HS=humongous(starts), HC=humongous(continues), CS=collection set, F=free, A=archive, TAMS=top-at-mark-start (previous, next)
|   0|0x00000000c3000000, 0x00000000c303e600, 0x00000000c3100000| 24%| O|  |TAMS 0x00000000c3000000, 0x00000000c3000000| Untracked 
|   1|0x00000000c3100000, 0x00000000c3100000, 0x00000000c3200000|  0%| F|  |TAMS 0x00000000c3100000, 0x00000000c3100000| Untracked 
|   2|0x00000000c3200000, 0x00000000c3200000, 0x00000000c3300000|  0%| F|  |TAMS 0x00000000c3200000, 0x00000000c3200000| Untracked 
|   3|0x00000000c3300000, 0x00000000c3300000, 0x00000000c3400000|  0%| F|  |TAMS 0x00000000c3300000, 0x00000000c3300000| Untracked 
|   4|0x00000000c3400000, 0x00000000c3400000, 0x00000000c3500000|  0%| F|  |TAMS 0x00000000c3400000, 0x00000000c3400000| Untracked 
|   5|0x00000000c3500000, 0x00000000c3500000, 0x00000000c3600000|  0%| F|  |TAMS 0x00000000c3500000, 0x00000000c3500000| Untracked 
|   6|0x00000000c3600000, 0x00000000c3600000, 0x00000000c3700000|  0%| F|  |TAMS 0x00000000c3600000, 0x00000000c3600000| Untracked 
|   7|0x00000000c3700000, 0x00000000c3700000, 0x00000000c3800000|  0%| F|  |TAMS 0x00000000c3700000, 0x00000000c3700000| Untracked 
|   8|0x00000000c3800000, 0x00000000c3800000, 0x00000000c3900000|  0%| F|  |TAMS 0x00000000c3800000, 0x00000000c3800000| Untracked 
|   9|0x00000000c3900000, 0x00000000c3900000, 0x00000000c3a00000|  0%| F|  |TAMS 0x00000000c3900000, 0x00000000c3900000| Untracked 
|  10|0x00000000c3a00000, 0x00000000c3a00000, 0x00000000c3b00000|  0%| F|  |TAMS 0x00000000c3a00000, 0x00000000c3a00000| Untracked 
|  11|0x00000000c3b00000, 0x00000000c3b00000, 0x00000000c3c00000|  0%| F|  |TAMS 0x00000000c3b00000, 0x00000000c3b00000| Untracked 
|  12|0x00000000c3c00000, 0x00000000c3c00000, 0x00000000c3d00000|  0%| F|  |TAMS 0x00000000c3c00000, 0x00000000c3c00000| Untracked 
|  13|0x00000000c3d00000, 0x00000000c3d00000, 0x00000000c3e00000|  0%| F|  |TAMS 0x00000000c3d00000, 0x00000000c3d00000| Untracked 
|  14|0x00000000c3e00000, 0x00000000c3e00000, 0x00000000c3f00000|  0%| F|  |TAMS 0x00000000c3e00000, 0x00000000c3e00000| Untracked 
|  15|0x00000000c3f00000, 0x00000000c3f00000, 0x00000000c4000000|  0%| F|  |TAMS 0x00000000c3f00000, 0x00000000c3f00000| Untracked 
|  16|0x00000000c4000000, 0x00000000c4000000, 0x00000000c4100000|  0%| F|  |TAMS 0x00000000c4000000, 0x00000000c4000000| Untracked 
|  17|0x00000000c4100000, 0x00000000c4100000, 0x00000000c4200000|  0%| F|  |TAMS 0x00000000c4100000, 0x00000000c4100000| Untracked 
|  18|0x00000000c4200000, 0x00000000c4200000, 0x00000000c4300000|  0%| F|  |TAMS 0x00000000c4200000, 0x00000000c4200000| Untracked 
|  19|0x00000000c4300000, 0x00000000c4300000, 0x00000000c4400000|  0%| F|  |TAMS 0x00000000c4300000, 0x00000000c4300000| Untracked 
|  20|0x00000000c4400000, 0x00000000c4400000, 0x00000000c4500000|  0%| F|  |TAMS 0x00000000c4400000, 0x00000000c4400000| Untracked 
|  21|0x00000000c4500000, 0x00000000c4500000, 0x00000000c4600000|  0%| F|  |TAMS 0x00000000c4500000, 0x00000000c4500000| Untracked 
|  22|0x00000000c4600000, 0x00000000c4600000, 0x00000000c4700000|  0%| F|  |TAMS 0x00000000c4600000, 0x00000000c4600000| Untracked 
|  23|0x00000000c4700000, 0x00000000c4700000, 0x00000000c4800000|  0%| F|  |TAMS 0x00000000c4700000, 0x00000000c4700000| Untracked 
|  24|0x00000000c4800000, 0x00000000c4800000, 0x00000000c4900000|  0%| F|  |TAMS 0x00000000c4800000, 0x00000000c4800000| Untracked 
|  25|0x00000000c4900000, 0x00000000c4900000, 0x00000000c4a00000|  0%| F|  |TAMS 0x00000000c4900000, 0x00000000c4900000| Untracked 
|  26|0x00000000c4a00000, 0x00000000c4a00000, 0x00000000c4b00000|  0%| F|  |TAMS 0x00000000c4a00000, 0x00000000c4a00000| Untracked 
|  27|0x00000000c4b00000, 0x00000000c4b00000, 0x00000000c4c00000|  0%| F|  |TAMS 0x00000000c4b00000, 0x00000000c4b00000| Untracked 
|  28|0x00000000c4c00000, 0x00000000c4c00000, 0x00000000c4d00000|  0%| F|  |TAMS 0x00000000c4c00000, 0x00000000c4c00000| Untracked 
|  29|0x00000000c4d00000, 0x00000000c4d00000, 0x00000000c4e00000|  0%| F|  |TAMS 0x00000000c4d00000, 0x00000000c4d00000| Untracked 
|  30|0x00000000c4e00000, 0x00000000c4e00000, 0x00000000c4f00000|  0%| F|  |TAMS 0x00000000c4e00000, 0x00000000c4e00000| Untracked 
|  31|0x00000000c4f00000, 0x00000000c4f00000, 0x00000000c5000000|  0%| F|  |TAMS 0x00000000c4f00000, 0x00000000c4f00000| Untracked 
|  32|0x00000000c5000000, 0x00000000c5000000, 0x00000000c5100000|  0%| F|  |TAMS 0x00000000c5000000, 0x00000000c5000000| Untracked 
|  33|0x00000000c5100000, 0x00000000c5100000, 0x00000000c5200000|  0%| F|  |TAMS 0x00000000c5100000, 0x00000000c5100000| Untracked 
|  34|0x00000000c5200000, 0x00000000c5200000, 0x00000000c5300000|  0%| F|  |TAMS 0x00000000c5200000, 0x00000000c5200000| Untracked 
|  35|0x00000000c5300000, 0x00000000c5300000, 0x00000000c5400000|  0%| F|  |TAMS 0x00000000c5300000, 0x00000000c5300000| Untracked 
|  36|0x00000000c5400000, 0x00000000c5400000, 0x00000000c5500000|  0%| F|  |TAMS 0x00000000c5400000, 0x00000000c5400000| Untracked 
|  37|0x00000000c5500000, 0x00000000c5500000, 0x00000000c5600000|  0%| F|  |TAMS 0x00000000c5500000, 0x00000000c5500000| Untracked 
|  38|0x00000000c5600000, 0x00000000c5600000, 0x00000000c5700000|  0%| F|  |TAMS 0x00000000c5600000, 0x00000000c5600000| Untracked 
|  39|0x00000000c5700000, 0x00000000c5700000, 0x00000000c5800000|  0%| F|  |TAMS 0x00000000c5700000, 0x00000000c5700000| Untracked 
|  40|0x00000000c5800000, 0x00000000c5800000, 0x00000000c5900000|  0%| F|  |TAMS 0x00000000c5800000, 0x00000000c5800000| Untracked 
|  41|0x00000000c5900000, 0x00000000c5900000, 0x00000000c5a00000|  0%| F|  |TAMS 0x00000000c5900000, 0x00000000c5900000| Untracked 
|  42|0x00000000c5a00000, 0x00000000c5a00000, 0x00000000c5b00000|  0%| F|  |TAMS 0x00000000c5a00000, 0x00000000c5a00000| Untracked 
|  43|0x00000000c5b00000, 0x00000000c5b00000, 0x00000000c5c00000|  0%| F|  |TAMS 0x00000000c5b00000, 0x00000000c5b00000| Untracked 
|  44|0x00000000c5c00000, 0x00000000c5c00000, 0x00000000c5d00000|  0%| F|  |TAMS 0x00000000c5c00000, 0x00000000c5c00000| Untracked 
|  45|0x00000000c5d00000, 0x00000000c5d00000, 0x00000000c5e00000|  0%| F|  |TAMS 0x00000000c5d00000, 0x00000000c5d00000| Untracked 
|  46|0x00000000c5e00000, 0x00000000c5e00000, 0x00000000c5f00000|  0%| F|  |TAMS 0x00000000c5e00000, 0x00000000c5e00000| Untracked 
|  47|0x00000000c5f00000, 0x00000000c5f00000, 0x00000000c6000000|  0%| F|  |TAMS 0x00000000c5f00000, 0x00000000c5f00000| Untracked 
|  48|0x00000000c6000000, 0x00000000c6000000, 0x00000000c6100000|  0%| F|  |TAMS 0x00000000c6000000, 0x00000000c6000000| Untracked 
|  49|0x00000000c6100000, 0x00000000c6100000, 0x00000000c6200000|  0%| F|  |TAMS 0x00000000c6100000, 0x00000000c6100000| Untracked 
|  50|0x00000000c6200000, 0x00000000c6200000, 0x00000000c6300000|  0%| F|  |TAMS 0x00000000c6200000, 0x00000000c6200000| Untracked 
|  51|0x00000000c6300000, 0x00000000c6300000, 0x00000000c6400000|  0%| F|  |TAMS 0x00000000c6300000, 0x00000000c6300000| Untracked 
|  52|0x00000000c6400000, 0x00000000c6400000, 0x00000000c6500000|  0%| F|  |TAMS 0x00000000c6400000, 0x00000000c6400000| Untracked 
|  53|0x00000000c6500000, 0x00000000c6500000, 0x00000000c6600000|  0%| F|  |TAMS 0x00000000c6500000, 0x00000000c6500000| Untracked 
|  54|0x00000000c6600000, 0x00000000c6700000, 0x00000000c6700000|100%| S|CS|TAMS 0x00000000c6600000, 0x00000000c6600000| Complete 
|  55|0x00000000c6700000, 0x00000000c6780800, 0x00000000c6800000| 50%| E|  |TAMS 0x00000000c6700000, 0x00000000c6700000| Complete 
|  56|0x00000000c6800000, 0x00000000c6900000, 0x00000000c6900000|100%| E|CS|TAMS 0x00000000c6800000, 0x00000000c6800000| Complete 
|  57|0x00000000c6900000, 0x00000000c6a00000, 0x00000000c6a00000|100%| E|CS|TAMS 0x00000000c6900000, 0x00000000c6900000| Complete 
|  58|0x00000000c6a00000, 0x00000000c6b00000, 0x00000000c6b00000|100%| E|CS|TAMS 0x00000000c6a00000, 0x00000000c6a00000| Complete 
|  59|0x00000000c6b00000, 0x00000000c6c00000, 0x00000000c6c00000|100%| E|CS|TAMS 0x00000000c6b00000, 0x00000000c6b00000| Complete 
|  60|0x00000000c6c00000, 0x00000000c6d00000, 0x00000000c6d00000|100%| E|CS|TAMS 0x00000000c6c00000, 0x00000000c6c00000| Complete 
|  61|0x00000000c6d00000, 0x00000000c6e00000, 0x00000000c6e00000|100%| E|  |TAMS 0x00000000c6d00000, 0x00000000c6d00000| Complete 
| 974|0x00000000ffe00000, 0x00000000ffe47000, 0x00000000fff00000| 27%|OA|  |TAMS 0x00000000ffe00000, 0x00000000ffe00000| Untracked 
| 975|0x00000000fff00000, 0x00000000fff6b000, 0x0000000100000000| 41%|CA|  |TAMS 0x00000000fff00000, 0x00000000fff00000| Untracked 

Card table byte_map: [0x00007f6ebb1ba000,0x00007f6ebb3a2000] _byte_map_base: 0x00007f6ebaba2000

Marking Bits (Prev, Next): (CMBitMap*) 0x00007f6ed4045378, (CMBitMap*) 0x00007f6ed40453b0
 Prev Bits: [0x00007f6eba092000, 0x00007f6ebafd2000)
 Next Bits: [0x00007f6eb9152000, 0x00007f6eba092000)

Polling page: 0x00007f6edb188000

Metaspace:

Usage:
  Non-class:      6.01 MB capacity,     3.54 MB ( 59%) used,     2.45 MB ( 41%) free+waste,    12.81 KB ( <1%) overhead. 
      Class:    743.00 KB capacity,   443.24 KB ( 60%) used,   293.07 KB ( 39%) free+waste,     6.69 KB ( <1%) overhead. 
       Both:      6.73 MB capacity,     3.97 MB ( 59%) used,     2.74 MB ( 41%) free+waste,    19.50 KB ( <1%) overhead. 

Virtual space:
  Non-class space:        8.00 MB reserved,       6.25 MB ( 78%) committed 
      Class space:        1.00 GB reserved,     768.00 KB ( <1%) committed 
             Both:        1.01 GB reserved,       7.00 MB ( <1%) committed 

Chunk freelists:
   Non-Class:  25.00 KB
       Class:  0 bytes
        Both:  25.00 KB

MaxMetaspaceSize: unlimited
CompressedClassSpaceSize: 1.00 GB
Initial GC threshold: 20.80 MB
Current GC threshold: 20.80 MB
CDS: on

CodeHeap 'non-profiled nmethods': size=120036Kb used=304Kb max_used=304Kb free=119731Kb
 bounds [0x00007f6ec3440000, 0x00007f6ec36b0000, 0x00007f6eca979000]
CodeHeap 'profiled nmethods': size=120032Kb used=1806Kb max_used=1806Kb free=118225Kb
 bounds [0x00007f6ebbf08000, 0x00007f6ebc178000, 0x00007f6ec3440000]
CodeHeap 'non-nmethods': size=5692Kb used=1158Kb max_used=1173Kb free=4533Kb
 bounds [0x00007f6ebb979000, 0x00007f6ebbbe9000, 0x00007f6ebbf08000]
 total_blobs=1450 nmethods=1030 adapters=334
 compilation: enabled
              stopped_count=0, restarted_count=0
 full_count=0

Compilation events (20 events):
Event: 0.431 Thread 0x00007f6ed40c6000 nmethod 1008 0x00007f6ebc0bda90 code [0x00007f6ebc0bdc80, 0x00007f6ebc0be0f0]
Event: 0.431 Thread 0x00007f6ed40c6000 1009       3       jdk.internal.org.objectweb.asm.Frame::pop (53 bytes)
Event: 0.432 Thread 0x00007f6ed40c6000 nmethod 1009 0x00007f6ebc0be390 code [0x00007f6ebc0be5e0, 0x00007f6ebc0bed30]
Event: 0.432 Thread 0x00007f6ed40c6000 1012       3       java.lang.invoke.InvokerBytecodeGenerator::getInternalName (98 bytes)
Event: 0.432 Thread 0x00007f6ed40c6000 nmethod 1012 0x00007f6ebc0bf010 code [0x00007f6ebc0bf220, 0x00007f6ebc0bf6f0]
Event: 0.432 Thread 0x00007f6ed40c6000 1011       3       jdk.internal.org.objectweb.asm.Frame::set (65 bytes)
Event: 0.432 Thread 0x00007f6ed40c6000 nmethod 1011 0x00007f6ebc0bf810 code [0x00007f6ebc0bfa00, 0x00007f6ebc0bff40]
Event: 0.432 Thread 0x00007f6ed40c6000 1017       3       java.lang.invoke.LambdaForm::useCount (90 bytes)
Event: 0.432 Thread 0x00007f6ed40c6000 nmethod 1017 0x00007f6ebc0c0110 code [0x00007f6ebc0c0300, 0x00007f6ebc0c06b0]
Event: 0.432 Thread 0x00007f6ed40c6000 1020       3       java.lang.AbstractStringBuilder::appendChars (130 bytes)
Event: 0.432 Thread 0x00007f6ed40c6000 nmethod 1020 0x00007f6ebc0c0890 code [0x00007f6ebc0c0b00, 0x00007f6ebc0c1600]
Event: 0.432 Thread 0x00007f6ed40c6000 1013       3       java.lang.invoke.MemberName::isMethod (7 bytes)
Event: 0.432 Thread 0x00007f6ed40c6000 nmethod 1013 0x00007f6ebc0c1b90 code [0x00007f6ebc0c1d40, 0x00007f6ebc0c1f90]
Event: 0.432 Thread 0x00007f6ed40c6000 1016       3       java.lang.invoke.LambdaFormBuffer::ownedCount (7 bytes)
Event: 0.432 Thread 0x00007f6ed40c6000 nmethod 1016 0x00007f6ebc0c2090 code [0x00007f6ebc0c2240, 0x00007f6ebc0c2350]
Event: 0.432 Thread 0x00007f6ed40c6000 1015       3       java.lang.invoke.MethodType::insertParameterTypes (121 bytes)
Event: 0.433 Thread 0x00007f6ed40c6000 nmethod 1015 0x00007f6ebc0c2410 code [0x00007f6ebc0c2700, 0x00007f6ebc0c3590]
Event: 0.433 Thread 0x00007f6ed40c6000 1026       3       org.antlr.v4.runtime.tree.TerminalNodeImpl::getText (10 bytes)
Event: 0.433 Thread 0x00007f6ed40c6000 nmethod 1026 0x00007f6ebc0c3b10 code [0x00007f6ebc0c3ce0, 0x00007f6ebc0c3e80]
Event: 0.433 Thread 0x00007f6ed40c6000 1027       3       org.antlr.v4.runtime.CommonToken::getText (67 bytes)

GC Heap History (2 events):
Event: 0.281 GC heap before
{Heap before GC invocations=0 (full 0):
 garbage-first heap   total 65536K, used 6856K [0x00000000c3000000, 0x0000000100000000)
  region size 1024K, 7 young (7168K), 0 survivors (0K)
 Metaspace       used 2323K, capacity 5880K, committed 6016K, reserved 1056768K
  class space    used 258K, capacity 616K, committed 640K, reserved 1048576K
}
Event: 0.285 GC heap after
{Heap after GC invocations=1 (full 0):
 garbage-first heap   total 65536K, used 1985K [0x00000000c3000000, 0x0000000100000000)
  region size 1024K, 1 young (1024K), 1 survivors (1024K)
 Metaspace       used 2323K, capacity 5880K, committed 6016K, reserved 1056768K
  class space    used 258K, capacity 616K, committed 640K, reserved 1048576K
}

Deoptimization events (20 events):
Event: 0.328 Thread 0x00007f6ed4017000 DEOPT PACKING pc=0x00007f6ebc00e608 sp=0x00007f6edb16ea90
Event: 0.328 Thread 0x00007f6ed4017000 DEOPT UNPACKING pc=0x00007f6ebb9c364a sp=0x00007f6edb16df00 mode 0
Event: 0.335 Thread 0x00007f6ed4017000 DEOPT PACKING pc=0x00007f6ebc02b3c2 sp=0x00007f6edb16edc0
Event: 0.335 Thread 0x00007f6ed4017000 DEOPT UNPACKING pc=0x00007f6ebb9c364a sp=0x00007f6edb16e248 mode 0
Event: 0.340 Thread 0x00007f6ed4017000 DEOPT PACKING pc=0x00007f6ebbf472cf sp=0x00007f6edb1707d0
Event: 0.340 Thread 0x00007f6ed4017000 DEOPT UNPACKING pc=0x00007f6ebb9c364a sp=0x00007f6edb16fc78 mode 0
Event: 0.344 Thread 0x00007f6ed4017000 DEOPT PACKING pc=0x00007f6ebbf472cf sp=0x00007f6edb170670
Event: 0.344 Thread 0x00007f6ed4017000 DEOPT UNPACKING pc=0x00007f6ebb9c364a sp=0x00007f6edb16fb18 mode 0
Event: 0.352 Thread 0x00007f6ed4017000 DEOPT PACKING pc=0x00007f6ebc00e608 sp=0x00007f6edb170980
Event: 0.352 Thread 0x00007f6ed4017000 DEOPT UNPACKING pc=0x00007f6ebb9c364a sp=0x00007f6edb16fdf0 mode 0
Event: 0.354 Thread 0x00007f6ed4017000 DEOPT PACKING pc=0x00007f6ebbf472cf sp=0x00007f6edb170670
Event: 0.354 Thread 0x00007f6ed4017000 DEOPT UNPACKING pc=0x00007f6ebb9c364a sp=0x00007f6edb16fb18 mode 0
Event: 0.357 Thread 0x00007f6ed4017000 DEOPT PACKING pc=0x00007f6ebbf472cf sp=0x00007f6edb170690
Event: 0.357 Thread 0x00007f6ed4017000 DEOPT UNPACKING pc=0x00007f6ebb9c364a sp=0x00007f6edb16fb38 mode 0
Event: 0.359 Thread 0x00007f6ed4017000 DEOPT PACKING pc=0x00007f6ebbf472cf sp=0x00007f6edb170690
Event: 0.359 Thread 0x00007f6ed4017000 DEOPT UNPACKING pc=0x00007f6ebb9c364a sp=0x00007f6edb16fb38 mode 0
Event: 0.360 Thread 0x00007f6ed4017000 DEOPT PACKING pc=0x00007f6ebc00e608 sp=0x00007f6edb170360
Event: 0.360 Thread 0x00007f6ed4017000 DEOPT UNPACKING pc=0x00007f6ebb9c364a sp=0x00007f6edb16f7d0 mode 0
Event: 0.370 Thread 0x00007f6ed4017000 DEOPT PACKING pc=0x00007f6ebc00e608 sp=0x00007f6edb1708b0
Event: 0.370 Thread 0x00007f6ed4017000 DEOPT UNPACKING pc=0x00007f6ebb9c364a sp=0x00007f6edb16fd20 mode 0

Classes redefined (0 events):
No events

Internal exceptions (20 events):
Event: 0.291 Thread 0x00007f6ed4017000 Exception <a 'java/security/PrivilegedActionException'{0x00000000c6d788e0}> (0x00000000c6d788e0) thrown at [src/hotspot/share/prims/jvm.cpp, line 1306]
Event: 0.291 Thread 0x00007f6ed4017000 Exception <a 'java/security/PrivilegedActionException'{0x00000000c6d78bb0}> (0x00000000c6d78bb0) thrown at [src/hotspot/share/prims/jvm.cpp, line 1306]
Event: 0.291 Thread 0x00007f6ed4017000 Exception <a 'java/security/PrivilegedActionException'{0x00000000c6d79520}> (0x00000000c6d79520) thrown at [src/hotspot/share/prims/jvm.cpp, line 1306]
Event: 0.291 Thread 0x00007f6ed4017000 Exception <a 'java/security/PrivilegedActionException'{0x00000000c6d797f0}> (0x00000000c6d797f0) thrown at [src/hotspot/share/prims/jvm.cpp, line 1306]
Event: 0.291 Thread 0x00007f6ed4017000 Exception <a 'java/security/PrivilegedActionException'{0x00000000c6d7a178}> (0x00000000c6d7a178) thrown at [src/hotspot/share/prims/jvm.cpp, line 1306]
Event: 0.291 Thread 0x00007f6ed4017000 Exception <a 'java/security/PrivilegedActionException'{0x00000000c6d7a448}> (0x00000000c6d7a448) thrown at [src/hotspot/share/prims/jvm.cpp, line 1306]
Event: 0.291 Thread 0x00007f6ed4017000 Exception <a 'java/security/PrivilegedActionException'{0x00000000c6d7add0}> (0x00000000c6d7add0) thrown at [src/hotspot/share/prims/jvm.cpp, line 1306]
Event: 0.291 Thread 0x00007f6ed4017000 Exception <a 'java/security/PrivilegedActionException'{0x00000000c6d7b0a0}> (0x00000000c6d7b0a0) thrown at [src/hotspot/share/prims/jvm.cpp, line 1306]
Event: 0.291 Thread 0x00007f6ed4017000 Exception <a 'java/security/PrivilegedActionException'{0x00000000c6d7ba28}> (0x00000000c6d7ba28) thrown at [src/hotspot/share/prims/jvm.cpp, line 1306]
Event: 0.291 Thread 0x00007f6ed4017000 Exception <a 'java/security/PrivilegedActionException'{0x00000000c6d7bcf8}> (0x00000000c6d7bcf8) thrown at [src/hotspot/share/prims/jvm.cpp, line 1306]
Event: 0.291 Thread 0x00007f6ed4017000 Exception <a 'java/security/PrivilegedActionException'{0x00000000c6d7c668}> (0x00000000c6d7c668) thrown at [src/hotspot/share/prims/jvm.cpp, line 1306]
Event: 0.291 Thread 0x00007f6ed4017000 Exception <a 'java/security/PrivilegedActionException'{0x00000000c6d7c938}> (0x00000000c6d7c938) thrown at [src/hotspot/share/prims/jvm.cpp, line 1306]
Event: 0.291 Thread 0x00007f6ed4017000 Exception <a 'java/security/PrivilegedActionException'{0x00000000c6d7d2c0}> (0x00000000c6d7d2c0) thrown at [src/hotspot/share/prims/jvm.cpp, line 1306]
Event: 0.291 Thread 0x00007f6ed4017000 Exception <a 'java/security/PrivilegedActionException'{0x00000000c6d7d590}> (0x00000000c6d7d590) thrown at [src/hotspot/share/prims/jvm.cpp, line 1306]
Event: 0.292 Thread 0x00007f6ed4017000 Exception <a 'java/security/PrivilegedActionException'{0x00000000c6d8b340}> (0x00000000c6d8b340) thrown at [src/hotspot/share/prims/jvm.cpp, line 1306]
Event: 0.292 Thread 0x00007f6ed4017000 Exception <a 'java/security/PrivilegedActionException'{0x00000000c6d8b610}> (0x00000000c6d8b610) thrown at [src/hotspot/share/prims/jvm.cpp, line 1306]
Event: 0.308 Thread 0x00007f6ed4017000 Exception <a 'java/lang/NoSuchMethodError'{0x00000000c6c91bd8}: 'int java.lang.invoke.DirectMethodHandle$Holder.invokeStaticInit(java.lang.Object, java.lang.Object, java.lang.Object, java.lang.Object)'> (0x00000000c6c91bd8) thrown at [src/hotspot/share/interpreter/linkResolver.cpp, line 773]
Event: 0.309 Thread 0x00007f6ed4017000 Exception <a 'java/lang/IncompatibleClassChangeError'{0x00000000c6c9b2d8}: Found class java.lang.Object, but interface was expected> (0x00000000c6c9b2d8) thrown at [src/hotspot/share/interpreter/linkResolver.cpp, line 839]
Event: 0.309 Thread 0x00007f6ed4017000 Exception <a 'java/lang/NoSuchMethodError'{0x00000000c6c9e528}: 'void java.lang.invoke.DirectMethodHandle$Holder.invokeStaticInit(java.lang.Object, java.lang.Object)'> (0x00000000c6c9e528) thrown at [src/hotspot/share/interpreter/linkResolver.cpp, line 773]
Event: 0.309 Thread 0x00007f6ed4017000 Exception <a 'java/lang/NoSuchMethodError'{0x00000000c6ca3f80}: 'int java.lang.invoke.DirectMethodHandle$Holder.invokeStaticInit(java.lang.Object, java.lang.Object)'> (0x00000000c6ca3f80) thrown at [src/hotspot/share/interpreter/linkResolver.cpp, line 773]

Events (20 events):
Event: 0.425 loading class org/bytedeco/llvm/LLVM/LLVMObjectFileRef
Event: 0.425 loading class org/bytedeco/llvm/LLVM/LLVMObjectFileRef done
Event: 0.425 loading class org/bytedeco/llvm/LLVM/LLVMTargetRef
Event: 0.425 loading class org/bytedeco/llvm/LLVM/LLVMTargetRef done
Event: 0.426 loading class org/bytedeco/llvm/LLVM/LLVMPassManagerBuilderRef
Event: 0.426 loading class org/bytedeco/llvm/LLVM/LLVMPassManagerBuilderRef done
Event: 0.426 loading class org/bytedeco/llvm/LLVM/LLVMPassBuilderOptionsRef
Event: 0.426 loading class org/bytedeco/llvm/LLVM/LLVMPassBuilderOptionsRef done
Event: 0.426 loading class org/bytedeco/llvm/LLVM/Pass
Event: 0.426 loading class org/bytedeco/llvm/LLVM/Pass done
Event: 0.426 loading class org/bytedeco/llvm/LLVM/LLVMNamedMDNodeRef
Event: 0.426 loading class org/bytedeco/llvm/LLVM/LLVMNamedMDNodeRef done
Event: 0.427 loading class org/bytedeco/llvm/LLVM/LLVMUseRef
Event: 0.427 loading class org/bytedeco/llvm/LLVM/LLVMUseRef done
Event: 0.429 loading class org/bytedeco/javacpp/PointerScope
Event: 0.429 loading class org/bytedeco/javacpp/PointerScope done
Event: 0.430 loading class org/bytedeco/javacpp/PointerScope$1
Event: 0.430 loading class org/bytedeco/javacpp/PointerScope$1 done
Event: 0.432 loading class java/lang/invoke/BoundMethodHandle$Species_LLLLLLIIL
Event: 0.432 loading class java/lang/invoke/BoundMethodHandle$Species_LLLLLLIIL done


Dynamic libraries:
c3000000-c6e00000 rw-p 00000000 00:00 0 
c6e00000-ffe00000 ---p 00000000 00:00 0 
ffe00000-ffe47000 rw-p 00b0a000 08:01 926690                             /usr/lib/jvm/java-11-openjdk-amd64/lib/server/classes.jsa
ffe47000-fff00000 rw-p 00000000 00:00 0 
fff00000-fff6b000 rw-p 00a9f000 08:01 926690                             /usr/lib/jvm/java-11-openjdk-amd64/lib/server/classes.jsa
fff6b000-100000000 rw-p 00000000 00:00 0 
800000000-800002000 rwxp 00001000 08:01 926690                           /usr/lib/jvm/java-11-openjdk-amd64/lib/server/classes.jsa
800002000-8003cc000 rw-p 00003000 08:01 926690                           /usr/lib/jvm/java-11-openjdk-amd64/lib/server/classes.jsa
8003cc000-800a9d000 r--p 003cd000 08:01 926690                           /usr/lib/jvm/java-11-openjdk-amd64/lib/server/classes.jsa
800a9d000-800a9e000 rw-p 00a9e000 08:01 926690                           /usr/lib/jvm/java-11-openjdk-amd64/lib/server/classes.jsa
840000000-8400c0000 rw-p 00000000 00:00 0 
8400c0000-880000000 ---p 00000000 00:00 0 
55e8607ad000-55e8607ae000 r-xp 00000000 08:01 926076                     /usr/lib/jvm/java-11-openjdk-amd64/bin/java
55e8609ae000-55e8609af000 r--p 00001000 08:01 926076                     /usr/lib/jvm/java-11-openjdk-amd64/bin/java
55e8609af000-55e8609b0000 rw-p 00002000 08:01 926076                     /usr/lib/jvm/java-11-openjdk-amd64/bin/java
55e86233f000-55e862360000 rw-p 00000000 00:00 0                          [heap]
7f6e7552c000-7f6e75e52000 r--p 00000000 08:01 6297972                    /home/syd/.javacpp/cache/llvm-13.0.1-1.5.7-linux-x86_64.jar/org/bytedeco/llvm/linux-x86_64/libLLVM-13.so
7f6e75e52000-7f6e79815000 r-xp 00926000 08:01 6297972                    /home/syd/.javacpp/cache/llvm-13.0.1-1.5.7-linux-x86_64.jar/org/bytedeco/llvm/linux-x86_64/libLLVM-13.so
7f6e79815000-7f6e7ba6a000 r--p 042e9000 08:01 6297972                    /home/syd/.javacpp/cache/llvm-13.0.1-1.5.7-linux-x86_64.jar/org/bytedeco/llvm/linux-x86_64/libLLVM-13.so
7f6e7ba6a000-7f6e7bf7f000 r--p 0653d000 08:01 6297972                    /home/syd/.javacpp/cache/llvm-13.0.1-1.5.7-linux-x86_64.jar/org/bytedeco/llvm/linux-x86_64/libLLVM-13.so
7f6e7bf7f000-7f6e7bf8a000 rw-p 06a52000 08:01 6297972                    /home/syd/.javacpp/cache/llvm-13.0.1-1.5.7-linux-x86_64.jar/org/bytedeco/llvm/linux-x86_64/libLLVM-13.so
7f6e7bf8a000-7f6e7c000000 rw-p 00000000 00:00 0 
7f6e7c000000-7f6e7c021000 rw-p 00000000 00:00 0 
7f6e7c021000-7f6e80000000 ---p 00000000 00:00 0 
7f6e80000000-7f6e80021000 rw-p 00000000 00:00 0 
7f6e80021000-7f6e84000000 ---p 00000000 00:00 0 
7f6e84000000-7f6e8423a000 rw-p 00000000 00:00 0 
7f6e8423a000-7f6e88000000 ---p 00000000 00:00 0 
7f6e88000000-7f6e88562000 rw-p 00000000 00:00 0 
7f6e88562000-7f6e8c000000 ---p 00000000 00:00 0 
7f6e8c000000-7f6e8c021000 rw-p 00000000 00:00 0 
7f6e8c021000-7f6e90000000 ---p 00000000 00:00 0 
7f6e90000000-7f6e90021000 rw-p 00000000 00:00 0 
7f6e90021000-7f6e94000000 ---p 00000000 00:00 0 
7f6e94000000-7f6e94021000 rw-p 00000000 00:00 0 
7f6e94021000-7f6e98000000 ---p 00000000 00:00 0 
7f6e98000000-7f6e98021000 rw-p 00000000 00:00 0 
7f6e98021000-7f6e9c000000 ---p 00000000 00:00 0 
7f6e9c000000-7f6e9c021000 rw-p 00000000 00:00 0 
7f6e9c021000-7f6ea0000000 ---p 00000000 00:00 0 
7f6ea0000000-7f6ea0021000 rw-p 00000000 00:00 0 
7f6ea0021000-7f6ea4000000 ---p 00000000 00:00 0 
7f6ea4000000-7f6ea4021000 rw-p 00000000 00:00 0 
7f6ea4021000-7f6ea8000000 ---p 00000000 00:00 0 
7f6ea8c33000-7f6ea8c98000 r--p 00000000 08:01 6297977                    /home/syd/.javacpp/cache/llvm-13.0.1-1.5.7-linux-x86_64.jar/org/bytedeco/llvm/linux-x86_64/libjniLLVM.so
7f6ea8c98000-7f6ea8d06000 r-xp 00065000 08:01 6297977                    /home/syd/.javacpp/cache/llvm-13.0.1-1.5.7-linux-x86_64.jar/org/bytedeco/llvm/linux-x86_64/libjniLLVM.so
7f6ea8d06000-7f6ea8d31000 r--p 000d3000 08:01 6297977                    /home/syd/.javacpp/cache/llvm-13.0.1-1.5.7-linux-x86_64.jar/org/bytedeco/llvm/linux-x86_64/libjniLLVM.so
7f6ea8d31000-7f6ea8d34000 r--p 000fd000 08:01 6297977                    /home/syd/.javacpp/cache/llvm-13.0.1-1.5.7-linux-x86_64.jar/org/bytedeco/llvm/linux-x86_64/libjniLLVM.so
7f6ea8d34000-7f6ea8d37000 rw-p 00100000 08:01 6297977                    /home/syd/.javacpp/cache/llvm-13.0.1-1.5.7-linux-x86_64.jar/org/bytedeco/llvm/linux-x86_64/libjniLLVM.so
7f6ea8d37000-7f6ea8d39000 rw-p 00000000 00:00 0 
7f6ea8d39000-7f6ea8d3d000 ---p 00000000 00:00 0 
7f6ea8d3d000-7f6ea8e3a000 rw-p 00000000 00:00 0 
7f6ea8e3a000-7f6ea8e3b000 ---p 00000000 00:00 0 
7f6ea8e3b000-7f6ea8f3c000 rw-p 00000000 00:00 0 
7f6ea8f3c000-7f6ea8f51000 r-xp 00000000 08:01 926225                     /usr/lib/jvm/java-11-openjdk-amd64/lib/libnet.so
7f6ea8f51000-7f6ea9150000 ---p 00015000 08:01 926225                     /usr/lib/jvm/java-11-openjdk-amd64/lib/libnet.so
7f6ea9150000-7f6ea9151000 r--p 00014000 08:01 926225                     /usr/lib/jvm/java-11-openjdk-amd64/lib/libnet.so
7f6ea9151000-7f6ea9152000 rw-p 00015000 08:01 926225                     /usr/lib/jvm/java-11-openjdk-amd64/lib/libnet.so
7f6ea9152000-7f6ea9162000 r-xp 00000000 08:01 926226                     /usr/lib/jvm/java-11-openjdk-amd64/lib/libnio.so
7f6ea9162000-7f6ea9361000 ---p 00010000 08:01 926226                     /usr/lib/jvm/java-11-openjdk-amd64/lib/libnio.so
7f6ea9361000-7f6ea9362000 r--p 0000f000 08:01 926226                     /usr/lib/jvm/java-11-openjdk-amd64/lib/libnio.so
7f6ea9362000-7f6ea9363000 rw-p 00010000 08:01 926226                     /usr/lib/jvm/java-11-openjdk-amd64/lib/libnio.so
7f6ea9363000-7f6ea9367000 ---p 00000000 00:00 0 
7f6ea9367000-7f6ea9464000 rw-p 00000000 00:00 0 
7f6ea9464000-7f6ea9465000 ---p 00000000 00:00 0 
7f6ea9465000-7f6ea9566000 rw-p 00000000 00:00 0 
7f6ea9566000-7f6ea956a000 ---p 00000000 00:00 0 
7f6ea956a000-7f6ea9667000 rw-p 00000000 00:00 0 
7f6ea9667000-7f6ea966b000 ---p 00000000 00:00 0 
7f6ea966b000-7f6ea9768000 rw-p 00000000 00:00 0 
7f6ea9768000-7f6ea976c000 ---p 00000000 00:00 0 
7f6ea976c000-7f6ea9869000 rw-p 00000000 00:00 0 
7f6ea9869000-7f6ea986d000 ---p 00000000 00:00 0 
7f6ea986d000-7f6ea996a000 rw-p 00000000 00:00 0 
7f6ea996a000-7f6ea996e000 ---p 00000000 00:00 0 
7f6ea996e000-7f6ea9a6b000 rw-p 00000000 00:00 0 
7f6ea9a6b000-7f6ea9eff000 r--p 00000000 08:01 666827                     /usr/lib/locale/locale-archive
7f6ea9eff000-7f6ea9f03000 ---p 00000000 00:00 0 
7f6ea9f03000-7f6eac000000 rw-p 00000000 00:00 0 
7f6eac000000-7f6eac021000 rw-p 00000000 00:00 0 
7f6eac021000-7f6eb0000000 ---p 00000000 00:00 0 
7f6eb0000000-7f6eb0021000 rw-p 00000000 00:00 0 
7f6eb0021000-7f6eb4000000 ---p 00000000 00:00 0 
7f6eb4000000-7f6eb4021000 rw-p 00000000 00:00 0 
7f6eb4021000-7f6eb8000000 ---p 00000000 00:00 0 
7f6eb80c4000-7f6eb80c8000 ---p 00000000 00:00 0 
7f6eb80c8000-7f6eb81c5000 rw-p 00000000 00:00 0 
7f6eb81c5000-7f6eb81c6000 ---p 00000000 00:00 0 
7f6eb81c6000-7f6eb8988000 rw-p 00000000 00:00 0 
7f6eb8988000-7f6eb8b48000 ---p 00000000 00:00 0 
7f6eb8b48000-7f6eb8b49000 ---p 00000000 00:00 0 
7f6eb8b49000-7f6eb8c4a000 rw-p 00000000 00:00 0 
7f6eb8c4a000-7f6eb8c4b000 ---p 00000000 00:00 0 
7f6eb8c4b000-7f6eb8f4e000 rw-p 00000000 00:00 0 
7f6eb8f4e000-7f6eb8f4f000 ---p 00000000 00:00 0 
7f6eb8f4f000-7f6eb9050000 rw-p 00000000 00:00 0 
7f6eb9050000-7f6eb9051000 ---p 00000000 00:00 0 
7f6eb9051000-7f6eb924a000 rw-p 00000000 00:00 0 
7f6eb924a000-7f6eba08a000 ---p 00000000 00:00 0 
7f6eba08a000-7f6eba18a000 rw-p 00000000 00:00 0 
7f6eba18a000-7f6ebafca000 ---p 00000000 00:00 0 
7f6ebafca000-7f6ebaff1000 rw-p 00000000 00:00 0 
7f6ebaff1000-7f6ebb1b9000 ---p 00000000 00:00 0 
7f6ebb1b9000-7f6ebb1d9000 rw-p 00000000 00:00 0 
7f6ebb1d9000-7f6ebb3a1000 ---p 00000000 00:00 0 
7f6ebb3a1000-7f6ebb3c1000 rw-p 00000000 00:00 0 
7f6ebb3c1000-7f6ebb589000 ---p 00000000 00:00 0 
7f6ebb589000-7f6ebb78c000 rw-p 00000000 00:00 0 
7f6ebb78c000-7f6ebb78d000 ---p 00000000 00:00 0 
7f6ebb78d000-7f6ebb893000 rw-p 00000000 00:00 0 
7f6ebb893000-7f6ebb979000 ---p 00000000 00:00 0 
7f6ebb979000-7f6ebbbe9000 rwxp 00000000 00:00 0 
7f6ebbbe9000-7f6ebbf08000 ---p 00000000 00:00 0 
7f6ebbf08000-7f6ebc178000 rwxp 00000000 00:00 0 
7f6ebc178000-7f6ec3440000 ---p 00000000 00:00 0 
7f6ec3440000-7f6ec36b0000 rwxp 00000000 00:00 0 
7f6ec36b0000-7f6eca979000 ---p 00000000 00:00 0 
7f6eca979000-7f6ed3184000 r--s 00000000 08:01 926235                     /usr/lib/jvm/java-11-openjdk-amd64/lib/modules
7f6ed3184000-7f6ed318b000 r-xp 00000000 08:01 926234                     /usr/lib/jvm/java-11-openjdk-amd64/lib/libzip.so
7f6ed318b000-7f6ed338b000 ---p 00007000 08:01 926234                     /usr/lib/jvm/java-11-openjdk-amd64/lib/libzip.so
7f6ed338b000-7f6ed338c000 r--p 00007000 08:01 926234                     /usr/lib/jvm/java-11-openjdk-amd64/lib/libzip.so
7f6ed338c000-7f6ed338d000 rw-p 00008000 08:01 926234                     /usr/lib/jvm/java-11-openjdk-amd64/lib/libzip.so
7f6ed338d000-7f6ed3398000 r-xp 00000000 08:01 1709194                    /lib/x86_64-linux-gnu/libnss_files-2.27.so
7f6ed3398000-7f6ed3597000 ---p 0000b000 08:01 1709194                    /lib/x86_64-linux-gnu/libnss_files-2.27.so
7f6ed3597000-7f6ed3598000 r--p 0000a000 08:01 1709194                    /lib/x86_64-linux-gnu/libnss_files-2.27.so
7f6ed3598000-7f6ed3599000 rw-p 0000b000 08:01 1709194                    /lib/x86_64-linux-gnu/libnss_files-2.27.so
7f6ed3599000-7f6ed359f000 rw-p 00000000 00:00 0 
7f6ed359f000-7f6ed35b6000 r-xp 00000000 08:01 1709191                    /lib/x86_64-linux-gnu/libnsl-2.27.so
7f6ed35b6000-7f6ed37b5000 ---p 00017000 08:01 1709191                    /lib/x86_64-linux-gnu/libnsl-2.27.so
7f6ed37b5000-7f6ed37b6000 r--p 00016000 08:01 1709191                    /lib/x86_64-linux-gnu/libnsl-2.27.so
7f6ed37b6000-7f6ed37b7000 rw-p 00017000 08:01 1709191                    /lib/x86_64-linux-gnu/libnsl-2.27.so
7f6ed37b7000-7f6ed37b9000 rw-p 00000000 00:00 0 
7f6ed37b9000-7f6ed37c4000 r-xp 00000000 08:01 1709196                    /lib/x86_64-linux-gnu/libnss_nis-2.27.so
7f6ed37c4000-7f6ed39c3000 ---p 0000b000 08:01 1709196                    /lib/x86_64-linux-gnu/libnss_nis-2.27.so
7f6ed39c3000-7f6ed39c4000 r--p 0000a000 08:01 1709196                    /lib/x86_64-linux-gnu/libnss_nis-2.27.so
7f6ed39c4000-7f6ed39c5000 rw-p 0000b000 08:01 1709196                    /lib/x86_64-linux-gnu/libnss_nis-2.27.so
7f6ed39c5000-7f6ed39cd000 r-xp 00000000 08:01 1709192                    /lib/x86_64-linux-gnu/libnss_compat-2.27.so
7f6ed39cd000-7f6ed3bcd000 ---p 00008000 08:01 1709192                    /lib/x86_64-linux-gnu/libnss_compat-2.27.so
7f6ed3bcd000-7f6ed3bce000 r--p 00008000 08:01 1709192                    /lib/x86_64-linux-gnu/libnss_compat-2.27.so
7f6ed3bce000-7f6ed3bcf000 rw-p 00009000 08:01 1709192                    /lib/x86_64-linux-gnu/libnss_compat-2.27.so
7f6ed3bcf000-7f6ed3bd4000 r-xp 00000000 08:01 926217                     /usr/lib/jvm/java-11-openjdk-amd64/lib/libjimage.so
7f6ed3bd4000-7f6ed3dd3000 ---p 00005000 08:01 926217                     /usr/lib/jvm/java-11-openjdk-amd64/lib/libjimage.so
7f6ed3dd3000-7f6ed3dd4000 r--p 00004000 08:01 926217                     /usr/lib/jvm/java-11-openjdk-amd64/lib/libjimage.so
7f6ed3dd4000-7f6ed3dd5000 rw-p 00005000 08:01 926217                     /usr/lib/jvm/java-11-openjdk-amd64/lib/libjimage.so
7f6ed3dd5000-7f6ed3dfe000 r-xp 00000000 08:01 926214                     /usr/lib/jvm/java-11-openjdk-amd64/lib/libjava.so
7f6ed3dfe000-7f6ed3ffd000 ---p 00029000 08:01 926214                     /usr/lib/jvm/java-11-openjdk-amd64/lib/libjava.so
7f6ed3ffd000-7f6ed3ffe000 r--p 00028000 08:01 926214                     /usr/lib/jvm/java-11-openjdk-amd64/lib/libjava.so
7f6ed3ffe000-7f6ed3fff000 rw-p 00029000 08:01 926214                     /usr/lib/jvm/java-11-openjdk-amd64/lib/libjava.so
7f6ed3fff000-7f6ed4000000 rw-p 00000000 00:00 0 
7f6ed4000000-7f6ed4373000 rw-p 00000000 00:00 0 
7f6ed4373000-7f6ed8000000 ---p 00000000 00:00 0 
7f6ed8016000-7f6ed801d000 r--p 00000000 08:01 6297973                    /home/syd/.javacpp/cache/llvm-13.0.1-1.5.7-linux-x86_64.jar/org/bytedeco/llvm/linux-x86_64/libLTO.so.13
7f6ed801d000-7f6ed8025000 r-xp 00007000 08:01 6297973                    /home/syd/.javacpp/cache/llvm-13.0.1-1.5.7-linux-x86_64.jar/org/bytedeco/llvm/linux-x86_64/libLTO.so.13
7f6ed8025000-7f6ed8027000 r--p 0000f000 08:01 6297973                    /home/syd/.javacpp/cache/llvm-13.0.1-1.5.7-linux-x86_64.jar/org/bytedeco/llvm/linux-x86_64/libLTO.so.13
7f6ed8027000-7f6ed8028000 r--p 00010000 08:01 6297973                    /home/syd/.javacpp/cache/llvm-13.0.1-1.5.7-linux-x86_64.jar/org/bytedeco/llvm/linux-x86_64/libLTO.so.13
7f6ed8028000-7f6ed8029000 rw-p 00011000 08:01 6297973                    /home/syd/.javacpp/cache/llvm-13.0.1-1.5.7-linux-x86_64.jar/org/bytedeco/llvm/linux-x86_64/libLTO.so.13
7f6ed8029000-7f6ed8089000 rw-p 00000000 00:00 0 
7f6ed8089000-7f6ed816f000 ---p 00000000 00:00 0 
7f6ed816f000-7f6ed817c000 r-xp 00000000 08:01 926233                     /usr/lib/jvm/java-11-openjdk-amd64/lib/libverify.so
7f6ed817c000-7f6ed837b000 ---p 0000d000 08:01 926233                     /usr/lib/jvm/java-11-openjdk-amd64/lib/libverify.so
7f6ed837b000-7f6ed837d000 r--p 0000c000 08:01 926233                     /usr/lib/jvm/java-11-openjdk-amd64/lib/libverify.so
7f6ed837d000-7f6ed837e000 rw-p 0000e000 08:01 926233                     /usr/lib/jvm/java-11-openjdk-amd64/lib/libverify.so
7f6ed837e000-7f6ed8385000 r-xp 00000000 08:01 1709201                    /lib/x86_64-linux-gnu/librt-2.27.so
7f6ed8385000-7f6ed8584000 ---p 00007000 08:01 1709201                    /lib/x86_64-linux-gnu/librt-2.27.so
7f6ed8584000-7f6ed8585000 r--p 00006000 08:01 1709201                    /lib/x86_64-linux-gnu/librt-2.27.so
7f6ed8585000-7f6ed8586000 rw-p 00007000 08:01 1709201                    /lib/x86_64-linux-gnu/librt-2.27.so
7f6ed8586000-7f6ed859d000 r-xp 00000000 08:01 1709327                    /lib/x86_64-linux-gnu/libgcc_s.so.1
7f6ed859d000-7f6ed879c000 ---p 00017000 08:01 1709327                    /lib/x86_64-linux-gnu/libgcc_s.so.1
7f6ed879c000-7f6ed879d000 r--p 00016000 08:01 1709327                    /lib/x86_64-linux-gnu/libgcc_s.so.1
7f6ed879d000-7f6ed879e000 rw-p 00017000 08:01 1709327                    /lib/x86_64-linux-gnu/libgcc_s.so.1
7f6ed879e000-7f6ed893b000 r-xp 00000000 08:01 1709188                    /lib/x86_64-linux-gnu/libm-2.27.so
7f6ed893b000-7f6ed8b3a000 ---p 0019d000 08:01 1709188                    /lib/x86_64-linux-gnu/libm-2.27.so
7f6ed8b3a000-7f6ed8b3b000 r--p 0019c000 08:01 1709188                    /lib/x86_64-linux-gnu/libm-2.27.so
7f6ed8b3b000-7f6ed8b3c000 rw-p 0019d000 08:01 1709188                    /lib/x86_64-linux-gnu/libm-2.27.so
7f6ed8b3c000-7f6ed8cb5000 r-xp 00000000 08:01 664741                     /usr/lib/x86_64-linux-gnu/libstdc++.so.6.0.25
7f6ed8cb5000-7f6ed8eb5000 ---p 00179000 08:01 664741                     /usr/lib/x86_64-linux-gnu/libstdc++.so.6.0.25
7f6ed8eb5000-7f6ed8ebf000 r--p 00179000 08:01 664741                     /usr/lib/x86_64-linux-gnu/libstdc++.so.6.0.25
7f6ed8ebf000-7f6ed8ec1000 rw-p 00183000 08:01 664741                     /usr/lib/x86_64-linux-gnu/libstdc++.so.6.0.25
7f6ed8ec1000-7f6ed8ec5000 rw-p 00000000 00:00 0 
7f6ed8ec5000-7f6ed9fcc000 r-xp 00000000 08:01 926240                     /usr/lib/jvm/java-11-openjdk-amd64/lib/server/libjvm.so
7f6ed9fcc000-7f6eda1cc000 ---p 01107000 08:01 926240                     /usr/lib/jvm/java-11-openjdk-amd64/lib/server/libjvm.so
7f6eda1cc000-7f6eda290000 r--p 01107000 08:01 926240                     /usr/lib/jvm/java-11-openjdk-amd64/lib/server/libjvm.so
7f6eda290000-7f6eda2cb000 rw-p 011cb000 08:01 926240                     /usr/lib/jvm/java-11-openjdk-amd64/lib/server/libjvm.so
7f6eda2cb000-7f6eda322000 rw-p 00000000 00:00 0 
7f6eda322000-7f6eda33c000 r-xp 00000000 08:01 1709199                    /lib/x86_64-linux-gnu/libpthread-2.27.so
7f6eda33c000-7f6eda53b000 ---p 0001a000 08:01 1709199                    /lib/x86_64-linux-gnu/libpthread-2.27.so
7f6eda53b000-7f6eda53c000 r--p 00019000 08:01 1709199                    /lib/x86_64-linux-gnu/libpthread-2.27.so
7f6eda53c000-7f6eda53d000 rw-p 0001a000 08:01 1709199                    /lib/x86_64-linux-gnu/libpthread-2.27.so
7f6eda53d000-7f6eda541000 rw-p 00000000 00:00 0 
7f6eda541000-7f6eda544000 r-xp 00000000 08:01 1709187                    /lib/x86_64-linux-gnu/libdl-2.27.so
7f6eda544000-7f6eda743000 ---p 00003000 08:01 1709187                    /lib/x86_64-linux-gnu/libdl-2.27.so
7f6eda743000-7f6eda744000 r--p 00002000 08:01 1709187                    /lib/x86_64-linux-gnu/libdl-2.27.so
7f6eda744000-7f6eda745000 rw-p 00003000 08:01 1709187                    /lib/x86_64-linux-gnu/libdl-2.27.so
7f6eda745000-7f6eda761000 r-xp 00000000 08:01 1704012                    /lib/x86_64-linux-gnu/libz.so.1.2.11
7f6eda761000-7f6eda960000 ---p 0001c000 08:01 1704012                    /lib/x86_64-linux-gnu/libz.so.1.2.11
7f6eda960000-7f6eda961000 r--p 0001b000 08:01 1704012                    /lib/x86_64-linux-gnu/libz.so.1.2.11
7f6eda961000-7f6eda962000 rw-p 0001c000 08:01 1704012                    /lib/x86_64-linux-gnu/libz.so.1.2.11
7f6eda962000-7f6edab49000 r-xp 00000000 08:01 1709184                    /lib/x86_64-linux-gnu/libc-2.27.so
7f6edab49000-7f6edad49000 ---p 001e7000 08:01 1709184                    /lib/x86_64-linux-gnu/libc-2.27.so
7f6edad49000-7f6edad4d000 r--p 001e7000 08:01 1709184                    /lib/x86_64-linux-gnu/libc-2.27.so
7f6edad4d000-7f6edad4f000 rw-p 001eb000 08:01 1709184                    /lib/x86_64-linux-gnu/libc-2.27.so
7f6edad4f000-7f6edad53000 rw-p 00000000 00:00 0 
7f6edad53000-7f6edad62000 r-xp 00000000 08:01 926199                     /usr/lib/jvm/java-11-openjdk-amd64/lib/jli/libjli.so
7f6edad62000-7f6edaf61000 ---p 0000f000 08:01 926199                     /usr/lib/jvm/java-11-openjdk-amd64/lib/jli/libjli.so
7f6edaf61000-7f6edaf62000 r--p 0000e000 08:01 926199                     /usr/lib/jvm/java-11-openjdk-amd64/lib/jli/libjli.so
7f6edaf62000-7f6edaf63000 rw-p 0000f000 08:01 926199                     /usr/lib/jvm/java-11-openjdk-amd64/lib/jli/libjli.so
7f6edaf63000-7f6edaf8c000 r-xp 00000000 08:01 1703942                    /lib/x86_64-linux-gnu/ld-2.27.so
7f6edaf92000-7f6edaf99000 r--s 00000000 08:01 920620                     /usr/lib/x86_64-linux-gnu/gconv/gconv-modules.cache
7f6edaf99000-7f6edaf9d000 r--p 00000000 08:01 6297966                    /home/syd/.javacpp/cache/javacpp-1.5.7-linux-x86_64.jar/org/bytedeco/javacpp/linux-x86_64/libjnijavacpp.so
7f6edaf9d000-7f6edafa4000 r-xp 00004000 08:01 6297966                    /home/syd/.javacpp/cache/javacpp-1.5.7-linux-x86_64.jar/org/bytedeco/javacpp/linux-x86_64/libjnijavacpp.so
7f6edafa4000-7f6edafa8000 r--p 0000b000 08:01 6297966                    /home/syd/.javacpp/cache/javacpp-1.5.7-linux-x86_64.jar/org/bytedeco/javacpp/linux-x86_64/libjnijavacpp.so
7f6edafa8000-7f6edafa9000 r--p 0000e000 08:01 6297966                    /home/syd/.javacpp/cache/javacpp-1.5.7-linux-x86_64.jar/org/bytedeco/javacpp/linux-x86_64/libjnijavacpp.so
7f6edafa9000-7f6edafaa000 rw-p 0000f000 08:01 6297966                    /home/syd/.javacpp/cache/javacpp-1.5.7-linux-x86_64.jar/org/bytedeco/javacpp/linux-x86_64/libjnijavacpp.so
7f6edafaa000-7f6edb06b000 rw-p 00000000 00:00 0 
7f6edb06b000-7f6edb072000 ---p 00000000 00:00 0 
7f6edb072000-7f6edb076000 ---p 00000000 00:00 0 
7f6edb076000-7f6edb175000 rw-p 00000000 00:00 0 
7f6edb17b000-7f6edb17c000 r--p 00000000 08:01 6297975                    /home/syd/.javacpp/cache/llvm-13.0.1-1.5.7-linux-x86_64.jar/org/bytedeco/llvm/linux-x86_64/libRemarks.so.13
7f6edb17c000-7f6edb17d000 r-xp 00001000 08:01 6297975                    /home/syd/.javacpp/cache/llvm-13.0.1-1.5.7-linux-x86_64.jar/org/bytedeco/llvm/linux-x86_64/libRemarks.so.13
7f6edb17d000-7f6edb17e000 r--p 00002000 08:01 6297975                    /home/syd/.javacpp/cache/llvm-13.0.1-1.5.7-linux-x86_64.jar/org/bytedeco/llvm/linux-x86_64/libRemarks.so.13
7f6edb17e000-7f6edb17f000 r--p 00002000 08:01 6297975                    /home/syd/.javacpp/cache/llvm-13.0.1-1.5.7-linux-x86_64.jar/org/bytedeco/llvm/linux-x86_64/libRemarks.so.13
7f6edb17f000-7f6edb180000 rw-p 00003000 08:01 6297975                    /home/syd/.javacpp/cache/llvm-13.0.1-1.5.7-linux-x86_64.jar/org/bytedeco/llvm/linux-x86_64/libRemarks.so.13
7f6edb180000-7f6edb188000 rw-s 00000000 08:01 6164231                    /tmp/hsperfdata_syd/61920
7f6edb188000-7f6edb189000 ---p 00000000 00:00 0 
7f6edb189000-7f6edb18a000 r--p 00000000 00:00 0 
7f6edb18a000-7f6edb18c000 rw-p 00000000 00:00 0 
7f6edb18c000-7f6edb18d000 r--p 00029000 08:01 1703942                    /lib/x86_64-linux-gnu/ld-2.27.so
7f6edb18d000-7f6edb18e000 rw-p 0002a000 08:01 1703942                    /lib/x86_64-linux-gnu/ld-2.27.so
7f6edb18e000-7f6edb18f000 rw-p 00000000 00:00 0 
7ffeec543000-7ffeec565000 rw-p 00000000 00:00 0                          [stack]
7ffeec5bf000-7ffeec5c2000 r--p 00000000 00:00 0                          [vvar]
7ffeec5c2000-7ffeec5c4000 r-xp 00000000 00:00 0                          [vdso]
ffffffffff600000-ffffffffff601000 --xp 00000000 00:00 0                  [vsyscall]


VM Arguments:
java_command: Main /mnt/hgfs/CompilationPrincipleLAB/Lab/main.c /mnt/hgfs/CompilationPrincipleLAB/Lab/main.asm
java_class_path (initial): ./classes:/usr/local/lib/antlr-4.9.1-complete.jar:/usr/local/lib/llvm-13.0.1-1.5.7-linux-x86_64.jar:/usr/local/lib/llvm-platform-13.0.1-1.5.7.jar:/usr/local/lib/llvm-13.0.1-1.5.7.jar:/usr/local/lib/javacpp-1.5.7-linux-x86_64.jar:/usr/local/lib/javacpp-1.5.7.jar
Launcher Type: SUN_STANDARD

[Global flags]
     intx CICompilerCount                          = 2                                         {product} {ergonomic}
     uint ConcGCThreads                            = 1                                         {product} {ergonomic}
     uint G1ConcRefinementThreads                  = 2                                         {product} {ergonomic}
   size_t G1HeapRegionSize                         = 1048576                                   {product} {ergonomic}
    uintx GCDrainStackTargetSize                   = 64                                        {product} {ergonomic}
   size_t InitialHeapSize                          = 65011712                                  {product} {ergonomic}
   size_t MarkStackSize                            = 4194304                                   {product} {ergonomic}
   size_t MaxHeapSize                              = 1023410176                                {product} {ergonomic}
   size_t MaxNewSize                               = 613416960                                 {product} {ergonomic}
   size_t MinHeapDeltaBytes                        = 1048576                                   {product} {ergonomic}
    uintx NonNMethodCodeHeapSize                   = 5825164                                {pd product} {ergonomic}
    uintx NonProfiledCodeHeapSize                  = 122916538                              {pd product} {ergonomic}
    uintx ProfiledCodeHeapSize                     = 122916538                              {pd product} {ergonomic}
    uintx ReservedCodeCacheSize                    = 251658240                              {pd product} {ergonomic}
     bool SegmentedCodeCache                       = true                                      {product} {ergonomic}
     bool UseCompressedClassPointers               = true                                 {lp64_product} {ergonomic}
     bool UseCompressedOops                        = true                                 {lp64_product} {ergonomic}
     bool UseG1GC                                  = true                                      {product} {ergonomic}

Logging:
Log output configuration:
 #0: stdout all=warning uptime,level,tags
 #1: stderr all=off uptime,level,tags

Environment Variables:
CLASSPATH=/usr/local/lib/antlr-4.9.1-complete.jar:/usr/local/lib/llvm-13.0.1-1.5.7-linux-x86_64.jar:/usr/local/lib/llvm-platform-13.0.1-1.5.7.jar:/usr/local/lib/llvm-13.0.1-1.5.7.jar:/usr/local/lib/javacpp-1.5.7-linux-x86_64.jar:/usr/local/lib/javacpp-1.5.7.jar
PATH=/usr/local/sbin:/usr/local/bin:/usr/sbin:/usr/bin:/sbin:/bin:/usr/games:/usr/local/games:/snap/bin
USERNAME=syd
SHELL=/bin/bash
DISPLAY=:0
LANG=zh_CN.UTF-8
LC_NUMERIC=zh_CN.UTF-8
LC_TIME=zh_CN.UTF-8
TERM=xterm-256color

Signal Handlers:
SIGSEGV: [libjvm.so+0xe356a0], sa_mask[0]=11111111011111111101111111111110, sa_flags=SA_RESTART|SA_SIGINFO
SIGBUS: [libjvm.so+0xe356a0], sa_mask[0]=11111111011111111101111111111110, sa_flags=SA_RESTART|SA_SIGINFO
SIGFPE: [libjvm.so+0xe356a0], sa_mask[0]=11111111011111111101111111111110, sa_flags=SA_RESTART|SA_SIGINFO
SIGPIPE: [libjvm.so+0xb89cc0], sa_mask[0]=11111111011111111101111111111110, sa_flags=SA_RESTART|SA_SIGINFO
SIGXFSZ: [libjvm.so+0xb89cc0], sa_mask[0]=11111111011111111101111111111110, sa_flags=SA_RESTART|SA_SIGINFO
SIGILL: [libjvm.so+0xe356a0], sa_mask[0]=11111111011111111101111111111110, sa_flags=SA_RESTART|SA_SIGINFO
SIGUSR2: [libjvm.so+0xb89b50], sa_mask[0]=00000000000000000000000000000000, sa_flags=SA_RESTART|SA_SIGINFO
SIGHUP: [libjvm.so+0xb8a220], sa_mask[0]=11111111011111111101111111111110, sa_flags=SA_RESTART|SA_SIGINFO
SIGINT: [libjvm.so+0xb8a220], sa_mask[0]=11111111011111111101111111111110, sa_flags=SA_RESTART|SA_SIGINFO
SIGTERM: [libjvm.so+0xb8a220], sa_mask[0]=11111111011111111101111111111110, sa_flags=SA_RESTART|SA_SIGINFO
SIGQUIT: [libjvm.so+0xb8a220], sa_mask[0]=11111111011111111101111111111110, sa_flags=SA_RESTART|SA_SIGINFO


---------------  S Y S T E M  ---------------

OS:DISTRIB_ID=Ubuntu
DISTRIB_RELEASE=18.04
DISTRIB_CODENAME=bionic
DISTRIB_DESCRIPTION="Ubuntu 18.04.6 LTS"
uname:Linux 5.4.0-150-generic #167~18.04.1-Ubuntu SMP Wed May 24 00:51:42 UTC 2023 x86_64
OS uptime: 0 days 16:16 hours
libc:glibc 2.27 NPTL 2.27 
rlimit (soft/hard): STACK 8192k/infinity , CORE 0k/infinity , NPROC 15400/15400 , NOFILE 1048576/1048576 , AS infinity/infinity , CPU infinity/infinity , DATA infinity/infinity , FSIZE infinity/infinity , MEMLOCK 65536k/65536k
load average:0.64 0.34 0.34

/proc/meminfo:
MemTotal:        3994712 kB
MemFree:          180960 kB
MemAvailable:     267820 kB
Buffers:           18208 kB
Cached:           226472 kB
SwapCached:        44824 kB
Active:          2248860 kB
Inactive:         662892 kB
Active(anon):    2078068 kB
Inactive(anon):   593084 kB
Active(file):     170792 kB
Inactive(file):    69808 kB
Unevictable:          16 kB
Mlocked:              16 kB
SwapTotal:       2097148 kB
SwapFree:        1010912 kB
Dirty:                48 kB
Writeback:             0 kB
AnonPages:       2654860 kB
Mapped:           126852 kB
Shmem:              4076 kB
KReclaimable:     102240 kB
Slab:             244704 kB
SReclaimable:     102240 kB
SUnreclaim:       142464 kB
KernelStack:       14560 kB
PageTables:        52596 kB
NFS_Unstable:          0 kB
Bounce:                0 kB
WritebackTmp:          0 kB
CommitLimit:     4094504 kB
Committed_AS:    7581716 kB
VmallocTotal:   34359738367 kB
VmallocUsed:       31928 kB
VmallocChunk:          0 kB
Percpu:           105472 kB
HardwareCorrupted:     0 kB
AnonHugePages:         0 kB
ShmemHugePages:        0 kB
ShmemPmdMapped:        0 kB
FileHugePages:         0 kB
FilePmdMapped:         0 kB
CmaTotal:              0 kB
CmaFree:               0 kB
HugePages_Total:       0
HugePages_Free:        0
HugePages_Rsvd:        0
HugePages_Surp:        0
Hugepagesize:       2048 kB
Hugetlb:               0 kB
DirectMap4k:      278336 kB
DirectMap2M:     3915776 kB
DirectMap1G:     2097152 kB

/sys/kernel/mm/transparent_hugepage/enabled:
always [madvise] never
/sys/kernel/mm/transparent_hugepage/defrag (defrag/compaction efforts parameter):
always defer defer+madvise [madvise] never

Process Memory:
Virtual Size: 3713228K (peak: 12418976K)
Resident Set Size: 91872K (peak: 91872K) (anon: 37484K, file: 54388K, shmem: 0K)
Swapped out: 0K
C-Heap outstanding allocations: 15765K, retained: 2198K
glibc malloc tunables: (default)

/proc/sys/kernel/threads-max (system-wide limit on the number of threads):
30800
/proc/sys/vm/max_map_count (maximum number of memory map areas a process may have):
65530
/proc/sys/kernel/pid_max (system-wide limit on number of process identifiers):
131072

container (cgroup) information:
container_type: cgroupv1
cpu_cpuset_cpus: 0-1
cpu_memory_nodes: 0
active_processor_count: 2
cpu_quota: no quota
cpu_period: 100000
cpu_shares: no shares
memory_limit_in_bytes: unlimited
memory_and_swap_limit_in_bytes: not supported
memory_soft_limit_in_bytes: unlimited
memory_usage_in_bytes: 2771580 k
memory_max_usage_in_bytes: 3005204 k
kernel_memory_usage_in_bytes: 83148 k
kernel_memory_max_usage_in_bytes: unlimited
kernel_memory_limit_in_bytes: 91808 k
maximum number of tasks: unlimited
current number of tasks: 252

VMWare virtualization detected
Steal ticks since vm start: 0
Steal ticks percentage since vm start:  0.000

CPU:total 2 (initial active 2) (1 cores per cpu, 1 threads per core) family 6 model 154 stepping 3 microcode 0xffffffff, cmov, cx8, fxsr, mmx, sse, sse2, sse3, ssse3, sse4.1, sse4.2, popcnt, avx, avx2, aes, clmul, erms, 3dnowpref, lzcnt, tsc, tscinvbit, bmi1, bmi2, adx, sha, fma
CPU Model and flags from /proc/cpuinfo:
model name	: 12th Gen Intel(R) Core(TM) i5-12500H
flags		: fpu vme de pse tsc msr pae mce cx8 apic sep mtrr pge mca cmov pat pse36 clflush mmx fxsr sse sse2 ss syscall nx pdpe1gb rdtscp lm constant_tsc arch_perfmon rep_good nopl xtopology tsc_reliable nonstop_tsc cpuid pni pclmulqdq ssse3 fma cx16 pcid sse4_1 sse4_2 x2apic movbe popcnt aes xsave avx f16c rdrand hypervisor lahf_lm abm 3dnowprefetch invpcid_single pti ssbd ibrs ibpb stibp fsgsbase tsc_adjust bmi1 avx2 smep bmi2 erms invpcid rdseed adx smap clflushopt clwb sha_ni xsaveopt xsavec xgetbv1 xsaves arat umip gfni vaes vpclmulqdq rdpid movdiri movdir64b md_clear flush_l1d arch_capabilities
Online cpus:
0-1
Offline cpus:
2-127
BIOS frequency limitation:
<Not Available>
Frequency switch latency (ns):
<Not Available>
Available cpu frequencies:
<Not Available>
Current governor:
<Not Available>
Core performance/turbo boost:
<Not Available>

Memory: 4k page, physical 3994712k(180960k free), swap 2097148k(1010912k free)

vm_info: OpenJDK 64-Bit Server VM (11.0.19+7-post-Ubuntu-0ubuntu118.04.1) for linux-amd64 JRE (11.0.19+7-post-Ubuntu-0ubuntu118.04.1), built on May 10 2023 00:54:54 by "unknown" with gcc 8.4.0

END.
