#
# A fatal error has been detected by the Java Runtime Environment:
#
#  SIGSEGV (0xb) at pc=0x00007f87cdc34178, pid=20006, tid=20007
#
# JRE version: OpenJDK Runtime Environment (11.0.19+7) (build 11.0.19+7-post-Ubuntu-0ubuntu118.04.1)
# Java VM: OpenJDK 64-Bit Server VM (11.0.19+7-post-Ubuntu-0ubuntu118.04.1, mixed mode, sharing, tiered, compressed oops, g1 gc, linux-amd64)
# Problematic frame:
# C  [libLLVM-13.so+0xc30178]  LLVMBuildCall2+0x138
#
# Core dump will be written. Default location: Core dumps may be processed with "/usr/share/apport/apport -p%p -s%s -c%c -d%d -P%P -u%u -g%g -- %E" (or dumping to /mnt/hgfs/CompilationPrincipleLAB/Lab/core.20006)
#
# If you would like to submit a bug report, please visit:
#   https://bugs.launchpad.net/ubuntu/+source/openjdk-lts
# The crash happened outside the Java Virtual Machine in native code.
# See problematic frame for where to report the bug.
#

---------------  S U M M A R Y ------------

Command Line: Main /mnt/hgfs/CompilationPrincipleLAB/Lab/src/code.txt /mnt/hgfs/CompilationPrincipleLAB/Lab/src/IRtarget.txt

Host: 12th Gen Intel(R) Core(TM) i5-12500H, 2 cores, 3G, Ubuntu 18.04.6 LTS
Time: Mon May 27 05:18:19 2024 PDT elapsed time: 0.375048 seconds (0d 0h 0m 0s)

---------------  T H R E A D  ---------------

Current thread (0x00007f8828017000):  JavaThread "main" [_thread_in_native, id=20007, stack(0x00007f8831e70000,0x00007f8831f71000)]

Stack: [0x00007f8831e70000,0x00007f8831f71000],  sp=0x00007f8831f6ec80,  free space=1019k
Native frames: (J=compiled Java code, A=aot compiled Java code, j=interpreted, Vv=VM code, C=native code)
C  [libLLVM-13.so+0xc30178]  LLVMBuildCall2+0x138
C  0x0000000000000005

Java frames: (J=compiled Java code, j=interpreted, Vv=VM code)
j  org.bytedeco.llvm.global.LLVM.LLVMBuildCall2(Lorg/bytedeco/llvm/LLVM/LLVMBuilderRef;Lorg/bytedeco/llvm/LLVM/LLVMTypeRef;Lorg/bytedeco/llvm/LLVM/LLVMValueRef;Lorg/bytedeco/javacpp/PointerPointer;ILjava/lang/String;)Lorg/bytedeco/llvm/LLVM/LLVMValueRef;+0
j  MyLLVMIRVisitor.visitExp(LSysYParser$ExpContext;)Lorg/bytedeco/llvm/LLVM/LLVMValueRef;+431
j  MyLLVMIRVisitor.visitStmt(LSysYParser$StmtContext;)Lorg/bytedeco/llvm/LLVM/LLVMValueRef;+19
j  MyLLVMIRVisitor.visitStmt(LSysYParser$StmtContext;)Ljava/lang/Object;+2
j  SysYParser$StmtContext.accept(Lorg/antlr/v4/runtime/tree/ParseTreeVisitor;)Ljava/lang/Object;+12
j  org.antlr.v4.runtime.tree.AbstractParseTreeVisitor.visitChildren(Lorg/antlr/v4/runtime/tree/RuleNode;)Ljava/lang/Object;+46
j  SysYParserBaseVisitor.visitBlockItem(LSysYParser$BlockItemContext;)Ljava/lang/Object;+2
j  SysYParser$BlockItemContext.accept(Lorg/antlr/v4/runtime/tree/ParseTreeVisitor;)Ljava/lang/Object;+12
j  org.antlr.v4.runtime.tree.AbstractParseTreeVisitor.visitChildren(Lorg/antlr/v4/runtime/tree/RuleNode;)Ljava/lang/Object;+46
j  SysYParserBaseVisitor.visitBlock(LSysYParser$BlockContext;)Ljava/lang/Object;+2
j  SysYParser$BlockContext.accept(Lorg/antlr/v4/runtime/tree/ParseTreeVisitor;)Ljava/lang/Object;+12
j  org.antlr.v4.runtime.tree.AbstractParseTreeVisitor.visitChildren(Lorg/antlr/v4/runtime/tree/RuleNode;)Ljava/lang/Object;+46
j  SysYParserBaseVisitor.visitFuncDef(LSysYParser$FuncDefContext;)Ljava/lang/Object;+2
j  MyLLVMIRVisitor.visitFuncDef(LSysYParser$FuncDefContext;)Lorg/bytedeco/llvm/LLVM/LLVMValueRef;+252
j  MyLLVMIRVisitor.visitFuncDef(LSysYParser$FuncDefContext;)Ljava/lang/Object;+2
j  SysYParser$FuncDefContext.accept(Lorg/antlr/v4/runtime/tree/ParseTreeVisitor;)Ljava/lang/Object;+12
j  org.antlr.v4.runtime.tree.AbstractParseTreeVisitor.visitChildren(Lorg/antlr/v4/runtime/tree/RuleNode;)Ljava/lang/Object;+46
j  SysYParserBaseVisitor.visitCompUnit(LSysYParser$CompUnitContext;)Ljava/lang/Object;+2
j  SysYParser$CompUnitContext.accept(Lorg/antlr/v4/runtime/tree/ParseTreeVisitor;)Ljava/lang/Object;+12
j  org.antlr.v4.runtime.tree.AbstractParseTreeVisitor.visitChildren(Lorg/antlr/v4/runtime/tree/RuleNode;)Ljava/lang/Object;+46
j  SysYParserBaseVisitor.visitProgram(LSysYParser$ProgramContext;)Ljava/lang/Object;+2
j  MyLLVMIRVisitor.visitProgram(LSysYParser$ProgramContext;)Lorg/bytedeco/llvm/LLVM/LLVMValueRef;+2
j  MyLLVMIRVisitor.visitProgram(LSysYParser$ProgramContext;)Ljava/lang/Object;+2
j  SysYParser$ProgramContext.accept(Lorg/antlr/v4/runtime/tree/ParseTreeVisitor;)Ljava/lang/Object;+12
j  org.antlr.v4.runtime.tree.AbstractParseTreeVisitor.visit(Lorg/antlr/v4/runtime/tree/ParseTree;)Ljava/lang/Object;+2
j  Main.main([Ljava/lang/String;)V+220
v  ~StubRoutines::call_stub

siginfo: si_signo: 11 (SIGSEGV), si_code: 1 (SEGV_MAPERR), si_addr: 0x0000000000000000

Register to memory mapping:

RAX=0x0 is NULL
RBX=0x00007f8828348c30 points into unknown readable memory: 0x00007f8828348c40 | 40 8c 34 28 88 7f 00 00
RCX=0x0 is NULL
RDX=0x00007f8828376340 points into unknown readable memory: 0x474d564c4c5f4d56 | 56 4d 5f 4c 4c 56 4d 47
RSP=0x00007f8831f6ec80 is pointing into the stack for thread: 0x00007f8828017000
RBP=0x00007f8831f6ece0 is pointing into the stack for thread: 0x00007f8828017000
RSI=0x0 is NULL
RDI=0x00007f8828376340 points into unknown readable memory: 0x474d564c4c5f4d56 | 56 4d 5f 4c 4c 56 4d 47
R8 =0x0000000000000001 is an unknown value
R9 =0x0 is NULL
R10=0x000000000000000d is an unknown value
R11=0x0 is NULL
R12=0x00007f8828376340 points into unknown readable memory: 0x474d564c4c5f4d56 | 56 4d 5f 4c 4c 56 4d 47
R13=0x00007f882836ea58 points into unknown readable memory: 0x00007f88283592a0 | a0 92 35 28 88 7f 00 00
R14=0x0 is NULL
R15=0x0 is NULL


Registers:
RAX=0x0000000000000000, RBX=0x00007f8828348c30, RCX=0x0000000000000000, RDX=0x00007f8828376340
RSP=0x00007f8831f6ec80, RBP=0x00007f8831f6ece0, RSI=0x0000000000000000, RDI=0x00007f8828376340
R8 =0x0000000000000001, R9 =0x0000000000000000, R10=0x000000000000000d, R11=0x0000000000000000
R12=0x00007f8828376340, R13=0x00007f882836ea58, R14=0x0000000000000000, R15=0x0000000000000000
RIP=0x00007f87cdc34178, EFLAGS=0x0000000000010246, CSGSFS=0x002b000000000033, ERR=0x0000000000000004
  TRAPNO=0x000000000000000e

Top of Stack: (sp=0x00007f8831f6ec80)
0x00007f8831f6ec80:   00007f8828348d58 00007f8828376bd0
0x00007f8831f6ec90:   0000000000000000 0000000000000000
0x00007f8831f6eca0:   0000000000000000 00007f8828376df0
0x00007f8831f6ecb0:   00007f8828376df0 00007f8828017000 

Instructions: (pc=0x00007f87cdc34178)
0x00007f87cdc34078:   50 03 4c 8b 5b 70 b9 01 01 00 00 48 8b 6b 68 45
0x00007f87cdc34088:   89 c1 66 89 8c 24 80 00 00 00 4c 89 d9 48 c1 e1
0x00007f87cdc34098:   05 48 01 e9 48 39 e9 0f 84 7b 02 00 00 48 89 ea
0x00007f87cdc340a8:   31 f6 66 0f 1f 44 00 00 48 8b 42 10 48 2b 42 08
0x00007f87cdc340b8:   48 83 c2 20 48 c1 f8 03 01 c6 48 39 d1 75 e9 41
0x00007f87cdc340c8:   83 c0 01 44 89 da bf 50 00 00 00 49 89 ee 44 01
0x00007f87cdc340d8:   c6 c1 e2 04 4c 89 4c 24 28 48 89 4c 24 20 4c 89
0x00007f87cdc340e8:   5c 24 18 44 89 44 24 10 e8 ab d3 12 00 4c 8b 4c
0x00007f87cdc340f8:   24 28 48 89 ee 31 ff 4c 8b 5c 24 18 48 8b 4c 24
0x00007f87cdc34108:   20 49 89 c4 44 8b 44 24 10 4c 89 c8 4d 89 df 66
0x00007f87cdc34118:   0f 1f 84 00 00 00 00 00 48 8b 56 10 48 2b 56 08
0x00007f87cdc34128:   48 83 c6 20 48 c1 fa 03 01 d7 48 39 f1 75 e9 41
0x00007f87cdc34138:   01 f8 31 f6 0f 1f 40 00 48 8b 55 10 48 2b 55 08
0x00007f87cdc34148:   48 83 c5 20 48 c1 fa 03 01 d6 48 39 e9 75 e9 49
0x00007f87cdc34158:   01 f1 49 8b 75 10 49 c1 e1 05 4c 89 e2 4c 89 e7
0x00007f87cdc34168:   4c 29 ca 45 31 c9 48 89 44 24 10 48 8d 6c 24 60
0x00007f87cdc34178:   48 8b 36 48 8d 4a e0 ba 38 00 00 00 e8 27 88 08
0x00007f87cdc34188:   00 49 89 e9 4c 89 ee 4c 89 e7 49 c7 44 24 40 00
0x00007f87cdc34198:   00 00 00 41 57 41 56 48 8b 44 24 20 48 8b 4c 24
0x00007f87cdc341a8:   18 48 8b 54 24 10 49 89 c0 e8 1a dc 08 00 80 7b
0x00007f87cdc341b8:   64 00 58 5a 0f 85 06 01 00 00 41 0f b6 44 24 10
0x00007f87cdc341c8:   3c 19 0f 86 37 01 00 00 83 e8 1a 83 e8 0c 83 f8
0x00007f87cdc341d8:   2d 77 62 48 8d 15 e2 d0 6c 03 48 63 04 82 48 01
0x00007f87cdc341e8:   d0 ff e0 0f 1f 44 00 00 49 8b 14 24 0f b6 42 08
0x00007f87cdc341f8:   3c 11 0f 84 a0 00 00 00 0f b6 c8 83 e9 12 83 f9
0x00007f87cdc34208:   01 77 0b 48 8b 42 10 48 8b 00 0f b6 40 08 3c 06
0x00007f87cdc34218:   77 23 48 8b 53 58 8b 6b 60 48 85 d2 74 0d be 03
0x00007f87cdc34228:   00 00 00 4c 89 e7 e8 0d dc 0d 00 89 ee 4c 89 e7
0x00007f87cdc34238:   e8 53 8f 08 00 48 8b 7b 50 48 8b 4b 30 48 8d 54
0x00007f87cdc34248:   24 30 4c 89 e6 4c 8b 43 38 48 8b 07 ff 50 10 8b
0x00007f87cdc34258:   6b 08 48 8b 03 48 c1 e5 04 48 89 c3 48 01 c5 48
0x00007f87cdc34268:   39 e8 74 1b 0f 1f 40 00 48 8b 53 08 8b 33 4c 89 


Stack slot to memory mapping:
stack at sp + 0 slots: 0x00007f8828348d58 points into unknown readable memory: 0x00007f8828371760 | 60 17 37 28 88 7f 00 00
stack at sp + 1 slots: 0x00007f8828376bd0 points into unknown readable memory: 0x00007f8828376840 | 40 68 37 28 88 7f 00 00
stack at sp + 2 slots: 0x0 is NULL
stack at sp + 3 slots: 0x0 is NULL
stack at sp + 4 slots: 0x0 is NULL
stack at sp + 5 slots: 0x00007f8828376df0 points into unknown readable memory: 0x0000006f6c6c6568 | 68 65 6c 6c 6f 00 00 00
stack at sp + 6 slots: 0x00007f8828376df0 points into unknown readable memory: 0x0000006f6c6c6568 | 68 65 6c 6c 6f 00 00 00
stack at sp + 7 slots: 0x00007f8828017000 is a thread


---------------  P R O C E S S  ---------------

Threads class SMR info:
_java_thread_list=0x00007f88282e4790, length=10, elements={
0x00007f8828017000, 0x00007f88280b8000, 0x00007f88280ba000, 0x00007f88280bf800,
0x00007f88280c1800, 0x00007f88280c4000, 0x00007f88280c6000, 0x00007f88280c8000,
0x00007f8828103000, 0x00007f88282e0800
}

Java Threads: ( => current thread )
=>0x00007f8828017000 JavaThread "main" [_thread_in_native, id=20007, stack(0x00007f8831e70000,0x00007f8831f71000)]
  0x00007f88280b8000 JavaThread "Reference Handler" daemon [_thread_blocked, id=20014, stack(0x00007f88105f2000,0x00007f88106f3000)]
  0x00007f88280ba000 JavaThread "Finalizer" daemon [_thread_blocked, id=20015, stack(0x00007f88104f1000,0x00007f88105f2000)]
  0x00007f88280bf800 JavaThread "Signal Dispatcher" daemon [_thread_blocked, id=20016, stack(0x00007f88087bf000,0x00007f88088c0000)]
  0x00007f88280c1800 JavaThread "Service Thread" daemon [_thread_blocked, id=20017, stack(0x00007f88086be000,0x00007f88087bf000)]
  0x00007f88280c4000 JavaThread "C2 CompilerThread0" daemon [_thread_blocked, id=20018, stack(0x00007f88085bd000,0x00007f88086be000)]
  0x00007f88280c6000 JavaThread "C1 CompilerThread0" daemon [_thread_blocked, id=20019, stack(0x00007f88084bc000,0x00007f88085bd000)]
  0x00007f88280c8000 JavaThread "Sweeper thread" daemon [_thread_blocked, id=20020, stack(0x00007f88083bb000,0x00007f88084bc000)]
  0x00007f8828103000 JavaThread "Common-Cleaner" daemon [_thread_blocked, id=20022, stack(0x00007f88081b8000,0x00007f88082b9000)]
  0x00007f88282e0800 JavaThread "JavaCPP Deallocator" daemon [_thread_blocked, id=20024, stack(0x00007f87d3ad8000,0x00007f87d3bd9000)]

Other Threads:
  0x00007f88280b5000 VMThread "VM Thread" [stack: 0x00007f88106f5000,0x00007f88107f5000] [id=20013]
  0x00007f8828100800 WatcherThread [stack: 0x00007f88082bb000,0x00007f88083bb000] [id=20021]
  0x00007f882802f000 GCTaskThread "GC Thread#0" [stack: 0x00007f882de1b000,0x00007f882df1b000] [id=20008]
  0x00007f87f8001000 GCTaskThread "GC Thread#1" [stack: 0x00007f88080b8000,0x00007f88081b8000] [id=20023]
  0x00007f882804a000 ConcurrentGCThread "G1 Main Marker" [stack: 0x00007f882c61f000,0x00007f882c71f000] [id=20009]
  0x00007f882804c000 ConcurrentGCThread "G1 Conc#0" [stack: 0x00007f882c51d000,0x00007f882c61d000] [id=20010]
  0x00007f8828087000 ConcurrentGCThread "G1 Refine#0" [stack: 0x00007f882c219000,0x00007f882c319000] [id=20011]
  0x00007f8828089000 ConcurrentGCThread "G1 Young RemSet Sampling" [stack: 0x00007f882c117000,0x00007f882c217000] [id=20012]

Threads with active compile tasks:

VM state:not at safepoint (normal execution)

VM Mutex/Monitor currently owned by a thread: None

Heap address: 0x00000000c3000000, size: 976 MB, Compressed Oops mode: 32-bit
Narrow klass base: 0x0000000800000000, Narrow klass shift: 3
Compressed class space size: 1073741824 Address: 0x0000000840000000

Heap:
 garbage-first heap   total 65536K, used 6289K [0x00000000c3000000, 0x0000000100000000)
  region size 1024K, 6 young (6144K), 1 survivors (1024K)
 Metaspace       used 3822K, capacity 6722K, committed 6912K, reserved 1056768K
  class space    used 430K, capacity 733K, committed 768K, reserved 1048576K
Heap Regions: E=young(eden), S=young(survivor), O=old, HS=humongous(starts), HC=humongous(continues), CS=collection set, F=free, A=archive, TAMS=top-at-mark-start (previous, next)
|   0|0x00000000c3000000, 0x00000000c3072600, 0x00000000c3100000| 44%| O|  |TAMS 0x00000000c3000000, 0x00000000c3000000| Untracked 
|   1|0x00000000c3100000, 0x00000000c3100000, 0x00000000c3200000|  0%| F|  |TAMS 0x00000000c3100000, 0x00000000c3100000| Untracked 
|   2|0x00000000c3200000, 0x00000000c3200000, 0x00000000c3300000|  0%| F|  |TAMS 0x00000000c3200000, 0x00000000c3200000| Untracked 
|   3|0x00000000c3300000, 0x00000000c3300000, 0x00000000c3400000|  0%| F|  |TAMS 0x00000000c3300000, 0x00000000c3300000| Untracked 
|   4|0x00000000c3400000, 0x00000000c3400000, 0x00000000c3500000|  0%| F|  |TAMS 0x00000000c3400000, 0x00000000c3400000| Untracked 
|   5|0x00000000c3500000, 0x00000000c3500000, 0x00000000c3600000|  0%| F|  |TAMS 0x00000000c3500000, 0x00000000c3500000| Untracked 
|   6|0x00000000c3600000, 0x00000000c3600000, 0x00000000c3700000|  0%| F|  |TAMS 0x00000000c3600000, 0x00000000c3600000| Untracked 
|   7|0x00000000c3700000, 0x00000000c3700000, 0x00000000c3800000|  0%| F|  |TAMS 0x00000000c3700000, 0x00000000c3700000| Untracked 
|   8|0x00000000c3800000, 0x00000000c3800000, 0x00000000c3900000|  0%| F|  |TAMS 0x00000000c3800000, 0x00000000c3800000| Untracked 
|   9|0x00000000c3900000, 0x00000000c3900000, 0x00000000c3a00000|  0%| F|  |TAMS 0x00000000c3900000, 0x00000000c3900000| Untracked 
|  10|0x00000000c3a00000, 0x00000000c3a00000, 0x00000000c3b00000|  0%| F|  |TAMS 0x00000000c3a00000, 0x00000000c3a00000| Untracked 
|  11|0x00000000c3b00000, 0x00000000c3b00000, 0x00000000c3c00000|  0%| F|  |TAMS 0x00000000c3b00000, 0x00000000c3b00000| Untracked 
|  12|0x00000000c3c00000, 0x00000000c3c00000, 0x00000000c3d00000|  0%| F|  |TAMS 0x00000000c3c00000, 0x00000000c3c00000| Untracked 
|  13|0x00000000c3d00000, 0x00000000c3d00000, 0x00000000c3e00000|  0%| F|  |TAMS 0x00000000c3d00000, 0x00000000c3d00000| Untracked 
|  14|0x00000000c3e00000, 0x00000000c3e00000, 0x00000000c3f00000|  0%| F|  |TAMS 0x00000000c3e00000, 0x00000000c3e00000| Untracked 
|  15|0x00000000c3f00000, 0x00000000c3f00000, 0x00000000c4000000|  0%| F|  |TAMS 0x00000000c3f00000, 0x00000000c3f00000| Untracked 
|  16|0x00000000c4000000, 0x00000000c4000000, 0x00000000c4100000|  0%| F|  |TAMS 0x00000000c4000000, 0x00000000c4000000| Untracked 
|  17|0x00000000c4100000, 0x00000000c4100000, 0x00000000c4200000|  0%| F|  |TAMS 0x00000000c4100000, 0x00000000c4100000| Untracked 
|  18|0x00000000c4200000, 0x00000000c4200000, 0x00000000c4300000|  0%| F|  |TAMS 0x00000000c4200000, 0x00000000c4200000| Untracked 
|  19|0x00000000c4300000, 0x00000000c4300000, 0x00000000c4400000|  0%| F|  |TAMS 0x00000000c4300000, 0x00000000c4300000| Untracked 
|  20|0x00000000c4400000, 0x00000000c4400000, 0x00000000c4500000|  0%| F|  |TAMS 0x00000000c4400000, 0x00000000c4400000| Untracked 
|  21|0x00000000c4500000, 0x00000000c4500000, 0x00000000c4600000|  0%| F|  |TAMS 0x00000000c4500000, 0x00000000c4500000| Untracked 
|  22|0x00000000c4600000, 0x00000000c4600000, 0x00000000c4700000|  0%| F|  |TAMS 0x00000000c4600000, 0x00000000c4600000| Untracked 
|  23|0x00000000c4700000, 0x00000000c4700000, 0x00000000c4800000|  0%| F|  |TAMS 0x00000000c4700000, 0x00000000c4700000| Untracked 
|  24|0x00000000c4800000, 0x00000000c4800000, 0x00000000c4900000|  0%| F|  |TAMS 0x00000000c4800000, 0x00000000c4800000| Untracked 
|  25|0x00000000c4900000, 0x00000000c4900000, 0x00000000c4a00000|  0%| F|  |TAMS 0x00000000c4900000, 0x00000000c4900000| Untracked 
|  26|0x00000000c4a00000, 0x00000000c4a00000, 0x00000000c4b00000|  0%| F|  |TAMS 0x00000000c4a00000, 0x00000000c4a00000| Untracked 
|  27|0x00000000c4b00000, 0x00000000c4b00000, 0x00000000c4c00000|  0%| F|  |TAMS 0x00000000c4b00000, 0x00000000c4b00000| Untracked 
|  28|0x00000000c4c00000, 0x00000000c4c00000, 0x00000000c4d00000|  0%| F|  |TAMS 0x00000000c4c00000, 0x00000000c4c00000| Untracked 
|  29|0x00000000c4d00000, 0x00000000c4d00000, 0x00000000c4e00000|  0%| F|  |TAMS 0x00000000c4d00000, 0x00000000c4d00000| Untracked 
|  30|0x00000000c4e00000, 0x00000000c4e00000, 0x00000000c4f00000|  0%| F|  |TAMS 0x00000000c4e00000, 0x00000000c4e00000| Untracked 
|  31|0x00000000c4f00000, 0x00000000c4f00000, 0x00000000c5000000|  0%| F|  |TAMS 0x00000000c4f00000, 0x00000000c4f00000| Untracked 
|  32|0x00000000c5000000, 0x00000000c5000000, 0x00000000c5100000|  0%| F|  |TAMS 0x00000000c5000000, 0x00000000c5000000| Untracked 
|  33|0x00000000c5100000, 0x00000000c5100000, 0x00000000c5200000|  0%| F|  |TAMS 0x00000000c5100000, 0x00000000c5100000| Untracked 
|  34|0x00000000c5200000, 0x00000000c5200000, 0x00000000c5300000|  0%| F|  |TAMS 0x00000000c5200000, 0x00000000c5200000| Untracked 
|  35|0x00000000c5300000, 0x00000000c5300000, 0x00000000c5400000|  0%| F|  |TAMS 0x00000000c5300000, 0x00000000c5300000| Untracked 
|  36|0x00000000c5400000, 0x00000000c5400000, 0x00000000c5500000|  0%| F|  |TAMS 0x00000000c5400000, 0x00000000c5400000| Untracked 
|  37|0x00000000c5500000, 0x00000000c5500000, 0x00000000c5600000|  0%| F|  |TAMS 0x00000000c5500000, 0x00000000c5500000| Untracked 
|  38|0x00000000c5600000, 0x00000000c5600000, 0x00000000c5700000|  0%| F|  |TAMS 0x00000000c5600000, 0x00000000c5600000| Untracked 
|  39|0x00000000c5700000, 0x00000000c5700000, 0x00000000c5800000|  0%| F|  |TAMS 0x00000000c5700000, 0x00000000c5700000| Untracked 
|  40|0x00000000c5800000, 0x00000000c5800000, 0x00000000c5900000|  0%| F|  |TAMS 0x00000000c5800000, 0x00000000c5800000| Untracked 
|  41|0x00000000c5900000, 0x00000000c5900000, 0x00000000c5a00000|  0%| F|  |TAMS 0x00000000c5900000, 0x00000000c5900000| Untracked 
|  42|0x00000000c5a00000, 0x00000000c5a00000, 0x00000000c5b00000|  0%| F|  |TAMS 0x00000000c5a00000, 0x00000000c5a00000| Untracked 
|  43|0x00000000c5b00000, 0x00000000c5b00000, 0x00000000c5c00000|  0%| F|  |TAMS 0x00000000c5b00000, 0x00000000c5b00000| Untracked 
|  44|0x00000000c5c00000, 0x00000000c5c00000, 0x00000000c5d00000|  0%| F|  |TAMS 0x00000000c5c00000, 0x00000000c5c00000| Untracked 
|  45|0x00000000c5d00000, 0x00000000c5d00000, 0x00000000c5e00000|  0%| F|  |TAMS 0x00000000c5d00000, 0x00000000c5d00000| Untracked 
|  46|0x00000000c5e00000, 0x00000000c5e00000, 0x00000000c5f00000|  0%| F|  |TAMS 0x00000000c5e00000, 0x00000000c5e00000| Untracked 
|  47|0x00000000c5f00000, 0x00000000c5f00000, 0x00000000c6000000|  0%| F|  |TAMS 0x00000000c5f00000, 0x00000000c5f00000| Untracked 
|  48|0x00000000c6000000, 0x00000000c6000000, 0x00000000c6100000|  0%| F|  |TAMS 0x00000000c6000000, 0x00000000c6000000| Untracked 
|  49|0x00000000c6100000, 0x00000000c6100000, 0x00000000c6200000|  0%| F|  |TAMS 0x00000000c6100000, 0x00000000c6100000| Untracked 
|  50|0x00000000c6200000, 0x00000000c6200000, 0x00000000c6300000|  0%| F|  |TAMS 0x00000000c6200000, 0x00000000c6200000| Untracked 
|  51|0x00000000c6300000, 0x00000000c6300000, 0x00000000c6400000|  0%| F|  |TAMS 0x00000000c6300000, 0x00000000c6300000| Untracked 
|  52|0x00000000c6400000, 0x00000000c6400000, 0x00000000c6500000|  0%| F|  |TAMS 0x00000000c6400000, 0x00000000c6400000| Untracked 
|  53|0x00000000c6500000, 0x00000000c6500000, 0x00000000c6600000|  0%| F|  |TAMS 0x00000000c6500000, 0x00000000c6500000| Untracked 
|  54|0x00000000c6600000, 0x00000000c6700000, 0x00000000c6700000|100%| S|CS|TAMS 0x00000000c6600000, 0x00000000c6600000| Complete 
|  55|0x00000000c6700000, 0x00000000c6700000, 0x00000000c6800000|  0%| F|  |TAMS 0x00000000c6700000, 0x00000000c6700000| Untracked 
|  56|0x00000000c6800000, 0x00000000c6800000, 0x00000000c6900000|  0%| F|  |TAMS 0x00000000c6800000, 0x00000000c6800000| Untracked 
|  57|0x00000000c6900000, 0x00000000c6980800, 0x00000000c6a00000| 50%| E|  |TAMS 0x00000000c6900000, 0x00000000c6900000| Complete 
|  58|0x00000000c6a00000, 0x00000000c6b00000, 0x00000000c6b00000|100%| E|CS|TAMS 0x00000000c6a00000, 0x00000000c6a00000| Complete 
|  59|0x00000000c6b00000, 0x00000000c6c00000, 0x00000000c6c00000|100%| E|CS|TAMS 0x00000000c6b00000, 0x00000000c6b00000| Complete 
|  60|0x00000000c6c00000, 0x00000000c6d00000, 0x00000000c6d00000|100%| E|CS|TAMS 0x00000000c6c00000, 0x00000000c6c00000| Complete 
|  61|0x00000000c6d00000, 0x00000000c6e00000, 0x00000000c6e00000|100%| E|CS|TAMS 0x00000000c6d00000, 0x00000000c6d00000| Complete 
| 974|0x00000000ffe00000, 0x00000000ffe47000, 0x00000000fff00000| 27%|OA|  |TAMS 0x00000000ffe00000, 0x00000000ffe00000| Untracked 
| 975|0x00000000fff00000, 0x00000000fff6b000, 0x0000000100000000| 41%|CA|  |TAMS 0x00000000fff00000, 0x00000000fff00000| Untracked 

Card table byte_map: [0x00007f882d847000,0x00007f882da2f000] _byte_map_base: 0x00007f882d22f000

Marking Bits (Prev, Next): (CMBitMap*) 0x00007f8828045388, (CMBitMap*) 0x00007f88280453c0
 Prev Bits: [0x00007f882c71f000, 0x00007f882d65f000)
 Next Bits: [0x00007f880b0c0000, 0x00007f880c000000)

Polling page: 0x00007f8831f86000

Metaspace:

Usage:
  Non-class:      5.85 MB capacity,     3.31 MB ( 57%) used,     2.53 MB ( 43%) free+waste,    11.31 KB ( <1%) overhead. 
      Class:    733.00 KB capacity,   430.33 KB ( 59%) used,   296.55 KB ( 40%) free+waste,     6.12 KB ( <1%) overhead. 
       Both:      6.56 MB capacity,     3.73 MB ( 57%) used,     2.81 MB ( 43%) free+waste,    17.44 KB ( <1%) overhead. 

Virtual space:
  Non-class space:        8.00 MB reserved,       6.00 MB ( 75%) committed 
      Class space:        1.00 GB reserved,     768.00 KB ( <1%) committed 
             Both:        1.01 GB reserved,       6.75 MB ( <1%) committed 

Chunk freelists:
   Non-Class:  27.00 KB
       Class:  3.00 KB
        Both:  30.00 KB

MaxMetaspaceSize: unlimited
CompressedClassSpaceSize: 1.00 GB
Initial GC threshold: 20.80 MB
Current GC threshold: 20.80 MB
CDS: on

CodeHeap 'non-profiled nmethods': size=120036Kb used=238Kb max_used=238Kb free=119797Kb
 bounds [0x00007f88182bc000, 0x00007f881852c000, 0x00007f881f7f5000]
CodeHeap 'profiled nmethods': size=120032Kb used=1391Kb max_used=1391Kb free=118640Kb
 bounds [0x00007f8810d84000, 0x00007f8810ff4000, 0x00007f88182bc000]
CodeHeap 'non-nmethods': size=5692Kb used=1154Kb max_used=1169Kb free=4537Kb
 bounds [0x00007f88107f5000, 0x00007f8810a65000, 0x00007f8810d84000]
 total_blobs=1200 nmethods=785 adapters=329
 compilation: enabled
              stopped_count=0, restarted_count=0
 full_count=0

Compilation events (20 events):
Event: 0.357 Thread 0x00007f88280c6000  762       3       java.lang.ref.PhantomReference::<init> (7 bytes)
Event: 0.357 Thread 0x00007f88280c6000 nmethod 762 0x00007f8810ed3090 code [0x00007f8810ed3260, 0x00007f8810ed3550]
Event: 0.357 Thread 0x00007f88280c6000  763       3       jdk.internal.org.objectweb.asm.ByteVector::putInt (74 bytes)
Event: 0.357 Thread 0x00007f88280c6000 nmethod 763 0x00007f8810ed3610 code [0x00007f8810ed37e0, 0x00007f8810ed3a40]
Event: 0.357 Thread 0x00007f88280c6000  765       3       java.lang.invoke.MethodTypeForm::canonicalize (64 bytes)
Event: 0.358 Thread 0x00007f88280c6000 nmethod 765 0x00007f8810ed3b90 code [0x00007f8810ed3d80, 0x00007f8810ed4060]
Event: 0.358 Thread 0x00007f88280c6000  767       3       java.lang.invoke.LambdaForm::parameter (52 bytes)
Event: 0.358 Thread 0x00007f88280c6000 nmethod 767 0x00007f8810ed4190 code [0x00007f8810ed4340, 0x00007f8810ed4490]
Event: 0.358 Thread 0x00007f88280c6000  766       3       java.lang.invoke.MethodType$ConcurrentWeakInternSet::add (66 bytes)
Event: 0.358 Thread 0x00007f88280c6000 nmethod 766 0x00007f8810ed4590 code [0x00007f8810ed4820, 0x00007f8810ed5740]
Event: 0.358 Thread 0x00007f88280c6000  768       3       java.lang.invoke.LambdaForm::useCount (90 bytes)
Event: 0.358 Thread 0x00007f88280c6000 nmethod 768 0x00007f8810ed5b90 code [0x00007f8810ed5d80, 0x00007f8810ed6130]
Event: 0.358 Thread 0x00007f88280c6000  769       3       java.lang.invoke.InvokerBytecodeGenerator::emitPushArguments (45 bytes)
Event: 0.358 Thread 0x00007f88280c6000 nmethod 769 0x00007f8810ed6310 code [0x00007f8810ed6500, 0x00007f8810ed6970]
Event: 0.358 Thread 0x00007f88280c6000  772       3       jdk.internal.org.objectweb.asm.ClassWriter::newNameType (10 bytes)
Event: 0.358 Thread 0x00007f88280c6000 nmethod 772 0x00007f8810ed6c10 code [0x00007f8810ed6dc0, 0x00007f8810ed6f00]
Event: 0.358 Thread 0x00007f88280c6000  773       3       jdk.internal.org.objectweb.asm.ClassWriter::newNameTypeItem (71 bytes)
Event: 0.359 Thread 0x00007f88280c6000 nmethod 773 0x00007f8810ed7010 code [0x00007f8810ed7240, 0x00007f8810ed76b0]
Event: 0.359 Thread 0x00007f88280c6000  776       3       java.lang.invoke.InvokerBytecodeGenerator::getInternalName (98 bytes)
Event: 0.359 Thread 0x00007f88280c4000  781       4       java.util.concurrent.ConcurrentHashMap::get (162 bytes)

GC Heap History (2 events):
Event: 0.245 GC heap before
{Heap before GC invocations=0 (full 0):
 garbage-first heap   total 65536K, used 7880K [0x00000000c3000000, 0x0000000100000000)
  region size 1024K, 7 young (7168K), 0 survivors (0K)
 Metaspace       used 2725K, capacity 6252K, committed 6528K, reserved 1056768K
  class space    used 270K, capacity 618K, committed 640K, reserved 1048576K
}
Event: 0.248 GC heap after
{Heap after GC invocations=1 (full 0):
 garbage-first heap   total 65536K, used 2193K [0x00000000c3000000, 0x0000000100000000)
  region size 1024K, 1 young (1024K), 1 survivors (1024K)
 Metaspace       used 2725K, capacity 6252K, committed 6528K, reserved 1056768K
  class space    used 270K, capacity 618K, committed 640K, reserved 1048576K
}

Deoptimization events (20 events):
Event: 0.251 Thread 0x00007f8828017000 DEOPT PACKING pc=0x00007f88182e4d14 sp=0x00007f8831f6e3f0
Event: 0.251 Thread 0x00007f8828017000 DEOPT UNPACKING pc=0x00007f881083eea5 sp=0x00007f8831f6e370 mode 2
Event: 0.251 Thread 0x00007f8828017000 Uncommon trap: trap_request=0xffffffbe fr.pc=0x00007f88182e4d14 relative=0x00000000000003d4
Event: 0.251 Thread 0x00007f8828017000 Uncommon trap: reason=profile_predicate action=maybe_recompile pc=0x00007f88182e4d14 method=java.lang.StringLatin1.indexOf([BI[BII)I @ 18 c2
Event: 0.251 Thread 0x00007f8828017000 DEOPT PACKING pc=0x00007f88182e4d14 sp=0x00007f8831f6e320
Event: 0.251 Thread 0x00007f8828017000 DEOPT UNPACKING pc=0x00007f881083eea5 sp=0x00007f8831f6e2a0 mode 2
Event: 0.251 Thread 0x00007f8828017000 Uncommon trap: trap_request=0xffffffbe fr.pc=0x00007f88182e4d14 relative=0x00000000000003d4
Event: 0.251 Thread 0x00007f8828017000 Uncommon trap: reason=profile_predicate action=maybe_recompile pc=0x00007f88182e4d14 method=java.lang.StringLatin1.indexOf([BI[BII)I @ 18 c2
Event: 0.251 Thread 0x00007f8828017000 DEOPT PACKING pc=0x00007f88182e4d14 sp=0x00007f8831f6e320
Event: 0.251 Thread 0x00007f8828017000 DEOPT UNPACKING pc=0x00007f881083eea5 sp=0x00007f8831f6e2a0 mode 2
Event: 0.251 Thread 0x00007f8828017000 Uncommon trap: trap_request=0xffffffbe fr.pc=0x00007f88182e4d14 relative=0x00000000000003d4
Event: 0.251 Thread 0x00007f8828017000 Uncommon trap: reason=profile_predicate action=maybe_recompile pc=0x00007f88182e4d14 method=java.lang.StringLatin1.indexOf([BI[BII)I @ 18 c2
Event: 0.251 Thread 0x00007f8828017000 DEOPT PACKING pc=0x00007f88182e4d14 sp=0x00007f8831f6e320
Event: 0.251 Thread 0x00007f8828017000 DEOPT UNPACKING pc=0x00007f881083eea5 sp=0x00007f8831f6e2a0 mode 2
Event: 0.259 Thread 0x00007f8828017000 DEOPT PACKING pc=0x00007f8810dcfc24 sp=0x00007f8831f6d950
Event: 0.259 Thread 0x00007f8828017000 DEOPT UNPACKING pc=0x00007f881083f64a sp=0x00007f8831f6cde0 mode 0
Event: 0.300 Thread 0x00007f8828017000 DEOPT PACKING pc=0x00007f8810e57e0b sp=0x00007f8831f6e340
Event: 0.300 Thread 0x00007f8828017000 DEOPT UNPACKING pc=0x00007f881083f64a sp=0x00007f8831f6d7b0 mode 0
Event: 0.315 Thread 0x00007f8828017000 DEOPT PACKING pc=0x00007f8810e54042 sp=0x00007f8831f6e6e0
Event: 0.315 Thread 0x00007f8828017000 DEOPT UNPACKING pc=0x00007f881083f64a sp=0x00007f8831f6db68 mode 0

Classes redefined (0 events):
No events

Internal exceptions (20 events):
Event: 0.227 Thread 0x00007f8828017000 Exception <a 'java/security/PrivilegedActionException'{0x00000000c68c2d68}> (0x00000000c68c2d68) thrown at [src/hotspot/share/prims/jvm.cpp, line 1306]
Event: 0.228 Thread 0x00007f8828017000 Exception <a 'java/security/PrivilegedActionException'{0x00000000c68c3038}> (0x00000000c68c3038) thrown at [src/hotspot/share/prims/jvm.cpp, line 1306]
Event: 0.228 Thread 0x00007f8828017000 Exception <a 'java/security/PrivilegedActionException'{0x00000000c68c39a8}> (0x00000000c68c39a8) thrown at [src/hotspot/share/prims/jvm.cpp, line 1306]
Event: 0.228 Thread 0x00007f8828017000 Exception <a 'java/security/PrivilegedActionException'{0x00000000c68c3c78}> (0x00000000c68c3c78) thrown at [src/hotspot/share/prims/jvm.cpp, line 1306]
Event: 0.228 Thread 0x00007f8828017000 Exception <a 'java/security/PrivilegedActionException'{0x00000000c68c4600}> (0x00000000c68c4600) thrown at [src/hotspot/share/prims/jvm.cpp, line 1306]
Event: 0.228 Thread 0x00007f8828017000 Exception <a 'java/security/PrivilegedActionException'{0x00000000c68c48d0}> (0x00000000c68c48d0) thrown at [src/hotspot/share/prims/jvm.cpp, line 1306]
Event: 0.228 Thread 0x00007f8828017000 Exception <a 'java/security/PrivilegedActionException'{0x00000000c68c5258}> (0x00000000c68c5258) thrown at [src/hotspot/share/prims/jvm.cpp, line 1306]
Event: 0.228 Thread 0x00007f8828017000 Exception <a 'java/security/PrivilegedActionException'{0x00000000c68c5528}> (0x00000000c68c5528) thrown at [src/hotspot/share/prims/jvm.cpp, line 1306]
Event: 0.228 Thread 0x00007f8828017000 Exception <a 'java/security/PrivilegedActionException'{0x00000000c68c5eb0}> (0x00000000c68c5eb0) thrown at [src/hotspot/share/prims/jvm.cpp, line 1306]
Event: 0.228 Thread 0x00007f8828017000 Exception <a 'java/security/PrivilegedActionException'{0x00000000c68c6180}> (0x00000000c68c6180) thrown at [src/hotspot/share/prims/jvm.cpp, line 1306]
Event: 0.228 Thread 0x00007f8828017000 Exception <a 'java/security/PrivilegedActionException'{0x00000000c68c6af0}> (0x00000000c68c6af0) thrown at [src/hotspot/share/prims/jvm.cpp, line 1306]
Event: 0.228 Thread 0x00007f8828017000 Exception <a 'java/security/PrivilegedActionException'{0x00000000c68c6dc0}> (0x00000000c68c6dc0) thrown at [src/hotspot/share/prims/jvm.cpp, line 1306]
Event: 0.228 Thread 0x00007f8828017000 Exception <a 'java/security/PrivilegedActionException'{0x00000000c68c7748}> (0x00000000c68c7748) thrown at [src/hotspot/share/prims/jvm.cpp, line 1306]
Event: 0.228 Thread 0x00007f8828017000 Exception <a 'java/security/PrivilegedActionException'{0x00000000c68c7a18}> (0x00000000c68c7a18) thrown at [src/hotspot/share/prims/jvm.cpp, line 1306]
Event: 0.228 Thread 0x00007f8828017000 Exception <a 'java/security/PrivilegedActionException'{0x00000000c68d57c8}> (0x00000000c68d57c8) thrown at [src/hotspot/share/prims/jvm.cpp, line 1306]
Event: 0.228 Thread 0x00007f8828017000 Exception <a 'java/security/PrivilegedActionException'{0x00000000c68d5a98}> (0x00000000c68d5a98) thrown at [src/hotspot/share/prims/jvm.cpp, line 1306]
Event: 0.242 Thread 0x00007f8828017000 Exception <a 'java/lang/NoSuchMethodError'{0x00000000c67de870}: 'int java.lang.invoke.DirectMethodHandle$Holder.invokeStaticInit(java.lang.Object, java.lang.Object, java.lang.Object, java.lang.Object)'> (0x00000000c67de870) thrown at [src/hotspot/share/interpreter/linkResolver.cpp, line 773]
Event: 0.243 Thread 0x00007f8828017000 Exception <a 'java/lang/IncompatibleClassChangeError'{0x00000000c67e8250}: Found class java.lang.Object, but interface was expected> (0x00000000c67e8250) thrown at [src/hotspot/share/interpreter/linkResolver.cpp, line 839]
Event: 0.243 Thread 0x00007f8828017000 Exception <a 'java/lang/NoSuchMethodError'{0x00000000c67eb4a0}: 'void java.lang.invoke.DirectMethodHandle$Holder.invokeStaticInit(java.lang.Object, java.lang.Object)'> (0x00000000c67eb4a0) thrown at [src/hotspot/share/interpreter/linkResolver.cpp, line 773]
Event: 0.244 Thread 0x00007f8828017000 Exception <a 'java/lang/NoSuchMethodError'{0x00000000c67f0f18}: 'int java.lang.invoke.DirectMethodHandle$Holder.invokeStaticInit(java.lang.Object, java.lang.Object)'> (0x00000000c67f0f18) thrown at [src/hotspot/share/interpreter/linkResolver.cpp, line 773]

Events (20 events):
Event: 0.352 loading class org/bytedeco/llvm/LLVM/LLVMObjectFileRef
Event: 0.352 loading class org/bytedeco/llvm/LLVM/LLVMObjectFileRef done
Event: 0.352 loading class org/bytedeco/llvm/LLVM/LLVMTargetRef
Event: 0.352 loading class org/bytedeco/llvm/LLVM/LLVMTargetRef done
Event: 0.352 loading class org/bytedeco/llvm/LLVM/LLVMPassManagerBuilderRef
Event: 0.352 loading class org/bytedeco/llvm/LLVM/LLVMPassManagerBuilderRef done
Event: 0.353 loading class org/bytedeco/llvm/LLVM/LLVMPassBuilderOptionsRef
Event: 0.353 loading class org/bytedeco/llvm/LLVM/LLVMPassBuilderOptionsRef done
Event: 0.353 loading class org/bytedeco/llvm/LLVM/Pass
Event: 0.353 loading class org/bytedeco/llvm/LLVM/Pass done
Event: 0.353 loading class org/bytedeco/llvm/LLVM/LLVMNamedMDNodeRef
Event: 0.353 loading class org/bytedeco/llvm/LLVM/LLVMNamedMDNodeRef done
Event: 0.353 loading class org/bytedeco/llvm/LLVM/LLVMUseRef
Event: 0.353 loading class org/bytedeco/llvm/LLVM/LLVMUseRef done
Event: 0.356 loading class org/bytedeco/javacpp/PointerScope
Event: 0.356 loading class org/bytedeco/javacpp/PointerScope done
Event: 0.357 loading class org/bytedeco/javacpp/PointerScope$1
Event: 0.357 loading class org/bytedeco/javacpp/PointerScope$1 done
Event: 0.359 loading class java/lang/invoke/BoundMethodHandle$Species_LLLLLLIIL
Event: 0.359 loading class java/lang/invoke/BoundMethodHandle$Species_LLLLLLIIL done


Dynamic libraries:
c3000000-c6e00000 rw-p 00000000 00:00 0 
c6e00000-ffe00000 ---p 00000000 00:00 0 
ffe00000-ffe47000 rw-p 00b0a000 08:01 926690                             /usr/lib/jvm/java-11-openjdk-amd64/lib/server/classes.jsa
ffe47000-fff00000 rw-p 00000000 00:00 0 
fff00000-fff6b000 rw-p 00a9f000 08:01 926690                             /usr/lib/jvm/java-11-openjdk-amd64/lib/server/classes.jsa
fff6b000-100000000 rw-p 00000000 00:00 0 
800000000-800002000 rwxp 00001000 08:01 926690                           /usr/lib/jvm/java-11-openjdk-amd64/lib/server/classes.jsa
800002000-8003cc000 rw-p 00003000 08:01 926690                           /usr/lib/jvm/java-11-openjdk-amd64/lib/server/classes.jsa
8003cc000-800a9d000 r--p 003cd000 08:01 926690                           /usr/lib/jvm/java-11-openjdk-amd64/lib/server/classes.jsa
800a9d000-800a9e000 rw-p 00a9e000 08:01 926690                           /usr/lib/jvm/java-11-openjdk-amd64/lib/server/classes.jsa
840000000-8400c0000 rw-p 00000000 00:00 0 
8400c0000-880000000 ---p 00000000 00:00 0 
55d319477000-55d319478000 r-xp 00000000 08:01 926076                     /usr/lib/jvm/java-11-openjdk-amd64/bin/java
55d319678000-55d319679000 r--p 00001000 08:01 926076                     /usr/lib/jvm/java-11-openjdk-amd64/bin/java
55d319679000-55d31967a000 rw-p 00002000 08:01 926076                     /usr/lib/jvm/java-11-openjdk-amd64/bin/java
55d31a019000-55d31a03a000 rw-p 00000000 00:00 0                          [heap]
7f87ccefe000-7f87ccf63000 r--p 00000000 08:01 6297977                    /home/syd/.javacpp/cache/llvm-13.0.1-1.5.7-linux-x86_64.jar/org/bytedeco/llvm/linux-x86_64/libjniLLVM.so
7f87ccf63000-7f87ccfd1000 r-xp 00065000 08:01 6297977                    /home/syd/.javacpp/cache/llvm-13.0.1-1.5.7-linux-x86_64.jar/org/bytedeco/llvm/linux-x86_64/libjniLLVM.so
7f87ccfd1000-7f87ccffc000 r--p 000d3000 08:01 6297977                    /home/syd/.javacpp/cache/llvm-13.0.1-1.5.7-linux-x86_64.jar/org/bytedeco/llvm/linux-x86_64/libjniLLVM.so
7f87ccffc000-7f87ccfff000 r--p 000fd000 08:01 6297977                    /home/syd/.javacpp/cache/llvm-13.0.1-1.5.7-linux-x86_64.jar/org/bytedeco/llvm/linux-x86_64/libjniLLVM.so
7f87ccfff000-7f87cd002000 rw-p 00100000 08:01 6297977                    /home/syd/.javacpp/cache/llvm-13.0.1-1.5.7-linux-x86_64.jar/org/bytedeco/llvm/linux-x86_64/libjniLLVM.so
7f87cd002000-7f87cd004000 rw-p 00000000 00:00 0 
7f87cd004000-7f87cd92a000 r--p 00000000 08:01 6297972                    /home/syd/.javacpp/cache/llvm-13.0.1-1.5.7-linux-x86_64.jar/org/bytedeco/llvm/linux-x86_64/libLLVM-13.so
7f87cd92a000-7f87d12ed000 r-xp 00926000 08:01 6297972                    /home/syd/.javacpp/cache/llvm-13.0.1-1.5.7-linux-x86_64.jar/org/bytedeco/llvm/linux-x86_64/libLLVM-13.so
7f87d12ed000-7f87d3542000 r--p 042e9000 08:01 6297972                    /home/syd/.javacpp/cache/llvm-13.0.1-1.5.7-linux-x86_64.jar/org/bytedeco/llvm/linux-x86_64/libLLVM-13.so
7f87d3542000-7f87d3a57000 r--p 0653d000 08:01 6297972                    /home/syd/.javacpp/cache/llvm-13.0.1-1.5.7-linux-x86_64.jar/org/bytedeco/llvm/linux-x86_64/libLLVM-13.so
7f87d3a57000-7f87d3a62000 rw-p 06a52000 08:01 6297972                    /home/syd/.javacpp/cache/llvm-13.0.1-1.5.7-linux-x86_64.jar/org/bytedeco/llvm/linux-x86_64/libLLVM-13.so
7f87d3a62000-7f87d3ad8000 rw-p 00000000 00:00 0 
7f87d3ad8000-7f87d3adc000 ---p 00000000 00:00 0 
7f87d3adc000-7f87d3bd9000 rw-p 00000000 00:00 0 
7f87d3bd9000-7f87d3bee000 r-xp 00000000 08:01 926225                     /usr/lib/jvm/java-11-openjdk-amd64/lib/libnet.so
7f87d3bee000-7f87d3ded000 ---p 00015000 08:01 926225                     /usr/lib/jvm/java-11-openjdk-amd64/lib/libnet.so
7f87d3ded000-7f87d3dee000 r--p 00014000 08:01 926225                     /usr/lib/jvm/java-11-openjdk-amd64/lib/libnet.so
7f87d3dee000-7f87d3def000 rw-p 00015000 08:01 926225                     /usr/lib/jvm/java-11-openjdk-amd64/lib/libnet.so
7f87d3def000-7f87d3dff000 r-xp 00000000 08:01 926226                     /usr/lib/jvm/java-11-openjdk-amd64/lib/libnio.so
7f87d3dff000-7f87d3ffe000 ---p 00010000 08:01 926226                     /usr/lib/jvm/java-11-openjdk-amd64/lib/libnio.so
7f87d3ffe000-7f87d3fff000 r--p 0000f000 08:01 926226                     /usr/lib/jvm/java-11-openjdk-amd64/lib/libnio.so
7f87d3fff000-7f87d4000000 rw-p 00010000 08:01 926226                     /usr/lib/jvm/java-11-openjdk-amd64/lib/libnio.so
7f87d4000000-7f87d4021000 rw-p 00000000 00:00 0 
7f87d4021000-7f87d8000000 ---p 00000000 00:00 0 
7f87d8000000-7f87d8021000 rw-p 00000000 00:00 0 
7f87d8021000-7f87dc000000 ---p 00000000 00:00 0 
7f87dc000000-7f87dc3be000 rw-p 00000000 00:00 0 
7f87dc3be000-7f87e0000000 ---p 00000000 00:00 0 
7f87e0000000-7f87e031c000 rw-p 00000000 00:00 0 
7f87e031c000-7f87e4000000 ---p 00000000 00:00 0 
7f87e4000000-7f87e4021000 rw-p 00000000 00:00 0 
7f87e4021000-7f87e8000000 ---p 00000000 00:00 0 
7f87e8000000-7f87e8021000 rw-p 00000000 00:00 0 
7f87e8021000-7f87ec000000 ---p 00000000 00:00 0 
7f87ec000000-7f87ec021000 rw-p 00000000 00:00 0 
7f87ec021000-7f87f0000000 ---p 00000000 00:00 0 
7f87f0000000-7f87f0021000 rw-p 00000000 00:00 0 
7f87f0021000-7f87f4000000 ---p 00000000 00:00 0 
7f87f4000000-7f87f4021000 rw-p 00000000 00:00 0 
7f87f4021000-7f87f8000000 ---p 00000000 00:00 0 
7f87f8000000-7f87f8021000 rw-p 00000000 00:00 0 
7f87f8021000-7f87fc000000 ---p 00000000 00:00 0 
7f87fc000000-7f87fc021000 rw-p 00000000 00:00 0 
7f87fc021000-7f8800000000 ---p 00000000 00:00 0 
7f8800000000-7f8800021000 rw-p 00000000 00:00 0 
7f8800021000-7f8804000000 ---p 00000000 00:00 0 
7f8804000000-7f8804021000 rw-p 00000000 00:00 0 
7f8804021000-7f8808000000 ---p 00000000 00:00 0 
7f88080b6000-7f88080b7000 ---p 00000000 00:00 0 
7f88080b7000-7f88081b8000 rw-p 00000000 00:00 0 
7f88081b8000-7f88081bc000 ---p 00000000 00:00 0 
7f88081bc000-7f88082b9000 rw-p 00000000 00:00 0 
7f88082b9000-7f88082ba000 ---p 00000000 00:00 0 
7f88082ba000-7f88083bb000 rw-p 00000000 00:00 0 
7f88083bb000-7f88083bf000 ---p 00000000 00:00 0 
7f88083bf000-7f88084bc000 rw-p 00000000 00:00 0 
7f88084bc000-7f88084c0000 ---p 00000000 00:00 0 
7f88084c0000-7f88085bd000 rw-p 00000000 00:00 0 
7f88085bd000-7f88085c1000 ---p 00000000 00:00 0 
7f88085c1000-7f88086be000 rw-p 00000000 00:00 0 
7f88086be000-7f88086c2000 ---p 00000000 00:00 0 
7f88086c2000-7f88087bf000 rw-p 00000000 00:00 0 
7f88087bf000-7f88087c3000 ---p 00000000 00:00 0 
7f88087c3000-7f8808ec0000 rw-p 00000000 00:00 0 
7f8808ec0000-7f88090c0000 ---p 00000000 00:00 0 
7f88090c0000-7f880b1b8000 rw-p 00000000 00:00 0 
7f880b1b8000-7f880bff8000 ---p 00000000 00:00 0 
7f880bff8000-7f880c000000 rw-p 00000000 00:00 0 
7f880c000000-7f880c021000 rw-p 00000000 00:00 0 
7f880c021000-7f8810000000 ---p 00000000 00:00 0 
7f881005d000-7f88104f1000 r--p 00000000 08:01 666827                     /usr/lib/locale/locale-archive
7f88104f1000-7f88104f5000 ---p 00000000 00:00 0 
7f88104f5000-7f88105f2000 rw-p 00000000 00:00 0 
7f88105f2000-7f88105f6000 ---p 00000000 00:00 0 
7f88105f6000-7f88106f3000 rw-p 00000000 00:00 0 
7f88106f3000-7f88106f4000 ---p 00000000 00:00 0 
7f88106f4000-7f88107f5000 rw-p 00000000 00:00 0 
7f88107f5000-7f8810a65000 rwxp 00000000 00:00 0 
7f8810a65000-7f8810d84000 ---p 00000000 00:00 0 
7f8810d84000-7f8810ff4000 rwxp 00000000 00:00 0 
7f8810ff4000-7f88182bc000 ---p 00000000 00:00 0 
7f88182bc000-7f881852c000 rwxp 00000000 00:00 0 
7f881852c000-7f881f7f5000 ---p 00000000 00:00 0 
7f881f7f5000-7f8828000000 r--s 00000000 08:01 926235                     /usr/lib/jvm/java-11-openjdk-amd64/lib/modules
7f8828000000-7f8828378000 rw-p 00000000 00:00 0 
7f8828378000-7f882c000000 ---p 00000000 00:00 0 
7f882c026000-7f882c02d000 r--p 00000000 08:01 6297973                    /home/syd/.javacpp/cache/llvm-13.0.1-1.5.7-linux-x86_64.jar/org/bytedeco/llvm/linux-x86_64/libLTO.so.13
7f882c02d000-7f882c035000 r-xp 00007000 08:01 6297973                    /home/syd/.javacpp/cache/llvm-13.0.1-1.5.7-linux-x86_64.jar/org/bytedeco/llvm/linux-x86_64/libLTO.so.13
7f882c035000-7f882c037000 r--p 0000f000 08:01 6297973                    /home/syd/.javacpp/cache/llvm-13.0.1-1.5.7-linux-x86_64.jar/org/bytedeco/llvm/linux-x86_64/libLTO.so.13
7f882c037000-7f882c038000 r--p 00010000 08:01 6297973                    /home/syd/.javacpp/cache/llvm-13.0.1-1.5.7-linux-x86_64.jar/org/bytedeco/llvm/linux-x86_64/libLTO.so.13
7f882c038000-7f882c039000 rw-p 00011000 08:01 6297973                    /home/syd/.javacpp/cache/llvm-13.0.1-1.5.7-linux-x86_64.jar/org/bytedeco/llvm/linux-x86_64/libLTO.so.13
7f882c039000-7f882c115000 rw-p 00000000 00:00 0 
7f882c115000-7f882c116000 ---p 00000000 00:00 0 
7f882c116000-7f882c217000 rw-p 00000000 00:00 0 
7f882c217000-7f882c218000 ---p 00000000 00:00 0 
7f882c218000-7f882c51b000 rw-p 00000000 00:00 0 
7f882c51b000-7f882c51c000 ---p 00000000 00:00 0 
7f882c51c000-7f882c61d000 rw-p 00000000 00:00 0 
7f882c61d000-7f882c61e000 ---p 00000000 00:00 0 
7f882c61e000-7f882c817000 rw-p 00000000 00:00 0 
7f882c817000-7f882d657000 ---p 00000000 00:00 0 
7f882d657000-7f882d67e000 rw-p 00000000 00:00 0 
7f882d67e000-7f882d846000 ---p 00000000 00:00 0 
7f882d846000-7f882d866000 rw-p 00000000 00:00 0 
7f882d866000-7f882da2e000 ---p 00000000 00:00 0 
7f882da2e000-7f882da4e000 rw-p 00000000 00:00 0 
7f882da4e000-7f882dc16000 ---p 00000000 00:00 0 
7f882dc16000-7f882de19000 rw-p 00000000 00:00 0 
7f882de19000-7f882de1a000 ---p 00000000 00:00 0 
7f882de1a000-7f882df20000 rw-p 00000000 00:00 0 
7f882df20000-7f882e006000 ---p 00000000 00:00 0 
7f882e006000-7f882e00b000 rw-p 00000000 00:00 0 
7f882e00b000-7f882e0f1000 ---p 00000000 00:00 0 
7f882e0f1000-7f882e0f8000 r-xp 00000000 08:01 926234                     /usr/lib/jvm/java-11-openjdk-amd64/lib/libzip.so
7f882e0f8000-7f882e2f8000 ---p 00007000 08:01 926234                     /usr/lib/jvm/java-11-openjdk-amd64/lib/libzip.so
7f882e2f8000-7f882e2f9000 r--p 00007000 08:01 926234                     /usr/lib/jvm/java-11-openjdk-amd64/lib/libzip.so
7f882e2f9000-7f882e2fa000 rw-p 00008000 08:01 926234                     /usr/lib/jvm/java-11-openjdk-amd64/lib/libzip.so
7f882e2fa000-7f882e305000 r-xp 00000000 08:01 1709194                    /lib/x86_64-linux-gnu/libnss_files-2.27.so
7f882e305000-7f882e504000 ---p 0000b000 08:01 1709194                    /lib/x86_64-linux-gnu/libnss_files-2.27.so
7f882e504000-7f882e505000 r--p 0000a000 08:01 1709194                    /lib/x86_64-linux-gnu/libnss_files-2.27.so
7f882e505000-7f882e506000 rw-p 0000b000 08:01 1709194                    /lib/x86_64-linux-gnu/libnss_files-2.27.so
7f882e506000-7f882e50c000 rw-p 00000000 00:00 0 
7f882e50c000-7f882e523000 r-xp 00000000 08:01 1709191                    /lib/x86_64-linux-gnu/libnsl-2.27.so
7f882e523000-7f882e722000 ---p 00017000 08:01 1709191                    /lib/x86_64-linux-gnu/libnsl-2.27.so
7f882e722000-7f882e723000 r--p 00016000 08:01 1709191                    /lib/x86_64-linux-gnu/libnsl-2.27.so
7f882e723000-7f882e724000 rw-p 00017000 08:01 1709191                    /lib/x86_64-linux-gnu/libnsl-2.27.so
7f882e724000-7f882e726000 rw-p 00000000 00:00 0 
7f882e726000-7f882e731000 r-xp 00000000 08:01 1709196                    /lib/x86_64-linux-gnu/libnss_nis-2.27.so
7f882e731000-7f882e930000 ---p 0000b000 08:01 1709196                    /lib/x86_64-linux-gnu/libnss_nis-2.27.so
7f882e930000-7f882e931000 r--p 0000a000 08:01 1709196                    /lib/x86_64-linux-gnu/libnss_nis-2.27.so
7f882e931000-7f882e932000 rw-p 0000b000 08:01 1709196                    /lib/x86_64-linux-gnu/libnss_nis-2.27.so
7f882e932000-7f882e93a000 r-xp 00000000 08:01 1709192                    /lib/x86_64-linux-gnu/libnss_compat-2.27.so
7f882e93a000-7f882eb3a000 ---p 00008000 08:01 1709192                    /lib/x86_64-linux-gnu/libnss_compat-2.27.so
7f882eb3a000-7f882eb3b000 r--p 00008000 08:01 1709192                    /lib/x86_64-linux-gnu/libnss_compat-2.27.so
7f882eb3b000-7f882eb3c000 rw-p 00009000 08:01 1709192                    /lib/x86_64-linux-gnu/libnss_compat-2.27.so
7f882eb3c000-7f882eb41000 r-xp 00000000 08:01 926217                     /usr/lib/jvm/java-11-openjdk-amd64/lib/libjimage.so
7f882eb41000-7f882ed40000 ---p 00005000 08:01 926217                     /usr/lib/jvm/java-11-openjdk-amd64/lib/libjimage.so
7f882ed40000-7f882ed41000 r--p 00004000 08:01 926217                     /usr/lib/jvm/java-11-openjdk-amd64/lib/libjimage.so
7f882ed41000-7f882ed42000 rw-p 00005000 08:01 926217                     /usr/lib/jvm/java-11-openjdk-amd64/lib/libjimage.so
7f882ed42000-7f882ed6b000 r-xp 00000000 08:01 926214                     /usr/lib/jvm/java-11-openjdk-amd64/lib/libjava.so
7f882ed6b000-7f882ef6a000 ---p 00029000 08:01 926214                     /usr/lib/jvm/java-11-openjdk-amd64/lib/libjava.so
7f882ef6a000-7f882ef6b000 r--p 00028000 08:01 926214                     /usr/lib/jvm/java-11-openjdk-amd64/lib/libjava.so
7f882ef6b000-7f882ef6c000 rw-p 00029000 08:01 926214                     /usr/lib/jvm/java-11-openjdk-amd64/lib/libjava.so
7f882ef6c000-7f882ef6d000 rw-p 00000000 00:00 0 
7f882ef6d000-7f882ef7a000 r-xp 00000000 08:01 926233                     /usr/lib/jvm/java-11-openjdk-amd64/lib/libverify.so
7f882ef7a000-7f882f179000 ---p 0000d000 08:01 926233                     /usr/lib/jvm/java-11-openjdk-amd64/lib/libverify.so
7f882f179000-7f882f17b000 r--p 0000c000 08:01 926233                     /usr/lib/jvm/java-11-openjdk-amd64/lib/libverify.so
7f882f17b000-7f882f17c000 rw-p 0000e000 08:01 926233                     /usr/lib/jvm/java-11-openjdk-amd64/lib/libverify.so
7f882f17c000-7f882f183000 r-xp 00000000 08:01 1709201                    /lib/x86_64-linux-gnu/librt-2.27.so
7f882f183000-7f882f382000 ---p 00007000 08:01 1709201                    /lib/x86_64-linux-gnu/librt-2.27.so
7f882f382000-7f882f383000 r--p 00006000 08:01 1709201                    /lib/x86_64-linux-gnu/librt-2.27.so
7f882f383000-7f882f384000 rw-p 00007000 08:01 1709201                    /lib/x86_64-linux-gnu/librt-2.27.so
7f882f384000-7f882f39b000 r-xp 00000000 08:01 1709327                    /lib/x86_64-linux-gnu/libgcc_s.so.1
7f882f39b000-7f882f59a000 ---p 00017000 08:01 1709327                    /lib/x86_64-linux-gnu/libgcc_s.so.1
7f882f59a000-7f882f59b000 r--p 00016000 08:01 1709327                    /lib/x86_64-linux-gnu/libgcc_s.so.1
7f882f59b000-7f882f59c000 rw-p 00017000 08:01 1709327                    /lib/x86_64-linux-gnu/libgcc_s.so.1
7f882f59c000-7f882f739000 r-xp 00000000 08:01 1709188                    /lib/x86_64-linux-gnu/libm-2.27.so
7f882f739000-7f882f938000 ---p 0019d000 08:01 1709188                    /lib/x86_64-linux-gnu/libm-2.27.so
7f882f938000-7f882f939000 r--p 0019c000 08:01 1709188                    /lib/x86_64-linux-gnu/libm-2.27.so
7f882f939000-7f882f93a000 rw-p 0019d000 08:01 1709188                    /lib/x86_64-linux-gnu/libm-2.27.so
7f882f93a000-7f882fab3000 r-xp 00000000 08:01 664741                     /usr/lib/x86_64-linux-gnu/libstdc++.so.6.0.25
7f882fab3000-7f882fcb3000 ---p 00179000 08:01 664741                     /usr/lib/x86_64-linux-gnu/libstdc++.so.6.0.25
7f882fcb3000-7f882fcbd000 r--p 00179000 08:01 664741                     /usr/lib/x86_64-linux-gnu/libstdc++.so.6.0.25
7f882fcbd000-7f882fcbf000 rw-p 00183000 08:01 664741                     /usr/lib/x86_64-linux-gnu/libstdc++.so.6.0.25
7f882fcbf000-7f882fcc3000 rw-p 00000000 00:00 0 
7f882fcc3000-7f8830dca000 r-xp 00000000 08:01 926240                     /usr/lib/jvm/java-11-openjdk-amd64/lib/server/libjvm.so
7f8830dca000-7f8830fca000 ---p 01107000 08:01 926240                     /usr/lib/jvm/java-11-openjdk-amd64/lib/server/libjvm.so
7f8830fca000-7f883108e000 r--p 01107000 08:01 926240                     /usr/lib/jvm/java-11-openjdk-amd64/lib/server/libjvm.so
7f883108e000-7f88310c9000 rw-p 011cb000 08:01 926240                     /usr/lib/jvm/java-11-openjdk-amd64/lib/server/libjvm.so
7f88310c9000-7f8831120000 rw-p 00000000 00:00 0 
7f8831120000-7f883113a000 r-xp 00000000 08:01 1709199                    /lib/x86_64-linux-gnu/libpthread-2.27.so
7f883113a000-7f8831339000 ---p 0001a000 08:01 1709199                    /lib/x86_64-linux-gnu/libpthread-2.27.so
7f8831339000-7f883133a000 r--p 00019000 08:01 1709199                    /lib/x86_64-linux-gnu/libpthread-2.27.so
7f883133a000-7f883133b000 rw-p 0001a000 08:01 1709199                    /lib/x86_64-linux-gnu/libpthread-2.27.so
7f883133b000-7f883133f000 rw-p 00000000 00:00 0 
7f883133f000-7f8831342000 r-xp 00000000 08:01 1709187                    /lib/x86_64-linux-gnu/libdl-2.27.so
7f8831342000-7f8831541000 ---p 00003000 08:01 1709187                    /lib/x86_64-linux-gnu/libdl-2.27.so
7f8831541000-7f8831542000 r--p 00002000 08:01 1709187                    /lib/x86_64-linux-gnu/libdl-2.27.so
7f8831542000-7f8831543000 rw-p 00003000 08:01 1709187                    /lib/x86_64-linux-gnu/libdl-2.27.so
7f8831543000-7f883155f000 r-xp 00000000 08:01 1704012                    /lib/x86_64-linux-gnu/libz.so.1.2.11
7f883155f000-7f883175e000 ---p 0001c000 08:01 1704012                    /lib/x86_64-linux-gnu/libz.so.1.2.11
7f883175e000-7f883175f000 r--p 0001b000 08:01 1704012                    /lib/x86_64-linux-gnu/libz.so.1.2.11
7f883175f000-7f8831760000 rw-p 0001c000 08:01 1704012                    /lib/x86_64-linux-gnu/libz.so.1.2.11
7f8831760000-7f8831947000 r-xp 00000000 08:01 1709184                    /lib/x86_64-linux-gnu/libc-2.27.so
7f8831947000-7f8831b47000 ---p 001e7000 08:01 1709184                    /lib/x86_64-linux-gnu/libc-2.27.so
7f8831b47000-7f8831b4b000 r--p 001e7000 08:01 1709184                    /lib/x86_64-linux-gnu/libc-2.27.so
7f8831b4b000-7f8831b4d000 rw-p 001eb000 08:01 1709184                    /lib/x86_64-linux-gnu/libc-2.27.so
7f8831b4d000-7f8831b51000 rw-p 00000000 00:00 0 
7f8831b51000-7f8831b60000 r-xp 00000000 08:01 926199                     /usr/lib/jvm/java-11-openjdk-amd64/lib/jli/libjli.so
7f8831b60000-7f8831d5f000 ---p 0000f000 08:01 926199                     /usr/lib/jvm/java-11-openjdk-amd64/lib/jli/libjli.so
7f8831d5f000-7f8831d60000 r--p 0000e000 08:01 926199                     /usr/lib/jvm/java-11-openjdk-amd64/lib/jli/libjli.so
7f8831d60000-7f8831d61000 rw-p 0000f000 08:01 926199                     /usr/lib/jvm/java-11-openjdk-amd64/lib/jli/libjli.so
7f8831d61000-7f8831d8a000 r-xp 00000000 08:01 1703942                    /lib/x86_64-linux-gnu/ld-2.27.so
7f8831d90000-7f8831d97000 r--s 00000000 08:01 920620                     /usr/lib/x86_64-linux-gnu/gconv/gconv-modules.cache
7f8831d97000-7f8831d9b000 r--p 00000000 08:01 6297966                    /home/syd/.javacpp/cache/javacpp-1.5.7-linux-x86_64.jar/org/bytedeco/javacpp/linux-x86_64/libjnijavacpp.so
7f8831d9b000-7f8831da2000 r-xp 00004000 08:01 6297966                    /home/syd/.javacpp/cache/javacpp-1.5.7-linux-x86_64.jar/org/bytedeco/javacpp/linux-x86_64/libjnijavacpp.so
7f8831da2000-7f8831da6000 r--p 0000b000 08:01 6297966                    /home/syd/.javacpp/cache/javacpp-1.5.7-linux-x86_64.jar/org/bytedeco/javacpp/linux-x86_64/libjnijavacpp.so
7f8831da6000-7f8831da7000 r--p 0000e000 08:01 6297966                    /home/syd/.javacpp/cache/javacpp-1.5.7-linux-x86_64.jar/org/bytedeco/javacpp/linux-x86_64/libjnijavacpp.so
7f8831da7000-7f8831da8000 rw-p 0000f000 08:01 6297966                    /home/syd/.javacpp/cache/javacpp-1.5.7-linux-x86_64.jar/org/bytedeco/javacpp/linux-x86_64/libjnijavacpp.so
7f8831da8000-7f8831e69000 rw-p 00000000 00:00 0 
7f8831e69000-7f8831e70000 ---p 00000000 00:00 0 
7f8831e70000-7f8831e74000 ---p 00000000 00:00 0 
7f8831e74000-7f8831f73000 rw-p 00000000 00:00 0 
7f8831f79000-7f8831f7a000 r--p 00000000 08:01 6297975                    /home/syd/.javacpp/cache/llvm-13.0.1-1.5.7-linux-x86_64.jar/org/bytedeco/llvm/linux-x86_64/libRemarks.so.13
7f8831f7a000-7f8831f7b000 r-xp 00001000 08:01 6297975                    /home/syd/.javacpp/cache/llvm-13.0.1-1.5.7-linux-x86_64.jar/org/bytedeco/llvm/linux-x86_64/libRemarks.so.13
7f8831f7b000-7f8831f7c000 r--p 00002000 08:01 6297975                    /home/syd/.javacpp/cache/llvm-13.0.1-1.5.7-linux-x86_64.jar/org/bytedeco/llvm/linux-x86_64/libRemarks.so.13
7f8831f7c000-7f8831f7d000 r--p 00002000 08:01 6297975                    /home/syd/.javacpp/cache/llvm-13.0.1-1.5.7-linux-x86_64.jar/org/bytedeco/llvm/linux-x86_64/libRemarks.so.13
7f8831f7d000-7f8831f7e000 rw-p 00003000 08:01 6297975                    /home/syd/.javacpp/cache/llvm-13.0.1-1.5.7-linux-x86_64.jar/org/bytedeco/llvm/linux-x86_64/libRemarks.so.13
7f8831f7e000-7f8831f86000 rw-s 00000000 08:01 6424125                    /tmp/hsperfdata_syd/20006
7f8831f86000-7f8831f87000 ---p 00000000 00:00 0 
7f8831f87000-7f8831f88000 r--p 00000000 00:00 0 
7f8831f88000-7f8831f8a000 rw-p 00000000 00:00 0 
7f8831f8a000-7f8831f8b000 r--p 00029000 08:01 1703942                    /lib/x86_64-linux-gnu/ld-2.27.so
7f8831f8b000-7f8831f8c000 rw-p 0002a000 08:01 1703942                    /lib/x86_64-linux-gnu/ld-2.27.so
7f8831f8c000-7f8831f8d000 rw-p 00000000 00:00 0 
7ffeb8da4000-7ffeb8dc6000 rw-p 00000000 00:00 0                          [stack]
7ffeb8df0000-7ffeb8df3000 r--p 00000000 00:00 0                          [vvar]
7ffeb8df3000-7ffeb8df5000 r-xp 00000000 00:00 0                          [vdso]
ffffffffff600000-ffffffffff601000 --xp 00000000 00:00 0                  [vsyscall]


VM Arguments:
java_command: Main /mnt/hgfs/CompilationPrincipleLAB/Lab/src/code.txt /mnt/hgfs/CompilationPrincipleLAB/Lab/src/IRtarget.txt
java_class_path (initial): ./classes:/usr/local/lib/antlr-4.9.1-complete.jar:/usr/local/lib/llvm-13.0.1-1.5.7-linux-x86_64.jar:/usr/local/lib/llvm-platform-13.0.1-1.5.7.jar:/usr/local/lib/llvm-13.0.1-1.5.7.jar:/usr/local/lib/javacpp-1.5.7-linux-x86_64.jar:/usr/local/lib/javacpp-1.5.7.jar
Launcher Type: SUN_STANDARD

[Global flags]
     intx CICompilerCount                          = 2                                         {product} {ergonomic}
     uint ConcGCThreads                            = 1                                         {product} {ergonomic}
     uint G1ConcRefinementThreads                  = 2                                         {product} {ergonomic}
   size_t G1HeapRegionSize                         = 1048576                                   {product} {ergonomic}
    uintx GCDrainStackTargetSize                   = 64                                        {product} {ergonomic}
   size_t InitialHeapSize                          = 65011712                                  {product} {ergonomic}
   size_t MarkStackSize                            = 4194304                                   {product} {ergonomic}
   size_t MaxHeapSize                              = 1023410176                                {product} {ergonomic}
   size_t MaxNewSize                               = 613416960                                 {product} {ergonomic}
   size_t MinHeapDeltaBytes                        = 1048576                                   {product} {ergonomic}
    uintx NonNMethodCodeHeapSize                   = 5825164                                {pd product} {ergonomic}
    uintx NonProfiledCodeHeapSize                  = 122916538                              {pd product} {ergonomic}
    uintx ProfiledCodeHeapSize                     = 122916538                              {pd product} {ergonomic}
    uintx ReservedCodeCacheSize                    = 251658240                              {pd product} {ergonomic}
     bool SegmentedCodeCache                       = true                                      {product} {ergonomic}
     bool UseCompressedClassPointers               = true                                 {lp64_product} {ergonomic}
     bool UseCompressedOops                        = true                                 {lp64_product} {ergonomic}
     bool UseG1GC                                  = true                                      {product} {ergonomic}

Logging:
Log output configuration:
 #0: stdout all=warning uptime,level,tags
 #1: stderr all=off uptime,level,tags

Environment Variables:
CLASSPATH=/usr/local/lib/antlr-4.9.1-complete.jar:/usr/local/lib/llvm-13.0.1-1.5.7-linux-x86_64.jar:/usr/local/lib/llvm-platform-13.0.1-1.5.7.jar:/usr/local/lib/llvm-13.0.1-1.5.7.jar:/usr/local/lib/javacpp-1.5.7-linux-x86_64.jar:/usr/local/lib/javacpp-1.5.7.jar
PATH=/usr/local/sbin:/usr/local/bin:/usr/sbin:/usr/bin:/sbin:/bin:/usr/games:/usr/local/games:/snap/bin
USERNAME=syd
SHELL=/bin/bash
DISPLAY=:0
LANG=zh_CN.UTF-8
LC_NUMERIC=zh_CN.UTF-8
LC_TIME=zh_CN.UTF-8
TERM=xterm-256color

Signal Handlers:
SIGSEGV: [libjvm.so+0xe356a0], sa_mask[0]=11111111011111111101111111111110, sa_flags=SA_RESTART|SA_SIGINFO
SIGBUS: [libjvm.so+0xe356a0], sa_mask[0]=11111111011111111101111111111110, sa_flags=SA_RESTART|SA_SIGINFO
SIGFPE: [libjvm.so+0xe356a0], sa_mask[0]=11111111011111111101111111111110, sa_flags=SA_RESTART|SA_SIGINFO
SIGPIPE: [libjvm.so+0xb89cc0], sa_mask[0]=11111111011111111101111111111110, sa_flags=SA_RESTART|SA_SIGINFO
SIGXFSZ: [libjvm.so+0xb89cc0], sa_mask[0]=11111111011111111101111111111110, sa_flags=SA_RESTART|SA_SIGINFO
SIGILL: [libjvm.so+0xe356a0], sa_mask[0]=11111111011111111101111111111110, sa_flags=SA_RESTART|SA_SIGINFO
SIGUSR2: [libjvm.so+0xb89b50], sa_mask[0]=00000000000000000000000000000000, sa_flags=SA_RESTART|SA_SIGINFO
SIGHUP: [libjvm.so+0xb8a220], sa_mask[0]=11111111011111111101111111111110, sa_flags=SA_RESTART|SA_SIGINFO
SIGINT: [libjvm.so+0xb8a220], sa_mask[0]=11111111011111111101111111111110, sa_flags=SA_RESTART|SA_SIGINFO
SIGTERM: [libjvm.so+0xb8a220], sa_mask[0]=11111111011111111101111111111110, sa_flags=SA_RESTART|SA_SIGINFO
SIGQUIT: [libjvm.so+0xb8a220], sa_mask[0]=11111111011111111101111111111110, sa_flags=SA_RESTART|SA_SIGINFO


---------------  S Y S T E M  ---------------

OS:DISTRIB_ID=Ubuntu
DISTRIB_RELEASE=18.04
DISTRIB_CODENAME=bionic
DISTRIB_DESCRIPTION="Ubuntu 18.04.6 LTS"
uname:Linux 5.4.0-150-generic #167~18.04.1-Ubuntu SMP Wed May 24 00:51:42 UTC 2023 x86_64
OS uptime: 0 days 4:48 hours
libc:glibc 2.27 NPTL 2.27 
rlimit (soft/hard): STACK 8192k/infinity , CORE 0k/infinity , NPROC 15400/15400 , NOFILE 1048576/1048576 , AS infinity/infinity , CPU infinity/infinity , DATA infinity/infinity , FSIZE infinity/infinity , MEMLOCK 65536k/65536k
load average:0.50 0.33 0.18

/proc/meminfo:
MemTotal:        3994712 kB
MemFree:          188588 kB
MemAvailable:     260344 kB
Buffers:           16352 kB
Cached:           226856 kB
SwapCached:        20820 kB
Active:          2375456 kB
Inactive:         669592 kB
Active(anon):    2246304 kB
Inactive(anon):   573272 kB
Active(file):     129152 kB
Inactive(file):    96320 kB
Unevictable:          16 kB
Mlocked:              16 kB
SwapTotal:       2097148 kB
SwapFree:        1602044 kB
Dirty:                72 kB
Writeback:             0 kB
AnonPages:       2788588 kB
Mapped:           143824 kB
Shmem:             17736 kB
KReclaimable:     102288 kB
Slab:             188544 kB
SReclaimable:     102288 kB
SUnreclaim:        86256 kB
KernelStack:       13728 kB
PageTables:        50536 kB
NFS_Unstable:          0 kB
Bounce:                0 kB
WritebackTmp:          0 kB
CommitLimit:     4094504 kB
Committed_AS:    6720272 kB
VmallocTotal:   34359738367 kB
VmallocUsed:       29868 kB
VmallocChunk:          0 kB
Percpu:            50176 kB
HardwareCorrupted:     0 kB
AnonHugePages:         0 kB
ShmemHugePages:        0 kB
ShmemPmdMapped:        0 kB
FileHugePages:         0 kB
FilePmdMapped:         0 kB
CmaTotal:              0 kB
CmaFree:               0 kB
HugePages_Total:       0
HugePages_Free:        0
HugePages_Rsvd:        0
HugePages_Surp:        0
Hugepagesize:       2048 kB
Hugetlb:               0 kB
DirectMap4k:      255808 kB
DirectMap2M:     3938304 kB
DirectMap1G:     2097152 kB

/sys/kernel/mm/transparent_hugepage/enabled:
always [madvise] never
/sys/kernel/mm/transparent_hugepage/defrag (defrag/compaction efforts parameter):
always defer defer+madvise [madvise] never

Process Memory:
Virtual Size: 3713228K (peak: 12418976K)
Resident Set Size: 91020K (peak: 91020K) (anon: 36428K, file: 54592K, shmem: 0K)
Swapped out: 0K
C-Heap outstanding allocations: 14950K, retained: 2385K
glibc malloc tunables: (default)

/proc/sys/kernel/threads-max (system-wide limit on the number of threads):
30800
/proc/sys/vm/max_map_count (maximum number of memory map areas a process may have):
65530
/proc/sys/kernel/pid_max (system-wide limit on number of process identifiers):
131072

container (cgroup) information:
container_type: cgroupv1
cpu_cpuset_cpus: 0-1
cpu_memory_nodes: 0
active_processor_count: 2
cpu_quota: no quota
cpu_period: 100000
cpu_shares: no shares
memory_limit_in_bytes: unlimited
memory_and_swap_limit_in_bytes: not supported
memory_soft_limit_in_bytes: unlimited
memory_usage_in_bytes: 3041992 k
memory_max_usage_in_bytes: 52640 k
kernel_memory_usage_in_bytes: unlimited
kernel_memory_max_usage_in_bytes: unlimited
kernel_memory_limit_in_bytes: unlimited
maximum number of tasks: unlimited
current number of tasks: 224

VMWare virtualization detected
Steal ticks since vm start: 0
Steal ticks percentage since vm start:  0.000

CPU:total 2 (initial active 2) (1 cores per cpu, 1 threads per core) family 6 model 154 stepping 3 microcode 0xffffffff, cmov, cx8, fxsr, mmx, sse, sse2, sse3, ssse3, sse4.1, sse4.2, popcnt, avx, avx2, aes, clmul, erms, 3dnowpref, lzcnt, tsc, tscinvbit, bmi1, bmi2, adx, sha, fma
CPU Model and flags from /proc/cpuinfo:
model name	: 12th Gen Intel(R) Core(TM) i5-12500H
flags		: fpu vme de pse tsc msr pae mce cx8 apic sep mtrr pge mca cmov pat pse36 clflush mmx fxsr sse sse2 ss syscall nx pdpe1gb rdtscp lm constant_tsc arch_perfmon rep_good nopl xtopology tsc_reliable nonstop_tsc cpuid pni pclmulqdq ssse3 fma cx16 pcid sse4_1 sse4_2 x2apic movbe popcnt aes xsave avx f16c rdrand hypervisor lahf_lm abm 3dnowprefetch invpcid_single pti ssbd ibrs ibpb stibp fsgsbase tsc_adjust bmi1 avx2 smep bmi2 erms invpcid rdseed adx smap clflushopt clwb sha_ni xsaveopt xsavec xgetbv1 xsaves arat umip gfni vaes vpclmulqdq rdpid movdiri movdir64b md_clear flush_l1d arch_capabilities
Online cpus:
0-1
Offline cpus:
2-127
BIOS frequency limitation:
<Not Available>
Frequency switch latency (ns):
<Not Available>
Available cpu frequencies:
<Not Available>
Current governor:
<Not Available>
Core performance/turbo boost:
<Not Available>

Memory: 4k page, physical 3994712k(188588k free), swap 2097148k(1602044k free)

vm_info: OpenJDK 64-Bit Server VM (11.0.19+7-post-Ubuntu-0ubuntu118.04.1) for linux-amd64 JRE (11.0.19+7-post-Ubuntu-0ubuntu118.04.1), built on May 10 2023 00:54:54 by "unknown" with gcc 8.4.0

END.
